[2023-07-27T12:26:02.812+0000] {processor.py:157} INFO - Started process (PID=828) to work on /home/airflow/.local/lib/python3.7/site-packages/airflow/example_dags/example_local_kubernetes_executor.py
[2023-07-27T12:26:02.820+0000] {processor.py:826} INFO - Processing file /home/airflow/.local/lib/python3.7/site-packages/airflow/example_dags/example_local_kubernetes_executor.py for tasks to queue
[2023-07-27T12:26:02.841+0000] {logging_mixin.py:149} INFO - [2023-07-27T12:26:02.841+0000] {dagbag.py:541} INFO - Filling up the DagBag from /home/airflow/.local/lib/python3.7/site-packages/airflow/example_dags/example_local_kubernetes_executor.py
[2023-07-27T12:26:05.030+0000] {processor.py:836} INFO - DAG(s) dict_keys(['example_local_kubernetes_executor']) retrieved from /home/airflow/.local/lib/python3.7/site-packages/airflow/example_dags/example_local_kubernetes_executor.py
[2023-07-27T12:26:05.264+0000] {logging_mixin.py:149} INFO - [2023-07-27T12:26:05.264+0000] {dag.py:2726} INFO - Sync 1 DAGs
[2023-07-27T12:26:05.429+0000] {logging_mixin.py:149} INFO - [2023-07-27T12:26:05.429+0000] {dag.py:3490} INFO - Setting next_dagrun for example_local_kubernetes_executor to None, run_after=None
[2023-07-27T12:26:05.656+0000] {processor.py:179} INFO - Processing /home/airflow/.local/lib/python3.7/site-packages/airflow/example_dags/example_local_kubernetes_executor.py took 2.900 seconds
[2023-07-27T12:26:38.663+0000] {processor.py:157} INFO - Started process (PID=895) to work on /home/airflow/.local/lib/python3.7/site-packages/airflow/example_dags/example_local_kubernetes_executor.py
[2023-07-27T12:26:38.721+0000] {processor.py:826} INFO - Processing file /home/airflow/.local/lib/python3.7/site-packages/airflow/example_dags/example_local_kubernetes_executor.py for tasks to queue
[2023-07-27T12:26:38.748+0000] {logging_mixin.py:149} INFO - [2023-07-27T12:26:38.747+0000] {dagbag.py:541} INFO - Filling up the DagBag from /home/airflow/.local/lib/python3.7/site-packages/airflow/example_dags/example_local_kubernetes_executor.py
[2023-07-27T12:26:42.926+0000] {processor.py:836} INFO - DAG(s) dict_keys(['example_local_kubernetes_executor']) retrieved from /home/airflow/.local/lib/python3.7/site-packages/airflow/example_dags/example_local_kubernetes_executor.py
[2023-07-27T12:26:43.266+0000] {logging_mixin.py:149} INFO - [2023-07-27T12:26:43.266+0000] {dag.py:2726} INFO - Sync 1 DAGs
[2023-07-27T12:26:43.364+0000] {logging_mixin.py:149} INFO - [2023-07-27T12:26:43.364+0000] {dag.py:3490} INFO - Setting next_dagrun for example_local_kubernetes_executor to None, run_after=None
[2023-07-27T12:26:43.429+0000] {processor.py:179} INFO - Processing /home/airflow/.local/lib/python3.7/site-packages/airflow/example_dags/example_local_kubernetes_executor.py took 4.904 seconds
[2023-07-27T12:27:14.137+0000] {processor.py:157} INFO - Started process (PID=951) to work on /home/airflow/.local/lib/python3.7/site-packages/airflow/example_dags/example_local_kubernetes_executor.py
[2023-07-27T12:27:14.151+0000] {processor.py:826} INFO - Processing file /home/airflow/.local/lib/python3.7/site-packages/airflow/example_dags/example_local_kubernetes_executor.py for tasks to queue
[2023-07-27T12:27:14.157+0000] {logging_mixin.py:149} INFO - [2023-07-27T12:27:14.156+0000] {dagbag.py:541} INFO - Filling up the DagBag from /home/airflow/.local/lib/python3.7/site-packages/airflow/example_dags/example_local_kubernetes_executor.py
[2023-07-27T12:27:17.447+0000] {processor.py:836} INFO - DAG(s) dict_keys(['example_local_kubernetes_executor']) retrieved from /home/airflow/.local/lib/python3.7/site-packages/airflow/example_dags/example_local_kubernetes_executor.py
[2023-07-27T12:27:17.801+0000] {logging_mixin.py:149} INFO - [2023-07-27T12:27:17.798+0000] {dag.py:2726} INFO - Sync 1 DAGs
[2023-07-27T12:27:18.022+0000] {logging_mixin.py:149} INFO - [2023-07-27T12:27:18.022+0000] {dag.py:3490} INFO - Setting next_dagrun for example_local_kubernetes_executor to None, run_after=None
[2023-07-27T12:27:18.195+0000] {processor.py:179} INFO - Processing /home/airflow/.local/lib/python3.7/site-packages/airflow/example_dags/example_local_kubernetes_executor.py took 4.096 seconds
[2023-07-27T12:27:48.635+0000] {processor.py:157} INFO - Started process (PID=1008) to work on /home/airflow/.local/lib/python3.7/site-packages/airflow/example_dags/example_local_kubernetes_executor.py
[2023-07-27T12:27:48.642+0000] {processor.py:826} INFO - Processing file /home/airflow/.local/lib/python3.7/site-packages/airflow/example_dags/example_local_kubernetes_executor.py for tasks to queue
[2023-07-27T12:27:48.655+0000] {logging_mixin.py:149} INFO - [2023-07-27T12:27:48.653+0000] {dagbag.py:541} INFO - Filling up the DagBag from /home/airflow/.local/lib/python3.7/site-packages/airflow/example_dags/example_local_kubernetes_executor.py
[2023-07-27T12:27:49.141+0000] {processor.py:836} INFO - DAG(s) dict_keys(['example_local_kubernetes_executor']) retrieved from /home/airflow/.local/lib/python3.7/site-packages/airflow/example_dags/example_local_kubernetes_executor.py
[2023-07-27T12:27:49.228+0000] {logging_mixin.py:149} INFO - [2023-07-27T12:27:49.228+0000] {dag.py:2726} INFO - Sync 1 DAGs
[2023-07-27T12:27:49.315+0000] {logging_mixin.py:149} INFO - [2023-07-27T12:27:49.313+0000] {dag.py:3490} INFO - Setting next_dagrun for example_local_kubernetes_executor to None, run_after=None
[2023-07-27T12:27:49.359+0000] {processor.py:179} INFO - Processing /home/airflow/.local/lib/python3.7/site-packages/airflow/example_dags/example_local_kubernetes_executor.py took 0.744 seconds
[2023-07-27T12:28:19.592+0000] {processor.py:157} INFO - Started process (PID=1065) to work on /home/airflow/.local/lib/python3.7/site-packages/airflow/example_dags/example_local_kubernetes_executor.py
[2023-07-27T12:28:19.596+0000] {processor.py:826} INFO - Processing file /home/airflow/.local/lib/python3.7/site-packages/airflow/example_dags/example_local_kubernetes_executor.py for tasks to queue
[2023-07-27T12:28:19.601+0000] {logging_mixin.py:149} INFO - [2023-07-27T12:28:19.600+0000] {dagbag.py:541} INFO - Filling up the DagBag from /home/airflow/.local/lib/python3.7/site-packages/airflow/example_dags/example_local_kubernetes_executor.py
[2023-07-27T12:28:20.073+0000] {processor.py:836} INFO - DAG(s) dict_keys(['example_local_kubernetes_executor']) retrieved from /home/airflow/.local/lib/python3.7/site-packages/airflow/example_dags/example_local_kubernetes_executor.py
[2023-07-27T12:28:20.134+0000] {logging_mixin.py:149} INFO - [2023-07-27T12:28:20.134+0000] {dag.py:2726} INFO - Sync 1 DAGs
[2023-07-27T12:28:20.181+0000] {logging_mixin.py:149} INFO - [2023-07-27T12:28:20.181+0000] {dag.py:3490} INFO - Setting next_dagrun for example_local_kubernetes_executor to None, run_after=None
[2023-07-27T12:28:20.227+0000] {processor.py:179} INFO - Processing /home/airflow/.local/lib/python3.7/site-packages/airflow/example_dags/example_local_kubernetes_executor.py took 0.643 seconds
[2023-07-27T12:28:51.167+0000] {processor.py:157} INFO - Started process (PID=1122) to work on /home/airflow/.local/lib/python3.7/site-packages/airflow/example_dags/example_local_kubernetes_executor.py
[2023-07-27T12:28:51.182+0000] {processor.py:826} INFO - Processing file /home/airflow/.local/lib/python3.7/site-packages/airflow/example_dags/example_local_kubernetes_executor.py for tasks to queue
[2023-07-27T12:28:51.191+0000] {logging_mixin.py:149} INFO - [2023-07-27T12:28:51.190+0000] {dagbag.py:541} INFO - Filling up the DagBag from /home/airflow/.local/lib/python3.7/site-packages/airflow/example_dags/example_local_kubernetes_executor.py
[2023-07-27T12:28:52.334+0000] {processor.py:836} INFO - DAG(s) dict_keys(['example_local_kubernetes_executor']) retrieved from /home/airflow/.local/lib/python3.7/site-packages/airflow/example_dags/example_local_kubernetes_executor.py
[2023-07-27T12:28:52.554+0000] {logging_mixin.py:149} INFO - [2023-07-27T12:28:52.553+0000] {dag.py:2726} INFO - Sync 1 DAGs
[2023-07-27T12:28:52.829+0000] {logging_mixin.py:149} INFO - [2023-07-27T12:28:52.828+0000] {dag.py:3490} INFO - Setting next_dagrun for example_local_kubernetes_executor to None, run_after=None
[2023-07-27T12:28:53.215+0000] {processor.py:179} INFO - Processing /home/airflow/.local/lib/python3.7/site-packages/airflow/example_dags/example_local_kubernetes_executor.py took 2.077 seconds
[2023-07-27T12:29:23.380+0000] {processor.py:157} INFO - Started process (PID=1178) to work on /home/airflow/.local/lib/python3.7/site-packages/airflow/example_dags/example_local_kubernetes_executor.py
[2023-07-27T12:29:23.384+0000] {processor.py:826} INFO - Processing file /home/airflow/.local/lib/python3.7/site-packages/airflow/example_dags/example_local_kubernetes_executor.py for tasks to queue
[2023-07-27T12:29:23.389+0000] {logging_mixin.py:149} INFO - [2023-07-27T12:29:23.388+0000] {dagbag.py:541} INFO - Filling up the DagBag from /home/airflow/.local/lib/python3.7/site-packages/airflow/example_dags/example_local_kubernetes_executor.py
[2023-07-27T12:29:24.341+0000] {processor.py:836} INFO - DAG(s) dict_keys(['example_local_kubernetes_executor']) retrieved from /home/airflow/.local/lib/python3.7/site-packages/airflow/example_dags/example_local_kubernetes_executor.py
[2023-07-27T12:29:24.582+0000] {logging_mixin.py:149} INFO - [2023-07-27T12:29:24.581+0000] {dag.py:2726} INFO - Sync 1 DAGs
[2023-07-27T12:29:24.731+0000] {logging_mixin.py:149} INFO - [2023-07-27T12:29:24.730+0000] {dag.py:3490} INFO - Setting next_dagrun for example_local_kubernetes_executor to None, run_after=None
[2023-07-27T12:29:24.807+0000] {processor.py:179} INFO - Processing /home/airflow/.local/lib/python3.7/site-packages/airflow/example_dags/example_local_kubernetes_executor.py took 1.438 seconds
[2023-07-27T12:29:54.938+0000] {processor.py:157} INFO - Started process (PID=1236) to work on /home/airflow/.local/lib/python3.7/site-packages/airflow/example_dags/example_local_kubernetes_executor.py
[2023-07-27T12:29:54.943+0000] {processor.py:826} INFO - Processing file /home/airflow/.local/lib/python3.7/site-packages/airflow/example_dags/example_local_kubernetes_executor.py for tasks to queue
[2023-07-27T12:29:54.947+0000] {logging_mixin.py:149} INFO - [2023-07-27T12:29:54.946+0000] {dagbag.py:541} INFO - Filling up the DagBag from /home/airflow/.local/lib/python3.7/site-packages/airflow/example_dags/example_local_kubernetes_executor.py
[2023-07-27T12:29:55.484+0000] {processor.py:836} INFO - DAG(s) dict_keys(['example_local_kubernetes_executor']) retrieved from /home/airflow/.local/lib/python3.7/site-packages/airflow/example_dags/example_local_kubernetes_executor.py
[2023-07-27T12:29:55.561+0000] {logging_mixin.py:149} INFO - [2023-07-27T12:29:55.561+0000] {dag.py:2726} INFO - Sync 1 DAGs
[2023-07-27T12:29:55.622+0000] {logging_mixin.py:149} INFO - [2023-07-27T12:29:55.622+0000] {dag.py:3490} INFO - Setting next_dagrun for example_local_kubernetes_executor to None, run_after=None
[2023-07-27T12:29:55.674+0000] {processor.py:179} INFO - Processing /home/airflow/.local/lib/python3.7/site-packages/airflow/example_dags/example_local_kubernetes_executor.py took 0.745 seconds
[2023-07-27T12:30:27.914+0000] {processor.py:157} INFO - Started process (PID=1292) to work on /home/airflow/.local/lib/python3.7/site-packages/airflow/example_dags/example_local_kubernetes_executor.py
[2023-07-27T12:30:27.918+0000] {processor.py:826} INFO - Processing file /home/airflow/.local/lib/python3.7/site-packages/airflow/example_dags/example_local_kubernetes_executor.py for tasks to queue
[2023-07-27T12:30:27.922+0000] {logging_mixin.py:149} INFO - [2023-07-27T12:30:27.922+0000] {dagbag.py:541} INFO - Filling up the DagBag from /home/airflow/.local/lib/python3.7/site-packages/airflow/example_dags/example_local_kubernetes_executor.py
[2023-07-27T12:30:28.760+0000] {processor.py:836} INFO - DAG(s) dict_keys(['example_local_kubernetes_executor']) retrieved from /home/airflow/.local/lib/python3.7/site-packages/airflow/example_dags/example_local_kubernetes_executor.py
[2023-07-27T12:30:28.852+0000] {logging_mixin.py:149} INFO - [2023-07-27T12:30:28.851+0000] {dag.py:2726} INFO - Sync 1 DAGs
[2023-07-27T12:30:28.962+0000] {logging_mixin.py:149} INFO - [2023-07-27T12:30:28.961+0000] {dag.py:3490} INFO - Setting next_dagrun for example_local_kubernetes_executor to None, run_after=None
[2023-07-27T12:30:29.020+0000] {processor.py:179} INFO - Processing /home/airflow/.local/lib/python3.7/site-packages/airflow/example_dags/example_local_kubernetes_executor.py took 1.114 seconds
[2023-07-27T12:30:59.224+0000] {processor.py:157} INFO - Started process (PID=1351) to work on /home/airflow/.local/lib/python3.7/site-packages/airflow/example_dags/example_local_kubernetes_executor.py
[2023-07-27T12:30:59.229+0000] {processor.py:826} INFO - Processing file /home/airflow/.local/lib/python3.7/site-packages/airflow/example_dags/example_local_kubernetes_executor.py for tasks to queue
[2023-07-27T12:30:59.232+0000] {logging_mixin.py:149} INFO - [2023-07-27T12:30:59.231+0000] {dagbag.py:541} INFO - Filling up the DagBag from /home/airflow/.local/lib/python3.7/site-packages/airflow/example_dags/example_local_kubernetes_executor.py
[2023-07-27T12:30:59.808+0000] {processor.py:836} INFO - DAG(s) dict_keys(['example_local_kubernetes_executor']) retrieved from /home/airflow/.local/lib/python3.7/site-packages/airflow/example_dags/example_local_kubernetes_executor.py
[2023-07-27T12:30:59.895+0000] {logging_mixin.py:149} INFO - [2023-07-27T12:30:59.895+0000] {dag.py:2726} INFO - Sync 1 DAGs
[2023-07-27T12:30:59.942+0000] {logging_mixin.py:149} INFO - [2023-07-27T12:30:59.941+0000] {dag.py:3490} INFO - Setting next_dagrun for example_local_kubernetes_executor to None, run_after=None
[2023-07-27T12:31:00.021+0000] {processor.py:179} INFO - Processing /home/airflow/.local/lib/python3.7/site-packages/airflow/example_dags/example_local_kubernetes_executor.py took 0.803 seconds
[2023-07-27T12:31:30.585+0000] {processor.py:157} INFO - Started process (PID=1409) to work on /home/airflow/.local/lib/python3.7/site-packages/airflow/example_dags/example_local_kubernetes_executor.py
[2023-07-27T12:31:30.588+0000] {processor.py:826} INFO - Processing file /home/airflow/.local/lib/python3.7/site-packages/airflow/example_dags/example_local_kubernetes_executor.py for tasks to queue
[2023-07-27T12:31:30.590+0000] {logging_mixin.py:149} INFO - [2023-07-27T12:31:30.590+0000] {dagbag.py:541} INFO - Filling up the DagBag from /home/airflow/.local/lib/python3.7/site-packages/airflow/example_dags/example_local_kubernetes_executor.py
[2023-07-27T12:31:30.989+0000] {processor.py:836} INFO - DAG(s) dict_keys(['example_local_kubernetes_executor']) retrieved from /home/airflow/.local/lib/python3.7/site-packages/airflow/example_dags/example_local_kubernetes_executor.py
[2023-07-27T12:31:31.052+0000] {logging_mixin.py:149} INFO - [2023-07-27T12:31:31.052+0000] {dag.py:2726} INFO - Sync 1 DAGs
[2023-07-27T12:31:31.134+0000] {logging_mixin.py:149} INFO - [2023-07-27T12:31:31.134+0000] {dag.py:3490} INFO - Setting next_dagrun for example_local_kubernetes_executor to None, run_after=None
[2023-07-27T12:31:31.177+0000] {processor.py:179} INFO - Processing /home/airflow/.local/lib/python3.7/site-packages/airflow/example_dags/example_local_kubernetes_executor.py took 0.600 seconds
[2023-07-27T12:32:02.743+0000] {processor.py:157} INFO - Started process (PID=1460) to work on /home/airflow/.local/lib/python3.7/site-packages/airflow/example_dags/example_local_kubernetes_executor.py
[2023-07-27T12:32:02.749+0000] {processor.py:826} INFO - Processing file /home/airflow/.local/lib/python3.7/site-packages/airflow/example_dags/example_local_kubernetes_executor.py for tasks to queue
[2023-07-27T12:32:02.756+0000] {logging_mixin.py:149} INFO - [2023-07-27T12:32:02.755+0000] {dagbag.py:541} INFO - Filling up the DagBag from /home/airflow/.local/lib/python3.7/site-packages/airflow/example_dags/example_local_kubernetes_executor.py
[2023-07-27T12:32:03.301+0000] {processor.py:836} INFO - DAG(s) dict_keys(['example_local_kubernetes_executor']) retrieved from /home/airflow/.local/lib/python3.7/site-packages/airflow/example_dags/example_local_kubernetes_executor.py
[2023-07-27T12:32:03.391+0000] {logging_mixin.py:149} INFO - [2023-07-27T12:32:03.390+0000] {dag.py:2726} INFO - Sync 1 DAGs
[2023-07-27T12:32:03.485+0000] {logging_mixin.py:149} INFO - [2023-07-27T12:32:03.484+0000] {dag.py:3490} INFO - Setting next_dagrun for example_local_kubernetes_executor to None, run_after=None
[2023-07-27T12:32:03.555+0000] {processor.py:179} INFO - Processing /home/airflow/.local/lib/python3.7/site-packages/airflow/example_dags/example_local_kubernetes_executor.py took 0.821 seconds
[2023-07-27T12:32:35.533+0000] {processor.py:157} INFO - Started process (PID=1520) to work on /home/airflow/.local/lib/python3.7/site-packages/airflow/example_dags/example_local_kubernetes_executor.py
[2023-07-27T12:32:35.537+0000] {processor.py:826} INFO - Processing file /home/airflow/.local/lib/python3.7/site-packages/airflow/example_dags/example_local_kubernetes_executor.py for tasks to queue
[2023-07-27T12:32:35.543+0000] {logging_mixin.py:149} INFO - [2023-07-27T12:32:35.542+0000] {dagbag.py:541} INFO - Filling up the DagBag from /home/airflow/.local/lib/python3.7/site-packages/airflow/example_dags/example_local_kubernetes_executor.py
[2023-07-27T12:32:36.219+0000] {processor.py:836} INFO - DAG(s) dict_keys(['example_local_kubernetes_executor']) retrieved from /home/airflow/.local/lib/python3.7/site-packages/airflow/example_dags/example_local_kubernetes_executor.py
[2023-07-27T12:32:36.311+0000] {logging_mixin.py:149} INFO - [2023-07-27T12:32:36.311+0000] {dag.py:2726} INFO - Sync 1 DAGs
[2023-07-27T12:32:36.409+0000] {logging_mixin.py:149} INFO - [2023-07-27T12:32:36.409+0000] {dag.py:3490} INFO - Setting next_dagrun for example_local_kubernetes_executor to None, run_after=None
[2023-07-27T12:32:36.518+0000] {processor.py:179} INFO - Processing /home/airflow/.local/lib/python3.7/site-packages/airflow/example_dags/example_local_kubernetes_executor.py took 0.992 seconds
[2023-07-27T12:33:07.099+0000] {processor.py:157} INFO - Started process (PID=1572) to work on /home/airflow/.local/lib/python3.7/site-packages/airflow/example_dags/example_local_kubernetes_executor.py
[2023-07-27T12:33:07.112+0000] {processor.py:826} INFO - Processing file /home/airflow/.local/lib/python3.7/site-packages/airflow/example_dags/example_local_kubernetes_executor.py for tasks to queue
[2023-07-27T12:33:07.115+0000] {logging_mixin.py:149} INFO - [2023-07-27T12:33:07.115+0000] {dagbag.py:541} INFO - Filling up the DagBag from /home/airflow/.local/lib/python3.7/site-packages/airflow/example_dags/example_local_kubernetes_executor.py
[2023-07-27T12:33:08.441+0000] {processor.py:836} INFO - DAG(s) dict_keys(['example_local_kubernetes_executor']) retrieved from /home/airflow/.local/lib/python3.7/site-packages/airflow/example_dags/example_local_kubernetes_executor.py
[2023-07-27T12:33:08.560+0000] {logging_mixin.py:149} INFO - [2023-07-27T12:33:08.560+0000] {dag.py:2726} INFO - Sync 1 DAGs
[2023-07-27T12:33:08.792+0000] {logging_mixin.py:149} INFO - [2023-07-27T12:33:08.792+0000] {dag.py:3490} INFO - Setting next_dagrun for example_local_kubernetes_executor to None, run_after=None
[2023-07-27T12:33:08.942+0000] {processor.py:179} INFO - Processing /home/airflow/.local/lib/python3.7/site-packages/airflow/example_dags/example_local_kubernetes_executor.py took 1.858 seconds
[2023-07-27T12:33:39.291+0000] {processor.py:157} INFO - Started process (PID=1628) to work on /home/airflow/.local/lib/python3.7/site-packages/airflow/example_dags/example_local_kubernetes_executor.py
[2023-07-27T12:33:39.295+0000] {processor.py:826} INFO - Processing file /home/airflow/.local/lib/python3.7/site-packages/airflow/example_dags/example_local_kubernetes_executor.py for tasks to queue
[2023-07-27T12:33:39.298+0000] {logging_mixin.py:149} INFO - [2023-07-27T12:33:39.298+0000] {dagbag.py:541} INFO - Filling up the DagBag from /home/airflow/.local/lib/python3.7/site-packages/airflow/example_dags/example_local_kubernetes_executor.py
[2023-07-27T12:33:39.755+0000] {processor.py:836} INFO - DAG(s) dict_keys(['example_local_kubernetes_executor']) retrieved from /home/airflow/.local/lib/python3.7/site-packages/airflow/example_dags/example_local_kubernetes_executor.py
[2023-07-27T12:33:39.842+0000] {logging_mixin.py:149} INFO - [2023-07-27T12:33:39.841+0000] {dag.py:2726} INFO - Sync 1 DAGs
[2023-07-27T12:33:39.906+0000] {logging_mixin.py:149} INFO - [2023-07-27T12:33:39.906+0000] {dag.py:3490} INFO - Setting next_dagrun for example_local_kubernetes_executor to None, run_after=None
[2023-07-27T12:33:39.950+0000] {processor.py:179} INFO - Processing /home/airflow/.local/lib/python3.7/site-packages/airflow/example_dags/example_local_kubernetes_executor.py took 0.668 seconds
[2023-07-27T12:34:10.710+0000] {processor.py:157} INFO - Started process (PID=1686) to work on /home/airflow/.local/lib/python3.7/site-packages/airflow/example_dags/example_local_kubernetes_executor.py
[2023-07-27T12:34:10.717+0000] {processor.py:826} INFO - Processing file /home/airflow/.local/lib/python3.7/site-packages/airflow/example_dags/example_local_kubernetes_executor.py for tasks to queue
[2023-07-27T12:34:10.724+0000] {logging_mixin.py:149} INFO - [2023-07-27T12:34:10.724+0000] {dagbag.py:541} INFO - Filling up the DagBag from /home/airflow/.local/lib/python3.7/site-packages/airflow/example_dags/example_local_kubernetes_executor.py
[2023-07-27T12:34:11.525+0000] {processor.py:836} INFO - DAG(s) dict_keys(['example_local_kubernetes_executor']) retrieved from /home/airflow/.local/lib/python3.7/site-packages/airflow/example_dags/example_local_kubernetes_executor.py
[2023-07-27T12:34:11.619+0000] {logging_mixin.py:149} INFO - [2023-07-27T12:34:11.619+0000] {dag.py:2726} INFO - Sync 1 DAGs
[2023-07-27T12:34:11.726+0000] {logging_mixin.py:149} INFO - [2023-07-27T12:34:11.726+0000] {dag.py:3490} INFO - Setting next_dagrun for example_local_kubernetes_executor to None, run_after=None
[2023-07-27T12:34:11.779+0000] {processor.py:179} INFO - Processing /home/airflow/.local/lib/python3.7/site-packages/airflow/example_dags/example_local_kubernetes_executor.py took 1.126 seconds
[2023-07-27T12:34:42.203+0000] {processor.py:157} INFO - Started process (PID=1746) to work on /home/airflow/.local/lib/python3.7/site-packages/airflow/example_dags/example_local_kubernetes_executor.py
[2023-07-27T12:34:42.206+0000] {processor.py:826} INFO - Processing file /home/airflow/.local/lib/python3.7/site-packages/airflow/example_dags/example_local_kubernetes_executor.py for tasks to queue
[2023-07-27T12:34:42.212+0000] {logging_mixin.py:149} INFO - [2023-07-27T12:34:42.211+0000] {dagbag.py:541} INFO - Filling up the DagBag from /home/airflow/.local/lib/python3.7/site-packages/airflow/example_dags/example_local_kubernetes_executor.py
[2023-07-27T12:34:42.609+0000] {processor.py:836} INFO - DAG(s) dict_keys(['example_local_kubernetes_executor']) retrieved from /home/airflow/.local/lib/python3.7/site-packages/airflow/example_dags/example_local_kubernetes_executor.py
[2023-07-27T12:34:42.855+0000] {logging_mixin.py:149} INFO - [2023-07-27T12:34:42.855+0000] {dag.py:2726} INFO - Sync 1 DAGs
[2023-07-27T12:34:43.006+0000] {logging_mixin.py:149} INFO - [2023-07-27T12:34:43.006+0000] {dag.py:3490} INFO - Setting next_dagrun for example_local_kubernetes_executor to None, run_after=None
[2023-07-27T12:34:43.064+0000] {processor.py:179} INFO - Processing /home/airflow/.local/lib/python3.7/site-packages/airflow/example_dags/example_local_kubernetes_executor.py took 0.870 seconds
[2023-07-27T12:35:14.068+0000] {processor.py:157} INFO - Started process (PID=1811) to work on /home/airflow/.local/lib/python3.7/site-packages/airflow/example_dags/example_local_kubernetes_executor.py
[2023-07-27T12:35:14.072+0000] {processor.py:826} INFO - Processing file /home/airflow/.local/lib/python3.7/site-packages/airflow/example_dags/example_local_kubernetes_executor.py for tasks to queue
[2023-07-27T12:35:14.079+0000] {logging_mixin.py:149} INFO - [2023-07-27T12:35:14.079+0000] {dagbag.py:541} INFO - Filling up the DagBag from /home/airflow/.local/lib/python3.7/site-packages/airflow/example_dags/example_local_kubernetes_executor.py
[2023-07-27T12:35:14.611+0000] {processor.py:836} INFO - DAG(s) dict_keys(['example_local_kubernetes_executor']) retrieved from /home/airflow/.local/lib/python3.7/site-packages/airflow/example_dags/example_local_kubernetes_executor.py
[2023-07-27T12:35:14.709+0000] {logging_mixin.py:149} INFO - [2023-07-27T12:35:14.709+0000] {dag.py:2726} INFO - Sync 1 DAGs
[2023-07-27T12:35:14.827+0000] {logging_mixin.py:149} INFO - [2023-07-27T12:35:14.826+0000] {dag.py:3490} INFO - Setting next_dagrun for example_local_kubernetes_executor to None, run_after=None
[2023-07-27T12:35:14.893+0000] {processor.py:179} INFO - Processing /home/airflow/.local/lib/python3.7/site-packages/airflow/example_dags/example_local_kubernetes_executor.py took 0.832 seconds
[2023-07-27T12:35:44.978+0000] {processor.py:157} INFO - Started process (PID=1869) to work on /home/airflow/.local/lib/python3.7/site-packages/airflow/example_dags/example_local_kubernetes_executor.py
[2023-07-27T12:35:44.983+0000] {processor.py:826} INFO - Processing file /home/airflow/.local/lib/python3.7/site-packages/airflow/example_dags/example_local_kubernetes_executor.py for tasks to queue
[2023-07-27T12:35:44.988+0000] {logging_mixin.py:149} INFO - [2023-07-27T12:35:44.988+0000] {dagbag.py:541} INFO - Filling up the DagBag from /home/airflow/.local/lib/python3.7/site-packages/airflow/example_dags/example_local_kubernetes_executor.py
[2023-07-27T12:35:45.491+0000] {processor.py:836} INFO - DAG(s) dict_keys(['example_local_kubernetes_executor']) retrieved from /home/airflow/.local/lib/python3.7/site-packages/airflow/example_dags/example_local_kubernetes_executor.py
[2023-07-27T12:35:45.595+0000] {logging_mixin.py:149} INFO - [2023-07-27T12:35:45.595+0000] {dag.py:2726} INFO - Sync 1 DAGs
[2023-07-27T12:35:45.662+0000] {logging_mixin.py:149} INFO - [2023-07-27T12:35:45.662+0000] {dag.py:3490} INFO - Setting next_dagrun for example_local_kubernetes_executor to None, run_after=None
[2023-07-27T12:35:45.714+0000] {processor.py:179} INFO - Processing /home/airflow/.local/lib/python3.7/site-packages/airflow/example_dags/example_local_kubernetes_executor.py took 0.751 seconds
[2023-07-27T12:36:16.352+0000] {processor.py:157} INFO - Started process (PID=1926) to work on /home/airflow/.local/lib/python3.7/site-packages/airflow/example_dags/example_local_kubernetes_executor.py
[2023-07-27T12:36:16.359+0000] {processor.py:826} INFO - Processing file /home/airflow/.local/lib/python3.7/site-packages/airflow/example_dags/example_local_kubernetes_executor.py for tasks to queue
[2023-07-27T12:36:16.361+0000] {logging_mixin.py:149} INFO - [2023-07-27T12:36:16.361+0000] {dagbag.py:541} INFO - Filling up the DagBag from /home/airflow/.local/lib/python3.7/site-packages/airflow/example_dags/example_local_kubernetes_executor.py
[2023-07-27T12:36:17.012+0000] {processor.py:836} INFO - DAG(s) dict_keys(['example_local_kubernetes_executor']) retrieved from /home/airflow/.local/lib/python3.7/site-packages/airflow/example_dags/example_local_kubernetes_executor.py
[2023-07-27T12:36:17.125+0000] {logging_mixin.py:149} INFO - [2023-07-27T12:36:17.125+0000] {dag.py:2726} INFO - Sync 1 DAGs
[2023-07-27T12:36:17.199+0000] {logging_mixin.py:149} INFO - [2023-07-27T12:36:17.199+0000] {dag.py:3490} INFO - Setting next_dagrun for example_local_kubernetes_executor to None, run_after=None
[2023-07-27T12:36:17.256+0000] {processor.py:179} INFO - Processing /home/airflow/.local/lib/python3.7/site-packages/airflow/example_dags/example_local_kubernetes_executor.py took 0.917 seconds
[2023-07-27T12:36:47.433+0000] {processor.py:157} INFO - Started process (PID=1983) to work on /home/airflow/.local/lib/python3.7/site-packages/airflow/example_dags/example_local_kubernetes_executor.py
[2023-07-27T12:36:47.437+0000] {processor.py:826} INFO - Processing file /home/airflow/.local/lib/python3.7/site-packages/airflow/example_dags/example_local_kubernetes_executor.py for tasks to queue
[2023-07-27T12:36:47.440+0000] {logging_mixin.py:149} INFO - [2023-07-27T12:36:47.439+0000] {dagbag.py:541} INFO - Filling up the DagBag from /home/airflow/.local/lib/python3.7/site-packages/airflow/example_dags/example_local_kubernetes_executor.py
[2023-07-27T12:36:48.150+0000] {processor.py:836} INFO - DAG(s) dict_keys(['example_local_kubernetes_executor']) retrieved from /home/airflow/.local/lib/python3.7/site-packages/airflow/example_dags/example_local_kubernetes_executor.py
[2023-07-27T12:36:48.233+0000] {logging_mixin.py:149} INFO - [2023-07-27T12:36:48.232+0000] {dag.py:2726} INFO - Sync 1 DAGs
[2023-07-27T12:36:48.350+0000] {logging_mixin.py:149} INFO - [2023-07-27T12:36:48.350+0000] {dag.py:3490} INFO - Setting next_dagrun for example_local_kubernetes_executor to None, run_after=None
[2023-07-27T12:36:48.435+0000] {processor.py:179} INFO - Processing /home/airflow/.local/lib/python3.7/site-packages/airflow/example_dags/example_local_kubernetes_executor.py took 1.007 seconds
[2023-07-27T12:37:18.862+0000] {processor.py:157} INFO - Started process (PID=2043) to work on /home/airflow/.local/lib/python3.7/site-packages/airflow/example_dags/example_local_kubernetes_executor.py
[2023-07-27T12:37:18.869+0000] {processor.py:826} INFO - Processing file /home/airflow/.local/lib/python3.7/site-packages/airflow/example_dags/example_local_kubernetes_executor.py for tasks to queue
[2023-07-27T12:37:18.873+0000] {logging_mixin.py:149} INFO - [2023-07-27T12:37:18.872+0000] {dagbag.py:541} INFO - Filling up the DagBag from /home/airflow/.local/lib/python3.7/site-packages/airflow/example_dags/example_local_kubernetes_executor.py
[2023-07-27T12:37:19.803+0000] {processor.py:836} INFO - DAG(s) dict_keys(['example_local_kubernetes_executor']) retrieved from /home/airflow/.local/lib/python3.7/site-packages/airflow/example_dags/example_local_kubernetes_executor.py
[2023-07-27T12:37:19.936+0000] {logging_mixin.py:149} INFO - [2023-07-27T12:37:19.936+0000] {dag.py:2726} INFO - Sync 1 DAGs
[2023-07-27T12:37:20.078+0000] {logging_mixin.py:149} INFO - [2023-07-27T12:37:20.077+0000] {dag.py:3490} INFO - Setting next_dagrun for example_local_kubernetes_executor to None, run_after=None
[2023-07-27T12:37:20.149+0000] {processor.py:179} INFO - Processing /home/airflow/.local/lib/python3.7/site-packages/airflow/example_dags/example_local_kubernetes_executor.py took 1.296 seconds
[2023-07-27T12:37:50.476+0000] {processor.py:157} INFO - Started process (PID=2102) to work on /home/airflow/.local/lib/python3.7/site-packages/airflow/example_dags/example_local_kubernetes_executor.py
[2023-07-27T12:37:50.480+0000] {processor.py:826} INFO - Processing file /home/airflow/.local/lib/python3.7/site-packages/airflow/example_dags/example_local_kubernetes_executor.py for tasks to queue
[2023-07-27T12:37:50.484+0000] {logging_mixin.py:149} INFO - [2023-07-27T12:37:50.483+0000] {dagbag.py:541} INFO - Filling up the DagBag from /home/airflow/.local/lib/python3.7/site-packages/airflow/example_dags/example_local_kubernetes_executor.py
[2023-07-27T12:37:50.905+0000] {processor.py:836} INFO - DAG(s) dict_keys(['example_local_kubernetes_executor']) retrieved from /home/airflow/.local/lib/python3.7/site-packages/airflow/example_dags/example_local_kubernetes_executor.py
[2023-07-27T12:37:50.987+0000] {logging_mixin.py:149} INFO - [2023-07-27T12:37:50.987+0000] {dag.py:2726} INFO - Sync 1 DAGs
[2023-07-27T12:37:51.049+0000] {logging_mixin.py:149} INFO - [2023-07-27T12:37:51.049+0000] {dag.py:3490} INFO - Setting next_dagrun for example_local_kubernetes_executor to None, run_after=None
[2023-07-27T12:37:51.097+0000] {processor.py:179} INFO - Processing /home/airflow/.local/lib/python3.7/site-packages/airflow/example_dags/example_local_kubernetes_executor.py took 0.631 seconds
[2023-07-27T12:38:21.538+0000] {processor.py:157} INFO - Started process (PID=2160) to work on /home/airflow/.local/lib/python3.7/site-packages/airflow/example_dags/example_local_kubernetes_executor.py
[2023-07-27T12:38:21.542+0000] {processor.py:826} INFO - Processing file /home/airflow/.local/lib/python3.7/site-packages/airflow/example_dags/example_local_kubernetes_executor.py for tasks to queue
[2023-07-27T12:38:21.547+0000] {logging_mixin.py:149} INFO - [2023-07-27T12:38:21.546+0000] {dagbag.py:541} INFO - Filling up the DagBag from /home/airflow/.local/lib/python3.7/site-packages/airflow/example_dags/example_local_kubernetes_executor.py
[2023-07-27T12:38:22.198+0000] {processor.py:836} INFO - DAG(s) dict_keys(['example_local_kubernetes_executor']) retrieved from /home/airflow/.local/lib/python3.7/site-packages/airflow/example_dags/example_local_kubernetes_executor.py
[2023-07-27T12:38:22.323+0000] {logging_mixin.py:149} INFO - [2023-07-27T12:38:22.322+0000] {dag.py:2726} INFO - Sync 1 DAGs
[2023-07-27T12:38:22.401+0000] {logging_mixin.py:149} INFO - [2023-07-27T12:38:22.400+0000] {dag.py:3490} INFO - Setting next_dagrun for example_local_kubernetes_executor to None, run_after=None
[2023-07-27T12:38:22.449+0000] {processor.py:179} INFO - Processing /home/airflow/.local/lib/python3.7/site-packages/airflow/example_dags/example_local_kubernetes_executor.py took 0.923 seconds
[2023-07-27T12:38:53.861+0000] {processor.py:157} INFO - Started process (PID=2220) to work on /home/airflow/.local/lib/python3.7/site-packages/airflow/example_dags/example_local_kubernetes_executor.py
[2023-07-27T12:38:53.868+0000] {processor.py:826} INFO - Processing file /home/airflow/.local/lib/python3.7/site-packages/airflow/example_dags/example_local_kubernetes_executor.py for tasks to queue
[2023-07-27T12:38:53.874+0000] {logging_mixin.py:149} INFO - [2023-07-27T12:38:53.872+0000] {dagbag.py:541} INFO - Filling up the DagBag from /home/airflow/.local/lib/python3.7/site-packages/airflow/example_dags/example_local_kubernetes_executor.py
[2023-07-27T12:38:54.669+0000] {processor.py:836} INFO - DAG(s) dict_keys(['example_local_kubernetes_executor']) retrieved from /home/airflow/.local/lib/python3.7/site-packages/airflow/example_dags/example_local_kubernetes_executor.py
[2023-07-27T12:38:54.768+0000] {logging_mixin.py:149} INFO - [2023-07-27T12:38:54.768+0000] {dag.py:2726} INFO - Sync 1 DAGs
[2023-07-27T12:38:54.851+0000] {logging_mixin.py:149} INFO - [2023-07-27T12:38:54.850+0000] {dag.py:3490} INFO - Setting next_dagrun for example_local_kubernetes_executor to None, run_after=None
[2023-07-27T12:38:55.087+0000] {processor.py:179} INFO - Processing /home/airflow/.local/lib/python3.7/site-packages/airflow/example_dags/example_local_kubernetes_executor.py took 1.262 seconds
[2023-07-27T12:39:25.227+0000] {processor.py:157} INFO - Started process (PID=2278) to work on /home/airflow/.local/lib/python3.7/site-packages/airflow/example_dags/example_local_kubernetes_executor.py
[2023-07-27T12:39:25.232+0000] {processor.py:826} INFO - Processing file /home/airflow/.local/lib/python3.7/site-packages/airflow/example_dags/example_local_kubernetes_executor.py for tasks to queue
[2023-07-27T12:39:25.237+0000] {logging_mixin.py:149} INFO - [2023-07-27T12:39:25.236+0000] {dagbag.py:541} INFO - Filling up the DagBag from /home/airflow/.local/lib/python3.7/site-packages/airflow/example_dags/example_local_kubernetes_executor.py
[2023-07-27T12:39:25.692+0000] {processor.py:836} INFO - DAG(s) dict_keys(['example_local_kubernetes_executor']) retrieved from /home/airflow/.local/lib/python3.7/site-packages/airflow/example_dags/example_local_kubernetes_executor.py
[2023-07-27T12:39:25.810+0000] {logging_mixin.py:149} INFO - [2023-07-27T12:39:25.809+0000] {dag.py:2726} INFO - Sync 1 DAGs
[2023-07-27T12:39:25.911+0000] {logging_mixin.py:149} INFO - [2023-07-27T12:39:25.910+0000] {dag.py:3490} INFO - Setting next_dagrun for example_local_kubernetes_executor to None, run_after=None
[2023-07-27T12:39:26.004+0000] {processor.py:179} INFO - Processing /home/airflow/.local/lib/python3.7/site-packages/airflow/example_dags/example_local_kubernetes_executor.py took 0.786 seconds
