[2023-07-27T12:25:51.818+0000] {processor.py:157} INFO - Started process (PID=812) to work on /home/airflow/.local/lib/python3.7/site-packages/airflow/example_dags/example_short_circuit_operator.py
[2023-07-27T12:25:51.824+0000] {processor.py:826} INFO - Processing file /home/airflow/.local/lib/python3.7/site-packages/airflow/example_dags/example_short_circuit_operator.py for tasks to queue
[2023-07-27T12:25:51.828+0000] {logging_mixin.py:149} INFO - [2023-07-27T12:25:51.827+0000] {dagbag.py:541} INFO - Filling up the DagBag from /home/airflow/.local/lib/python3.7/site-packages/airflow/example_dags/example_short_circuit_operator.py
[2023-07-27T12:25:51.874+0000] {processor.py:836} INFO - DAG(s) dict_keys(['example_short_circuit_operator']) retrieved from /home/airflow/.local/lib/python3.7/site-packages/airflow/example_dags/example_short_circuit_operator.py
[2023-07-27T12:25:51.972+0000] {logging_mixin.py:149} INFO - [2023-07-27T12:25:51.971+0000] {dag.py:2726} INFO - Sync 1 DAGs
[2023-07-27T12:25:52.094+0000] {logging_mixin.py:149} INFO - [2023-07-27T12:25:52.087+0000] {dag.py:3490} INFO - Setting next_dagrun for example_short_circuit_operator to 2023-07-26T12:25:52.086645+00:00, run_after=2023-07-27T12:25:52.086645+00:00
[2023-07-27T12:25:52.191+0000] {processor.py:179} INFO - Processing /home/airflow/.local/lib/python3.7/site-packages/airflow/example_dags/example_short_circuit_operator.py took 0.384 seconds
[2023-07-27T12:26:22.614+0000] {processor.py:157} INFO - Started process (PID=870) to work on /home/airflow/.local/lib/python3.7/site-packages/airflow/example_dags/example_short_circuit_operator.py
[2023-07-27T12:26:22.625+0000] {processor.py:826} INFO - Processing file /home/airflow/.local/lib/python3.7/site-packages/airflow/example_dags/example_short_circuit_operator.py for tasks to queue
[2023-07-27T12:26:22.638+0000] {logging_mixin.py:149} INFO - [2023-07-27T12:26:22.637+0000] {dagbag.py:541} INFO - Filling up the DagBag from /home/airflow/.local/lib/python3.7/site-packages/airflow/example_dags/example_short_circuit_operator.py
[2023-07-27T12:26:22.702+0000] {processor.py:836} INFO - DAG(s) dict_keys(['example_short_circuit_operator']) retrieved from /home/airflow/.local/lib/python3.7/site-packages/airflow/example_dags/example_short_circuit_operator.py
[2023-07-27T12:26:22.851+0000] {logging_mixin.py:149} INFO - [2023-07-27T12:26:22.851+0000] {dag.py:2726} INFO - Sync 1 DAGs
[2023-07-27T12:26:23.036+0000] {logging_mixin.py:149} INFO - [2023-07-27T12:26:23.035+0000] {dag.py:3490} INFO - Setting next_dagrun for example_short_circuit_operator to 2023-07-26T12:26:23.034771+00:00, run_after=2023-07-27T12:26:23.034771+00:00
[2023-07-27T12:26:23.121+0000] {processor.py:179} INFO - Processing /home/airflow/.local/lib/python3.7/site-packages/airflow/example_dags/example_short_circuit_operator.py took 0.536 seconds
[2023-07-27T12:27:01.104+0000] {processor.py:157} INFO - Started process (PID=928) to work on /home/airflow/.local/lib/python3.7/site-packages/airflow/example_dags/example_short_circuit_operator.py
[2023-07-27T12:27:01.120+0000] {processor.py:826} INFO - Processing file /home/airflow/.local/lib/python3.7/site-packages/airflow/example_dags/example_short_circuit_operator.py for tasks to queue
[2023-07-27T12:27:01.125+0000] {logging_mixin.py:149} INFO - [2023-07-27T12:27:01.125+0000] {dagbag.py:541} INFO - Filling up the DagBag from /home/airflow/.local/lib/python3.7/site-packages/airflow/example_dags/example_short_circuit_operator.py
[2023-07-27T12:27:01.243+0000] {processor.py:836} INFO - DAG(s) dict_keys(['example_short_circuit_operator']) retrieved from /home/airflow/.local/lib/python3.7/site-packages/airflow/example_dags/example_short_circuit_operator.py
[2023-07-27T12:27:01.405+0000] {logging_mixin.py:149} INFO - [2023-07-27T12:27:01.404+0000] {dag.py:2726} INFO - Sync 1 DAGs
[2023-07-27T12:27:01.692+0000] {logging_mixin.py:149} INFO - [2023-07-27T12:27:01.691+0000] {dag.py:3490} INFO - Setting next_dagrun for example_short_circuit_operator to 2023-07-26T12:27:01.690982+00:00, run_after=2023-07-27T12:27:01.690982+00:00
[2023-07-27T12:27:01.890+0000] {processor.py:179} INFO - Processing /home/airflow/.local/lib/python3.7/site-packages/airflow/example_dags/example_short_circuit_operator.py took 0.824 seconds
[2023-07-27T12:27:35.298+0000] {processor.py:157} INFO - Started process (PID=983) to work on /home/airflow/.local/lib/python3.7/site-packages/airflow/example_dags/example_short_circuit_operator.py
[2023-07-27T12:27:35.306+0000] {processor.py:826} INFO - Processing file /home/airflow/.local/lib/python3.7/site-packages/airflow/example_dags/example_short_circuit_operator.py for tasks to queue
[2023-07-27T12:27:35.317+0000] {logging_mixin.py:149} INFO - [2023-07-27T12:27:35.317+0000] {dagbag.py:541} INFO - Filling up the DagBag from /home/airflow/.local/lib/python3.7/site-packages/airflow/example_dags/example_short_circuit_operator.py
[2023-07-27T12:27:35.350+0000] {processor.py:836} INFO - DAG(s) dict_keys(['example_short_circuit_operator']) retrieved from /home/airflow/.local/lib/python3.7/site-packages/airflow/example_dags/example_short_circuit_operator.py
[2023-07-27T12:27:35.489+0000] {logging_mixin.py:149} INFO - [2023-07-27T12:27:35.489+0000] {dag.py:2726} INFO - Sync 1 DAGs
[2023-07-27T12:27:35.662+0000] {logging_mixin.py:149} INFO - [2023-07-27T12:27:35.662+0000] {dag.py:3490} INFO - Setting next_dagrun for example_short_circuit_operator to 2023-07-26T12:27:35.661779+00:00, run_after=2023-07-27T12:27:35.661779+00:00
[2023-07-27T12:27:35.737+0000] {processor.py:179} INFO - Processing /home/airflow/.local/lib/python3.7/site-packages/airflow/example_dags/example_short_circuit_operator.py took 0.459 seconds
[2023-07-27T12:28:11.941+0000] {processor.py:157} INFO - Started process (PID=1043) to work on /home/airflow/.local/lib/python3.7/site-packages/airflow/example_dags/example_short_circuit_operator.py
[2023-07-27T12:28:11.966+0000] {processor.py:826} INFO - Processing file /home/airflow/.local/lib/python3.7/site-packages/airflow/example_dags/example_short_circuit_operator.py for tasks to queue
[2023-07-27T12:28:11.974+0000] {logging_mixin.py:149} INFO - [2023-07-27T12:28:11.973+0000] {dagbag.py:541} INFO - Filling up the DagBag from /home/airflow/.local/lib/python3.7/site-packages/airflow/example_dags/example_short_circuit_operator.py
[2023-07-27T12:28:12.002+0000] {processor.py:836} INFO - DAG(s) dict_keys(['example_short_circuit_operator']) retrieved from /home/airflow/.local/lib/python3.7/site-packages/airflow/example_dags/example_short_circuit_operator.py
[2023-07-27T12:28:12.091+0000] {logging_mixin.py:149} INFO - [2023-07-27T12:28:12.091+0000] {dag.py:2726} INFO - Sync 1 DAGs
[2023-07-27T12:28:12.261+0000] {logging_mixin.py:149} INFO - [2023-07-27T12:28:12.260+0000] {dag.py:3490} INFO - Setting next_dagrun for example_short_circuit_operator to 2023-07-26T12:28:12.260192+00:00, run_after=2023-07-27T12:28:12.260192+00:00
[2023-07-27T12:28:12.409+0000] {processor.py:179} INFO - Processing /home/airflow/.local/lib/python3.7/site-packages/airflow/example_dags/example_short_circuit_operator.py took 0.479 seconds
[2023-07-27T12:28:43.444+0000] {processor.py:157} INFO - Started process (PID=1101) to work on /home/airflow/.local/lib/python3.7/site-packages/airflow/example_dags/example_short_circuit_operator.py
[2023-07-27T12:28:43.455+0000] {processor.py:826} INFO - Processing file /home/airflow/.local/lib/python3.7/site-packages/airflow/example_dags/example_short_circuit_operator.py for tasks to queue
[2023-07-27T12:28:43.461+0000] {logging_mixin.py:149} INFO - [2023-07-27T12:28:43.461+0000] {dagbag.py:541} INFO - Filling up the DagBag from /home/airflow/.local/lib/python3.7/site-packages/airflow/example_dags/example_short_circuit_operator.py
[2023-07-27T12:28:43.584+0000] {processor.py:836} INFO - DAG(s) dict_keys(['example_short_circuit_operator']) retrieved from /home/airflow/.local/lib/python3.7/site-packages/airflow/example_dags/example_short_circuit_operator.py
[2023-07-27T12:28:43.818+0000] {logging_mixin.py:149} INFO - [2023-07-27T12:28:43.811+0000] {dag.py:2726} INFO - Sync 1 DAGs
[2023-07-27T12:28:44.076+0000] {logging_mixin.py:149} INFO - [2023-07-27T12:28:44.075+0000] {dag.py:3490} INFO - Setting next_dagrun for example_short_circuit_operator to 2023-07-26T12:28:44.075176+00:00, run_after=2023-07-27T12:28:44.075176+00:00
[2023-07-27T12:28:44.207+0000] {processor.py:179} INFO - Processing /home/airflow/.local/lib/python3.7/site-packages/airflow/example_dags/example_short_circuit_operator.py took 0.812 seconds
[2023-07-27T12:29:15.544+0000] {processor.py:157} INFO - Started process (PID=1159) to work on /home/airflow/.local/lib/python3.7/site-packages/airflow/example_dags/example_short_circuit_operator.py
[2023-07-27T12:29:15.552+0000] {processor.py:826} INFO - Processing file /home/airflow/.local/lib/python3.7/site-packages/airflow/example_dags/example_short_circuit_operator.py for tasks to queue
[2023-07-27T12:29:15.559+0000] {logging_mixin.py:149} INFO - [2023-07-27T12:29:15.557+0000] {dagbag.py:541} INFO - Filling up the DagBag from /home/airflow/.local/lib/python3.7/site-packages/airflow/example_dags/example_short_circuit_operator.py
[2023-07-27T12:29:15.645+0000] {processor.py:836} INFO - DAG(s) dict_keys(['example_short_circuit_operator']) retrieved from /home/airflow/.local/lib/python3.7/site-packages/airflow/example_dags/example_short_circuit_operator.py
[2023-07-27T12:29:15.758+0000] {logging_mixin.py:149} INFO - [2023-07-27T12:29:15.758+0000] {dag.py:2726} INFO - Sync 1 DAGs
[2023-07-27T12:29:16.706+0000] {logging_mixin.py:149} INFO - [2023-07-27T12:29:16.705+0000] {dag.py:3490} INFO - Setting next_dagrun for example_short_circuit_operator to 2023-07-26T12:29:16.704912+00:00, run_after=2023-07-27T12:29:16.704912+00:00
[2023-07-27T12:29:16.874+0000] {processor.py:179} INFO - Processing /home/airflow/.local/lib/python3.7/site-packages/airflow/example_dags/example_short_circuit_operator.py took 1.378 seconds
[2023-07-27T12:29:47.130+0000] {processor.py:157} INFO - Started process (PID=1217) to work on /home/airflow/.local/lib/python3.7/site-packages/airflow/example_dags/example_short_circuit_operator.py
[2023-07-27T12:29:47.134+0000] {processor.py:826} INFO - Processing file /home/airflow/.local/lib/python3.7/site-packages/airflow/example_dags/example_short_circuit_operator.py for tasks to queue
[2023-07-27T12:29:47.143+0000] {logging_mixin.py:149} INFO - [2023-07-27T12:29:47.143+0000] {dagbag.py:541} INFO - Filling up the DagBag from /home/airflow/.local/lib/python3.7/site-packages/airflow/example_dags/example_short_circuit_operator.py
[2023-07-27T12:29:47.169+0000] {processor.py:836} INFO - DAG(s) dict_keys(['example_short_circuit_operator']) retrieved from /home/airflow/.local/lib/python3.7/site-packages/airflow/example_dags/example_short_circuit_operator.py
[2023-07-27T12:29:47.219+0000] {logging_mixin.py:149} INFO - [2023-07-27T12:29:47.219+0000] {dag.py:2726} INFO - Sync 1 DAGs
[2023-07-27T12:29:47.288+0000] {logging_mixin.py:149} INFO - [2023-07-27T12:29:47.287+0000] {dag.py:3490} INFO - Setting next_dagrun for example_short_circuit_operator to 2023-07-26T12:29:47.287388+00:00, run_after=2023-07-27T12:29:47.287388+00:00
[2023-07-27T12:29:47.336+0000] {processor.py:179} INFO - Processing /home/airflow/.local/lib/python3.7/site-packages/airflow/example_dags/example_short_circuit_operator.py took 0.212 seconds
[2023-07-27T12:30:22.803+0000] {processor.py:157} INFO - Started process (PID=1274) to work on /home/airflow/.local/lib/python3.7/site-packages/airflow/example_dags/example_short_circuit_operator.py
[2023-07-27T12:30:22.807+0000] {processor.py:826} INFO - Processing file /home/airflow/.local/lib/python3.7/site-packages/airflow/example_dags/example_short_circuit_operator.py for tasks to queue
[2023-07-27T12:30:22.812+0000] {logging_mixin.py:149} INFO - [2023-07-27T12:30:22.811+0000] {dagbag.py:541} INFO - Filling up the DagBag from /home/airflow/.local/lib/python3.7/site-packages/airflow/example_dags/example_short_circuit_operator.py
[2023-07-27T12:30:22.841+0000] {processor.py:836} INFO - DAG(s) dict_keys(['example_short_circuit_operator']) retrieved from /home/airflow/.local/lib/python3.7/site-packages/airflow/example_dags/example_short_circuit_operator.py
[2023-07-27T12:30:22.940+0000] {logging_mixin.py:149} INFO - [2023-07-27T12:30:22.940+0000] {dag.py:2726} INFO - Sync 1 DAGs
[2023-07-27T12:30:23.037+0000] {logging_mixin.py:149} INFO - [2023-07-27T12:30:23.036+0000] {dag.py:3490} INFO - Setting next_dagrun for example_short_circuit_operator to 2023-07-26T12:30:23.036011+00:00, run_after=2023-07-27T12:30:23.036011+00:00
[2023-07-27T12:30:23.108+0000] {processor.py:179} INFO - Processing /home/airflow/.local/lib/python3.7/site-packages/airflow/example_dags/example_short_circuit_operator.py took 0.314 seconds
[2023-07-27T12:30:55.555+0000] {processor.py:157} INFO - Started process (PID=1331) to work on /home/airflow/.local/lib/python3.7/site-packages/airflow/example_dags/example_short_circuit_operator.py
[2023-07-27T12:30:55.561+0000] {processor.py:826} INFO - Processing file /home/airflow/.local/lib/python3.7/site-packages/airflow/example_dags/example_short_circuit_operator.py for tasks to queue
[2023-07-27T12:30:55.568+0000] {logging_mixin.py:149} INFO - [2023-07-27T12:30:55.568+0000] {dagbag.py:541} INFO - Filling up the DagBag from /home/airflow/.local/lib/python3.7/site-packages/airflow/example_dags/example_short_circuit_operator.py
[2023-07-27T12:30:55.604+0000] {processor.py:836} INFO - DAG(s) dict_keys(['example_short_circuit_operator']) retrieved from /home/airflow/.local/lib/python3.7/site-packages/airflow/example_dags/example_short_circuit_operator.py
[2023-07-27T12:30:55.710+0000] {logging_mixin.py:149} INFO - [2023-07-27T12:30:55.710+0000] {dag.py:2726} INFO - Sync 1 DAGs
[2023-07-27T12:30:55.814+0000] {logging_mixin.py:149} INFO - [2023-07-27T12:30:55.814+0000] {dag.py:3490} INFO - Setting next_dagrun for example_short_circuit_operator to 2023-07-26T12:30:55.813811+00:00, run_after=2023-07-27T12:30:55.813811+00:00
[2023-07-27T12:30:55.920+0000] {processor.py:179} INFO - Processing /home/airflow/.local/lib/python3.7/site-packages/airflow/example_dags/example_short_circuit_operator.py took 0.381 seconds
[2023-07-27T12:31:26.060+0000] {processor.py:157} INFO - Started process (PID=1387) to work on /home/airflow/.local/lib/python3.7/site-packages/airflow/example_dags/example_short_circuit_operator.py
[2023-07-27T12:31:26.064+0000] {processor.py:826} INFO - Processing file /home/airflow/.local/lib/python3.7/site-packages/airflow/example_dags/example_short_circuit_operator.py for tasks to queue
[2023-07-27T12:31:26.070+0000] {logging_mixin.py:149} INFO - [2023-07-27T12:31:26.069+0000] {dagbag.py:541} INFO - Filling up the DagBag from /home/airflow/.local/lib/python3.7/site-packages/airflow/example_dags/example_short_circuit_operator.py
[2023-07-27T12:31:26.091+0000] {processor.py:836} INFO - DAG(s) dict_keys(['example_short_circuit_operator']) retrieved from /home/airflow/.local/lib/python3.7/site-packages/airflow/example_dags/example_short_circuit_operator.py
[2023-07-27T12:31:26.148+0000] {logging_mixin.py:149} INFO - [2023-07-27T12:31:26.148+0000] {dag.py:2726} INFO - Sync 1 DAGs
[2023-07-27T12:31:26.241+0000] {logging_mixin.py:149} INFO - [2023-07-27T12:31:26.240+0000] {dag.py:3490} INFO - Setting next_dagrun for example_short_circuit_operator to 2023-07-26T12:31:26.240385+00:00, run_after=2023-07-27T12:31:26.240385+00:00
[2023-07-27T12:31:26.284+0000] {processor.py:179} INFO - Processing /home/airflow/.local/lib/python3.7/site-packages/airflow/example_dags/example_short_circuit_operator.py took 0.232 seconds
[2023-07-27T12:31:56.789+0000] {processor.py:157} INFO - Started process (PID=1444) to work on /home/airflow/.local/lib/python3.7/site-packages/airflow/example_dags/example_short_circuit_operator.py
[2023-07-27T12:31:56.792+0000] {processor.py:826} INFO - Processing file /home/airflow/.local/lib/python3.7/site-packages/airflow/example_dags/example_short_circuit_operator.py for tasks to queue
[2023-07-27T12:31:56.796+0000] {logging_mixin.py:149} INFO - [2023-07-27T12:31:56.795+0000] {dagbag.py:541} INFO - Filling up the DagBag from /home/airflow/.local/lib/python3.7/site-packages/airflow/example_dags/example_short_circuit_operator.py
[2023-07-27T12:31:56.820+0000] {processor.py:836} INFO - DAG(s) dict_keys(['example_short_circuit_operator']) retrieved from /home/airflow/.local/lib/python3.7/site-packages/airflow/example_dags/example_short_circuit_operator.py
[2023-07-27T12:31:56.895+0000] {logging_mixin.py:149} INFO - [2023-07-27T12:31:56.895+0000] {dag.py:2726} INFO - Sync 1 DAGs
[2023-07-27T12:31:56.957+0000] {logging_mixin.py:149} INFO - [2023-07-27T12:31:56.957+0000] {dag.py:3490} INFO - Setting next_dagrun for example_short_circuit_operator to 2023-07-26T12:31:56.957144+00:00, run_after=2023-07-27T12:31:56.957144+00:00
[2023-07-27T12:31:57.037+0000] {processor.py:179} INFO - Processing /home/airflow/.local/lib/python3.7/site-packages/airflow/example_dags/example_short_circuit_operator.py took 0.256 seconds
[2023-07-27T12:32:27.516+0000] {processor.py:157} INFO - Started process (PID=1501) to work on /home/airflow/.local/lib/python3.7/site-packages/airflow/example_dags/example_short_circuit_operator.py
[2023-07-27T12:32:27.543+0000] {processor.py:826} INFO - Processing file /home/airflow/.local/lib/python3.7/site-packages/airflow/example_dags/example_short_circuit_operator.py for tasks to queue
[2023-07-27T12:32:27.563+0000] {logging_mixin.py:149} INFO - [2023-07-27T12:32:27.553+0000] {dagbag.py:541} INFO - Filling up the DagBag from /home/airflow/.local/lib/python3.7/site-packages/airflow/example_dags/example_short_circuit_operator.py
[2023-07-27T12:32:27.692+0000] {processor.py:836} INFO - DAG(s) dict_keys(['example_short_circuit_operator']) retrieved from /home/airflow/.local/lib/python3.7/site-packages/airflow/example_dags/example_short_circuit_operator.py
[2023-07-27T12:32:28.267+0000] {logging_mixin.py:149} INFO - [2023-07-27T12:32:28.266+0000] {dag.py:2726} INFO - Sync 1 DAGs
[2023-07-27T12:32:28.644+0000] {logging_mixin.py:149} INFO - [2023-07-27T12:32:28.644+0000] {dag.py:3490} INFO - Setting next_dagrun for example_short_circuit_operator to 2023-07-26T12:32:28.644229+00:00, run_after=2023-07-27T12:32:28.644229+00:00
[2023-07-27T12:32:28.734+0000] {processor.py:179} INFO - Processing /home/airflow/.local/lib/python3.7/site-packages/airflow/example_dags/example_short_circuit_operator.py took 1.270 seconds
[2023-07-27T12:32:59.064+0000] {processor.py:157} INFO - Started process (PID=1558) to work on /home/airflow/.local/lib/python3.7/site-packages/airflow/example_dags/example_short_circuit_operator.py
[2023-07-27T12:32:59.068+0000] {processor.py:826} INFO - Processing file /home/airflow/.local/lib/python3.7/site-packages/airflow/example_dags/example_short_circuit_operator.py for tasks to queue
[2023-07-27T12:32:59.074+0000] {logging_mixin.py:149} INFO - [2023-07-27T12:32:59.073+0000] {dagbag.py:541} INFO - Filling up the DagBag from /home/airflow/.local/lib/python3.7/site-packages/airflow/example_dags/example_short_circuit_operator.py
[2023-07-27T12:32:59.096+0000] {processor.py:836} INFO - DAG(s) dict_keys(['example_short_circuit_operator']) retrieved from /home/airflow/.local/lib/python3.7/site-packages/airflow/example_dags/example_short_circuit_operator.py
[2023-07-27T12:32:59.152+0000] {logging_mixin.py:149} INFO - [2023-07-27T12:32:59.152+0000] {dag.py:2726} INFO - Sync 1 DAGs
[2023-07-27T12:32:59.212+0000] {logging_mixin.py:149} INFO - [2023-07-27T12:32:59.212+0000] {dag.py:3490} INFO - Setting next_dagrun for example_short_circuit_operator to 2023-07-26T12:32:59.211819+00:00, run_after=2023-07-27T12:32:59.211819+00:00
[2023-07-27T12:32:59.286+0000] {processor.py:179} INFO - Processing /home/airflow/.local/lib/python3.7/site-packages/airflow/example_dags/example_short_circuit_operator.py took 0.231 seconds
[2023-07-27T12:33:29.823+0000] {processor.py:157} INFO - Started process (PID=1616) to work on /home/airflow/.local/lib/python3.7/site-packages/airflow/example_dags/example_short_circuit_operator.py
[2023-07-27T12:33:29.838+0000] {processor.py:826} INFO - Processing file /home/airflow/.local/lib/python3.7/site-packages/airflow/example_dags/example_short_circuit_operator.py for tasks to queue
[2023-07-27T12:33:29.852+0000] {logging_mixin.py:149} INFO - [2023-07-27T12:33:29.852+0000] {dagbag.py:541} INFO - Filling up the DagBag from /home/airflow/.local/lib/python3.7/site-packages/airflow/example_dags/example_short_circuit_operator.py
[2023-07-27T12:33:29.908+0000] {processor.py:836} INFO - DAG(s) dict_keys(['example_short_circuit_operator']) retrieved from /home/airflow/.local/lib/python3.7/site-packages/airflow/example_dags/example_short_circuit_operator.py
[2023-07-27T12:33:30.162+0000] {logging_mixin.py:149} INFO - [2023-07-27T12:33:30.162+0000] {dag.py:2726} INFO - Sync 1 DAGs
[2023-07-27T12:33:30.718+0000] {logging_mixin.py:149} INFO - [2023-07-27T12:33:30.718+0000] {dag.py:3490} INFO - Setting next_dagrun for example_short_circuit_operator to 2023-07-26T12:33:30.717152+00:00, run_after=2023-07-27T12:33:30.717152+00:00
[2023-07-27T12:33:31.085+0000] {processor.py:179} INFO - Processing /home/airflow/.local/lib/python3.7/site-packages/airflow/example_dags/example_short_circuit_operator.py took 1.315 seconds
[2023-07-27T12:34:01.956+0000] {processor.py:157} INFO - Started process (PID=1674) to work on /home/airflow/.local/lib/python3.7/site-packages/airflow/example_dags/example_short_circuit_operator.py
[2023-07-27T12:34:01.960+0000] {processor.py:826} INFO - Processing file /home/airflow/.local/lib/python3.7/site-packages/airflow/example_dags/example_short_circuit_operator.py for tasks to queue
[2023-07-27T12:34:01.963+0000] {logging_mixin.py:149} INFO - [2023-07-27T12:34:01.963+0000] {dagbag.py:541} INFO - Filling up the DagBag from /home/airflow/.local/lib/python3.7/site-packages/airflow/example_dags/example_short_circuit_operator.py
[2023-07-27T12:34:02.004+0000] {processor.py:836} INFO - DAG(s) dict_keys(['example_short_circuit_operator']) retrieved from /home/airflow/.local/lib/python3.7/site-packages/airflow/example_dags/example_short_circuit_operator.py
[2023-07-27T12:34:02.111+0000] {logging_mixin.py:149} INFO - [2023-07-27T12:34:02.111+0000] {dag.py:2726} INFO - Sync 1 DAGs
[2023-07-27T12:34:02.253+0000] {logging_mixin.py:149} INFO - [2023-07-27T12:34:02.252+0000] {dag.py:3490} INFO - Setting next_dagrun for example_short_circuit_operator to 2023-07-26T12:34:02.252290+00:00, run_after=2023-07-27T12:34:02.252290+00:00
[2023-07-27T12:34:02.305+0000] {processor.py:179} INFO - Processing /home/airflow/.local/lib/python3.7/site-packages/airflow/example_dags/example_short_circuit_operator.py took 0.356 seconds
[2023-07-27T12:34:32.457+0000] {processor.py:157} INFO - Started process (PID=1733) to work on /home/airflow/.local/lib/python3.7/site-packages/airflow/example_dags/example_short_circuit_operator.py
[2023-07-27T12:34:32.471+0000] {processor.py:826} INFO - Processing file /home/airflow/.local/lib/python3.7/site-packages/airflow/example_dags/example_short_circuit_operator.py for tasks to queue
[2023-07-27T12:34:32.483+0000] {logging_mixin.py:149} INFO - [2023-07-27T12:34:32.483+0000] {dagbag.py:541} INFO - Filling up the DagBag from /home/airflow/.local/lib/python3.7/site-packages/airflow/example_dags/example_short_circuit_operator.py
[2023-07-27T12:34:32.525+0000] {processor.py:836} INFO - DAG(s) dict_keys(['example_short_circuit_operator']) retrieved from /home/airflow/.local/lib/python3.7/site-packages/airflow/example_dags/example_short_circuit_operator.py
[2023-07-27T12:34:32.670+0000] {logging_mixin.py:149} INFO - [2023-07-27T12:34:32.670+0000] {dag.py:2726} INFO - Sync 1 DAGs
[2023-07-27T12:34:32.734+0000] {logging_mixin.py:149} INFO - [2023-07-27T12:34:32.734+0000] {dag.py:3490} INFO - Setting next_dagrun for example_short_circuit_operator to 2023-07-26T12:34:32.733778+00:00, run_after=2023-07-27T12:34:32.733778+00:00
[2023-07-27T12:34:32.786+0000] {processor.py:179} INFO - Processing /home/airflow/.local/lib/python3.7/site-packages/airflow/example_dags/example_short_circuit_operator.py took 0.342 seconds
[2023-07-27T12:35:03.234+0000] {processor.py:157} INFO - Started process (PID=1791) to work on /home/airflow/.local/lib/python3.7/site-packages/airflow/example_dags/example_short_circuit_operator.py
[2023-07-27T12:35:03.243+0000] {processor.py:826} INFO - Processing file /home/airflow/.local/lib/python3.7/site-packages/airflow/example_dags/example_short_circuit_operator.py for tasks to queue
[2023-07-27T12:35:03.248+0000] {logging_mixin.py:149} INFO - [2023-07-27T12:35:03.247+0000] {dagbag.py:541} INFO - Filling up the DagBag from /home/airflow/.local/lib/python3.7/site-packages/airflow/example_dags/example_short_circuit_operator.py
[2023-07-27T12:35:03.335+0000] {processor.py:836} INFO - DAG(s) dict_keys(['example_short_circuit_operator']) retrieved from /home/airflow/.local/lib/python3.7/site-packages/airflow/example_dags/example_short_circuit_operator.py
[2023-07-27T12:35:03.447+0000] {logging_mixin.py:149} INFO - [2023-07-27T12:35:03.447+0000] {dag.py:2726} INFO - Sync 1 DAGs
[2023-07-27T12:35:03.661+0000] {logging_mixin.py:149} INFO - [2023-07-27T12:35:03.657+0000] {dag.py:3490} INFO - Setting next_dagrun for example_short_circuit_operator to 2023-07-26T12:35:03.649582+00:00, run_after=2023-07-27T12:35:03.649582+00:00
[2023-07-27T12:35:03.764+0000] {processor.py:179} INFO - Processing /home/airflow/.local/lib/python3.7/site-packages/airflow/example_dags/example_short_circuit_operator.py took 0.540 seconds
[2023-07-27T12:35:34.524+0000] {processor.py:157} INFO - Started process (PID=1849) to work on /home/airflow/.local/lib/python3.7/site-packages/airflow/example_dags/example_short_circuit_operator.py
[2023-07-27T12:35:34.528+0000] {processor.py:826} INFO - Processing file /home/airflow/.local/lib/python3.7/site-packages/airflow/example_dags/example_short_circuit_operator.py for tasks to queue
[2023-07-27T12:35:34.531+0000] {logging_mixin.py:149} INFO - [2023-07-27T12:35:34.530+0000] {dagbag.py:541} INFO - Filling up the DagBag from /home/airflow/.local/lib/python3.7/site-packages/airflow/example_dags/example_short_circuit_operator.py
[2023-07-27T12:35:34.573+0000] {processor.py:836} INFO - DAG(s) dict_keys(['example_short_circuit_operator']) retrieved from /home/airflow/.local/lib/python3.7/site-packages/airflow/example_dags/example_short_circuit_operator.py
[2023-07-27T12:35:34.726+0000] {logging_mixin.py:149} INFO - [2023-07-27T12:35:34.726+0000] {dag.py:2726} INFO - Sync 1 DAGs
[2023-07-27T12:35:34.800+0000] {logging_mixin.py:149} INFO - [2023-07-27T12:35:34.800+0000] {dag.py:3490} INFO - Setting next_dagrun for example_short_circuit_operator to 2023-07-26T12:35:34.799612+00:00, run_after=2023-07-27T12:35:34.799612+00:00
[2023-07-27T12:35:34.857+0000] {processor.py:179} INFO - Processing /home/airflow/.local/lib/python3.7/site-packages/airflow/example_dags/example_short_circuit_operator.py took 0.343 seconds
[2023-07-27T12:36:05.688+0000] {processor.py:157} INFO - Started process (PID=1907) to work on /home/airflow/.local/lib/python3.7/site-packages/airflow/example_dags/example_short_circuit_operator.py
[2023-07-27T12:36:05.693+0000] {processor.py:826} INFO - Processing file /home/airflow/.local/lib/python3.7/site-packages/airflow/example_dags/example_short_circuit_operator.py for tasks to queue
[2023-07-27T12:36:05.698+0000] {logging_mixin.py:149} INFO - [2023-07-27T12:36:05.698+0000] {dagbag.py:541} INFO - Filling up the DagBag from /home/airflow/.local/lib/python3.7/site-packages/airflow/example_dags/example_short_circuit_operator.py
[2023-07-27T12:36:05.722+0000] {processor.py:836} INFO - DAG(s) dict_keys(['example_short_circuit_operator']) retrieved from /home/airflow/.local/lib/python3.7/site-packages/airflow/example_dags/example_short_circuit_operator.py
[2023-07-27T12:36:05.862+0000] {logging_mixin.py:149} INFO - [2023-07-27T12:36:05.862+0000] {dag.py:2726} INFO - Sync 1 DAGs
[2023-07-27T12:36:05.997+0000] {logging_mixin.py:149} INFO - [2023-07-27T12:36:05.996+0000] {dag.py:3490} INFO - Setting next_dagrun for example_short_circuit_operator to 2023-07-26T12:36:05.995893+00:00, run_after=2023-07-27T12:36:05.995893+00:00
[2023-07-27T12:36:06.114+0000] {processor.py:179} INFO - Processing /home/airflow/.local/lib/python3.7/site-packages/airflow/example_dags/example_short_circuit_operator.py took 0.440 seconds
[2023-07-27T12:36:37.141+0000] {processor.py:157} INFO - Started process (PID=1964) to work on /home/airflow/.local/lib/python3.7/site-packages/airflow/example_dags/example_short_circuit_operator.py
[2023-07-27T12:36:37.149+0000] {processor.py:826} INFO - Processing file /home/airflow/.local/lib/python3.7/site-packages/airflow/example_dags/example_short_circuit_operator.py for tasks to queue
[2023-07-27T12:36:37.152+0000] {logging_mixin.py:149} INFO - [2023-07-27T12:36:37.152+0000] {dagbag.py:541} INFO - Filling up the DagBag from /home/airflow/.local/lib/python3.7/site-packages/airflow/example_dags/example_short_circuit_operator.py
[2023-07-27T12:36:37.182+0000] {processor.py:836} INFO - DAG(s) dict_keys(['example_short_circuit_operator']) retrieved from /home/airflow/.local/lib/python3.7/site-packages/airflow/example_dags/example_short_circuit_operator.py
[2023-07-27T12:36:37.262+0000] {logging_mixin.py:149} INFO - [2023-07-27T12:36:37.262+0000] {dag.py:2726} INFO - Sync 1 DAGs
[2023-07-27T12:36:37.325+0000] {logging_mixin.py:149} INFO - [2023-07-27T12:36:37.325+0000] {dag.py:3490} INFO - Setting next_dagrun for example_short_circuit_operator to 2023-07-26T12:36:37.324743+00:00, run_after=2023-07-27T12:36:37.324743+00:00
[2023-07-27T12:36:37.411+0000] {processor.py:179} INFO - Processing /home/airflow/.local/lib/python3.7/site-packages/airflow/example_dags/example_short_circuit_operator.py took 0.287 seconds
[2023-07-27T12:37:07.987+0000] {processor.py:157} INFO - Started process (PID=2021) to work on /home/airflow/.local/lib/python3.7/site-packages/airflow/example_dags/example_short_circuit_operator.py
[2023-07-27T12:37:07.993+0000] {processor.py:826} INFO - Processing file /home/airflow/.local/lib/python3.7/site-packages/airflow/example_dags/example_short_circuit_operator.py for tasks to queue
[2023-07-27T12:37:07.999+0000] {logging_mixin.py:149} INFO - [2023-07-27T12:37:07.998+0000] {dagbag.py:541} INFO - Filling up the DagBag from /home/airflow/.local/lib/python3.7/site-packages/airflow/example_dags/example_short_circuit_operator.py
[2023-07-27T12:37:08.065+0000] {processor.py:836} INFO - DAG(s) dict_keys(['example_short_circuit_operator']) retrieved from /home/airflow/.local/lib/python3.7/site-packages/airflow/example_dags/example_short_circuit_operator.py
[2023-07-27T12:37:08.185+0000] {logging_mixin.py:149} INFO - [2023-07-27T12:37:08.185+0000] {dag.py:2726} INFO - Sync 1 DAGs
[2023-07-27T12:37:08.242+0000] {logging_mixin.py:149} INFO - [2023-07-27T12:37:08.242+0000] {dag.py:3490} INFO - Setting next_dagrun for example_short_circuit_operator to 2023-07-26T12:37:08.241906+00:00, run_after=2023-07-27T12:37:08.241906+00:00
[2023-07-27T12:37:08.328+0000] {processor.py:179} INFO - Processing /home/airflow/.local/lib/python3.7/site-packages/airflow/example_dags/example_short_circuit_operator.py took 0.349 seconds
[2023-07-27T12:37:39.188+0000] {processor.py:157} INFO - Started process (PID=2079) to work on /home/airflow/.local/lib/python3.7/site-packages/airflow/example_dags/example_short_circuit_operator.py
[2023-07-27T12:37:39.202+0000] {processor.py:826} INFO - Processing file /home/airflow/.local/lib/python3.7/site-packages/airflow/example_dags/example_short_circuit_operator.py for tasks to queue
[2023-07-27T12:37:39.209+0000] {logging_mixin.py:149} INFO - [2023-07-27T12:37:39.209+0000] {dagbag.py:541} INFO - Filling up the DagBag from /home/airflow/.local/lib/python3.7/site-packages/airflow/example_dags/example_short_circuit_operator.py
[2023-07-27T12:37:39.233+0000] {processor.py:836} INFO - DAG(s) dict_keys(['example_short_circuit_operator']) retrieved from /home/airflow/.local/lib/python3.7/site-packages/airflow/example_dags/example_short_circuit_operator.py
[2023-07-27T12:37:39.326+0000] {logging_mixin.py:149} INFO - [2023-07-27T12:37:39.326+0000] {dag.py:2726} INFO - Sync 1 DAGs
[2023-07-27T12:37:39.463+0000] {logging_mixin.py:149} INFO - [2023-07-27T12:37:39.462+0000] {dag.py:3490} INFO - Setting next_dagrun for example_short_circuit_operator to 2023-07-26T12:37:39.462201+00:00, run_after=2023-07-27T12:37:39.462201+00:00
[2023-07-27T12:37:39.584+0000] {processor.py:179} INFO - Processing /home/airflow/.local/lib/python3.7/site-packages/airflow/example_dags/example_short_circuit_operator.py took 0.433 seconds
[2023-07-27T12:38:10.103+0000] {processor.py:157} INFO - Started process (PID=2134) to work on /home/airflow/.local/lib/python3.7/site-packages/airflow/example_dags/example_short_circuit_operator.py
[2023-07-27T12:38:10.107+0000] {processor.py:826} INFO - Processing file /home/airflow/.local/lib/python3.7/site-packages/airflow/example_dags/example_short_circuit_operator.py for tasks to queue
[2023-07-27T12:38:10.110+0000] {logging_mixin.py:149} INFO - [2023-07-27T12:38:10.110+0000] {dagbag.py:541} INFO - Filling up the DagBag from /home/airflow/.local/lib/python3.7/site-packages/airflow/example_dags/example_short_circuit_operator.py
[2023-07-27T12:38:10.128+0000] {processor.py:836} INFO - DAG(s) dict_keys(['example_short_circuit_operator']) retrieved from /home/airflow/.local/lib/python3.7/site-packages/airflow/example_dags/example_short_circuit_operator.py
[2023-07-27T12:38:10.186+0000] {logging_mixin.py:149} INFO - [2023-07-27T12:38:10.186+0000] {dag.py:2726} INFO - Sync 1 DAGs
[2023-07-27T12:38:10.245+0000] {logging_mixin.py:149} INFO - [2023-07-27T12:38:10.245+0000] {dag.py:3490} INFO - Setting next_dagrun for example_short_circuit_operator to 2023-07-26T12:38:10.244793+00:00, run_after=2023-07-27T12:38:10.244793+00:00
[2023-07-27T12:38:10.300+0000] {processor.py:179} INFO - Processing /home/airflow/.local/lib/python3.7/site-packages/airflow/example_dags/example_short_circuit_operator.py took 0.203 seconds
[2023-07-27T12:38:40.712+0000] {processor.py:157} INFO - Started process (PID=2189) to work on /home/airflow/.local/lib/python3.7/site-packages/airflow/example_dags/example_short_circuit_operator.py
[2023-07-27T12:38:40.718+0000] {processor.py:826} INFO - Processing file /home/airflow/.local/lib/python3.7/site-packages/airflow/example_dags/example_short_circuit_operator.py for tasks to queue
[2023-07-27T12:38:40.722+0000] {logging_mixin.py:149} INFO - [2023-07-27T12:38:40.722+0000] {dagbag.py:541} INFO - Filling up the DagBag from /home/airflow/.local/lib/python3.7/site-packages/airflow/example_dags/example_short_circuit_operator.py
[2023-07-27T12:38:40.769+0000] {processor.py:836} INFO - DAG(s) dict_keys(['example_short_circuit_operator']) retrieved from /home/airflow/.local/lib/python3.7/site-packages/airflow/example_dags/example_short_circuit_operator.py
[2023-07-27T12:38:40.917+0000] {logging_mixin.py:149} INFO - [2023-07-27T12:38:40.917+0000] {dag.py:2726} INFO - Sync 1 DAGs
[2023-07-27T12:38:41.009+0000] {logging_mixin.py:149} INFO - [2023-07-27T12:38:41.008+0000] {dag.py:3490} INFO - Setting next_dagrun for example_short_circuit_operator to 2023-07-26T12:38:41.007864+00:00, run_after=2023-07-27T12:38:41.007864+00:00
[2023-07-27T12:38:41.085+0000] {processor.py:179} INFO - Processing /home/airflow/.local/lib/python3.7/site-packages/airflow/example_dags/example_short_circuit_operator.py took 0.389 seconds
[2023-07-27T12:39:11.364+0000] {processor.py:157} INFO - Started process (PID=2249) to work on /home/airflow/.local/lib/python3.7/site-packages/airflow/example_dags/example_short_circuit_operator.py
[2023-07-27T12:39:11.371+0000] {processor.py:826} INFO - Processing file /home/airflow/.local/lib/python3.7/site-packages/airflow/example_dags/example_short_circuit_operator.py for tasks to queue
[2023-07-27T12:39:11.380+0000] {logging_mixin.py:149} INFO - [2023-07-27T12:39:11.380+0000] {dagbag.py:541} INFO - Filling up the DagBag from /home/airflow/.local/lib/python3.7/site-packages/airflow/example_dags/example_short_circuit_operator.py
[2023-07-27T12:39:11.454+0000] {processor.py:836} INFO - DAG(s) dict_keys(['example_short_circuit_operator']) retrieved from /home/airflow/.local/lib/python3.7/site-packages/airflow/example_dags/example_short_circuit_operator.py
[2023-07-27T12:39:11.697+0000] {logging_mixin.py:149} INFO - [2023-07-27T12:39:11.697+0000] {dag.py:2726} INFO - Sync 1 DAGs
[2023-07-27T12:39:12.010+0000] {logging_mixin.py:149} INFO - [2023-07-27T12:39:12.010+0000] {dag.py:3490} INFO - Setting next_dagrun for example_short_circuit_operator to 2023-07-26T12:39:12.008976+00:00, run_after=2023-07-27T12:39:12.008976+00:00
[2023-07-27T12:39:12.143+0000] {processor.py:179} INFO - Processing /home/airflow/.local/lib/python3.7/site-packages/airflow/example_dags/example_short_circuit_operator.py took 0.810 seconds
