[2023-07-27T12:25:58.717+0000] {processor.py:157} INFO - Started process (PID=823) to work on /home/airflow/.local/lib/python3.7/site-packages/airflow/example_dags/example_task_group_decorator.py
[2023-07-27T12:25:58.729+0000] {processor.py:826} INFO - Processing file /home/airflow/.local/lib/python3.7/site-packages/airflow/example_dags/example_task_group_decorator.py for tasks to queue
[2023-07-27T12:25:58.732+0000] {logging_mixin.py:149} INFO - [2023-07-27T12:25:58.732+0000] {dagbag.py:541} INFO - Filling up the DagBag from /home/airflow/.local/lib/python3.7/site-packages/airflow/example_dags/example_task_group_decorator.py
[2023-07-27T12:25:59.283+0000] {processor.py:836} INFO - DAG(s) dict_keys(['example_task_group_decorator']) retrieved from /home/airflow/.local/lib/python3.7/site-packages/airflow/example_dags/example_task_group_decorator.py
[2023-07-27T12:25:59.668+0000] {logging_mixin.py:149} INFO - [2023-07-27T12:25:59.668+0000] {dag.py:2726} INFO - Sync 1 DAGs
[2023-07-27T12:25:59.837+0000] {logging_mixin.py:149} INFO - [2023-07-27T12:25:59.837+0000] {dag.py:3490} INFO - Setting next_dagrun for example_task_group_decorator to 2023-07-26T12:25:59.836811+00:00, run_after=2023-07-27T12:25:59.836811+00:00
[2023-07-27T12:25:59.979+0000] {processor.py:179} INFO - Processing /home/airflow/.local/lib/python3.7/site-packages/airflow/example_dags/example_task_group_decorator.py took 1.294 seconds
[2023-07-27T12:26:30.188+0000] {processor.py:157} INFO - Started process (PID=878) to work on /home/airflow/.local/lib/python3.7/site-packages/airflow/example_dags/example_task_group_decorator.py
[2023-07-27T12:26:30.200+0000] {processor.py:826} INFO - Processing file /home/airflow/.local/lib/python3.7/site-packages/airflow/example_dags/example_task_group_decorator.py for tasks to queue
[2023-07-27T12:26:30.214+0000] {logging_mixin.py:149} INFO - [2023-07-27T12:26:30.213+0000] {dagbag.py:541} INFO - Filling up the DagBag from /home/airflow/.local/lib/python3.7/site-packages/airflow/example_dags/example_task_group_decorator.py
[2023-07-27T12:26:30.418+0000] {processor.py:836} INFO - DAG(s) dict_keys(['example_task_group_decorator']) retrieved from /home/airflow/.local/lib/python3.7/site-packages/airflow/example_dags/example_task_group_decorator.py
[2023-07-27T12:26:30.939+0000] {logging_mixin.py:149} INFO - [2023-07-27T12:26:30.938+0000] {dag.py:2726} INFO - Sync 1 DAGs
[2023-07-27T12:26:31.273+0000] {logging_mixin.py:149} INFO - [2023-07-27T12:26:31.273+0000] {dag.py:3490} INFO - Setting next_dagrun for example_task_group_decorator to 2023-07-26T12:26:31.272893+00:00, run_after=2023-07-27T12:26:31.272893+00:00
[2023-07-27T12:26:31.504+0000] {processor.py:179} INFO - Processing /home/airflow/.local/lib/python3.7/site-packages/airflow/example_dags/example_task_group_decorator.py took 1.360 seconds
[2023-07-27T12:27:04.367+0000] {processor.py:157} INFO - Started process (PID=936) to work on /home/airflow/.local/lib/python3.7/site-packages/airflow/example_dags/example_task_group_decorator.py
[2023-07-27T12:27:04.384+0000] {processor.py:826} INFO - Processing file /home/airflow/.local/lib/python3.7/site-packages/airflow/example_dags/example_task_group_decorator.py for tasks to queue
[2023-07-27T12:27:04.393+0000] {logging_mixin.py:149} INFO - [2023-07-27T12:27:04.390+0000] {dagbag.py:541} INFO - Filling up the DagBag from /home/airflow/.local/lib/python3.7/site-packages/airflow/example_dags/example_task_group_decorator.py
[2023-07-27T12:27:04.519+0000] {processor.py:836} INFO - DAG(s) dict_keys(['example_task_group_decorator']) retrieved from /home/airflow/.local/lib/python3.7/site-packages/airflow/example_dags/example_task_group_decorator.py
[2023-07-27T12:27:04.727+0000] {logging_mixin.py:149} INFO - [2023-07-27T12:27:04.727+0000] {dag.py:2726} INFO - Sync 1 DAGs
[2023-07-27T12:27:04.894+0000] {logging_mixin.py:149} INFO - [2023-07-27T12:27:04.894+0000] {dag.py:3490} INFO - Setting next_dagrun for example_task_group_decorator to 2023-07-26T12:27:04.893396+00:00, run_after=2023-07-27T12:27:04.893396+00:00
[2023-07-27T12:27:05.001+0000] {processor.py:179} INFO - Processing /home/airflow/.local/lib/python3.7/site-packages/airflow/example_dags/example_task_group_decorator.py took 0.664 seconds
[2023-07-27T12:27:40.608+0000] {processor.py:157} INFO - Started process (PID=1002) to work on /home/airflow/.local/lib/python3.7/site-packages/airflow/example_dags/example_task_group_decorator.py
[2023-07-27T12:27:40.615+0000] {processor.py:826} INFO - Processing file /home/airflow/.local/lib/python3.7/site-packages/airflow/example_dags/example_task_group_decorator.py for tasks to queue
[2023-07-27T12:27:40.626+0000] {logging_mixin.py:149} INFO - [2023-07-27T12:27:40.623+0000] {dagbag.py:541} INFO - Filling up the DagBag from /home/airflow/.local/lib/python3.7/site-packages/airflow/example_dags/example_task_group_decorator.py
[2023-07-27T12:27:40.750+0000] {processor.py:836} INFO - DAG(s) dict_keys(['example_task_group_decorator']) retrieved from /home/airflow/.local/lib/python3.7/site-packages/airflow/example_dags/example_task_group_decorator.py
[2023-07-27T12:27:40.928+0000] {logging_mixin.py:149} INFO - [2023-07-27T12:27:40.928+0000] {dag.py:2726} INFO - Sync 1 DAGs
[2023-07-27T12:27:41.061+0000] {logging_mixin.py:149} INFO - [2023-07-27T12:27:41.061+0000] {dag.py:3490} INFO - Setting next_dagrun for example_task_group_decorator to 2023-07-26T12:27:41.060789+00:00, run_after=2023-07-27T12:27:41.060789+00:00
[2023-07-27T12:27:41.130+0000] {processor.py:179} INFO - Processing /home/airflow/.local/lib/python3.7/site-packages/airflow/example_dags/example_task_group_decorator.py took 0.541 seconds
[2023-07-27T12:28:15.090+0000] {processor.py:157} INFO - Started process (PID=1056) to work on /home/airflow/.local/lib/python3.7/site-packages/airflow/example_dags/example_task_group_decorator.py
[2023-07-27T12:28:15.095+0000] {processor.py:826} INFO - Processing file /home/airflow/.local/lib/python3.7/site-packages/airflow/example_dags/example_task_group_decorator.py for tasks to queue
[2023-07-27T12:28:15.101+0000] {logging_mixin.py:149} INFO - [2023-07-27T12:28:15.100+0000] {dagbag.py:541} INFO - Filling up the DagBag from /home/airflow/.local/lib/python3.7/site-packages/airflow/example_dags/example_task_group_decorator.py
[2023-07-27T12:28:15.145+0000] {processor.py:836} INFO - DAG(s) dict_keys(['example_task_group_decorator']) retrieved from /home/airflow/.local/lib/python3.7/site-packages/airflow/example_dags/example_task_group_decorator.py
[2023-07-27T12:28:15.234+0000] {logging_mixin.py:149} INFO - [2023-07-27T12:28:15.233+0000] {dag.py:2726} INFO - Sync 1 DAGs
[2023-07-27T12:28:15.318+0000] {logging_mixin.py:149} INFO - [2023-07-27T12:28:15.318+0000] {dag.py:3490} INFO - Setting next_dagrun for example_task_group_decorator to 2023-07-26T12:28:15.309660+00:00, run_after=2023-07-27T12:28:15.309660+00:00
[2023-07-27T12:28:15.451+0000] {processor.py:179} INFO - Processing /home/airflow/.local/lib/python3.7/site-packages/airflow/example_dags/example_task_group_decorator.py took 0.371 seconds
[2023-07-27T12:28:48.390+0000] {processor.py:157} INFO - Started process (PID=1112) to work on /home/airflow/.local/lib/python3.7/site-packages/airflow/example_dags/example_task_group_decorator.py
[2023-07-27T12:28:48.399+0000] {processor.py:826} INFO - Processing file /home/airflow/.local/lib/python3.7/site-packages/airflow/example_dags/example_task_group_decorator.py for tasks to queue
[2023-07-27T12:28:48.405+0000] {logging_mixin.py:149} INFO - [2023-07-27T12:28:48.404+0000] {dagbag.py:541} INFO - Filling up the DagBag from /home/airflow/.local/lib/python3.7/site-packages/airflow/example_dags/example_task_group_decorator.py
[2023-07-27T12:28:48.562+0000] {processor.py:836} INFO - DAG(s) dict_keys(['example_task_group_decorator']) retrieved from /home/airflow/.local/lib/python3.7/site-packages/airflow/example_dags/example_task_group_decorator.py
[2023-07-27T12:28:48.802+0000] {logging_mixin.py:149} INFO - [2023-07-27T12:28:48.801+0000] {dag.py:2726} INFO - Sync 1 DAGs
[2023-07-27T12:28:49.007+0000] {logging_mixin.py:149} INFO - [2023-07-27T12:28:49.006+0000] {dag.py:3490} INFO - Setting next_dagrun for example_task_group_decorator to 2023-07-26T12:28:49.005802+00:00, run_after=2023-07-27T12:28:49.005802+00:00
[2023-07-27T12:28:49.154+0000] {processor.py:179} INFO - Processing /home/airflow/.local/lib/python3.7/site-packages/airflow/example_dags/example_task_group_decorator.py took 0.830 seconds
[2023-07-27T12:29:19.757+0000] {processor.py:157} INFO - Started process (PID=1172) to work on /home/airflow/.local/lib/python3.7/site-packages/airflow/example_dags/example_task_group_decorator.py
[2023-07-27T12:29:19.772+0000] {processor.py:826} INFO - Processing file /home/airflow/.local/lib/python3.7/site-packages/airflow/example_dags/example_task_group_decorator.py for tasks to queue
[2023-07-27T12:29:19.775+0000] {logging_mixin.py:149} INFO - [2023-07-27T12:29:19.775+0000] {dagbag.py:541} INFO - Filling up the DagBag from /home/airflow/.local/lib/python3.7/site-packages/airflow/example_dags/example_task_group_decorator.py
[2023-07-27T12:29:19.873+0000] {processor.py:836} INFO - DAG(s) dict_keys(['example_task_group_decorator']) retrieved from /home/airflow/.local/lib/python3.7/site-packages/airflow/example_dags/example_task_group_decorator.py
[2023-07-27T12:29:20.246+0000] {logging_mixin.py:149} INFO - [2023-07-27T12:29:20.244+0000] {dag.py:2726} INFO - Sync 1 DAGs
[2023-07-27T12:29:20.479+0000] {logging_mixin.py:149} INFO - [2023-07-27T12:29:20.478+0000] {dag.py:3490} INFO - Setting next_dagrun for example_task_group_decorator to 2023-07-26T12:29:20.476234+00:00, run_after=2023-07-27T12:29:20.476234+00:00
[2023-07-27T12:29:20.592+0000] {processor.py:179} INFO - Processing /home/airflow/.local/lib/python3.7/site-packages/airflow/example_dags/example_task_group_decorator.py took 0.863 seconds
[2023-07-27T12:29:51.025+0000] {processor.py:157} INFO - Started process (PID=1230) to work on /home/airflow/.local/lib/python3.7/site-packages/airflow/example_dags/example_task_group_decorator.py
[2023-07-27T12:29:51.028+0000] {processor.py:826} INFO - Processing file /home/airflow/.local/lib/python3.7/site-packages/airflow/example_dags/example_task_group_decorator.py for tasks to queue
[2023-07-27T12:29:51.033+0000] {logging_mixin.py:149} INFO - [2023-07-27T12:29:51.032+0000] {dagbag.py:541} INFO - Filling up the DagBag from /home/airflow/.local/lib/python3.7/site-packages/airflow/example_dags/example_task_group_decorator.py
[2023-07-27T12:29:51.090+0000] {processor.py:836} INFO - DAG(s) dict_keys(['example_task_group_decorator']) retrieved from /home/airflow/.local/lib/python3.7/site-packages/airflow/example_dags/example_task_group_decorator.py
[2023-07-27T12:29:51.158+0000] {logging_mixin.py:149} INFO - [2023-07-27T12:29:51.157+0000] {dag.py:2726} INFO - Sync 1 DAGs
[2023-07-27T12:29:51.217+0000] {logging_mixin.py:149} INFO - [2023-07-27T12:29:51.217+0000] {dag.py:3490} INFO - Setting next_dagrun for example_task_group_decorator to 2023-07-26T12:29:51.216719+00:00, run_after=2023-07-27T12:29:51.216719+00:00
[2023-07-27T12:29:51.265+0000] {processor.py:179} INFO - Processing /home/airflow/.local/lib/python3.7/site-packages/airflow/example_dags/example_task_group_decorator.py took 0.246 seconds
[2023-07-27T12:30:24.976+0000] {processor.py:157} INFO - Started process (PID=1282) to work on /home/airflow/.local/lib/python3.7/site-packages/airflow/example_dags/example_task_group_decorator.py
[2023-07-27T12:30:24.981+0000] {processor.py:826} INFO - Processing file /home/airflow/.local/lib/python3.7/site-packages/airflow/example_dags/example_task_group_decorator.py for tasks to queue
[2023-07-27T12:30:24.984+0000] {logging_mixin.py:149} INFO - [2023-07-27T12:30:24.984+0000] {dagbag.py:541} INFO - Filling up the DagBag from /home/airflow/.local/lib/python3.7/site-packages/airflow/example_dags/example_task_group_decorator.py
[2023-07-27T12:30:25.039+0000] {processor.py:836} INFO - DAG(s) dict_keys(['example_task_group_decorator']) retrieved from /home/airflow/.local/lib/python3.7/site-packages/airflow/example_dags/example_task_group_decorator.py
[2023-07-27T12:30:25.133+0000] {logging_mixin.py:149} INFO - [2023-07-27T12:30:25.132+0000] {dag.py:2726} INFO - Sync 1 DAGs
[2023-07-27T12:30:25.242+0000] {logging_mixin.py:149} INFO - [2023-07-27T12:30:25.242+0000] {dag.py:3490} INFO - Setting next_dagrun for example_task_group_decorator to 2023-07-26T12:30:25.242077+00:00, run_after=2023-07-27T12:30:25.242077+00:00
[2023-07-27T12:30:25.360+0000] {processor.py:179} INFO - Processing /home/airflow/.local/lib/python3.7/site-packages/airflow/example_dags/example_task_group_decorator.py took 0.393 seconds
[2023-07-27T12:30:57.275+0000] {processor.py:157} INFO - Started process (PID=1339) to work on /home/airflow/.local/lib/python3.7/site-packages/airflow/example_dags/example_task_group_decorator.py
[2023-07-27T12:30:57.279+0000] {processor.py:826} INFO - Processing file /home/airflow/.local/lib/python3.7/site-packages/airflow/example_dags/example_task_group_decorator.py for tasks to queue
[2023-07-27T12:30:57.283+0000] {logging_mixin.py:149} INFO - [2023-07-27T12:30:57.282+0000] {dagbag.py:541} INFO - Filling up the DagBag from /home/airflow/.local/lib/python3.7/site-packages/airflow/example_dags/example_task_group_decorator.py
[2023-07-27T12:30:57.321+0000] {processor.py:836} INFO - DAG(s) dict_keys(['example_task_group_decorator']) retrieved from /home/airflow/.local/lib/python3.7/site-packages/airflow/example_dags/example_task_group_decorator.py
[2023-07-27T12:30:57.414+0000] {logging_mixin.py:149} INFO - [2023-07-27T12:30:57.413+0000] {dag.py:2726} INFO - Sync 1 DAGs
[2023-07-27T12:30:57.503+0000] {logging_mixin.py:149} INFO - [2023-07-27T12:30:57.502+0000] {dag.py:3490} INFO - Setting next_dagrun for example_task_group_decorator to 2023-07-26T12:30:57.501994+00:00, run_after=2023-07-27T12:30:57.501994+00:00
[2023-07-27T12:30:57.553+0000] {processor.py:179} INFO - Processing /home/airflow/.local/lib/python3.7/site-packages/airflow/example_dags/example_task_group_decorator.py took 0.288 seconds
[2023-07-27T12:31:28.357+0000] {processor.py:157} INFO - Started process (PID=1397) to work on /home/airflow/.local/lib/python3.7/site-packages/airflow/example_dags/example_task_group_decorator.py
[2023-07-27T12:31:28.369+0000] {processor.py:826} INFO - Processing file /home/airflow/.local/lib/python3.7/site-packages/airflow/example_dags/example_task_group_decorator.py for tasks to queue
[2023-07-27T12:31:28.378+0000] {logging_mixin.py:149} INFO - [2023-07-27T12:31:28.376+0000] {dagbag.py:541} INFO - Filling up the DagBag from /home/airflow/.local/lib/python3.7/site-packages/airflow/example_dags/example_task_group_decorator.py
[2023-07-27T12:31:28.539+0000] {processor.py:836} INFO - DAG(s) dict_keys(['example_task_group_decorator']) retrieved from /home/airflow/.local/lib/python3.7/site-packages/airflow/example_dags/example_task_group_decorator.py
[2023-07-27T12:31:28.653+0000] {logging_mixin.py:149} INFO - [2023-07-27T12:31:28.648+0000] {dag.py:2726} INFO - Sync 1 DAGs
[2023-07-27T12:31:28.774+0000] {logging_mixin.py:149} INFO - [2023-07-27T12:31:28.774+0000] {dag.py:3490} INFO - Setting next_dagrun for example_task_group_decorator to 2023-07-26T12:31:28.773660+00:00, run_after=2023-07-27T12:31:28.773660+00:00
[2023-07-27T12:31:28.830+0000] {processor.py:179} INFO - Processing /home/airflow/.local/lib/python3.7/site-packages/airflow/example_dags/example_task_group_decorator.py took 0.483 seconds
[2023-07-27T12:32:00.756+0000] {processor.py:157} INFO - Started process (PID=1455) to work on /home/airflow/.local/lib/python3.7/site-packages/airflow/example_dags/example_task_group_decorator.py
[2023-07-27T12:32:00.778+0000] {processor.py:826} INFO - Processing file /home/airflow/.local/lib/python3.7/site-packages/airflow/example_dags/example_task_group_decorator.py for tasks to queue
[2023-07-27T12:32:00.792+0000] {logging_mixin.py:149} INFO - [2023-07-27T12:32:00.791+0000] {dagbag.py:541} INFO - Filling up the DagBag from /home/airflow/.local/lib/python3.7/site-packages/airflow/example_dags/example_task_group_decorator.py
[2023-07-27T12:32:00.893+0000] {processor.py:836} INFO - DAG(s) dict_keys(['example_task_group_decorator']) retrieved from /home/airflow/.local/lib/python3.7/site-packages/airflow/example_dags/example_task_group_decorator.py
[2023-07-27T12:32:01.014+0000] {logging_mixin.py:149} INFO - [2023-07-27T12:32:01.014+0000] {dag.py:2726} INFO - Sync 1 DAGs
[2023-07-27T12:32:01.149+0000] {logging_mixin.py:149} INFO - [2023-07-27T12:32:01.149+0000] {dag.py:3490} INFO - Setting next_dagrun for example_task_group_decorator to 2023-07-26T12:32:01.149109+00:00, run_after=2023-07-27T12:32:01.149109+00:00
[2023-07-27T12:32:01.299+0000] {processor.py:179} INFO - Processing /home/airflow/.local/lib/python3.7/site-packages/airflow/example_dags/example_task_group_decorator.py took 0.585 seconds
[2023-07-27T12:32:31.526+0000] {processor.py:157} INFO - Started process (PID=1510) to work on /home/airflow/.local/lib/python3.7/site-packages/airflow/example_dags/example_task_group_decorator.py
[2023-07-27T12:32:31.531+0000] {processor.py:826} INFO - Processing file /home/airflow/.local/lib/python3.7/site-packages/airflow/example_dags/example_task_group_decorator.py for tasks to queue
[2023-07-27T12:32:31.534+0000] {logging_mixin.py:149} INFO - [2023-07-27T12:32:31.534+0000] {dagbag.py:541} INFO - Filling up the DagBag from /home/airflow/.local/lib/python3.7/site-packages/airflow/example_dags/example_task_group_decorator.py
[2023-07-27T12:32:31.594+0000] {processor.py:836} INFO - DAG(s) dict_keys(['example_task_group_decorator']) retrieved from /home/airflow/.local/lib/python3.7/site-packages/airflow/example_dags/example_task_group_decorator.py
[2023-07-27T12:32:31.842+0000] {logging_mixin.py:149} INFO - [2023-07-27T12:32:31.841+0000] {dag.py:2726} INFO - Sync 1 DAGs
[2023-07-27T12:32:32.010+0000] {logging_mixin.py:149} INFO - [2023-07-27T12:32:32.009+0000] {dag.py:3490} INFO - Setting next_dagrun for example_task_group_decorator to 2023-07-26T12:32:32.008715+00:00, run_after=2023-07-27T12:32:32.008715+00:00
[2023-07-27T12:32:32.091+0000] {processor.py:179} INFO - Processing /home/airflow/.local/lib/python3.7/site-packages/airflow/example_dags/example_task_group_decorator.py took 0.577 seconds
[2023-07-27T12:33:06.152+0000] {processor.py:157} INFO - Started process (PID=1568) to work on /home/airflow/.local/lib/python3.7/site-packages/airflow/example_dags/example_task_group_decorator.py
[2023-07-27T12:33:06.226+0000] {processor.py:826} INFO - Processing file /home/airflow/.local/lib/python3.7/site-packages/airflow/example_dags/example_task_group_decorator.py for tasks to queue
[2023-07-27T12:33:06.232+0000] {logging_mixin.py:149} INFO - [2023-07-27T12:33:06.232+0000] {dagbag.py:541} INFO - Filling up the DagBag from /home/airflow/.local/lib/python3.7/site-packages/airflow/example_dags/example_task_group_decorator.py
[2023-07-27T12:33:06.525+0000] {processor.py:836} INFO - DAG(s) dict_keys(['example_task_group_decorator']) retrieved from /home/airflow/.local/lib/python3.7/site-packages/airflow/example_dags/example_task_group_decorator.py
[2023-07-27T12:33:06.699+0000] {logging_mixin.py:149} INFO - [2023-07-27T12:33:06.699+0000] {dag.py:2726} INFO - Sync 1 DAGs
[2023-07-27T12:33:06.844+0000] {logging_mixin.py:149} INFO - [2023-07-27T12:33:06.844+0000] {dag.py:3490} INFO - Setting next_dagrun for example_task_group_decorator to 2023-07-26T12:33:06.843697+00:00, run_after=2023-07-27T12:33:06.843697+00:00
[2023-07-27T12:33:06.912+0000] {processor.py:179} INFO - Processing /home/airflow/.local/lib/python3.7/site-packages/airflow/example_dags/example_task_group_decorator.py took 0.788 seconds
[2023-07-27T12:33:37.275+0000] {processor.py:157} INFO - Started process (PID=1626) to work on /home/airflow/.local/lib/python3.7/site-packages/airflow/example_dags/example_task_group_decorator.py
[2023-07-27T12:33:37.287+0000] {processor.py:826} INFO - Processing file /home/airflow/.local/lib/python3.7/site-packages/airflow/example_dags/example_task_group_decorator.py for tasks to queue
[2023-07-27T12:33:37.301+0000] {logging_mixin.py:149} INFO - [2023-07-27T12:33:37.299+0000] {dagbag.py:541} INFO - Filling up the DagBag from /home/airflow/.local/lib/python3.7/site-packages/airflow/example_dags/example_task_group_decorator.py
[2023-07-27T12:33:37.421+0000] {processor.py:836} INFO - DAG(s) dict_keys(['example_task_group_decorator']) retrieved from /home/airflow/.local/lib/python3.7/site-packages/airflow/example_dags/example_task_group_decorator.py
[2023-07-27T12:33:37.543+0000] {logging_mixin.py:149} INFO - [2023-07-27T12:33:37.543+0000] {dag.py:2726} INFO - Sync 1 DAGs
[2023-07-27T12:33:37.755+0000] {logging_mixin.py:149} INFO - [2023-07-27T12:33:37.753+0000] {dag.py:3490} INFO - Setting next_dagrun for example_task_group_decorator to 2023-07-26T12:33:37.752811+00:00, run_after=2023-07-27T12:33:37.752811+00:00
[2023-07-27T12:33:37.841+0000] {processor.py:179} INFO - Processing /home/airflow/.local/lib/python3.7/site-packages/airflow/example_dags/example_task_group_decorator.py took 0.578 seconds
[2023-07-27T12:34:08.545+0000] {processor.py:157} INFO - Started process (PID=1683) to work on /home/airflow/.local/lib/python3.7/site-packages/airflow/example_dags/example_task_group_decorator.py
[2023-07-27T12:34:08.548+0000] {processor.py:826} INFO - Processing file /home/airflow/.local/lib/python3.7/site-packages/airflow/example_dags/example_task_group_decorator.py for tasks to queue
[2023-07-27T12:34:08.551+0000] {logging_mixin.py:149} INFO - [2023-07-27T12:34:08.551+0000] {dagbag.py:541} INFO - Filling up the DagBag from /home/airflow/.local/lib/python3.7/site-packages/airflow/example_dags/example_task_group_decorator.py
[2023-07-27T12:34:08.593+0000] {processor.py:836} INFO - DAG(s) dict_keys(['example_task_group_decorator']) retrieved from /home/airflow/.local/lib/python3.7/site-packages/airflow/example_dags/example_task_group_decorator.py
[2023-07-27T12:34:08.655+0000] {logging_mixin.py:149} INFO - [2023-07-27T12:34:08.653+0000] {dag.py:2726} INFO - Sync 1 DAGs
[2023-07-27T12:34:08.711+0000] {logging_mixin.py:149} INFO - [2023-07-27T12:34:08.711+0000] {dag.py:3490} INFO - Setting next_dagrun for example_task_group_decorator to 2023-07-26T12:34:08.711149+00:00, run_after=2023-07-27T12:34:08.711149+00:00
[2023-07-27T12:34:08.754+0000] {processor.py:179} INFO - Processing /home/airflow/.local/lib/python3.7/site-packages/airflow/example_dags/example_task_group_decorator.py took 0.216 seconds
[2023-07-27T12:34:38.817+0000] {processor.py:157} INFO - Started process (PID=1742) to work on /home/airflow/.local/lib/python3.7/site-packages/airflow/example_dags/example_task_group_decorator.py
[2023-07-27T12:34:38.822+0000] {processor.py:826} INFO - Processing file /home/airflow/.local/lib/python3.7/site-packages/airflow/example_dags/example_task_group_decorator.py for tasks to queue
[2023-07-27T12:34:38.835+0000] {logging_mixin.py:149} INFO - [2023-07-27T12:34:38.834+0000] {dagbag.py:541} INFO - Filling up the DagBag from /home/airflow/.local/lib/python3.7/site-packages/airflow/example_dags/example_task_group_decorator.py
[2023-07-27T12:34:38.916+0000] {processor.py:836} INFO - DAG(s) dict_keys(['example_task_group_decorator']) retrieved from /home/airflow/.local/lib/python3.7/site-packages/airflow/example_dags/example_task_group_decorator.py
[2023-07-27T12:34:39.001+0000] {logging_mixin.py:149} INFO - [2023-07-27T12:34:39.001+0000] {dag.py:2726} INFO - Sync 1 DAGs
[2023-07-27T12:34:39.063+0000] {logging_mixin.py:149} INFO - [2023-07-27T12:34:39.062+0000] {dag.py:3490} INFO - Setting next_dagrun for example_task_group_decorator to 2023-07-26T12:34:39.062523+00:00, run_after=2023-07-27T12:34:39.062523+00:00
[2023-07-27T12:34:39.105+0000] {processor.py:179} INFO - Processing /home/airflow/.local/lib/python3.7/site-packages/airflow/example_dags/example_task_group_decorator.py took 0.299 seconds
[2023-07-27T12:35:09.762+0000] {processor.py:157} INFO - Started process (PID=1800) to work on /home/airflow/.local/lib/python3.7/site-packages/airflow/example_dags/example_task_group_decorator.py
[2023-07-27T12:35:09.768+0000] {processor.py:826} INFO - Processing file /home/airflow/.local/lib/python3.7/site-packages/airflow/example_dags/example_task_group_decorator.py for tasks to queue
[2023-07-27T12:35:09.771+0000] {logging_mixin.py:149} INFO - [2023-07-27T12:35:09.771+0000] {dagbag.py:541} INFO - Filling up the DagBag from /home/airflow/.local/lib/python3.7/site-packages/airflow/example_dags/example_task_group_decorator.py
[2023-07-27T12:35:09.813+0000] {processor.py:836} INFO - DAG(s) dict_keys(['example_task_group_decorator']) retrieved from /home/airflow/.local/lib/python3.7/site-packages/airflow/example_dags/example_task_group_decorator.py
[2023-07-27T12:35:09.978+0000] {logging_mixin.py:149} INFO - [2023-07-27T12:35:09.973+0000] {dag.py:2726} INFO - Sync 1 DAGs
[2023-07-27T12:35:10.165+0000] {logging_mixin.py:149} INFO - [2023-07-27T12:35:10.165+0000] {dag.py:3490} INFO - Setting next_dagrun for example_task_group_decorator to 2023-07-26T12:35:10.164494+00:00, run_after=2023-07-27T12:35:10.164494+00:00
[2023-07-27T12:35:10.235+0000] {processor.py:179} INFO - Processing /home/airflow/.local/lib/python3.7/site-packages/airflow/example_dags/example_task_group_decorator.py took 0.470 seconds
[2023-07-27T12:35:41.228+0000] {processor.py:157} INFO - Started process (PID=1858) to work on /home/airflow/.local/lib/python3.7/site-packages/airflow/example_dags/example_task_group_decorator.py
[2023-07-27T12:35:41.240+0000] {processor.py:826} INFO - Processing file /home/airflow/.local/lib/python3.7/site-packages/airflow/example_dags/example_task_group_decorator.py for tasks to queue
[2023-07-27T12:35:41.246+0000] {logging_mixin.py:149} INFO - [2023-07-27T12:35:41.245+0000] {dagbag.py:541} INFO - Filling up the DagBag from /home/airflow/.local/lib/python3.7/site-packages/airflow/example_dags/example_task_group_decorator.py
[2023-07-27T12:35:41.288+0000] {processor.py:836} INFO - DAG(s) dict_keys(['example_task_group_decorator']) retrieved from /home/airflow/.local/lib/python3.7/site-packages/airflow/example_dags/example_task_group_decorator.py
[2023-07-27T12:35:41.349+0000] {logging_mixin.py:149} INFO - [2023-07-27T12:35:41.349+0000] {dag.py:2726} INFO - Sync 1 DAGs
[2023-07-27T12:35:41.403+0000] {logging_mixin.py:149} INFO - [2023-07-27T12:35:41.402+0000] {dag.py:3490} INFO - Setting next_dagrun for example_task_group_decorator to 2023-07-26T12:35:41.402470+00:00, run_after=2023-07-27T12:35:41.402470+00:00
[2023-07-27T12:35:41.444+0000] {processor.py:179} INFO - Processing /home/airflow/.local/lib/python3.7/site-packages/airflow/example_dags/example_task_group_decorator.py took 0.225 seconds
[2023-07-27T12:36:12.038+0000] {processor.py:157} INFO - Started process (PID=1916) to work on /home/airflow/.local/lib/python3.7/site-packages/airflow/example_dags/example_task_group_decorator.py
[2023-07-27T12:36:12.044+0000] {processor.py:826} INFO - Processing file /home/airflow/.local/lib/python3.7/site-packages/airflow/example_dags/example_task_group_decorator.py for tasks to queue
[2023-07-27T12:36:12.052+0000] {logging_mixin.py:149} INFO - [2023-07-27T12:36:12.051+0000] {dagbag.py:541} INFO - Filling up the DagBag from /home/airflow/.local/lib/python3.7/site-packages/airflow/example_dags/example_task_group_decorator.py
[2023-07-27T12:36:12.091+0000] {processor.py:836} INFO - DAG(s) dict_keys(['example_task_group_decorator']) retrieved from /home/airflow/.local/lib/python3.7/site-packages/airflow/example_dags/example_task_group_decorator.py
[2023-07-27T12:36:12.157+0000] {logging_mixin.py:149} INFO - [2023-07-27T12:36:12.157+0000] {dag.py:2726} INFO - Sync 1 DAGs
[2023-07-27T12:36:12.223+0000] {logging_mixin.py:149} INFO - [2023-07-27T12:36:12.223+0000] {dag.py:3490} INFO - Setting next_dagrun for example_task_group_decorator to 2023-07-26T12:36:12.223260+00:00, run_after=2023-07-27T12:36:12.223260+00:00
[2023-07-27T12:36:12.279+0000] {processor.py:179} INFO - Processing /home/airflow/.local/lib/python3.7/site-packages/airflow/example_dags/example_task_group_decorator.py took 0.254 seconds
[2023-07-27T12:36:42.484+0000] {processor.py:157} INFO - Started process (PID=1973) to work on /home/airflow/.local/lib/python3.7/site-packages/airflow/example_dags/example_task_group_decorator.py
[2023-07-27T12:36:42.496+0000] {processor.py:826} INFO - Processing file /home/airflow/.local/lib/python3.7/site-packages/airflow/example_dags/example_task_group_decorator.py for tasks to queue
[2023-07-27T12:36:42.500+0000] {logging_mixin.py:149} INFO - [2023-07-27T12:36:42.499+0000] {dagbag.py:541} INFO - Filling up the DagBag from /home/airflow/.local/lib/python3.7/site-packages/airflow/example_dags/example_task_group_decorator.py
[2023-07-27T12:36:42.572+0000] {processor.py:836} INFO - DAG(s) dict_keys(['example_task_group_decorator']) retrieved from /home/airflow/.local/lib/python3.7/site-packages/airflow/example_dags/example_task_group_decorator.py
[2023-07-27T12:36:42.704+0000] {logging_mixin.py:149} INFO - [2023-07-27T12:36:42.704+0000] {dag.py:2726} INFO - Sync 1 DAGs
[2023-07-27T12:36:42.845+0000] {logging_mixin.py:149} INFO - [2023-07-27T12:36:42.845+0000] {dag.py:3490} INFO - Setting next_dagrun for example_task_group_decorator to 2023-07-26T12:36:42.844343+00:00, run_after=2023-07-27T12:36:42.844343+00:00
[2023-07-27T12:36:42.990+0000] {processor.py:179} INFO - Processing /home/airflow/.local/lib/python3.7/site-packages/airflow/example_dags/example_task_group_decorator.py took 0.522 seconds
[2023-07-27T12:37:13.743+0000] {processor.py:157} INFO - Started process (PID=2030) to work on /home/airflow/.local/lib/python3.7/site-packages/airflow/example_dags/example_task_group_decorator.py
[2023-07-27T12:37:13.747+0000] {processor.py:826} INFO - Processing file /home/airflow/.local/lib/python3.7/site-packages/airflow/example_dags/example_task_group_decorator.py for tasks to queue
[2023-07-27T12:37:13.750+0000] {logging_mixin.py:149} INFO - [2023-07-27T12:37:13.750+0000] {dagbag.py:541} INFO - Filling up the DagBag from /home/airflow/.local/lib/python3.7/site-packages/airflow/example_dags/example_task_group_decorator.py
[2023-07-27T12:37:13.852+0000] {processor.py:836} INFO - DAG(s) dict_keys(['example_task_group_decorator']) retrieved from /home/airflow/.local/lib/python3.7/site-packages/airflow/example_dags/example_task_group_decorator.py
[2023-07-27T12:37:13.976+0000] {logging_mixin.py:149} INFO - [2023-07-27T12:37:13.976+0000] {dag.py:2726} INFO - Sync 1 DAGs
[2023-07-27T12:37:14.063+0000] {logging_mixin.py:149} INFO - [2023-07-27T12:37:14.063+0000] {dag.py:3490} INFO - Setting next_dagrun for example_task_group_decorator to 2023-07-26T12:37:14.063254+00:00, run_after=2023-07-27T12:37:14.063254+00:00
[2023-07-27T12:37:14.117+0000] {processor.py:179} INFO - Processing /home/airflow/.local/lib/python3.7/site-packages/airflow/example_dags/example_task_group_decorator.py took 0.391 seconds
[2023-07-27T12:37:44.774+0000] {processor.py:157} INFO - Started process (PID=2088) to work on /home/airflow/.local/lib/python3.7/site-packages/airflow/example_dags/example_task_group_decorator.py
[2023-07-27T12:37:44.780+0000] {processor.py:826} INFO - Processing file /home/airflow/.local/lib/python3.7/site-packages/airflow/example_dags/example_task_group_decorator.py for tasks to queue
[2023-07-27T12:37:44.787+0000] {logging_mixin.py:149} INFO - [2023-07-27T12:37:44.785+0000] {dagbag.py:541} INFO - Filling up the DagBag from /home/airflow/.local/lib/python3.7/site-packages/airflow/example_dags/example_task_group_decorator.py
[2023-07-27T12:37:44.815+0000] {processor.py:836} INFO - DAG(s) dict_keys(['example_task_group_decorator']) retrieved from /home/airflow/.local/lib/python3.7/site-packages/airflow/example_dags/example_task_group_decorator.py
[2023-07-27T12:37:44.880+0000] {logging_mixin.py:149} INFO - [2023-07-27T12:37:44.880+0000] {dag.py:2726} INFO - Sync 1 DAGs
[2023-07-27T12:37:44.954+0000] {logging_mixin.py:149} INFO - [2023-07-27T12:37:44.954+0000] {dag.py:3490} INFO - Setting next_dagrun for example_task_group_decorator to 2023-07-26T12:37:44.953751+00:00, run_after=2023-07-27T12:37:44.953751+00:00
[2023-07-27T12:37:45.000+0000] {processor.py:179} INFO - Processing /home/airflow/.local/lib/python3.7/site-packages/airflow/example_dags/example_task_group_decorator.py took 0.240 seconds
[2023-07-27T12:38:16.027+0000] {processor.py:157} INFO - Started process (PID=2153) to work on /home/airflow/.local/lib/python3.7/site-packages/airflow/example_dags/example_task_group_decorator.py
[2023-07-27T12:38:16.034+0000] {processor.py:826} INFO - Processing file /home/airflow/.local/lib/python3.7/site-packages/airflow/example_dags/example_task_group_decorator.py for tasks to queue
[2023-07-27T12:38:16.042+0000] {logging_mixin.py:149} INFO - [2023-07-27T12:38:16.042+0000] {dagbag.py:541} INFO - Filling up the DagBag from /home/airflow/.local/lib/python3.7/site-packages/airflow/example_dags/example_task_group_decorator.py
[2023-07-27T12:38:16.118+0000] {processor.py:836} INFO - DAG(s) dict_keys(['example_task_group_decorator']) retrieved from /home/airflow/.local/lib/python3.7/site-packages/airflow/example_dags/example_task_group_decorator.py
[2023-07-27T12:38:16.261+0000] {logging_mixin.py:149} INFO - [2023-07-27T12:38:16.261+0000] {dag.py:2726} INFO - Sync 1 DAGs
[2023-07-27T12:38:16.357+0000] {logging_mixin.py:149} INFO - [2023-07-27T12:38:16.357+0000] {dag.py:3490} INFO - Setting next_dagrun for example_task_group_decorator to 2023-07-26T12:38:16.356728+00:00, run_after=2023-07-27T12:38:16.356728+00:00
[2023-07-27T12:38:16.438+0000] {processor.py:179} INFO - Processing /home/airflow/.local/lib/python3.7/site-packages/airflow/example_dags/example_task_group_decorator.py took 0.417 seconds
[2023-07-27T12:38:46.630+0000] {processor.py:157} INFO - Started process (PID=2212) to work on /home/airflow/.local/lib/python3.7/site-packages/airflow/example_dags/example_task_group_decorator.py
[2023-07-27T12:38:46.636+0000] {processor.py:826} INFO - Processing file /home/airflow/.local/lib/python3.7/site-packages/airflow/example_dags/example_task_group_decorator.py for tasks to queue
[2023-07-27T12:38:46.640+0000] {logging_mixin.py:149} INFO - [2023-07-27T12:38:46.639+0000] {dagbag.py:541} INFO - Filling up the DagBag from /home/airflow/.local/lib/python3.7/site-packages/airflow/example_dags/example_task_group_decorator.py
[2023-07-27T12:38:46.696+0000] {processor.py:836} INFO - DAG(s) dict_keys(['example_task_group_decorator']) retrieved from /home/airflow/.local/lib/python3.7/site-packages/airflow/example_dags/example_task_group_decorator.py
[2023-07-27T12:38:46.813+0000] {logging_mixin.py:149} INFO - [2023-07-27T12:38:46.812+0000] {dag.py:2726} INFO - Sync 1 DAGs
[2023-07-27T12:38:47.036+0000] {logging_mixin.py:149} INFO - [2023-07-27T12:38:47.035+0000] {dag.py:3490} INFO - Setting next_dagrun for example_task_group_decorator to 2023-07-26T12:38:47.035183+00:00, run_after=2023-07-27T12:38:47.035183+00:00
[2023-07-27T12:38:47.122+0000] {processor.py:179} INFO - Processing /home/airflow/.local/lib/python3.7/site-packages/airflow/example_dags/example_task_group_decorator.py took 0.507 seconds
[2023-07-27T12:39:18.608+0000] {processor.py:157} INFO - Started process (PID=2269) to work on /home/airflow/.local/lib/python3.7/site-packages/airflow/example_dags/example_task_group_decorator.py
[2023-07-27T12:39:18.612+0000] {processor.py:826} INFO - Processing file /home/airflow/.local/lib/python3.7/site-packages/airflow/example_dags/example_task_group_decorator.py for tasks to queue
[2023-07-27T12:39:18.615+0000] {logging_mixin.py:149} INFO - [2023-07-27T12:39:18.615+0000] {dagbag.py:541} INFO - Filling up the DagBag from /home/airflow/.local/lib/python3.7/site-packages/airflow/example_dags/example_task_group_decorator.py
[2023-07-27T12:39:18.693+0000] {processor.py:836} INFO - DAG(s) dict_keys(['example_task_group_decorator']) retrieved from /home/airflow/.local/lib/python3.7/site-packages/airflow/example_dags/example_task_group_decorator.py
[2023-07-27T12:39:18.898+0000] {logging_mixin.py:149} INFO - [2023-07-27T12:39:18.897+0000] {dag.py:2726} INFO - Sync 1 DAGs
[2023-07-27T12:39:18.994+0000] {logging_mixin.py:149} INFO - [2023-07-27T12:39:18.994+0000] {dag.py:3490} INFO - Setting next_dagrun for example_task_group_decorator to 2023-07-26T12:39:18.993721+00:00, run_after=2023-07-27T12:39:18.993721+00:00
[2023-07-27T12:39:19.261+0000] {processor.py:179} INFO - Processing /home/airflow/.local/lib/python3.7/site-packages/airflow/example_dags/example_task_group_decorator.py took 0.663 seconds
