[2023-07-27T12:26:06.565+0000] {processor.py:157} INFO - Started process (PID=833) to work on /home/airflow/.local/lib/python3.7/site-packages/airflow/example_dags/example_nested_branch_dag.py
[2023-07-27T12:26:06.578+0000] {processor.py:826} INFO - Processing file /home/airflow/.local/lib/python3.7/site-packages/airflow/example_dags/example_nested_branch_dag.py for tasks to queue
[2023-07-27T12:26:06.582+0000] {logging_mixin.py:149} INFO - [2023-07-27T12:26:06.581+0000] {dagbag.py:541} INFO - Filling up the DagBag from /home/airflow/.local/lib/python3.7/site-packages/airflow/example_dags/example_nested_branch_dag.py
[2023-07-27T12:26:06.680+0000] {processor.py:836} INFO - DAG(s) dict_keys(['example_nested_branch_dag']) retrieved from /home/airflow/.local/lib/python3.7/site-packages/airflow/example_dags/example_nested_branch_dag.py
[2023-07-27T12:26:06.835+0000] {logging_mixin.py:149} INFO - [2023-07-27T12:26:06.834+0000] {dag.py:2726} INFO - Sync 1 DAGs
[2023-07-27T12:26:07.024+0000] {logging_mixin.py:149} INFO - [2023-07-27T12:26:07.024+0000] {dag.py:3490} INFO - Setting next_dagrun for example_nested_branch_dag to 2023-07-26T00:00:00+00:00, run_after=2023-07-27T00:00:00+00:00
[2023-07-27T12:26:07.220+0000] {processor.py:179} INFO - Processing /home/airflow/.local/lib/python3.7/site-packages/airflow/example_dags/example_nested_branch_dag.py took 0.686 seconds
[2023-07-27T12:26:45.202+0000] {processor.py:157} INFO - Started process (PID=898) to work on /home/airflow/.local/lib/python3.7/site-packages/airflow/example_dags/example_nested_branch_dag.py
[2023-07-27T12:26:45.218+0000] {processor.py:826} INFO - Processing file /home/airflow/.local/lib/python3.7/site-packages/airflow/example_dags/example_nested_branch_dag.py for tasks to queue
[2023-07-27T12:26:45.222+0000] {logging_mixin.py:149} INFO - [2023-07-27T12:26:45.221+0000] {dagbag.py:541} INFO - Filling up the DagBag from /home/airflow/.local/lib/python3.7/site-packages/airflow/example_dags/example_nested_branch_dag.py
[2023-07-27T12:26:45.337+0000] {processor.py:836} INFO - DAG(s) dict_keys(['example_nested_branch_dag']) retrieved from /home/airflow/.local/lib/python3.7/site-packages/airflow/example_dags/example_nested_branch_dag.py
[2023-07-27T12:26:45.585+0000] {logging_mixin.py:149} INFO - [2023-07-27T12:26:45.585+0000] {dag.py:2726} INFO - Sync 1 DAGs
[2023-07-27T12:26:45.816+0000] {logging_mixin.py:149} INFO - [2023-07-27T12:26:45.808+0000] {dag.py:3490} INFO - Setting next_dagrun for example_nested_branch_dag to 2023-07-26T00:00:00+00:00, run_after=2023-07-27T00:00:00+00:00
[2023-07-27T12:26:45.916+0000] {processor.py:179} INFO - Processing /home/airflow/.local/lib/python3.7/site-packages/airflow/example_dags/example_nested_branch_dag.py took 0.730 seconds
[2023-07-27T12:27:23.197+0000] {processor.py:157} INFO - Started process (PID=956) to work on /home/airflow/.local/lib/python3.7/site-packages/airflow/example_dags/example_nested_branch_dag.py
[2023-07-27T12:27:23.213+0000] {processor.py:826} INFO - Processing file /home/airflow/.local/lib/python3.7/site-packages/airflow/example_dags/example_nested_branch_dag.py for tasks to queue
[2023-07-27T12:27:23.240+0000] {logging_mixin.py:149} INFO - [2023-07-27T12:27:23.238+0000] {dagbag.py:541} INFO - Filling up the DagBag from /home/airflow/.local/lib/python3.7/site-packages/airflow/example_dags/example_nested_branch_dag.py
[2023-07-27T12:27:23.373+0000] {processor.py:836} INFO - DAG(s) dict_keys(['example_nested_branch_dag']) retrieved from /home/airflow/.local/lib/python3.7/site-packages/airflow/example_dags/example_nested_branch_dag.py
[2023-07-27T12:27:23.608+0000] {logging_mixin.py:149} INFO - [2023-07-27T12:27:23.605+0000] {dag.py:2726} INFO - Sync 1 DAGs
[2023-07-27T12:27:24.739+0000] {logging_mixin.py:149} INFO - [2023-07-27T12:27:24.738+0000] {dag.py:3490} INFO - Setting next_dagrun for example_nested_branch_dag to 2023-07-26T00:00:00+00:00, run_after=2023-07-27T00:00:00+00:00
[2023-07-27T12:27:24.983+0000] {processor.py:179} INFO - Processing /home/airflow/.local/lib/python3.7/site-packages/airflow/example_dags/example_nested_branch_dag.py took 1.831 seconds
[2023-07-27T12:27:55.281+0000] {processor.py:157} INFO - Started process (PID=1011) to work on /home/airflow/.local/lib/python3.7/site-packages/airflow/example_dags/example_nested_branch_dag.py
[2023-07-27T12:27:55.299+0000] {processor.py:826} INFO - Processing file /home/airflow/.local/lib/python3.7/site-packages/airflow/example_dags/example_nested_branch_dag.py for tasks to queue
[2023-07-27T12:27:55.311+0000] {logging_mixin.py:149} INFO - [2023-07-27T12:27:55.310+0000] {dagbag.py:541} INFO - Filling up the DagBag from /home/airflow/.local/lib/python3.7/site-packages/airflow/example_dags/example_nested_branch_dag.py
[2023-07-27T12:27:55.392+0000] {processor.py:836} INFO - DAG(s) dict_keys(['example_nested_branch_dag']) retrieved from /home/airflow/.local/lib/python3.7/site-packages/airflow/example_dags/example_nested_branch_dag.py
[2023-07-27T12:27:55.525+0000] {logging_mixin.py:149} INFO - [2023-07-27T12:27:55.524+0000] {dag.py:2726} INFO - Sync 1 DAGs
[2023-07-27T12:27:55.632+0000] {logging_mixin.py:149} INFO - [2023-07-27T12:27:55.631+0000] {dag.py:3490} INFO - Setting next_dagrun for example_nested_branch_dag to 2023-07-26T00:00:00+00:00, run_after=2023-07-27T00:00:00+00:00
[2023-07-27T12:27:55.697+0000] {processor.py:179} INFO - Processing /home/airflow/.local/lib/python3.7/site-packages/airflow/example_dags/example_nested_branch_dag.py took 0.462 seconds
[2023-07-27T12:28:25.915+0000] {processor.py:157} INFO - Started process (PID=1068) to work on /home/airflow/.local/lib/python3.7/site-packages/airflow/example_dags/example_nested_branch_dag.py
[2023-07-27T12:28:25.921+0000] {processor.py:826} INFO - Processing file /home/airflow/.local/lib/python3.7/site-packages/airflow/example_dags/example_nested_branch_dag.py for tasks to queue
[2023-07-27T12:28:25.926+0000] {logging_mixin.py:149} INFO - [2023-07-27T12:28:25.925+0000] {dagbag.py:541} INFO - Filling up the DagBag from /home/airflow/.local/lib/python3.7/site-packages/airflow/example_dags/example_nested_branch_dag.py
[2023-07-27T12:28:25.951+0000] {processor.py:836} INFO - DAG(s) dict_keys(['example_nested_branch_dag']) retrieved from /home/airflow/.local/lib/python3.7/site-packages/airflow/example_dags/example_nested_branch_dag.py
[2023-07-27T12:28:26.020+0000] {logging_mixin.py:149} INFO - [2023-07-27T12:28:26.019+0000] {dag.py:2726} INFO - Sync 1 DAGs
[2023-07-27T12:28:26.089+0000] {logging_mixin.py:149} INFO - [2023-07-27T12:28:26.088+0000] {dag.py:3490} INFO - Setting next_dagrun for example_nested_branch_dag to 2023-07-26T00:00:00+00:00, run_after=2023-07-27T00:00:00+00:00
[2023-07-27T12:28:26.136+0000] {processor.py:179} INFO - Processing /home/airflow/.local/lib/python3.7/site-packages/airflow/example_dags/example_nested_branch_dag.py took 0.229 seconds
[2023-07-27T12:28:56.959+0000] {processor.py:157} INFO - Started process (PID=1126) to work on /home/airflow/.local/lib/python3.7/site-packages/airflow/example_dags/example_nested_branch_dag.py
[2023-07-27T12:28:56.968+0000] {processor.py:826} INFO - Processing file /home/airflow/.local/lib/python3.7/site-packages/airflow/example_dags/example_nested_branch_dag.py for tasks to queue
[2023-07-27T12:28:56.986+0000] {logging_mixin.py:149} INFO - [2023-07-27T12:28:56.983+0000] {dagbag.py:541} INFO - Filling up the DagBag from /home/airflow/.local/lib/python3.7/site-packages/airflow/example_dags/example_nested_branch_dag.py
[2023-07-27T12:28:57.087+0000] {processor.py:836} INFO - DAG(s) dict_keys(['example_nested_branch_dag']) retrieved from /home/airflow/.local/lib/python3.7/site-packages/airflow/example_dags/example_nested_branch_dag.py
[2023-07-27T12:28:57.184+0000] {logging_mixin.py:149} INFO - [2023-07-27T12:28:57.183+0000] {dag.py:2726} INFO - Sync 1 DAGs
[2023-07-27T12:28:57.296+0000] {logging_mixin.py:149} INFO - [2023-07-27T12:28:57.296+0000] {dag.py:3490} INFO - Setting next_dagrun for example_nested_branch_dag to 2023-07-26T00:00:00+00:00, run_after=2023-07-27T00:00:00+00:00
[2023-07-27T12:28:57.373+0000] {processor.py:179} INFO - Processing /home/airflow/.local/lib/python3.7/site-packages/airflow/example_dags/example_nested_branch_dag.py took 0.434 seconds
[2023-07-27T12:29:27.999+0000] {processor.py:157} INFO - Started process (PID=1184) to work on /home/airflow/.local/lib/python3.7/site-packages/airflow/example_dags/example_nested_branch_dag.py
[2023-07-27T12:29:28.003+0000] {processor.py:826} INFO - Processing file /home/airflow/.local/lib/python3.7/site-packages/airflow/example_dags/example_nested_branch_dag.py for tasks to queue
[2023-07-27T12:29:28.006+0000] {logging_mixin.py:149} INFO - [2023-07-27T12:29:28.005+0000] {dagbag.py:541} INFO - Filling up the DagBag from /home/airflow/.local/lib/python3.7/site-packages/airflow/example_dags/example_nested_branch_dag.py
[2023-07-27T12:29:28.032+0000] {processor.py:836} INFO - DAG(s) dict_keys(['example_nested_branch_dag']) retrieved from /home/airflow/.local/lib/python3.7/site-packages/airflow/example_dags/example_nested_branch_dag.py
[2023-07-27T12:29:28.080+0000] {logging_mixin.py:149} INFO - [2023-07-27T12:29:28.079+0000] {dag.py:2726} INFO - Sync 1 DAGs
[2023-07-27T12:29:28.148+0000] {logging_mixin.py:149} INFO - [2023-07-27T12:29:28.148+0000] {dag.py:3490} INFO - Setting next_dagrun for example_nested_branch_dag to 2023-07-26T00:00:00+00:00, run_after=2023-07-27T00:00:00+00:00
[2023-07-27T12:29:28.198+0000] {processor.py:179} INFO - Processing /home/airflow/.local/lib/python3.7/site-packages/airflow/example_dags/example_nested_branch_dag.py took 0.205 seconds
[2023-07-27T12:29:58.387+0000] {processor.py:157} INFO - Started process (PID=1242) to work on /home/airflow/.local/lib/python3.7/site-packages/airflow/example_dags/example_nested_branch_dag.py
[2023-07-27T12:29:58.394+0000] {processor.py:826} INFO - Processing file /home/airflow/.local/lib/python3.7/site-packages/airflow/example_dags/example_nested_branch_dag.py for tasks to queue
[2023-07-27T12:29:58.401+0000] {logging_mixin.py:149} INFO - [2023-07-27T12:29:58.400+0000] {dagbag.py:541} INFO - Filling up the DagBag from /home/airflow/.local/lib/python3.7/site-packages/airflow/example_dags/example_nested_branch_dag.py
[2023-07-27T12:29:58.637+0000] {processor.py:836} INFO - DAG(s) dict_keys(['example_nested_branch_dag']) retrieved from /home/airflow/.local/lib/python3.7/site-packages/airflow/example_dags/example_nested_branch_dag.py
[2023-07-27T12:29:58.949+0000] {logging_mixin.py:149} INFO - [2023-07-27T12:29:58.948+0000] {dag.py:2726} INFO - Sync 1 DAGs
[2023-07-27T12:29:59.157+0000] {logging_mixin.py:149} INFO - [2023-07-27T12:29:59.157+0000] {dag.py:3490} INFO - Setting next_dagrun for example_nested_branch_dag to 2023-07-26T00:00:00+00:00, run_after=2023-07-27T00:00:00+00:00
[2023-07-27T12:29:59.209+0000] {processor.py:179} INFO - Processing /home/airflow/.local/lib/python3.7/site-packages/airflow/example_dags/example_nested_branch_dag.py took 0.837 seconds
[2023-07-27T12:30:32.104+0000] {processor.py:157} INFO - Started process (PID=1300) to work on /home/airflow/.local/lib/python3.7/site-packages/airflow/example_dags/example_nested_branch_dag.py
[2023-07-27T12:30:32.120+0000] {processor.py:826} INFO - Processing file /home/airflow/.local/lib/python3.7/site-packages/airflow/example_dags/example_nested_branch_dag.py for tasks to queue
[2023-07-27T12:30:32.513+0000] {logging_mixin.py:149} INFO - [2023-07-27T12:30:32.171+0000] {dagbag.py:541} INFO - Filling up the DagBag from /home/airflow/.local/lib/python3.7/site-packages/airflow/example_dags/example_nested_branch_dag.py
[2023-07-27T12:30:32.578+0000] {processor.py:836} INFO - DAG(s) dict_keys(['example_nested_branch_dag']) retrieved from /home/airflow/.local/lib/python3.7/site-packages/airflow/example_dags/example_nested_branch_dag.py
[2023-07-27T12:30:32.761+0000] {logging_mixin.py:149} INFO - [2023-07-27T12:30:32.761+0000] {dag.py:2726} INFO - Sync 1 DAGs
[2023-07-27T12:30:32.936+0000] {logging_mixin.py:149} INFO - [2023-07-27T12:30:32.935+0000] {dag.py:3490} INFO - Setting next_dagrun for example_nested_branch_dag to 2023-07-26T00:00:00+00:00, run_after=2023-07-27T00:00:00+00:00
[2023-07-27T12:30:33.097+0000] {processor.py:179} INFO - Processing /home/airflow/.local/lib/python3.7/site-packages/airflow/example_dags/example_nested_branch_dag.py took 1.073 seconds
[2023-07-27T12:31:03.472+0000] {processor.py:157} INFO - Started process (PID=1354) to work on /home/airflow/.local/lib/python3.7/site-packages/airflow/example_dags/example_nested_branch_dag.py
[2023-07-27T12:31:03.476+0000] {processor.py:826} INFO - Processing file /home/airflow/.local/lib/python3.7/site-packages/airflow/example_dags/example_nested_branch_dag.py for tasks to queue
[2023-07-27T12:31:03.480+0000] {logging_mixin.py:149} INFO - [2023-07-27T12:31:03.479+0000] {dagbag.py:541} INFO - Filling up the DagBag from /home/airflow/.local/lib/python3.7/site-packages/airflow/example_dags/example_nested_branch_dag.py
[2023-07-27T12:31:03.502+0000] {processor.py:836} INFO - DAG(s) dict_keys(['example_nested_branch_dag']) retrieved from /home/airflow/.local/lib/python3.7/site-packages/airflow/example_dags/example_nested_branch_dag.py
[2023-07-27T12:31:03.557+0000] {logging_mixin.py:149} INFO - [2023-07-27T12:31:03.556+0000] {dag.py:2726} INFO - Sync 1 DAGs
[2023-07-27T12:31:03.610+0000] {logging_mixin.py:149} INFO - [2023-07-27T12:31:03.610+0000] {dag.py:3490} INFO - Setting next_dagrun for example_nested_branch_dag to 2023-07-26T00:00:00+00:00, run_after=2023-07-27T00:00:00+00:00
[2023-07-27T12:31:03.674+0000] {processor.py:179} INFO - Processing /home/airflow/.local/lib/python3.7/site-packages/airflow/example_dags/example_nested_branch_dag.py took 0.208 seconds
[2023-07-27T12:31:33.939+0000] {processor.py:157} INFO - Started process (PID=1412) to work on /home/airflow/.local/lib/python3.7/site-packages/airflow/example_dags/example_nested_branch_dag.py
[2023-07-27T12:31:33.942+0000] {processor.py:826} INFO - Processing file /home/airflow/.local/lib/python3.7/site-packages/airflow/example_dags/example_nested_branch_dag.py for tasks to queue
[2023-07-27T12:31:33.946+0000] {logging_mixin.py:149} INFO - [2023-07-27T12:31:33.946+0000] {dagbag.py:541} INFO - Filling up the DagBag from /home/airflow/.local/lib/python3.7/site-packages/airflow/example_dags/example_nested_branch_dag.py
[2023-07-27T12:31:33.976+0000] {processor.py:836} INFO - DAG(s) dict_keys(['example_nested_branch_dag']) retrieved from /home/airflow/.local/lib/python3.7/site-packages/airflow/example_dags/example_nested_branch_dag.py
[2023-07-27T12:31:34.033+0000] {logging_mixin.py:149} INFO - [2023-07-27T12:31:34.033+0000] {dag.py:2726} INFO - Sync 1 DAGs
[2023-07-27T12:31:34.094+0000] {logging_mixin.py:149} INFO - [2023-07-27T12:31:34.094+0000] {dag.py:3490} INFO - Setting next_dagrun for example_nested_branch_dag to 2023-07-26T00:00:00+00:00, run_after=2023-07-27T00:00:00+00:00
[2023-07-27T12:31:34.160+0000] {processor.py:179} INFO - Processing /home/airflow/.local/lib/python3.7/site-packages/airflow/example_dags/example_nested_branch_dag.py took 0.229 seconds
[2023-07-27T12:32:04.850+0000] {processor.py:157} INFO - Started process (PID=1470) to work on /home/airflow/.local/lib/python3.7/site-packages/airflow/example_dags/example_nested_branch_dag.py
[2023-07-27T12:32:04.854+0000] {processor.py:826} INFO - Processing file /home/airflow/.local/lib/python3.7/site-packages/airflow/example_dags/example_nested_branch_dag.py for tasks to queue
[2023-07-27T12:32:04.857+0000] {logging_mixin.py:149} INFO - [2023-07-27T12:32:04.857+0000] {dagbag.py:541} INFO - Filling up the DagBag from /home/airflow/.local/lib/python3.7/site-packages/airflow/example_dags/example_nested_branch_dag.py
[2023-07-27T12:32:04.882+0000] {processor.py:836} INFO - DAG(s) dict_keys(['example_nested_branch_dag']) retrieved from /home/airflow/.local/lib/python3.7/site-packages/airflow/example_dags/example_nested_branch_dag.py
[2023-07-27T12:32:04.985+0000] {logging_mixin.py:149} INFO - [2023-07-27T12:32:04.985+0000] {dag.py:2726} INFO - Sync 1 DAGs
[2023-07-27T12:32:05.057+0000] {logging_mixin.py:149} INFO - [2023-07-27T12:32:05.057+0000] {dag.py:3490} INFO - Setting next_dagrun for example_nested_branch_dag to 2023-07-26T00:00:00+00:00, run_after=2023-07-27T00:00:00+00:00
[2023-07-27T12:32:05.130+0000] {processor.py:179} INFO - Processing /home/airflow/.local/lib/python3.7/site-packages/airflow/example_dags/example_nested_branch_dag.py took 0.290 seconds
[2023-07-27T12:32:36.594+0000] {processor.py:157} INFO - Started process (PID=1523) to work on /home/airflow/.local/lib/python3.7/site-packages/airflow/example_dags/example_nested_branch_dag.py
[2023-07-27T12:32:36.598+0000] {processor.py:826} INFO - Processing file /home/airflow/.local/lib/python3.7/site-packages/airflow/example_dags/example_nested_branch_dag.py for tasks to queue
[2023-07-27T12:32:36.601+0000] {logging_mixin.py:149} INFO - [2023-07-27T12:32:36.601+0000] {dagbag.py:541} INFO - Filling up the DagBag from /home/airflow/.local/lib/python3.7/site-packages/airflow/example_dags/example_nested_branch_dag.py
[2023-07-27T12:32:36.701+0000] {processor.py:836} INFO - DAG(s) dict_keys(['example_nested_branch_dag']) retrieved from /home/airflow/.local/lib/python3.7/site-packages/airflow/example_dags/example_nested_branch_dag.py
[2023-07-27T12:32:36.783+0000] {logging_mixin.py:149} INFO - [2023-07-27T12:32:36.782+0000] {dag.py:2726} INFO - Sync 1 DAGs
[2023-07-27T12:32:36.856+0000] {logging_mixin.py:149} INFO - [2023-07-27T12:32:36.855+0000] {dag.py:3490} INFO - Setting next_dagrun for example_nested_branch_dag to 2023-07-26T00:00:00+00:00, run_after=2023-07-27T00:00:00+00:00
[2023-07-27T12:32:36.927+0000] {processor.py:179} INFO - Processing /home/airflow/.local/lib/python3.7/site-packages/airflow/example_dags/example_nested_branch_dag.py took 0.340 seconds
[2023-07-27T12:33:12.711+0000] {processor.py:157} INFO - Started process (PID=1591) to work on /home/airflow/.local/lib/python3.7/site-packages/airflow/example_dags/example_nested_branch_dag.py
[2023-07-27T12:33:12.715+0000] {processor.py:826} INFO - Processing file /home/airflow/.local/lib/python3.7/site-packages/airflow/example_dags/example_nested_branch_dag.py for tasks to queue
[2023-07-27T12:33:12.718+0000] {logging_mixin.py:149} INFO - [2023-07-27T12:33:12.718+0000] {dagbag.py:541} INFO - Filling up the DagBag from /home/airflow/.local/lib/python3.7/site-packages/airflow/example_dags/example_nested_branch_dag.py
[2023-07-27T12:33:12.743+0000] {processor.py:836} INFO - DAG(s) dict_keys(['example_nested_branch_dag']) retrieved from /home/airflow/.local/lib/python3.7/site-packages/airflow/example_dags/example_nested_branch_dag.py
[2023-07-27T12:33:12.820+0000] {logging_mixin.py:149} INFO - [2023-07-27T12:33:12.819+0000] {dag.py:2726} INFO - Sync 1 DAGs
[2023-07-27T12:33:12.955+0000] {logging_mixin.py:149} INFO - [2023-07-27T12:33:12.954+0000] {dag.py:3490} INFO - Setting next_dagrun for example_nested_branch_dag to 2023-07-26T00:00:00+00:00, run_after=2023-07-27T00:00:00+00:00
[2023-07-27T12:33:13.030+0000] {processor.py:179} INFO - Processing /home/airflow/.local/lib/python3.7/site-packages/airflow/example_dags/example_nested_branch_dag.py took 0.324 seconds
[2023-07-27T12:33:45.607+0000] {processor.py:157} INFO - Started process (PID=1649) to work on /home/airflow/.local/lib/python3.7/site-packages/airflow/example_dags/example_nested_branch_dag.py
[2023-07-27T12:33:45.611+0000] {processor.py:826} INFO - Processing file /home/airflow/.local/lib/python3.7/site-packages/airflow/example_dags/example_nested_branch_dag.py for tasks to queue
[2023-07-27T12:33:45.626+0000] {logging_mixin.py:149} INFO - [2023-07-27T12:33:45.620+0000] {dagbag.py:541} INFO - Filling up the DagBag from /home/airflow/.local/lib/python3.7/site-packages/airflow/example_dags/example_nested_branch_dag.py
[2023-07-27T12:33:45.688+0000] {processor.py:836} INFO - DAG(s) dict_keys(['example_nested_branch_dag']) retrieved from /home/airflow/.local/lib/python3.7/site-packages/airflow/example_dags/example_nested_branch_dag.py
[2023-07-27T12:33:45.811+0000] {logging_mixin.py:149} INFO - [2023-07-27T12:33:45.811+0000] {dag.py:2726} INFO - Sync 1 DAGs
[2023-07-27T12:33:45.984+0000] {logging_mixin.py:149} INFO - [2023-07-27T12:33:45.983+0000] {dag.py:3490} INFO - Setting next_dagrun for example_nested_branch_dag to 2023-07-26T00:00:00+00:00, run_after=2023-07-27T00:00:00+00:00
[2023-07-27T12:33:46.080+0000] {processor.py:179} INFO - Processing /home/airflow/.local/lib/python3.7/site-packages/airflow/example_dags/example_nested_branch_dag.py took 0.497 seconds
[2023-07-27T12:34:16.727+0000] {processor.py:157} INFO - Started process (PID=1708) to work on /home/airflow/.local/lib/python3.7/site-packages/airflow/example_dags/example_nested_branch_dag.py
[2023-07-27T12:34:16.732+0000] {processor.py:826} INFO - Processing file /home/airflow/.local/lib/python3.7/site-packages/airflow/example_dags/example_nested_branch_dag.py for tasks to queue
[2023-07-27T12:34:16.737+0000] {logging_mixin.py:149} INFO - [2023-07-27T12:34:16.736+0000] {dagbag.py:541} INFO - Filling up the DagBag from /home/airflow/.local/lib/python3.7/site-packages/airflow/example_dags/example_nested_branch_dag.py
[2023-07-27T12:34:16.783+0000] {processor.py:836} INFO - DAG(s) dict_keys(['example_nested_branch_dag']) retrieved from /home/airflow/.local/lib/python3.7/site-packages/airflow/example_dags/example_nested_branch_dag.py
[2023-07-27T12:34:16.845+0000] {logging_mixin.py:149} INFO - [2023-07-27T12:34:16.844+0000] {dag.py:2726} INFO - Sync 1 DAGs
[2023-07-27T12:34:16.930+0000] {logging_mixin.py:149} INFO - [2023-07-27T12:34:16.928+0000] {dag.py:3490} INFO - Setting next_dagrun for example_nested_branch_dag to 2023-07-26T00:00:00+00:00, run_after=2023-07-27T00:00:00+00:00
[2023-07-27T12:34:17.001+0000] {processor.py:179} INFO - Processing /home/airflow/.local/lib/python3.7/site-packages/airflow/example_dags/example_nested_branch_dag.py took 0.288 seconds
[2023-07-27T12:34:47.957+0000] {processor.py:157} INFO - Started process (PID=1764) to work on /home/airflow/.local/lib/python3.7/site-packages/airflow/example_dags/example_nested_branch_dag.py
[2023-07-27T12:34:47.962+0000] {processor.py:826} INFO - Processing file /home/airflow/.local/lib/python3.7/site-packages/airflow/example_dags/example_nested_branch_dag.py for tasks to queue
[2023-07-27T12:34:47.967+0000] {logging_mixin.py:149} INFO - [2023-07-27T12:34:47.966+0000] {dagbag.py:541} INFO - Filling up the DagBag from /home/airflow/.local/lib/python3.7/site-packages/airflow/example_dags/example_nested_branch_dag.py
[2023-07-27T12:34:47.999+0000] {processor.py:836} INFO - DAG(s) dict_keys(['example_nested_branch_dag']) retrieved from /home/airflow/.local/lib/python3.7/site-packages/airflow/example_dags/example_nested_branch_dag.py
[2023-07-27T12:34:48.085+0000] {logging_mixin.py:149} INFO - [2023-07-27T12:34:48.084+0000] {dag.py:2726} INFO - Sync 1 DAGs
[2023-07-27T12:34:48.210+0000] {logging_mixin.py:149} INFO - [2023-07-27T12:34:48.210+0000] {dag.py:3490} INFO - Setting next_dagrun for example_nested_branch_dag to 2023-07-26T00:00:00+00:00, run_after=2023-07-27T00:00:00+00:00
[2023-07-27T12:34:48.276+0000] {processor.py:179} INFO - Processing /home/airflow/.local/lib/python3.7/site-packages/airflow/example_dags/example_nested_branch_dag.py took 0.335 seconds
[2023-07-27T12:35:19.977+0000] {processor.py:157} INFO - Started process (PID=1821) to work on /home/airflow/.local/lib/python3.7/site-packages/airflow/example_dags/example_nested_branch_dag.py
[2023-07-27T12:35:20.013+0000] {processor.py:826} INFO - Processing file /home/airflow/.local/lib/python3.7/site-packages/airflow/example_dags/example_nested_branch_dag.py for tasks to queue
[2023-07-27T12:35:20.035+0000] {logging_mixin.py:149} INFO - [2023-07-27T12:35:20.034+0000] {dagbag.py:541} INFO - Filling up the DagBag from /home/airflow/.local/lib/python3.7/site-packages/airflow/example_dags/example_nested_branch_dag.py
[2023-07-27T12:35:20.204+0000] {processor.py:836} INFO - DAG(s) dict_keys(['example_nested_branch_dag']) retrieved from /home/airflow/.local/lib/python3.7/site-packages/airflow/example_dags/example_nested_branch_dag.py
[2023-07-27T12:35:20.399+0000] {logging_mixin.py:149} INFO - [2023-07-27T12:35:20.398+0000] {dag.py:2726} INFO - Sync 1 DAGs
[2023-07-27T12:35:20.555+0000] {logging_mixin.py:149} INFO - [2023-07-27T12:35:20.555+0000] {dag.py:3490} INFO - Setting next_dagrun for example_nested_branch_dag to 2023-07-26T00:00:00+00:00, run_after=2023-07-27T00:00:00+00:00
[2023-07-27T12:35:20.734+0000] {processor.py:179} INFO - Processing /home/airflow/.local/lib/python3.7/site-packages/airflow/example_dags/example_nested_branch_dag.py took 0.787 seconds
[2023-07-27T12:35:51.220+0000] {processor.py:157} INFO - Started process (PID=1879) to work on /home/airflow/.local/lib/python3.7/site-packages/airflow/example_dags/example_nested_branch_dag.py
[2023-07-27T12:35:51.226+0000] {processor.py:826} INFO - Processing file /home/airflow/.local/lib/python3.7/site-packages/airflow/example_dags/example_nested_branch_dag.py for tasks to queue
[2023-07-27T12:35:51.231+0000] {logging_mixin.py:149} INFO - [2023-07-27T12:35:51.230+0000] {dagbag.py:541} INFO - Filling up the DagBag from /home/airflow/.local/lib/python3.7/site-packages/airflow/example_dags/example_nested_branch_dag.py
[2023-07-27T12:35:51.262+0000] {processor.py:836} INFO - DAG(s) dict_keys(['example_nested_branch_dag']) retrieved from /home/airflow/.local/lib/python3.7/site-packages/airflow/example_dags/example_nested_branch_dag.py
[2023-07-27T12:35:51.354+0000] {logging_mixin.py:149} INFO - [2023-07-27T12:35:51.353+0000] {dag.py:2726} INFO - Sync 1 DAGs
[2023-07-27T12:35:51.473+0000] {logging_mixin.py:149} INFO - [2023-07-27T12:35:51.472+0000] {dag.py:3490} INFO - Setting next_dagrun for example_nested_branch_dag to 2023-07-26T00:00:00+00:00, run_after=2023-07-27T00:00:00+00:00
[2023-07-27T12:35:51.520+0000] {processor.py:179} INFO - Processing /home/airflow/.local/lib/python3.7/site-packages/airflow/example_dags/example_nested_branch_dag.py took 0.320 seconds
[2023-07-27T12:36:21.618+0000] {processor.py:157} INFO - Started process (PID=1936) to work on /home/airflow/.local/lib/python3.7/site-packages/airflow/example_dags/example_nested_branch_dag.py
[2023-07-27T12:36:21.622+0000] {processor.py:826} INFO - Processing file /home/airflow/.local/lib/python3.7/site-packages/airflow/example_dags/example_nested_branch_dag.py for tasks to queue
[2023-07-27T12:36:21.627+0000] {logging_mixin.py:149} INFO - [2023-07-27T12:36:21.626+0000] {dagbag.py:541} INFO - Filling up the DagBag from /home/airflow/.local/lib/python3.7/site-packages/airflow/example_dags/example_nested_branch_dag.py
[2023-07-27T12:36:21.652+0000] {processor.py:836} INFO - DAG(s) dict_keys(['example_nested_branch_dag']) retrieved from /home/airflow/.local/lib/python3.7/site-packages/airflow/example_dags/example_nested_branch_dag.py
[2023-07-27T12:36:21.717+0000] {logging_mixin.py:149} INFO - [2023-07-27T12:36:21.716+0000] {dag.py:2726} INFO - Sync 1 DAGs
[2023-07-27T12:36:21.779+0000] {logging_mixin.py:149} INFO - [2023-07-27T12:36:21.778+0000] {dag.py:3490} INFO - Setting next_dagrun for example_nested_branch_dag to 2023-07-26T00:00:00+00:00, run_after=2023-07-27T00:00:00+00:00
[2023-07-27T12:36:21.834+0000] {processor.py:179} INFO - Processing /home/airflow/.local/lib/python3.7/site-packages/airflow/example_dags/example_nested_branch_dag.py took 0.223 seconds
[2023-07-27T12:36:52.174+0000] {processor.py:157} INFO - Started process (PID=1993) to work on /home/airflow/.local/lib/python3.7/site-packages/airflow/example_dags/example_nested_branch_dag.py
[2023-07-27T12:36:52.180+0000] {processor.py:826} INFO - Processing file /home/airflow/.local/lib/python3.7/site-packages/airflow/example_dags/example_nested_branch_dag.py for tasks to queue
[2023-07-27T12:36:52.189+0000] {logging_mixin.py:149} INFO - [2023-07-27T12:36:52.188+0000] {dagbag.py:541} INFO - Filling up the DagBag from /home/airflow/.local/lib/python3.7/site-packages/airflow/example_dags/example_nested_branch_dag.py
[2023-07-27T12:36:52.234+0000] {processor.py:836} INFO - DAG(s) dict_keys(['example_nested_branch_dag']) retrieved from /home/airflow/.local/lib/python3.7/site-packages/airflow/example_dags/example_nested_branch_dag.py
[2023-07-27T12:36:52.313+0000] {logging_mixin.py:149} INFO - [2023-07-27T12:36:52.312+0000] {dag.py:2726} INFO - Sync 1 DAGs
[2023-07-27T12:36:52.379+0000] {logging_mixin.py:149} INFO - [2023-07-27T12:36:52.378+0000] {dag.py:3490} INFO - Setting next_dagrun for example_nested_branch_dag to 2023-07-26T00:00:00+00:00, run_after=2023-07-27T00:00:00+00:00
[2023-07-27T12:36:52.424+0000] {processor.py:179} INFO - Processing /home/airflow/.local/lib/python3.7/site-packages/airflow/example_dags/example_nested_branch_dag.py took 0.263 seconds
[2023-07-27T12:37:22.673+0000] {processor.py:157} INFO - Started process (PID=2051) to work on /home/airflow/.local/lib/python3.7/site-packages/airflow/example_dags/example_nested_branch_dag.py
[2023-07-27T12:37:22.677+0000] {processor.py:826} INFO - Processing file /home/airflow/.local/lib/python3.7/site-packages/airflow/example_dags/example_nested_branch_dag.py for tasks to queue
[2023-07-27T12:37:22.682+0000] {logging_mixin.py:149} INFO - [2023-07-27T12:37:22.681+0000] {dagbag.py:541} INFO - Filling up the DagBag from /home/airflow/.local/lib/python3.7/site-packages/airflow/example_dags/example_nested_branch_dag.py
[2023-07-27T12:37:22.727+0000] {processor.py:836} INFO - DAG(s) dict_keys(['example_nested_branch_dag']) retrieved from /home/airflow/.local/lib/python3.7/site-packages/airflow/example_dags/example_nested_branch_dag.py
[2023-07-27T12:37:22.778+0000] {logging_mixin.py:149} INFO - [2023-07-27T12:37:22.778+0000] {dag.py:2726} INFO - Sync 1 DAGs
[2023-07-27T12:37:22.832+0000] {logging_mixin.py:149} INFO - [2023-07-27T12:37:22.831+0000] {dag.py:3490} INFO - Setting next_dagrun for example_nested_branch_dag to 2023-07-26T00:00:00+00:00, run_after=2023-07-27T00:00:00+00:00
[2023-07-27T12:37:22.874+0000] {processor.py:179} INFO - Processing /home/airflow/.local/lib/python3.7/site-packages/airflow/example_dags/example_nested_branch_dag.py took 0.208 seconds
[2023-07-27T12:37:53.691+0000] {processor.py:157} INFO - Started process (PID=2109) to work on /home/airflow/.local/lib/python3.7/site-packages/airflow/example_dags/example_nested_branch_dag.py
[2023-07-27T12:37:53.698+0000] {processor.py:826} INFO - Processing file /home/airflow/.local/lib/python3.7/site-packages/airflow/example_dags/example_nested_branch_dag.py for tasks to queue
[2023-07-27T12:37:53.707+0000] {logging_mixin.py:149} INFO - [2023-07-27T12:37:53.704+0000] {dagbag.py:541} INFO - Filling up the DagBag from /home/airflow/.local/lib/python3.7/site-packages/airflow/example_dags/example_nested_branch_dag.py
[2023-07-27T12:37:53.747+0000] {processor.py:836} INFO - DAG(s) dict_keys(['example_nested_branch_dag']) retrieved from /home/airflow/.local/lib/python3.7/site-packages/airflow/example_dags/example_nested_branch_dag.py
[2023-07-27T12:37:53.871+0000] {logging_mixin.py:149} INFO - [2023-07-27T12:37:53.871+0000] {dag.py:2726} INFO - Sync 1 DAGs
[2023-07-27T12:37:54.053+0000] {logging_mixin.py:149} INFO - [2023-07-27T12:37:54.052+0000] {dag.py:3490} INFO - Setting next_dagrun for example_nested_branch_dag to 2023-07-26T00:00:00+00:00, run_after=2023-07-27T00:00:00+00:00
[2023-07-27T12:37:54.214+0000] {processor.py:179} INFO - Processing /home/airflow/.local/lib/python3.7/site-packages/airflow/example_dags/example_nested_branch_dag.py took 0.562 seconds
[2023-07-27T12:38:24.356+0000] {processor.py:157} INFO - Started process (PID=2167) to work on /home/airflow/.local/lib/python3.7/site-packages/airflow/example_dags/example_nested_branch_dag.py
[2023-07-27T12:38:24.360+0000] {processor.py:826} INFO - Processing file /home/airflow/.local/lib/python3.7/site-packages/airflow/example_dags/example_nested_branch_dag.py for tasks to queue
[2023-07-27T12:38:24.362+0000] {logging_mixin.py:149} INFO - [2023-07-27T12:38:24.362+0000] {dagbag.py:541} INFO - Filling up the DagBag from /home/airflow/.local/lib/python3.7/site-packages/airflow/example_dags/example_nested_branch_dag.py
[2023-07-27T12:38:24.389+0000] {processor.py:836} INFO - DAG(s) dict_keys(['example_nested_branch_dag']) retrieved from /home/airflow/.local/lib/python3.7/site-packages/airflow/example_dags/example_nested_branch_dag.py
[2023-07-27T12:38:24.448+0000] {logging_mixin.py:149} INFO - [2023-07-27T12:38:24.448+0000] {dag.py:2726} INFO - Sync 1 DAGs
[2023-07-27T12:38:24.504+0000] {logging_mixin.py:149} INFO - [2023-07-27T12:38:24.503+0000] {dag.py:3490} INFO - Setting next_dagrun for example_nested_branch_dag to 2023-07-26T00:00:00+00:00, run_after=2023-07-27T00:00:00+00:00
[2023-07-27T12:38:24.559+0000] {processor.py:179} INFO - Processing /home/airflow/.local/lib/python3.7/site-packages/airflow/example_dags/example_nested_branch_dag.py took 0.209 seconds
[2023-07-27T12:38:57.576+0000] {processor.py:157} INFO - Started process (PID=2225) to work on /home/airflow/.local/lib/python3.7/site-packages/airflow/example_dags/example_nested_branch_dag.py
[2023-07-27T12:38:57.600+0000] {processor.py:826} INFO - Processing file /home/airflow/.local/lib/python3.7/site-packages/airflow/example_dags/example_nested_branch_dag.py for tasks to queue
[2023-07-27T12:38:57.606+0000] {logging_mixin.py:149} INFO - [2023-07-27T12:38:57.603+0000] {dagbag.py:541} INFO - Filling up the DagBag from /home/airflow/.local/lib/python3.7/site-packages/airflow/example_dags/example_nested_branch_dag.py
[2023-07-27T12:38:57.652+0000] {processor.py:836} INFO - DAG(s) dict_keys(['example_nested_branch_dag']) retrieved from /home/airflow/.local/lib/python3.7/site-packages/airflow/example_dags/example_nested_branch_dag.py
[2023-07-27T12:38:57.806+0000] {logging_mixin.py:149} INFO - [2023-07-27T12:38:57.805+0000] {dag.py:2726} INFO - Sync 1 DAGs
[2023-07-27T12:38:57.917+0000] {logging_mixin.py:149} INFO - [2023-07-27T12:38:57.917+0000] {dag.py:3490} INFO - Setting next_dagrun for example_nested_branch_dag to 2023-07-26T00:00:00+00:00, run_after=2023-07-27T00:00:00+00:00
[2023-07-27T12:38:58.009+0000] {processor.py:179} INFO - Processing /home/airflow/.local/lib/python3.7/site-packages/airflow/example_dags/example_nested_branch_dag.py took 0.444 seconds
[2023-07-27T12:39:28.077+0000] {processor.py:157} INFO - Started process (PID=2283) to work on /home/airflow/.local/lib/python3.7/site-packages/airflow/example_dags/example_nested_branch_dag.py
[2023-07-27T12:39:28.082+0000] {processor.py:826} INFO - Processing file /home/airflow/.local/lib/python3.7/site-packages/airflow/example_dags/example_nested_branch_dag.py for tasks to queue
[2023-07-27T12:39:28.086+0000] {logging_mixin.py:149} INFO - [2023-07-27T12:39:28.085+0000] {dagbag.py:541} INFO - Filling up the DagBag from /home/airflow/.local/lib/python3.7/site-packages/airflow/example_dags/example_nested_branch_dag.py
[2023-07-27T12:39:28.118+0000] {processor.py:836} INFO - DAG(s) dict_keys(['example_nested_branch_dag']) retrieved from /home/airflow/.local/lib/python3.7/site-packages/airflow/example_dags/example_nested_branch_dag.py
[2023-07-27T12:39:28.193+0000] {logging_mixin.py:149} INFO - [2023-07-27T12:39:28.192+0000] {dag.py:2726} INFO - Sync 1 DAGs
[2023-07-27T12:39:28.268+0000] {logging_mixin.py:149} INFO - [2023-07-27T12:39:28.268+0000] {dag.py:3490} INFO - Setting next_dagrun for example_nested_branch_dag to 2023-07-26T00:00:00+00:00, run_after=2023-07-27T00:00:00+00:00
[2023-07-27T12:39:28.322+0000] {processor.py:179} INFO - Processing /home/airflow/.local/lib/python3.7/site-packages/airflow/example_dags/example_nested_branch_dag.py took 0.253 seconds
