[2023-07-27T12:25:53.462+0000] {processor.py:157} INFO - Started process (PID=815) to work on /home/airflow/.local/lib/python3.7/site-packages/airflow/example_dags/example_subdag_operator.py
[2023-07-27T12:25:53.480+0000] {processor.py:826} INFO - Processing file /home/airflow/.local/lib/python3.7/site-packages/airflow/example_dags/example_subdag_operator.py for tasks to queue
[2023-07-27T12:25:53.505+0000] {logging_mixin.py:149} INFO - [2023-07-27T12:25:53.492+0000] {dagbag.py:541} INFO - Filling up the DagBag from /home/airflow/.local/lib/python3.7/site-packages/airflow/example_dags/example_subdag_operator.py
[2023-07-27T12:25:54.050+0000] {processor.py:836} INFO - DAG(s) dict_keys(['example_subdag_operator.section-1', 'example_subdag_operator.section-2', 'example_subdag_operator']) retrieved from /home/airflow/.local/lib/python3.7/site-packages/airflow/example_dags/example_subdag_operator.py
[2023-07-27T12:25:54.390+0000] {logging_mixin.py:149} INFO - [2023-07-27T12:25:54.389+0000] {dag.py:2726} INFO - Sync 3 DAGs
[2023-07-27T12:25:54.676+0000] {logging_mixin.py:149} INFO - [2023-07-27T12:25:54.673+0000] {dag.py:3490} INFO - Setting next_dagrun for example_subdag_operator to 2022-01-01T00:00:00+00:00, run_after=2022-01-01T00:00:00+00:00
[2023-07-27T12:25:54.865+0000] {logging_mixin.py:149} INFO - [2023-07-27T12:25:54.864+0000] {dag.py:3490} INFO - Setting next_dagrun for example_subdag_operator.section-1 to None, run_after=None
[2023-07-27T12:25:54.879+0000] {logging_mixin.py:149} INFO - [2023-07-27T12:25:54.878+0000] {dag.py:3490} INFO - Setting next_dagrun for example_subdag_operator.section-2 to None, run_after=None
[2023-07-27T12:25:54.948+0000] {logging_mixin.py:149} INFO - [2023-07-27T12:25:54.948+0000] {dag.py:2726} INFO - Sync 2 DAGs
[2023-07-27T12:25:55.002+0000] {logging_mixin.py:149} INFO - [2023-07-27T12:25:55.002+0000] {dag.py:3490} INFO - Setting next_dagrun for example_subdag_operator.section-1 to None, run_after=None
[2023-07-27T12:25:55.005+0000] {logging_mixin.py:149} INFO - [2023-07-27T12:25:55.005+0000] {dag.py:3490} INFO - Setting next_dagrun for example_subdag_operator.section-2 to None, run_after=None
[2023-07-27T12:25:55.129+0000] {processor.py:179} INFO - Processing /home/airflow/.local/lib/python3.7/site-packages/airflow/example_dags/example_subdag_operator.py took 1.722 seconds
[2023-07-27T12:26:25.286+0000] {processor.py:157} INFO - Started process (PID=873) to work on /home/airflow/.local/lib/python3.7/site-packages/airflow/example_dags/example_subdag_operator.py
[2023-07-27T12:26:25.298+0000] {processor.py:826} INFO - Processing file /home/airflow/.local/lib/python3.7/site-packages/airflow/example_dags/example_subdag_operator.py for tasks to queue
[2023-07-27T12:26:25.312+0000] {logging_mixin.py:149} INFO - [2023-07-27T12:26:25.311+0000] {dagbag.py:541} INFO - Filling up the DagBag from /home/airflow/.local/lib/python3.7/site-packages/airflow/example_dags/example_subdag_operator.py
[2023-07-27T12:26:25.431+0000] {processor.py:836} INFO - DAG(s) dict_keys(['example_subdag_operator.section-1', 'example_subdag_operator.section-2', 'example_subdag_operator']) retrieved from /home/airflow/.local/lib/python3.7/site-packages/airflow/example_dags/example_subdag_operator.py
[2023-07-27T12:26:25.526+0000] {logging_mixin.py:149} INFO - [2023-07-27T12:26:25.526+0000] {dag.py:2726} INFO - Sync 3 DAGs
[2023-07-27T12:26:26.016+0000] {logging_mixin.py:149} INFO - [2023-07-27T12:26:26.016+0000] {dag.py:3490} INFO - Setting next_dagrun for example_subdag_operator to 2022-01-01T00:00:00+00:00, run_after=2022-01-01T00:00:00+00:00
[2023-07-27T12:26:26.051+0000] {logging_mixin.py:149} INFO - [2023-07-27T12:26:26.050+0000] {dag.py:3490} INFO - Setting next_dagrun for example_subdag_operator.section-1 to None, run_after=None
[2023-07-27T12:26:26.057+0000] {logging_mixin.py:149} INFO - [2023-07-27T12:26:26.056+0000] {dag.py:3490} INFO - Setting next_dagrun for example_subdag_operator.section-2 to None, run_after=None
[2023-07-27T12:26:26.128+0000] {logging_mixin.py:149} INFO - [2023-07-27T12:26:26.127+0000] {dag.py:2726} INFO - Sync 2 DAGs
[2023-07-27T12:26:26.159+0000] {logging_mixin.py:149} INFO - [2023-07-27T12:26:26.159+0000] {dag.py:3490} INFO - Setting next_dagrun for example_subdag_operator.section-1 to None, run_after=None
[2023-07-27T12:26:26.164+0000] {logging_mixin.py:149} INFO - [2023-07-27T12:26:26.163+0000] {dag.py:3490} INFO - Setting next_dagrun for example_subdag_operator.section-2 to None, run_after=None
[2023-07-27T12:26:26.223+0000] {processor.py:179} INFO - Processing /home/airflow/.local/lib/python3.7/site-packages/airflow/example_dags/example_subdag_operator.py took 0.957 seconds
[2023-07-27T12:27:02.774+0000] {processor.py:157} INFO - Started process (PID=931) to work on /home/airflow/.local/lib/python3.7/site-packages/airflow/example_dags/example_subdag_operator.py
[2023-07-27T12:27:02.783+0000] {processor.py:826} INFO - Processing file /home/airflow/.local/lib/python3.7/site-packages/airflow/example_dags/example_subdag_operator.py for tasks to queue
[2023-07-27T12:27:02.793+0000] {logging_mixin.py:149} INFO - [2023-07-27T12:27:02.791+0000] {dagbag.py:541} INFO - Filling up the DagBag from /home/airflow/.local/lib/python3.7/site-packages/airflow/example_dags/example_subdag_operator.py
[2023-07-27T12:27:02.966+0000] {processor.py:836} INFO - DAG(s) dict_keys(['example_subdag_operator.section-1', 'example_subdag_operator.section-2', 'example_subdag_operator']) retrieved from /home/airflow/.local/lib/python3.7/site-packages/airflow/example_dags/example_subdag_operator.py
[2023-07-27T12:27:03.171+0000] {logging_mixin.py:149} INFO - [2023-07-27T12:27:03.170+0000] {dag.py:2726} INFO - Sync 3 DAGs
[2023-07-27T12:27:03.338+0000] {logging_mixin.py:149} INFO - [2023-07-27T12:27:03.338+0000] {dag.py:3490} INFO - Setting next_dagrun for example_subdag_operator to 2022-01-01T00:00:00+00:00, run_after=2022-01-01T00:00:00+00:00
[2023-07-27T12:27:03.365+0000] {logging_mixin.py:149} INFO - [2023-07-27T12:27:03.364+0000] {dag.py:3490} INFO - Setting next_dagrun for example_subdag_operator.section-1 to None, run_after=None
[2023-07-27T12:27:03.374+0000] {logging_mixin.py:149} INFO - [2023-07-27T12:27:03.374+0000] {dag.py:3490} INFO - Setting next_dagrun for example_subdag_operator.section-2 to None, run_after=None
[2023-07-27T12:27:03.438+0000] {logging_mixin.py:149} INFO - [2023-07-27T12:27:03.437+0000] {dag.py:2726} INFO - Sync 2 DAGs
[2023-07-27T12:27:03.479+0000] {logging_mixin.py:149} INFO - [2023-07-27T12:27:03.479+0000] {dag.py:3490} INFO - Setting next_dagrun for example_subdag_operator.section-1 to None, run_after=None
[2023-07-27T12:27:03.484+0000] {logging_mixin.py:149} INFO - [2023-07-27T12:27:03.484+0000] {dag.py:3490} INFO - Setting next_dagrun for example_subdag_operator.section-2 to None, run_after=None
[2023-07-27T12:27:03.546+0000] {processor.py:179} INFO - Processing /home/airflow/.local/lib/python3.7/site-packages/airflow/example_dags/example_subdag_operator.py took 0.790 seconds
[2023-07-27T12:27:36.314+0000] {processor.py:157} INFO - Started process (PID=986) to work on /home/airflow/.local/lib/python3.7/site-packages/airflow/example_dags/example_subdag_operator.py
[2023-07-27T12:27:36.321+0000] {processor.py:826} INFO - Processing file /home/airflow/.local/lib/python3.7/site-packages/airflow/example_dags/example_subdag_operator.py for tasks to queue
[2023-07-27T12:27:36.331+0000] {logging_mixin.py:149} INFO - [2023-07-27T12:27:36.330+0000] {dagbag.py:541} INFO - Filling up the DagBag from /home/airflow/.local/lib/python3.7/site-packages/airflow/example_dags/example_subdag_operator.py
[2023-07-27T12:27:36.453+0000] {processor.py:836} INFO - DAG(s) dict_keys(['example_subdag_operator.section-1', 'example_subdag_operator.section-2', 'example_subdag_operator']) retrieved from /home/airflow/.local/lib/python3.7/site-packages/airflow/example_dags/example_subdag_operator.py
[2023-07-27T12:27:36.862+0000] {logging_mixin.py:149} INFO - [2023-07-27T12:27:36.861+0000] {dag.py:2726} INFO - Sync 3 DAGs
[2023-07-27T12:27:37.271+0000] {logging_mixin.py:149} INFO - [2023-07-27T12:27:37.271+0000] {dag.py:3490} INFO - Setting next_dagrun for example_subdag_operator to 2022-01-01T00:00:00+00:00, run_after=2022-01-01T00:00:00+00:00
[2023-07-27T12:27:37.319+0000] {logging_mixin.py:149} INFO - [2023-07-27T12:27:37.317+0000] {dag.py:3490} INFO - Setting next_dagrun for example_subdag_operator.section-1 to None, run_after=None
[2023-07-27T12:27:37.332+0000] {logging_mixin.py:149} INFO - [2023-07-27T12:27:37.332+0000] {dag.py:3490} INFO - Setting next_dagrun for example_subdag_operator.section-2 to None, run_after=None
[2023-07-27T12:27:37.379+0000] {logging_mixin.py:149} INFO - [2023-07-27T12:27:37.379+0000] {dag.py:2726} INFO - Sync 2 DAGs
[2023-07-27T12:27:37.426+0000] {logging_mixin.py:149} INFO - [2023-07-27T12:27:37.426+0000] {dag.py:3490} INFO - Setting next_dagrun for example_subdag_operator.section-1 to None, run_after=None
[2023-07-27T12:27:37.429+0000] {logging_mixin.py:149} INFO - [2023-07-27T12:27:37.428+0000] {dag.py:3490} INFO - Setting next_dagrun for example_subdag_operator.section-2 to None, run_after=None
[2023-07-27T12:27:37.531+0000] {processor.py:179} INFO - Processing /home/airflow/.local/lib/python3.7/site-packages/airflow/example_dags/example_subdag_operator.py took 1.246 seconds
[2023-07-27T12:28:12.810+0000] {processor.py:157} INFO - Started process (PID=1046) to work on /home/airflow/.local/lib/python3.7/site-packages/airflow/example_dags/example_subdag_operator.py
[2023-07-27T12:28:12.824+0000] {processor.py:826} INFO - Processing file /home/airflow/.local/lib/python3.7/site-packages/airflow/example_dags/example_subdag_operator.py for tasks to queue
[2023-07-27T12:28:12.831+0000] {logging_mixin.py:149} INFO - [2023-07-27T12:28:12.831+0000] {dagbag.py:541} INFO - Filling up the DagBag from /home/airflow/.local/lib/python3.7/site-packages/airflow/example_dags/example_subdag_operator.py
[2023-07-27T12:28:13.010+0000] {processor.py:836} INFO - DAG(s) dict_keys(['example_subdag_operator.section-1', 'example_subdag_operator.section-2', 'example_subdag_operator']) retrieved from /home/airflow/.local/lib/python3.7/site-packages/airflow/example_dags/example_subdag_operator.py
[2023-07-27T12:28:13.162+0000] {logging_mixin.py:149} INFO - [2023-07-27T12:28:13.162+0000] {dag.py:2726} INFO - Sync 3 DAGs
[2023-07-27T12:28:13.243+0000] {logging_mixin.py:149} INFO - [2023-07-27T12:28:13.243+0000] {dag.py:3490} INFO - Setting next_dagrun for example_subdag_operator to 2022-01-01T00:00:00+00:00, run_after=2022-01-01T00:00:00+00:00
[2023-07-27T12:28:13.252+0000] {logging_mixin.py:149} INFO - [2023-07-27T12:28:13.252+0000] {dag.py:3490} INFO - Setting next_dagrun for example_subdag_operator.section-1 to None, run_after=None
[2023-07-27T12:28:13.257+0000] {logging_mixin.py:149} INFO - [2023-07-27T12:28:13.256+0000] {dag.py:3490} INFO - Setting next_dagrun for example_subdag_operator.section-2 to None, run_after=None
[2023-07-27T12:28:13.295+0000] {logging_mixin.py:149} INFO - [2023-07-27T12:28:13.295+0000] {dag.py:2726} INFO - Sync 2 DAGs
[2023-07-27T12:28:13.338+0000] {logging_mixin.py:149} INFO - [2023-07-27T12:28:13.338+0000] {dag.py:3490} INFO - Setting next_dagrun for example_subdag_operator.section-1 to None, run_after=None
[2023-07-27T12:28:13.343+0000] {logging_mixin.py:149} INFO - [2023-07-27T12:28:13.341+0000] {dag.py:3490} INFO - Setting next_dagrun for example_subdag_operator.section-2 to None, run_after=None
[2023-07-27T12:28:13.395+0000] {processor.py:179} INFO - Processing /home/airflow/.local/lib/python3.7/site-packages/airflow/example_dags/example_subdag_operator.py took 0.603 seconds
[2023-07-27T12:28:45.093+0000] {processor.py:157} INFO - Started process (PID=1104) to work on /home/airflow/.local/lib/python3.7/site-packages/airflow/example_dags/example_subdag_operator.py
[2023-07-27T12:28:45.118+0000] {processor.py:826} INFO - Processing file /home/airflow/.local/lib/python3.7/site-packages/airflow/example_dags/example_subdag_operator.py for tasks to queue
[2023-07-27T12:28:45.146+0000] {logging_mixin.py:149} INFO - [2023-07-27T12:28:45.145+0000] {dagbag.py:541} INFO - Filling up the DagBag from /home/airflow/.local/lib/python3.7/site-packages/airflow/example_dags/example_subdag_operator.py
[2023-07-27T12:28:45.435+0000] {processor.py:836} INFO - DAG(s) dict_keys(['example_subdag_operator.section-1', 'example_subdag_operator.section-2', 'example_subdag_operator']) retrieved from /home/airflow/.local/lib/python3.7/site-packages/airflow/example_dags/example_subdag_operator.py
[2023-07-27T12:28:45.727+0000] {logging_mixin.py:149} INFO - [2023-07-27T12:28:45.727+0000] {dag.py:2726} INFO - Sync 3 DAGs
[2023-07-27T12:28:45.810+0000] {logging_mixin.py:149} INFO - [2023-07-27T12:28:45.810+0000] {dag.py:3490} INFO - Setting next_dagrun for example_subdag_operator to 2022-01-01T00:00:00+00:00, run_after=2022-01-01T00:00:00+00:00
[2023-07-27T12:28:45.827+0000] {logging_mixin.py:149} INFO - [2023-07-27T12:28:45.827+0000] {dag.py:3490} INFO - Setting next_dagrun for example_subdag_operator.section-1 to None, run_after=None
[2023-07-27T12:28:45.835+0000] {logging_mixin.py:149} INFO - [2023-07-27T12:28:45.835+0000] {dag.py:3490} INFO - Setting next_dagrun for example_subdag_operator.section-2 to None, run_after=None
[2023-07-27T12:28:45.867+0000] {logging_mixin.py:149} INFO - [2023-07-27T12:28:45.865+0000] {dag.py:2726} INFO - Sync 2 DAGs
[2023-07-27T12:28:45.893+0000] {logging_mixin.py:149} INFO - [2023-07-27T12:28:45.892+0000] {dag.py:3490} INFO - Setting next_dagrun for example_subdag_operator.section-1 to None, run_after=None
[2023-07-27T12:28:45.895+0000] {logging_mixin.py:149} INFO - [2023-07-27T12:28:45.895+0000] {dag.py:3490} INFO - Setting next_dagrun for example_subdag_operator.section-2 to None, run_after=None
[2023-07-27T12:28:45.944+0000] {processor.py:179} INFO - Processing /home/airflow/.local/lib/python3.7/site-packages/airflow/example_dags/example_subdag_operator.py took 0.906 seconds
[2023-07-27T12:29:17.284+0000] {processor.py:157} INFO - Started process (PID=1162) to work on /home/airflow/.local/lib/python3.7/site-packages/airflow/example_dags/example_subdag_operator.py
[2023-07-27T12:29:17.288+0000] {processor.py:826} INFO - Processing file /home/airflow/.local/lib/python3.7/site-packages/airflow/example_dags/example_subdag_operator.py for tasks to queue
[2023-07-27T12:29:17.300+0000] {logging_mixin.py:149} INFO - [2023-07-27T12:29:17.298+0000] {dagbag.py:541} INFO - Filling up the DagBag from /home/airflow/.local/lib/python3.7/site-packages/airflow/example_dags/example_subdag_operator.py
[2023-07-27T12:29:17.511+0000] {processor.py:836} INFO - DAG(s) dict_keys(['example_subdag_operator.section-1', 'example_subdag_operator.section-2', 'example_subdag_operator']) retrieved from /home/airflow/.local/lib/python3.7/site-packages/airflow/example_dags/example_subdag_operator.py
[2023-07-27T12:29:17.650+0000] {logging_mixin.py:149} INFO - [2023-07-27T12:29:17.650+0000] {dag.py:2726} INFO - Sync 3 DAGs
[2023-07-27T12:29:17.722+0000] {logging_mixin.py:149} INFO - [2023-07-27T12:29:17.721+0000] {dag.py:3490} INFO - Setting next_dagrun for example_subdag_operator to 2022-01-01T00:00:00+00:00, run_after=2022-01-01T00:00:00+00:00
[2023-07-27T12:29:17.735+0000] {logging_mixin.py:149} INFO - [2023-07-27T12:29:17.735+0000] {dag.py:3490} INFO - Setting next_dagrun for example_subdag_operator.section-1 to None, run_after=None
[2023-07-27T12:29:17.741+0000] {logging_mixin.py:149} INFO - [2023-07-27T12:29:17.741+0000] {dag.py:3490} INFO - Setting next_dagrun for example_subdag_operator.section-2 to None, run_after=None
[2023-07-27T12:29:17.769+0000] {logging_mixin.py:149} INFO - [2023-07-27T12:29:17.769+0000] {dag.py:2726} INFO - Sync 2 DAGs
[2023-07-27T12:29:17.804+0000] {logging_mixin.py:149} INFO - [2023-07-27T12:29:17.802+0000] {dag.py:3490} INFO - Setting next_dagrun for example_subdag_operator.section-1 to None, run_after=None
[2023-07-27T12:29:17.812+0000] {logging_mixin.py:149} INFO - [2023-07-27T12:29:17.809+0000] {dag.py:3490} INFO - Setting next_dagrun for example_subdag_operator.section-2 to None, run_after=None
[2023-07-27T12:29:17.869+0000] {processor.py:179} INFO - Processing /home/airflow/.local/lib/python3.7/site-packages/airflow/example_dags/example_subdag_operator.py took 0.622 seconds
[2023-07-27T12:29:48.643+0000] {processor.py:157} INFO - Started process (PID=1220) to work on /home/airflow/.local/lib/python3.7/site-packages/airflow/example_dags/example_subdag_operator.py
[2023-07-27T12:29:48.646+0000] {processor.py:826} INFO - Processing file /home/airflow/.local/lib/python3.7/site-packages/airflow/example_dags/example_subdag_operator.py for tasks to queue
[2023-07-27T12:29:48.649+0000] {logging_mixin.py:149} INFO - [2023-07-27T12:29:48.649+0000] {dagbag.py:541} INFO - Filling up the DagBag from /home/airflow/.local/lib/python3.7/site-packages/airflow/example_dags/example_subdag_operator.py
[2023-07-27T12:29:48.713+0000] {processor.py:836} INFO - DAG(s) dict_keys(['example_subdag_operator.section-1', 'example_subdag_operator.section-2', 'example_subdag_operator']) retrieved from /home/airflow/.local/lib/python3.7/site-packages/airflow/example_dags/example_subdag_operator.py
[2023-07-27T12:29:48.784+0000] {logging_mixin.py:149} INFO - [2023-07-27T12:29:48.784+0000] {dag.py:2726} INFO - Sync 3 DAGs
[2023-07-27T12:29:48.869+0000] {logging_mixin.py:149} INFO - [2023-07-27T12:29:48.869+0000] {dag.py:3490} INFO - Setting next_dagrun for example_subdag_operator to 2022-01-01T00:00:00+00:00, run_after=2022-01-01T00:00:00+00:00
[2023-07-27T12:29:48.891+0000] {logging_mixin.py:149} INFO - [2023-07-27T12:29:48.890+0000] {dag.py:3490} INFO - Setting next_dagrun for example_subdag_operator.section-1 to None, run_after=None
[2023-07-27T12:29:48.898+0000] {logging_mixin.py:149} INFO - [2023-07-27T12:29:48.897+0000] {dag.py:3490} INFO - Setting next_dagrun for example_subdag_operator.section-2 to None, run_after=None
[2023-07-27T12:29:48.924+0000] {logging_mixin.py:149} INFO - [2023-07-27T12:29:48.924+0000] {dag.py:2726} INFO - Sync 2 DAGs
[2023-07-27T12:29:48.947+0000] {logging_mixin.py:149} INFO - [2023-07-27T12:29:48.946+0000] {dag.py:3490} INFO - Setting next_dagrun for example_subdag_operator.section-1 to None, run_after=None
[2023-07-27T12:29:48.949+0000] {logging_mixin.py:149} INFO - [2023-07-27T12:29:48.949+0000] {dag.py:3490} INFO - Setting next_dagrun for example_subdag_operator.section-2 to None, run_after=None
[2023-07-27T12:29:48.981+0000] {processor.py:179} INFO - Processing /home/airflow/.local/lib/python3.7/site-packages/airflow/example_dags/example_subdag_operator.py took 0.345 seconds
[2023-07-27T12:30:23.615+0000] {processor.py:157} INFO - Started process (PID=1277) to work on /home/airflow/.local/lib/python3.7/site-packages/airflow/example_dags/example_subdag_operator.py
[2023-07-27T12:30:23.620+0000] {processor.py:826} INFO - Processing file /home/airflow/.local/lib/python3.7/site-packages/airflow/example_dags/example_subdag_operator.py for tasks to queue
[2023-07-27T12:30:23.624+0000] {logging_mixin.py:149} INFO - [2023-07-27T12:30:23.623+0000] {dagbag.py:541} INFO - Filling up the DagBag from /home/airflow/.local/lib/python3.7/site-packages/airflow/example_dags/example_subdag_operator.py
[2023-07-27T12:30:23.695+0000] {processor.py:836} INFO - DAG(s) dict_keys(['example_subdag_operator.section-1', 'example_subdag_operator.section-2', 'example_subdag_operator']) retrieved from /home/airflow/.local/lib/python3.7/site-packages/airflow/example_dags/example_subdag_operator.py
[2023-07-27T12:30:23.776+0000] {logging_mixin.py:149} INFO - [2023-07-27T12:30:23.775+0000] {dag.py:2726} INFO - Sync 3 DAGs
[2023-07-27T12:30:23.868+0000] {logging_mixin.py:149} INFO - [2023-07-27T12:30:23.868+0000] {dag.py:3490} INFO - Setting next_dagrun for example_subdag_operator to 2022-01-01T00:00:00+00:00, run_after=2022-01-01T00:00:00+00:00
[2023-07-27T12:30:23.880+0000] {logging_mixin.py:149} INFO - [2023-07-27T12:30:23.880+0000] {dag.py:3490} INFO - Setting next_dagrun for example_subdag_operator.section-1 to None, run_after=None
[2023-07-27T12:30:23.885+0000] {logging_mixin.py:149} INFO - [2023-07-27T12:30:23.885+0000] {dag.py:3490} INFO - Setting next_dagrun for example_subdag_operator.section-2 to None, run_after=None
[2023-07-27T12:30:23.910+0000] {logging_mixin.py:149} INFO - [2023-07-27T12:30:23.910+0000] {dag.py:2726} INFO - Sync 2 DAGs
[2023-07-27T12:30:23.933+0000] {logging_mixin.py:149} INFO - [2023-07-27T12:30:23.932+0000] {dag.py:3490} INFO - Setting next_dagrun for example_subdag_operator.section-1 to None, run_after=None
[2023-07-27T12:30:23.936+0000] {logging_mixin.py:149} INFO - [2023-07-27T12:30:23.935+0000] {dag.py:3490} INFO - Setting next_dagrun for example_subdag_operator.section-2 to None, run_after=None
[2023-07-27T12:30:23.974+0000] {processor.py:179} INFO - Processing /home/airflow/.local/lib/python3.7/site-packages/airflow/example_dags/example_subdag_operator.py took 0.375 seconds
[2023-07-27T12:30:56.271+0000] {processor.py:157} INFO - Started process (PID=1334) to work on /home/airflow/.local/lib/python3.7/site-packages/airflow/example_dags/example_subdag_operator.py
[2023-07-27T12:30:56.274+0000] {processor.py:826} INFO - Processing file /home/airflow/.local/lib/python3.7/site-packages/airflow/example_dags/example_subdag_operator.py for tasks to queue
[2023-07-27T12:30:56.276+0000] {logging_mixin.py:149} INFO - [2023-07-27T12:30:56.276+0000] {dagbag.py:541} INFO - Filling up the DagBag from /home/airflow/.local/lib/python3.7/site-packages/airflow/example_dags/example_subdag_operator.py
[2023-07-27T12:30:56.356+0000] {processor.py:836} INFO - DAG(s) dict_keys(['example_subdag_operator.section-1', 'example_subdag_operator.section-2', 'example_subdag_operator']) retrieved from /home/airflow/.local/lib/python3.7/site-packages/airflow/example_dags/example_subdag_operator.py
[2023-07-27T12:30:56.398+0000] {logging_mixin.py:149} INFO - [2023-07-27T12:30:56.398+0000] {dag.py:2726} INFO - Sync 3 DAGs
[2023-07-27T12:30:56.483+0000] {logging_mixin.py:149} INFO - [2023-07-27T12:30:56.479+0000] {dag.py:3490} INFO - Setting next_dagrun for example_subdag_operator to 2022-01-01T00:00:00+00:00, run_after=2022-01-01T00:00:00+00:00
[2023-07-27T12:30:56.504+0000] {logging_mixin.py:149} INFO - [2023-07-27T12:30:56.504+0000] {dag.py:3490} INFO - Setting next_dagrun for example_subdag_operator.section-1 to None, run_after=None
[2023-07-27T12:30:56.508+0000] {logging_mixin.py:149} INFO - [2023-07-27T12:30:56.508+0000] {dag.py:3490} INFO - Setting next_dagrun for example_subdag_operator.section-2 to None, run_after=None
[2023-07-27T12:30:56.531+0000] {logging_mixin.py:149} INFO - [2023-07-27T12:30:56.530+0000] {dag.py:2726} INFO - Sync 2 DAGs
[2023-07-27T12:30:56.567+0000] {logging_mixin.py:149} INFO - [2023-07-27T12:30:56.566+0000] {dag.py:3490} INFO - Setting next_dagrun for example_subdag_operator.section-1 to None, run_after=None
[2023-07-27T12:30:56.621+0000] {logging_mixin.py:149} INFO - [2023-07-27T12:30:56.621+0000] {dag.py:3490} INFO - Setting next_dagrun for example_subdag_operator.section-2 to None, run_after=None
[2023-07-27T12:30:56.694+0000] {processor.py:179} INFO - Processing /home/airflow/.local/lib/python3.7/site-packages/airflow/example_dags/example_subdag_operator.py took 0.440 seconds
[2023-07-27T12:31:27.438+0000] {processor.py:157} INFO - Started process (PID=1393) to work on /home/airflow/.local/lib/python3.7/site-packages/airflow/example_dags/example_subdag_operator.py
[2023-07-27T12:31:27.449+0000] {processor.py:826} INFO - Processing file /home/airflow/.local/lib/python3.7/site-packages/airflow/example_dags/example_subdag_operator.py for tasks to queue
[2023-07-27T12:31:27.451+0000] {logging_mixin.py:149} INFO - [2023-07-27T12:31:27.451+0000] {dagbag.py:541} INFO - Filling up the DagBag from /home/airflow/.local/lib/python3.7/site-packages/airflow/example_dags/example_subdag_operator.py
[2023-07-27T12:31:27.526+0000] {processor.py:836} INFO - DAG(s) dict_keys(['example_subdag_operator.section-1', 'example_subdag_operator.section-2', 'example_subdag_operator']) retrieved from /home/airflow/.local/lib/python3.7/site-packages/airflow/example_dags/example_subdag_operator.py
[2023-07-27T12:31:27.568+0000] {logging_mixin.py:149} INFO - [2023-07-27T12:31:27.568+0000] {dag.py:2726} INFO - Sync 3 DAGs
[2023-07-27T12:31:27.629+0000] {logging_mixin.py:149} INFO - [2023-07-27T12:31:27.628+0000] {dag.py:3490} INFO - Setting next_dagrun for example_subdag_operator to 2022-01-01T00:00:00+00:00, run_after=2022-01-01T00:00:00+00:00
[2023-07-27T12:31:27.642+0000] {logging_mixin.py:149} INFO - [2023-07-27T12:31:27.641+0000] {dag.py:3490} INFO - Setting next_dagrun for example_subdag_operator.section-1 to None, run_after=None
[2023-07-27T12:31:27.646+0000] {logging_mixin.py:149} INFO - [2023-07-27T12:31:27.645+0000] {dag.py:3490} INFO - Setting next_dagrun for example_subdag_operator.section-2 to None, run_after=None
[2023-07-27T12:31:27.665+0000] {logging_mixin.py:149} INFO - [2023-07-27T12:31:27.664+0000] {dag.py:2726} INFO - Sync 2 DAGs
[2023-07-27T12:31:27.711+0000] {logging_mixin.py:149} INFO - [2023-07-27T12:31:27.711+0000] {dag.py:3490} INFO - Setting next_dagrun for example_subdag_operator.section-1 to None, run_after=None
[2023-07-27T12:31:27.713+0000] {logging_mixin.py:149} INFO - [2023-07-27T12:31:27.713+0000] {dag.py:3490} INFO - Setting next_dagrun for example_subdag_operator.section-2 to None, run_after=None
[2023-07-27T12:31:27.738+0000] {processor.py:179} INFO - Processing /home/airflow/.local/lib/python3.7/site-packages/airflow/example_dags/example_subdag_operator.py took 0.316 seconds
[2023-07-27T12:31:58.464+0000] {processor.py:157} INFO - Started process (PID=1449) to work on /home/airflow/.local/lib/python3.7/site-packages/airflow/example_dags/example_subdag_operator.py
[2023-07-27T12:31:58.467+0000] {processor.py:826} INFO - Processing file /home/airflow/.local/lib/python3.7/site-packages/airflow/example_dags/example_subdag_operator.py for tasks to queue
[2023-07-27T12:31:58.471+0000] {logging_mixin.py:149} INFO - [2023-07-27T12:31:58.471+0000] {dagbag.py:541} INFO - Filling up the DagBag from /home/airflow/.local/lib/python3.7/site-packages/airflow/example_dags/example_subdag_operator.py
[2023-07-27T12:31:58.551+0000] {processor.py:836} INFO - DAG(s) dict_keys(['example_subdag_operator.section-1', 'example_subdag_operator.section-2', 'example_subdag_operator']) retrieved from /home/airflow/.local/lib/python3.7/site-packages/airflow/example_dags/example_subdag_operator.py
[2023-07-27T12:31:58.613+0000] {logging_mixin.py:149} INFO - [2023-07-27T12:31:58.613+0000] {dag.py:2726} INFO - Sync 3 DAGs
[2023-07-27T12:31:58.690+0000] {logging_mixin.py:149} INFO - [2023-07-27T12:31:58.689+0000] {dag.py:3490} INFO - Setting next_dagrun for example_subdag_operator to 2022-01-01T00:00:00+00:00, run_after=2022-01-01T00:00:00+00:00
[2023-07-27T12:31:58.700+0000] {logging_mixin.py:149} INFO - [2023-07-27T12:31:58.699+0000] {dag.py:3490} INFO - Setting next_dagrun for example_subdag_operator.section-1 to None, run_after=None
[2023-07-27T12:31:58.705+0000] {logging_mixin.py:149} INFO - [2023-07-27T12:31:58.704+0000] {dag.py:3490} INFO - Setting next_dagrun for example_subdag_operator.section-2 to None, run_after=None
[2023-07-27T12:31:58.727+0000] {logging_mixin.py:149} INFO - [2023-07-27T12:31:58.727+0000] {dag.py:2726} INFO - Sync 2 DAGs
[2023-07-27T12:31:58.750+0000] {logging_mixin.py:149} INFO - [2023-07-27T12:31:58.747+0000] {dag.py:3490} INFO - Setting next_dagrun for example_subdag_operator.section-1 to None, run_after=None
[2023-07-27T12:31:58.758+0000] {logging_mixin.py:149} INFO - [2023-07-27T12:31:58.758+0000] {dag.py:3490} INFO - Setting next_dagrun for example_subdag_operator.section-2 to None, run_after=None
[2023-07-27T12:31:58.787+0000] {processor.py:179} INFO - Processing /home/airflow/.local/lib/python3.7/site-packages/airflow/example_dags/example_subdag_operator.py took 0.335 seconds
[2023-07-27T12:32:30.135+0000] {processor.py:157} INFO - Started process (PID=1505) to work on /home/airflow/.local/lib/python3.7/site-packages/airflow/example_dags/example_subdag_operator.py
[2023-07-27T12:32:30.144+0000] {processor.py:826} INFO - Processing file /home/airflow/.local/lib/python3.7/site-packages/airflow/example_dags/example_subdag_operator.py for tasks to queue
[2023-07-27T12:32:30.147+0000] {logging_mixin.py:149} INFO - [2023-07-27T12:32:30.147+0000] {dagbag.py:541} INFO - Filling up the DagBag from /home/airflow/.local/lib/python3.7/site-packages/airflow/example_dags/example_subdag_operator.py
[2023-07-27T12:32:30.280+0000] {processor.py:836} INFO - DAG(s) dict_keys(['example_subdag_operator.section-1', 'example_subdag_operator.section-2', 'example_subdag_operator']) retrieved from /home/airflow/.local/lib/python3.7/site-packages/airflow/example_dags/example_subdag_operator.py
[2023-07-27T12:32:30.343+0000] {logging_mixin.py:149} INFO - [2023-07-27T12:32:30.343+0000] {dag.py:2726} INFO - Sync 3 DAGs
[2023-07-27T12:32:30.423+0000] {logging_mixin.py:149} INFO - [2023-07-27T12:32:30.422+0000] {dag.py:3490} INFO - Setting next_dagrun for example_subdag_operator to 2022-01-01T00:00:00+00:00, run_after=2022-01-01T00:00:00+00:00
[2023-07-27T12:32:30.434+0000] {logging_mixin.py:149} INFO - [2023-07-27T12:32:30.434+0000] {dag.py:3490} INFO - Setting next_dagrun for example_subdag_operator.section-1 to None, run_after=None
[2023-07-27T12:32:30.439+0000] {logging_mixin.py:149} INFO - [2023-07-27T12:32:30.439+0000] {dag.py:3490} INFO - Setting next_dagrun for example_subdag_operator.section-2 to None, run_after=None
[2023-07-27T12:32:30.465+0000] {logging_mixin.py:149} INFO - [2023-07-27T12:32:30.464+0000] {dag.py:2726} INFO - Sync 2 DAGs
[2023-07-27T12:32:30.483+0000] {logging_mixin.py:149} INFO - [2023-07-27T12:32:30.482+0000] {dag.py:3490} INFO - Setting next_dagrun for example_subdag_operator.section-1 to None, run_after=None
[2023-07-27T12:32:30.485+0000] {logging_mixin.py:149} INFO - [2023-07-27T12:32:30.485+0000] {dag.py:3490} INFO - Setting next_dagrun for example_subdag_operator.section-2 to None, run_after=None
[2023-07-27T12:32:30.523+0000] {processor.py:179} INFO - Processing /home/airflow/.local/lib/python3.7/site-packages/airflow/example_dags/example_subdag_operator.py took 0.404 seconds
[2023-07-27T12:33:01.229+0000] {processor.py:157} INFO - Started process (PID=1562) to work on /home/airflow/.local/lib/python3.7/site-packages/airflow/example_dags/example_subdag_operator.py
[2023-07-27T12:33:01.327+0000] {processor.py:826} INFO - Processing file /home/airflow/.local/lib/python3.7/site-packages/airflow/example_dags/example_subdag_operator.py for tasks to queue
[2023-07-27T12:33:01.353+0000] {logging_mixin.py:149} INFO - [2023-07-27T12:33:01.352+0000] {dagbag.py:541} INFO - Filling up the DagBag from /home/airflow/.local/lib/python3.7/site-packages/airflow/example_dags/example_subdag_operator.py
[2023-07-27T12:33:02.372+0000] {processor.py:836} INFO - DAG(s) dict_keys(['example_subdag_operator.section-1', 'example_subdag_operator.section-2', 'example_subdag_operator']) retrieved from /home/airflow/.local/lib/python3.7/site-packages/airflow/example_dags/example_subdag_operator.py
[2023-07-27T12:33:02.533+0000] {logging_mixin.py:149} INFO - [2023-07-27T12:33:02.533+0000] {dag.py:2726} INFO - Sync 3 DAGs
[2023-07-27T12:33:02.708+0000] {logging_mixin.py:149} INFO - [2023-07-27T12:33:02.707+0000] {dag.py:3490} INFO - Setting next_dagrun for example_subdag_operator to 2022-01-01T00:00:00+00:00, run_after=2022-01-01T00:00:00+00:00
[2023-07-27T12:33:02.737+0000] {logging_mixin.py:149} INFO - [2023-07-27T12:33:02.737+0000] {dag.py:3490} INFO - Setting next_dagrun for example_subdag_operator.section-1 to None, run_after=None
[2023-07-27T12:33:02.749+0000] {logging_mixin.py:149} INFO - [2023-07-27T12:33:02.749+0000] {dag.py:3490} INFO - Setting next_dagrun for example_subdag_operator.section-2 to None, run_after=None
[2023-07-27T12:33:02.794+0000] {logging_mixin.py:149} INFO - [2023-07-27T12:33:02.794+0000] {dag.py:2726} INFO - Sync 2 DAGs
[2023-07-27T12:33:02.826+0000] {logging_mixin.py:149} INFO - [2023-07-27T12:33:02.826+0000] {dag.py:3490} INFO - Setting next_dagrun for example_subdag_operator.section-1 to None, run_after=None
[2023-07-27T12:33:02.837+0000] {logging_mixin.py:149} INFO - [2023-07-27T12:33:02.837+0000] {dag.py:3490} INFO - Setting next_dagrun for example_subdag_operator.section-2 to None, run_after=None
[2023-07-27T12:33:02.939+0000] {processor.py:179} INFO - Processing /home/airflow/.local/lib/python3.7/site-packages/airflow/example_dags/example_subdag_operator.py took 1.768 seconds
[2023-07-27T12:33:33.284+0000] {processor.py:157} INFO - Started process (PID=1620) to work on /home/airflow/.local/lib/python3.7/site-packages/airflow/example_dags/example_subdag_operator.py
[2023-07-27T12:33:33.288+0000] {processor.py:826} INFO - Processing file /home/airflow/.local/lib/python3.7/site-packages/airflow/example_dags/example_subdag_operator.py for tasks to queue
[2023-07-27T12:33:33.290+0000] {logging_mixin.py:149} INFO - [2023-07-27T12:33:33.290+0000] {dagbag.py:541} INFO - Filling up the DagBag from /home/airflow/.local/lib/python3.7/site-packages/airflow/example_dags/example_subdag_operator.py
[2023-07-27T12:33:33.357+0000] {processor.py:836} INFO - DAG(s) dict_keys(['example_subdag_operator.section-1', 'example_subdag_operator.section-2', 'example_subdag_operator']) retrieved from /home/airflow/.local/lib/python3.7/site-packages/airflow/example_dags/example_subdag_operator.py
[2023-07-27T12:33:33.410+0000] {logging_mixin.py:149} INFO - [2023-07-27T12:33:33.410+0000] {dag.py:2726} INFO - Sync 3 DAGs
[2023-07-27T12:33:33.514+0000] {logging_mixin.py:149} INFO - [2023-07-27T12:33:33.513+0000] {dag.py:3490} INFO - Setting next_dagrun for example_subdag_operator to 2022-01-01T00:00:00+00:00, run_after=2022-01-01T00:00:00+00:00
[2023-07-27T12:33:33.532+0000] {logging_mixin.py:149} INFO - [2023-07-27T12:33:33.532+0000] {dag.py:3490} INFO - Setting next_dagrun for example_subdag_operator.section-1 to None, run_after=None
[2023-07-27T12:33:33.537+0000] {logging_mixin.py:149} INFO - [2023-07-27T12:33:33.536+0000] {dag.py:3490} INFO - Setting next_dagrun for example_subdag_operator.section-2 to None, run_after=None
[2023-07-27T12:33:33.563+0000] {logging_mixin.py:149} INFO - [2023-07-27T12:33:33.563+0000] {dag.py:2726} INFO - Sync 2 DAGs
[2023-07-27T12:33:33.587+0000] {logging_mixin.py:149} INFO - [2023-07-27T12:33:33.587+0000] {dag.py:3490} INFO - Setting next_dagrun for example_subdag_operator.section-1 to None, run_after=None
[2023-07-27T12:33:33.591+0000] {logging_mixin.py:149} INFO - [2023-07-27T12:33:33.591+0000] {dag.py:3490} INFO - Setting next_dagrun for example_subdag_operator.section-2 to None, run_after=None
[2023-07-27T12:33:33.631+0000] {processor.py:179} INFO - Processing /home/airflow/.local/lib/python3.7/site-packages/airflow/example_dags/example_subdag_operator.py took 0.367 seconds
[2023-07-27T12:34:03.842+0000] {processor.py:157} INFO - Started process (PID=1678) to work on /home/airflow/.local/lib/python3.7/site-packages/airflow/example_dags/example_subdag_operator.py
[2023-07-27T12:34:03.851+0000] {processor.py:826} INFO - Processing file /home/airflow/.local/lib/python3.7/site-packages/airflow/example_dags/example_subdag_operator.py for tasks to queue
[2023-07-27T12:34:03.859+0000] {logging_mixin.py:149} INFO - [2023-07-27T12:34:03.858+0000] {dagbag.py:541} INFO - Filling up the DagBag from /home/airflow/.local/lib/python3.7/site-packages/airflow/example_dags/example_subdag_operator.py
[2023-07-27T12:34:04.185+0000] {processor.py:836} INFO - DAG(s) dict_keys(['example_subdag_operator.section-1', 'example_subdag_operator.section-2', 'example_subdag_operator']) retrieved from /home/airflow/.local/lib/python3.7/site-packages/airflow/example_dags/example_subdag_operator.py
[2023-07-27T12:34:04.271+0000] {logging_mixin.py:149} INFO - [2023-07-27T12:34:04.271+0000] {dag.py:2726} INFO - Sync 3 DAGs
[2023-07-27T12:34:04.452+0000] {logging_mixin.py:149} INFO - [2023-07-27T12:34:04.451+0000] {dag.py:3490} INFO - Setting next_dagrun for example_subdag_operator to 2022-01-01T00:00:00+00:00, run_after=2022-01-01T00:00:00+00:00
[2023-07-27T12:34:04.482+0000] {logging_mixin.py:149} INFO - [2023-07-27T12:34:04.481+0000] {dag.py:3490} INFO - Setting next_dagrun for example_subdag_operator.section-1 to None, run_after=None
[2023-07-27T12:34:04.492+0000] {logging_mixin.py:149} INFO - [2023-07-27T12:34:04.492+0000] {dag.py:3490} INFO - Setting next_dagrun for example_subdag_operator.section-2 to None, run_after=None
[2023-07-27T12:34:04.522+0000] {logging_mixin.py:149} INFO - [2023-07-27T12:34:04.522+0000] {dag.py:2726} INFO - Sync 2 DAGs
[2023-07-27T12:34:04.546+0000] {logging_mixin.py:149} INFO - [2023-07-27T12:34:04.545+0000] {dag.py:3490} INFO - Setting next_dagrun for example_subdag_operator.section-1 to None, run_after=None
[2023-07-27T12:34:04.558+0000] {logging_mixin.py:149} INFO - [2023-07-27T12:34:04.557+0000] {dag.py:3490} INFO - Setting next_dagrun for example_subdag_operator.section-2 to None, run_after=None
[2023-07-27T12:34:04.622+0000] {processor.py:179} INFO - Processing /home/airflow/.local/lib/python3.7/site-packages/airflow/example_dags/example_subdag_operator.py took 0.819 seconds
[2023-07-27T12:34:34.864+0000] {processor.py:157} INFO - Started process (PID=1737) to work on /home/airflow/.local/lib/python3.7/site-packages/airflow/example_dags/example_subdag_operator.py
[2023-07-27T12:34:34.870+0000] {processor.py:826} INFO - Processing file /home/airflow/.local/lib/python3.7/site-packages/airflow/example_dags/example_subdag_operator.py for tasks to queue
[2023-07-27T12:34:34.873+0000] {logging_mixin.py:149} INFO - [2023-07-27T12:34:34.872+0000] {dagbag.py:541} INFO - Filling up the DagBag from /home/airflow/.local/lib/python3.7/site-packages/airflow/example_dags/example_subdag_operator.py
[2023-07-27T12:34:34.945+0000] {processor.py:836} INFO - DAG(s) dict_keys(['example_subdag_operator.section-1', 'example_subdag_operator.section-2', 'example_subdag_operator']) retrieved from /home/airflow/.local/lib/python3.7/site-packages/airflow/example_dags/example_subdag_operator.py
[2023-07-27T12:34:35.014+0000] {logging_mixin.py:149} INFO - [2023-07-27T12:34:35.013+0000] {dag.py:2726} INFO - Sync 3 DAGs
[2023-07-27T12:34:35.086+0000] {logging_mixin.py:149} INFO - [2023-07-27T12:34:35.085+0000] {dag.py:3490} INFO - Setting next_dagrun for example_subdag_operator to 2022-01-01T00:00:00+00:00, run_after=2022-01-01T00:00:00+00:00
[2023-07-27T12:34:35.107+0000] {logging_mixin.py:149} INFO - [2023-07-27T12:34:35.106+0000] {dag.py:3490} INFO - Setting next_dagrun for example_subdag_operator.section-1 to None, run_after=None
[2023-07-27T12:34:35.110+0000] {logging_mixin.py:149} INFO - [2023-07-27T12:34:35.110+0000] {dag.py:3490} INFO - Setting next_dagrun for example_subdag_operator.section-2 to None, run_after=None
[2023-07-27T12:34:35.129+0000] {logging_mixin.py:149} INFO - [2023-07-27T12:34:35.129+0000] {dag.py:2726} INFO - Sync 2 DAGs
[2023-07-27T12:34:35.141+0000] {logging_mixin.py:149} INFO - [2023-07-27T12:34:35.141+0000] {dag.py:3490} INFO - Setting next_dagrun for example_subdag_operator.section-1 to None, run_after=None
[2023-07-27T12:34:35.144+0000] {logging_mixin.py:149} INFO - [2023-07-27T12:34:35.143+0000] {dag.py:3490} INFO - Setting next_dagrun for example_subdag_operator.section-2 to None, run_after=None
[2023-07-27T12:34:35.177+0000] {processor.py:179} INFO - Processing /home/airflow/.local/lib/python3.7/site-packages/airflow/example_dags/example_subdag_operator.py took 0.324 seconds
[2023-07-27T12:35:05.621+0000] {processor.py:157} INFO - Started process (PID=1795) to work on /home/airflow/.local/lib/python3.7/site-packages/airflow/example_dags/example_subdag_operator.py
[2023-07-27T12:35:05.632+0000] {processor.py:826} INFO - Processing file /home/airflow/.local/lib/python3.7/site-packages/airflow/example_dags/example_subdag_operator.py for tasks to queue
[2023-07-27T12:35:05.640+0000] {logging_mixin.py:149} INFO - [2023-07-27T12:35:05.640+0000] {dagbag.py:541} INFO - Filling up the DagBag from /home/airflow/.local/lib/python3.7/site-packages/airflow/example_dags/example_subdag_operator.py
[2023-07-27T12:35:05.810+0000] {processor.py:836} INFO - DAG(s) dict_keys(['example_subdag_operator.section-1', 'example_subdag_operator.section-2', 'example_subdag_operator']) retrieved from /home/airflow/.local/lib/python3.7/site-packages/airflow/example_dags/example_subdag_operator.py
[2023-07-27T12:35:05.885+0000] {logging_mixin.py:149} INFO - [2023-07-27T12:35:05.885+0000] {dag.py:2726} INFO - Sync 3 DAGs
[2023-07-27T12:35:05.954+0000] {logging_mixin.py:149} INFO - [2023-07-27T12:35:05.953+0000] {dag.py:3490} INFO - Setting next_dagrun for example_subdag_operator to 2022-01-01T00:00:00+00:00, run_after=2022-01-01T00:00:00+00:00
[2023-07-27T12:35:05.966+0000] {logging_mixin.py:149} INFO - [2023-07-27T12:35:05.965+0000] {dag.py:3490} INFO - Setting next_dagrun for example_subdag_operator.section-1 to None, run_after=None
[2023-07-27T12:35:05.985+0000] {logging_mixin.py:149} INFO - [2023-07-27T12:35:05.982+0000] {dag.py:3490} INFO - Setting next_dagrun for example_subdag_operator.section-2 to None, run_after=None
[2023-07-27T12:35:06.045+0000] {logging_mixin.py:149} INFO - [2023-07-27T12:35:06.045+0000] {dag.py:2726} INFO - Sync 2 DAGs
[2023-07-27T12:35:06.069+0000] {logging_mixin.py:149} INFO - [2023-07-27T12:35:06.068+0000] {dag.py:3490} INFO - Setting next_dagrun for example_subdag_operator.section-1 to None, run_after=None
[2023-07-27T12:35:06.071+0000] {logging_mixin.py:149} INFO - [2023-07-27T12:35:06.071+0000] {dag.py:3490} INFO - Setting next_dagrun for example_subdag_operator.section-2 to None, run_after=None
[2023-07-27T12:35:06.111+0000] {processor.py:179} INFO - Processing /home/airflow/.local/lib/python3.7/site-packages/airflow/example_dags/example_subdag_operator.py took 0.505 seconds
[2023-07-27T12:35:36.256+0000] {processor.py:157} INFO - Started process (PID=1853) to work on /home/airflow/.local/lib/python3.7/site-packages/airflow/example_dags/example_subdag_operator.py
[2023-07-27T12:35:36.269+0000] {processor.py:826} INFO - Processing file /home/airflow/.local/lib/python3.7/site-packages/airflow/example_dags/example_subdag_operator.py for tasks to queue
[2023-07-27T12:35:36.280+0000] {logging_mixin.py:149} INFO - [2023-07-27T12:35:36.280+0000] {dagbag.py:541} INFO - Filling up the DagBag from /home/airflow/.local/lib/python3.7/site-packages/airflow/example_dags/example_subdag_operator.py
[2023-07-27T12:35:36.356+0000] {processor.py:836} INFO - DAG(s) dict_keys(['example_subdag_operator.section-1', 'example_subdag_operator.section-2', 'example_subdag_operator']) retrieved from /home/airflow/.local/lib/python3.7/site-packages/airflow/example_dags/example_subdag_operator.py
[2023-07-27T12:35:36.426+0000] {logging_mixin.py:149} INFO - [2023-07-27T12:35:36.426+0000] {dag.py:2726} INFO - Sync 3 DAGs
[2023-07-27T12:35:36.524+0000] {logging_mixin.py:149} INFO - [2023-07-27T12:35:36.524+0000] {dag.py:3490} INFO - Setting next_dagrun for example_subdag_operator to 2022-01-01T00:00:00+00:00, run_after=2022-01-01T00:00:00+00:00
[2023-07-27T12:35:36.533+0000] {logging_mixin.py:149} INFO - [2023-07-27T12:35:36.533+0000] {dag.py:3490} INFO - Setting next_dagrun for example_subdag_operator.section-1 to None, run_after=None
[2023-07-27T12:35:36.539+0000] {logging_mixin.py:149} INFO - [2023-07-27T12:35:36.539+0000] {dag.py:3490} INFO - Setting next_dagrun for example_subdag_operator.section-2 to None, run_after=None
[2023-07-27T12:35:36.564+0000] {logging_mixin.py:149} INFO - [2023-07-27T12:35:36.563+0000] {dag.py:2726} INFO - Sync 2 DAGs
[2023-07-27T12:35:36.577+0000] {logging_mixin.py:149} INFO - [2023-07-27T12:35:36.577+0000] {dag.py:3490} INFO - Setting next_dagrun for example_subdag_operator.section-1 to None, run_after=None
[2023-07-27T12:35:36.579+0000] {logging_mixin.py:149} INFO - [2023-07-27T12:35:36.579+0000] {dag.py:3490} INFO - Setting next_dagrun for example_subdag_operator.section-2 to None, run_after=None
[2023-07-27T12:35:36.617+0000] {processor.py:179} INFO - Processing /home/airflow/.local/lib/python3.7/site-packages/airflow/example_dags/example_subdag_operator.py took 0.377 seconds
[2023-07-27T12:36:07.313+0000] {processor.py:157} INFO - Started process (PID=1911) to work on /home/airflow/.local/lib/python3.7/site-packages/airflow/example_dags/example_subdag_operator.py
[2023-07-27T12:36:07.327+0000] {processor.py:826} INFO - Processing file /home/airflow/.local/lib/python3.7/site-packages/airflow/example_dags/example_subdag_operator.py for tasks to queue
[2023-07-27T12:36:07.334+0000] {logging_mixin.py:149} INFO - [2023-07-27T12:36:07.332+0000] {dagbag.py:541} INFO - Filling up the DagBag from /home/airflow/.local/lib/python3.7/site-packages/airflow/example_dags/example_subdag_operator.py
[2023-07-27T12:36:07.445+0000] {processor.py:836} INFO - DAG(s) dict_keys(['example_subdag_operator.section-1', 'example_subdag_operator.section-2', 'example_subdag_operator']) retrieved from /home/airflow/.local/lib/python3.7/site-packages/airflow/example_dags/example_subdag_operator.py
[2023-07-27T12:36:07.535+0000] {logging_mixin.py:149} INFO - [2023-07-27T12:36:07.534+0000] {dag.py:2726} INFO - Sync 3 DAGs
[2023-07-27T12:36:07.693+0000] {logging_mixin.py:149} INFO - [2023-07-27T12:36:07.693+0000] {dag.py:3490} INFO - Setting next_dagrun for example_subdag_operator to 2022-01-01T00:00:00+00:00, run_after=2022-01-01T00:00:00+00:00
[2023-07-27T12:36:07.714+0000] {logging_mixin.py:149} INFO - [2023-07-27T12:36:07.714+0000] {dag.py:3490} INFO - Setting next_dagrun for example_subdag_operator.section-1 to None, run_after=None
[2023-07-27T12:36:07.726+0000] {logging_mixin.py:149} INFO - [2023-07-27T12:36:07.724+0000] {dag.py:3490} INFO - Setting next_dagrun for example_subdag_operator.section-2 to None, run_after=None
[2023-07-27T12:36:07.757+0000] {logging_mixin.py:149} INFO - [2023-07-27T12:36:07.757+0000] {dag.py:2726} INFO - Sync 2 DAGs
[2023-07-27T12:36:07.794+0000] {logging_mixin.py:149} INFO - [2023-07-27T12:36:07.793+0000] {dag.py:3490} INFO - Setting next_dagrun for example_subdag_operator.section-1 to None, run_after=None
[2023-07-27T12:36:07.797+0000] {logging_mixin.py:149} INFO - [2023-07-27T12:36:07.796+0000] {dag.py:3490} INFO - Setting next_dagrun for example_subdag_operator.section-2 to None, run_after=None
[2023-07-27T12:36:07.878+0000] {processor.py:179} INFO - Processing /home/airflow/.local/lib/python3.7/site-packages/airflow/example_dags/example_subdag_operator.py took 0.588 seconds
[2023-07-27T12:36:38.597+0000] {processor.py:157} INFO - Started process (PID=1968) to work on /home/airflow/.local/lib/python3.7/site-packages/airflow/example_dags/example_subdag_operator.py
[2023-07-27T12:36:38.602+0000] {processor.py:826} INFO - Processing file /home/airflow/.local/lib/python3.7/site-packages/airflow/example_dags/example_subdag_operator.py for tasks to queue
[2023-07-27T12:36:38.608+0000] {logging_mixin.py:149} INFO - [2023-07-27T12:36:38.608+0000] {dagbag.py:541} INFO - Filling up the DagBag from /home/airflow/.local/lib/python3.7/site-packages/airflow/example_dags/example_subdag_operator.py
[2023-07-27T12:36:38.702+0000] {processor.py:836} INFO - DAG(s) dict_keys(['example_subdag_operator.section-1', 'example_subdag_operator.section-2', 'example_subdag_operator']) retrieved from /home/airflow/.local/lib/python3.7/site-packages/airflow/example_dags/example_subdag_operator.py
[2023-07-27T12:36:38.756+0000] {logging_mixin.py:149} INFO - [2023-07-27T12:36:38.756+0000] {dag.py:2726} INFO - Sync 3 DAGs
[2023-07-27T12:36:38.903+0000] {logging_mixin.py:149} INFO - [2023-07-27T12:36:38.903+0000] {dag.py:3490} INFO - Setting next_dagrun for example_subdag_operator to 2022-01-01T00:00:00+00:00, run_after=2022-01-01T00:00:00+00:00
[2023-07-27T12:36:38.921+0000] {logging_mixin.py:149} INFO - [2023-07-27T12:36:38.921+0000] {dag.py:3490} INFO - Setting next_dagrun for example_subdag_operator.section-1 to None, run_after=None
[2023-07-27T12:36:38.932+0000] {logging_mixin.py:149} INFO - [2023-07-27T12:36:38.931+0000] {dag.py:3490} INFO - Setting next_dagrun for example_subdag_operator.section-2 to None, run_after=None
[2023-07-27T12:36:38.983+0000] {logging_mixin.py:149} INFO - [2023-07-27T12:36:38.982+0000] {dag.py:2726} INFO - Sync 2 DAGs
[2023-07-27T12:36:39.064+0000] {logging_mixin.py:149} INFO - [2023-07-27T12:36:39.057+0000] {dag.py:3490} INFO - Setting next_dagrun for example_subdag_operator.section-1 to None, run_after=None
[2023-07-27T12:36:39.069+0000] {logging_mixin.py:149} INFO - [2023-07-27T12:36:39.069+0000] {dag.py:3490} INFO - Setting next_dagrun for example_subdag_operator.section-2 to None, run_after=None
[2023-07-27T12:36:39.170+0000] {processor.py:179} INFO - Processing /home/airflow/.local/lib/python3.7/site-packages/airflow/example_dags/example_subdag_operator.py took 0.582 seconds
[2023-07-27T12:37:09.442+0000] {processor.py:157} INFO - Started process (PID=2024) to work on /home/airflow/.local/lib/python3.7/site-packages/airflow/example_dags/example_subdag_operator.py
[2023-07-27T12:37:09.447+0000] {processor.py:826} INFO - Processing file /home/airflow/.local/lib/python3.7/site-packages/airflow/example_dags/example_subdag_operator.py for tasks to queue
[2023-07-27T12:37:09.451+0000] {logging_mixin.py:149} INFO - [2023-07-27T12:37:09.451+0000] {dagbag.py:541} INFO - Filling up the DagBag from /home/airflow/.local/lib/python3.7/site-packages/airflow/example_dags/example_subdag_operator.py
[2023-07-27T12:37:09.518+0000] {processor.py:836} INFO - DAG(s) dict_keys(['example_subdag_operator.section-1', 'example_subdag_operator.section-2', 'example_subdag_operator']) retrieved from /home/airflow/.local/lib/python3.7/site-packages/airflow/example_dags/example_subdag_operator.py
[2023-07-27T12:37:09.567+0000] {logging_mixin.py:149} INFO - [2023-07-27T12:37:09.567+0000] {dag.py:2726} INFO - Sync 3 DAGs
[2023-07-27T12:37:09.632+0000] {logging_mixin.py:149} INFO - [2023-07-27T12:37:09.632+0000] {dag.py:3490} INFO - Setting next_dagrun for example_subdag_operator to 2022-01-01T00:00:00+00:00, run_after=2022-01-01T00:00:00+00:00
[2023-07-27T12:37:09.655+0000] {logging_mixin.py:149} INFO - [2023-07-27T12:37:09.655+0000] {dag.py:3490} INFO - Setting next_dagrun for example_subdag_operator.section-1 to None, run_after=None
[2023-07-27T12:37:09.662+0000] {logging_mixin.py:149} INFO - [2023-07-27T12:37:09.661+0000] {dag.py:3490} INFO - Setting next_dagrun for example_subdag_operator.section-2 to None, run_after=None
[2023-07-27T12:37:09.686+0000] {logging_mixin.py:149} INFO - [2023-07-27T12:37:09.686+0000] {dag.py:2726} INFO - Sync 2 DAGs
[2023-07-27T12:37:09.703+0000] {logging_mixin.py:149} INFO - [2023-07-27T12:37:09.703+0000] {dag.py:3490} INFO - Setting next_dagrun for example_subdag_operator.section-1 to None, run_after=None
[2023-07-27T12:37:09.707+0000] {logging_mixin.py:149} INFO - [2023-07-27T12:37:09.706+0000] {dag.py:3490} INFO - Setting next_dagrun for example_subdag_operator.section-2 to None, run_after=None
[2023-07-27T12:37:09.733+0000] {processor.py:179} INFO - Processing /home/airflow/.local/lib/python3.7/site-packages/airflow/example_dags/example_subdag_operator.py took 0.297 seconds
[2023-07-27T12:37:41.038+0000] {processor.py:157} INFO - Started process (PID=2082) to work on /home/airflow/.local/lib/python3.7/site-packages/airflow/example_dags/example_subdag_operator.py
[2023-07-27T12:37:41.044+0000] {processor.py:826} INFO - Processing file /home/airflow/.local/lib/python3.7/site-packages/airflow/example_dags/example_subdag_operator.py for tasks to queue
[2023-07-27T12:37:41.047+0000] {logging_mixin.py:149} INFO - [2023-07-27T12:37:41.047+0000] {dagbag.py:541} INFO - Filling up the DagBag from /home/airflow/.local/lib/python3.7/site-packages/airflow/example_dags/example_subdag_operator.py
[2023-07-27T12:37:41.187+0000] {processor.py:836} INFO - DAG(s) dict_keys(['example_subdag_operator.section-1', 'example_subdag_operator.section-2', 'example_subdag_operator']) retrieved from /home/airflow/.local/lib/python3.7/site-packages/airflow/example_dags/example_subdag_operator.py
[2023-07-27T12:37:41.267+0000] {logging_mixin.py:149} INFO - [2023-07-27T12:37:41.267+0000] {dag.py:2726} INFO - Sync 3 DAGs
[2023-07-27T12:37:41.326+0000] {logging_mixin.py:149} INFO - [2023-07-27T12:37:41.325+0000] {dag.py:3490} INFO - Setting next_dagrun for example_subdag_operator to 2022-01-01T00:00:00+00:00, run_after=2022-01-01T00:00:00+00:00
[2023-07-27T12:37:41.337+0000] {logging_mixin.py:149} INFO - [2023-07-27T12:37:41.336+0000] {dag.py:3490} INFO - Setting next_dagrun for example_subdag_operator.section-1 to None, run_after=None
[2023-07-27T12:37:41.341+0000] {logging_mixin.py:149} INFO - [2023-07-27T12:37:41.340+0000] {dag.py:3490} INFO - Setting next_dagrun for example_subdag_operator.section-2 to None, run_after=None
[2023-07-27T12:37:41.362+0000] {logging_mixin.py:149} INFO - [2023-07-27T12:37:41.362+0000] {dag.py:2726} INFO - Sync 2 DAGs
[2023-07-27T12:37:41.392+0000] {logging_mixin.py:149} INFO - [2023-07-27T12:37:41.392+0000] {dag.py:3490} INFO - Setting next_dagrun for example_subdag_operator.section-1 to None, run_after=None
[2023-07-27T12:37:41.394+0000] {logging_mixin.py:149} INFO - [2023-07-27T12:37:41.394+0000] {dag.py:3490} INFO - Setting next_dagrun for example_subdag_operator.section-2 to None, run_after=None
[2023-07-27T12:37:41.443+0000] {processor.py:179} INFO - Processing /home/airflow/.local/lib/python3.7/site-packages/airflow/example_dags/example_subdag_operator.py took 0.422 seconds
[2023-07-27T12:38:11.655+0000] {processor.py:157} INFO - Started process (PID=2138) to work on /home/airflow/.local/lib/python3.7/site-packages/airflow/example_dags/example_subdag_operator.py
[2023-07-27T12:38:11.660+0000] {processor.py:826} INFO - Processing file /home/airflow/.local/lib/python3.7/site-packages/airflow/example_dags/example_subdag_operator.py for tasks to queue
[2023-07-27T12:38:11.664+0000] {logging_mixin.py:149} INFO - [2023-07-27T12:38:11.663+0000] {dagbag.py:541} INFO - Filling up the DagBag from /home/airflow/.local/lib/python3.7/site-packages/airflow/example_dags/example_subdag_operator.py
[2023-07-27T12:38:11.777+0000] {processor.py:836} INFO - DAG(s) dict_keys(['example_subdag_operator.section-1', 'example_subdag_operator.section-2', 'example_subdag_operator']) retrieved from /home/airflow/.local/lib/python3.7/site-packages/airflow/example_dags/example_subdag_operator.py
[2023-07-27T12:38:11.837+0000] {logging_mixin.py:149} INFO - [2023-07-27T12:38:11.836+0000] {dag.py:2726} INFO - Sync 3 DAGs
[2023-07-27T12:38:11.895+0000] {logging_mixin.py:149} INFO - [2023-07-27T12:38:11.894+0000] {dag.py:3490} INFO - Setting next_dagrun for example_subdag_operator to 2022-01-01T00:00:00+00:00, run_after=2022-01-01T00:00:00+00:00
[2023-07-27T12:38:11.904+0000] {logging_mixin.py:149} INFO - [2023-07-27T12:38:11.904+0000] {dag.py:3490} INFO - Setting next_dagrun for example_subdag_operator.section-1 to None, run_after=None
[2023-07-27T12:38:11.908+0000] {logging_mixin.py:149} INFO - [2023-07-27T12:38:11.908+0000] {dag.py:3490} INFO - Setting next_dagrun for example_subdag_operator.section-2 to None, run_after=None
[2023-07-27T12:38:11.942+0000] {logging_mixin.py:149} INFO - [2023-07-27T12:38:11.941+0000] {dag.py:2726} INFO - Sync 2 DAGs
[2023-07-27T12:38:12.017+0000] {logging_mixin.py:149} INFO - [2023-07-27T12:38:12.016+0000] {dag.py:3490} INFO - Setting next_dagrun for example_subdag_operator.section-1 to None, run_after=None
[2023-07-27T12:38:12.020+0000] {logging_mixin.py:149} INFO - [2023-07-27T12:38:12.020+0000] {dag.py:3490} INFO - Setting next_dagrun for example_subdag_operator.section-2 to None, run_after=None
[2023-07-27T12:38:12.073+0000] {processor.py:179} INFO - Processing /home/airflow/.local/lib/python3.7/site-packages/airflow/example_dags/example_subdag_operator.py took 0.425 seconds
[2023-07-27T12:38:42.277+0000] {processor.py:157} INFO - Started process (PID=2195) to work on /home/airflow/.local/lib/python3.7/site-packages/airflow/example_dags/example_subdag_operator.py
[2023-07-27T12:38:42.283+0000] {processor.py:826} INFO - Processing file /home/airflow/.local/lib/python3.7/site-packages/airflow/example_dags/example_subdag_operator.py for tasks to queue
[2023-07-27T12:38:42.286+0000] {logging_mixin.py:149} INFO - [2023-07-27T12:38:42.286+0000] {dagbag.py:541} INFO - Filling up the DagBag from /home/airflow/.local/lib/python3.7/site-packages/airflow/example_dags/example_subdag_operator.py
[2023-07-27T12:38:42.379+0000] {processor.py:836} INFO - DAG(s) dict_keys(['example_subdag_operator.section-1', 'example_subdag_operator.section-2', 'example_subdag_operator']) retrieved from /home/airflow/.local/lib/python3.7/site-packages/airflow/example_dags/example_subdag_operator.py
[2023-07-27T12:38:42.456+0000] {logging_mixin.py:149} INFO - [2023-07-27T12:38:42.455+0000] {dag.py:2726} INFO - Sync 3 DAGs
[2023-07-27T12:38:42.587+0000] {logging_mixin.py:149} INFO - [2023-07-27T12:38:42.586+0000] {dag.py:3490} INFO - Setting next_dagrun for example_subdag_operator to 2022-01-01T00:00:00+00:00, run_after=2022-01-01T00:00:00+00:00
[2023-07-27T12:38:42.601+0000] {logging_mixin.py:149} INFO - [2023-07-27T12:38:42.600+0000] {dag.py:3490} INFO - Setting next_dagrun for example_subdag_operator.section-1 to None, run_after=None
[2023-07-27T12:38:42.606+0000] {logging_mixin.py:149} INFO - [2023-07-27T12:38:42.606+0000] {dag.py:3490} INFO - Setting next_dagrun for example_subdag_operator.section-2 to None, run_after=None
[2023-07-27T12:38:42.633+0000] {logging_mixin.py:149} INFO - [2023-07-27T12:38:42.633+0000] {dag.py:2726} INFO - Sync 2 DAGs
[2023-07-27T12:38:42.707+0000] {logging_mixin.py:149} INFO - [2023-07-27T12:38:42.706+0000] {dag.py:3490} INFO - Setting next_dagrun for example_subdag_operator.section-1 to None, run_after=None
[2023-07-27T12:38:42.719+0000] {logging_mixin.py:149} INFO - [2023-07-27T12:38:42.716+0000] {dag.py:3490} INFO - Setting next_dagrun for example_subdag_operator.section-2 to None, run_after=None
[2023-07-27T12:38:42.863+0000] {processor.py:179} INFO - Processing /home/airflow/.local/lib/python3.7/site-packages/airflow/example_dags/example_subdag_operator.py took 0.605 seconds
[2023-07-27T12:39:13.324+0000] {processor.py:157} INFO - Started process (PID=2251) to work on /home/airflow/.local/lib/python3.7/site-packages/airflow/example_dags/example_subdag_operator.py
[2023-07-27T12:39:13.334+0000] {processor.py:826} INFO - Processing file /home/airflow/.local/lib/python3.7/site-packages/airflow/example_dags/example_subdag_operator.py for tasks to queue
[2023-07-27T12:39:13.339+0000] {logging_mixin.py:149} INFO - [2023-07-27T12:39:13.338+0000] {dagbag.py:541} INFO - Filling up the DagBag from /home/airflow/.local/lib/python3.7/site-packages/airflow/example_dags/example_subdag_operator.py
[2023-07-27T12:39:13.548+0000] {processor.py:836} INFO - DAG(s) dict_keys(['example_subdag_operator.section-1', 'example_subdag_operator.section-2', 'example_subdag_operator']) retrieved from /home/airflow/.local/lib/python3.7/site-packages/airflow/example_dags/example_subdag_operator.py
[2023-07-27T12:39:13.716+0000] {logging_mixin.py:149} INFO - [2023-07-27T12:39:13.716+0000] {dag.py:2726} INFO - Sync 3 DAGs
[2023-07-27T12:39:13.933+0000] {logging_mixin.py:149} INFO - [2023-07-27T12:39:13.933+0000] {dag.py:3490} INFO - Setting next_dagrun for example_subdag_operator to 2022-01-01T00:00:00+00:00, run_after=2022-01-01T00:00:00+00:00
[2023-07-27T12:39:13.964+0000] {logging_mixin.py:149} INFO - [2023-07-27T12:39:13.964+0000] {dag.py:3490} INFO - Setting next_dagrun for example_subdag_operator.section-1 to None, run_after=None
[2023-07-27T12:39:13.976+0000] {logging_mixin.py:149} INFO - [2023-07-27T12:39:13.975+0000] {dag.py:3490} INFO - Setting next_dagrun for example_subdag_operator.section-2 to None, run_after=None
[2023-07-27T12:39:14.020+0000] {logging_mixin.py:149} INFO - [2023-07-27T12:39:14.019+0000] {dag.py:2726} INFO - Sync 2 DAGs
[2023-07-27T12:39:14.512+0000] {logging_mixin.py:149} INFO - [2023-07-27T12:39:14.512+0000] {dag.py:3490} INFO - Setting next_dagrun for example_subdag_operator.section-1 to None, run_after=None
[2023-07-27T12:39:14.530+0000] {logging_mixin.py:149} INFO - [2023-07-27T12:39:14.530+0000] {dag.py:3490} INFO - Setting next_dagrun for example_subdag_operator.section-2 to None, run_after=None
[2023-07-27T12:39:14.948+0000] {processor.py:179} INFO - Processing /home/airflow/.local/lib/python3.7/site-packages/airflow/example_dags/example_subdag_operator.py took 1.737 seconds
