[2023-07-27T12:26:06.721+0000] {processor.py:157} INFO - Started process (PID=834) to work on /home/airflow/.local/lib/python3.7/site-packages/airflow/example_dags/example_params_trigger_ui.py
[2023-07-27T12:26:06.725+0000] {processor.py:826} INFO - Processing file /home/airflow/.local/lib/python3.7/site-packages/airflow/example_dags/example_params_trigger_ui.py for tasks to queue
[2023-07-27T12:26:06.739+0000] {logging_mixin.py:149} INFO - [2023-07-27T12:26:06.739+0000] {dagbag.py:541} INFO - Filling up the DagBag from /home/airflow/.local/lib/python3.7/site-packages/airflow/example_dags/example_params_trigger_ui.py
[2023-07-27T12:26:06.953+0000] {processor.py:836} INFO - DAG(s) dict_keys(['example_params_trigger_ui']) retrieved from /home/airflow/.local/lib/python3.7/site-packages/airflow/example_dags/example_params_trigger_ui.py
[2023-07-27T12:26:07.416+0000] {logging_mixin.py:149} INFO - [2023-07-27T12:26:07.416+0000] {dag.py:2726} INFO - Sync 1 DAGs
[2023-07-27T12:26:07.498+0000] {logging_mixin.py:149} INFO - [2023-07-27T12:26:07.498+0000] {dag.py:3490} INFO - Setting next_dagrun for example_params_trigger_ui to None, run_after=None
[2023-07-27T12:26:07.549+0000] {processor.py:179} INFO - Processing /home/airflow/.local/lib/python3.7/site-packages/airflow/example_dags/example_params_trigger_ui.py took 0.845 seconds
[2023-07-27T12:26:45.555+0000] {processor.py:157} INFO - Started process (PID=899) to work on /home/airflow/.local/lib/python3.7/site-packages/airflow/example_dags/example_params_trigger_ui.py
[2023-07-27T12:26:45.559+0000] {processor.py:826} INFO - Processing file /home/airflow/.local/lib/python3.7/site-packages/airflow/example_dags/example_params_trigger_ui.py for tasks to queue
[2023-07-27T12:26:45.570+0000] {logging_mixin.py:149} INFO - [2023-07-27T12:26:45.570+0000] {dagbag.py:541} INFO - Filling up the DagBag from /home/airflow/.local/lib/python3.7/site-packages/airflow/example_dags/example_params_trigger_ui.py
[2023-07-27T12:26:45.754+0000] {processor.py:836} INFO - DAG(s) dict_keys(['example_params_trigger_ui']) retrieved from /home/airflow/.local/lib/python3.7/site-packages/airflow/example_dags/example_params_trigger_ui.py
[2023-07-27T12:26:46.307+0000] {logging_mixin.py:149} INFO - [2023-07-27T12:26:46.307+0000] {dag.py:2726} INFO - Sync 1 DAGs
[2023-07-27T12:26:46.707+0000] {logging_mixin.py:149} INFO - [2023-07-27T12:26:46.707+0000] {dag.py:3490} INFO - Setting next_dagrun for example_params_trigger_ui to None, run_after=None
[2023-07-27T12:26:47.021+0000] {processor.py:179} INFO - Processing /home/airflow/.local/lib/python3.7/site-packages/airflow/example_dags/example_params_trigger_ui.py took 1.494 seconds
[2023-07-27T12:27:25.293+0000] {processor.py:157} INFO - Started process (PID=957) to work on /home/airflow/.local/lib/python3.7/site-packages/airflow/example_dags/example_params_trigger_ui.py
[2023-07-27T12:27:25.315+0000] {processor.py:826} INFO - Processing file /home/airflow/.local/lib/python3.7/site-packages/airflow/example_dags/example_params_trigger_ui.py for tasks to queue
[2023-07-27T12:27:25.336+0000] {logging_mixin.py:149} INFO - [2023-07-27T12:27:25.334+0000] {dagbag.py:541} INFO - Filling up the DagBag from /home/airflow/.local/lib/python3.7/site-packages/airflow/example_dags/example_params_trigger_ui.py
[2023-07-27T12:27:25.634+0000] {processor.py:836} INFO - DAG(s) dict_keys(['example_params_trigger_ui']) retrieved from /home/airflow/.local/lib/python3.7/site-packages/airflow/example_dags/example_params_trigger_ui.py
[2023-07-27T12:27:26.296+0000] {logging_mixin.py:149} INFO - [2023-07-27T12:27:26.295+0000] {dag.py:2726} INFO - Sync 1 DAGs
[2023-07-27T12:27:26.377+0000] {logging_mixin.py:149} INFO - [2023-07-27T12:27:26.376+0000] {dag.py:3490} INFO - Setting next_dagrun for example_params_trigger_ui to None, run_after=None
[2023-07-27T12:27:26.463+0000] {processor.py:179} INFO - Processing /home/airflow/.local/lib/python3.7/site-packages/airflow/example_dags/example_params_trigger_ui.py took 1.215 seconds
[2023-07-27T12:27:56.892+0000] {processor.py:157} INFO - Started process (PID=1013) to work on /home/airflow/.local/lib/python3.7/site-packages/airflow/example_dags/example_params_trigger_ui.py
[2023-07-27T12:27:56.900+0000] {processor.py:826} INFO - Processing file /home/airflow/.local/lib/python3.7/site-packages/airflow/example_dags/example_params_trigger_ui.py for tasks to queue
[2023-07-27T12:27:56.904+0000] {logging_mixin.py:149} INFO - [2023-07-27T12:27:56.904+0000] {dagbag.py:541} INFO - Filling up the DagBag from /home/airflow/.local/lib/python3.7/site-packages/airflow/example_dags/example_params_trigger_ui.py
[2023-07-27T12:27:57.063+0000] {processor.py:836} INFO - DAG(s) dict_keys(['example_params_trigger_ui']) retrieved from /home/airflow/.local/lib/python3.7/site-packages/airflow/example_dags/example_params_trigger_ui.py
[2023-07-27T12:27:57.781+0000] {logging_mixin.py:149} INFO - [2023-07-27T12:27:57.780+0000] {dag.py:2726} INFO - Sync 1 DAGs
[2023-07-27T12:27:57.940+0000] {logging_mixin.py:149} INFO - [2023-07-27T12:27:57.939+0000] {dag.py:3490} INFO - Setting next_dagrun for example_params_trigger_ui to None, run_after=None
[2023-07-27T12:27:58.089+0000] {processor.py:179} INFO - Processing /home/airflow/.local/lib/python3.7/site-packages/airflow/example_dags/example_params_trigger_ui.py took 1.222 seconds
[2023-07-27T12:28:28.259+0000] {processor.py:157} INFO - Started process (PID=1069) to work on /home/airflow/.local/lib/python3.7/site-packages/airflow/example_dags/example_params_trigger_ui.py
[2023-07-27T12:28:28.265+0000] {processor.py:826} INFO - Processing file /home/airflow/.local/lib/python3.7/site-packages/airflow/example_dags/example_params_trigger_ui.py for tasks to queue
[2023-07-27T12:28:28.270+0000] {logging_mixin.py:149} INFO - [2023-07-27T12:28:28.268+0000] {dagbag.py:541} INFO - Filling up the DagBag from /home/airflow/.local/lib/python3.7/site-packages/airflow/example_dags/example_params_trigger_ui.py
[2023-07-27T12:28:28.332+0000] {processor.py:836} INFO - DAG(s) dict_keys(['example_params_trigger_ui']) retrieved from /home/airflow/.local/lib/python3.7/site-packages/airflow/example_dags/example_params_trigger_ui.py
[2023-07-27T12:28:28.621+0000] {logging_mixin.py:149} INFO - [2023-07-27T12:28:28.621+0000] {dag.py:2726} INFO - Sync 1 DAGs
[2023-07-27T12:28:28.698+0000] {logging_mixin.py:149} INFO - [2023-07-27T12:28:28.698+0000] {dag.py:3490} INFO - Setting next_dagrun for example_params_trigger_ui to None, run_after=None
[2023-07-27T12:28:28.757+0000] {processor.py:179} INFO - Processing /home/airflow/.local/lib/python3.7/site-packages/airflow/example_dags/example_params_trigger_ui.py took 0.510 seconds
[2023-07-27T12:28:59.217+0000] {processor.py:157} INFO - Started process (PID=1127) to work on /home/airflow/.local/lib/python3.7/site-packages/airflow/example_dags/example_params_trigger_ui.py
[2023-07-27T12:28:59.223+0000] {processor.py:826} INFO - Processing file /home/airflow/.local/lib/python3.7/site-packages/airflow/example_dags/example_params_trigger_ui.py for tasks to queue
[2023-07-27T12:28:59.230+0000] {logging_mixin.py:149} INFO - [2023-07-27T12:28:59.229+0000] {dagbag.py:541} INFO - Filling up the DagBag from /home/airflow/.local/lib/python3.7/site-packages/airflow/example_dags/example_params_trigger_ui.py
[2023-07-27T12:28:59.314+0000] {processor.py:836} INFO - DAG(s) dict_keys(['example_params_trigger_ui']) retrieved from /home/airflow/.local/lib/python3.7/site-packages/airflow/example_dags/example_params_trigger_ui.py
[2023-07-27T12:28:59.598+0000] {logging_mixin.py:149} INFO - [2023-07-27T12:28:59.598+0000] {dag.py:2726} INFO - Sync 1 DAGs
[2023-07-27T12:28:59.665+0000] {logging_mixin.py:149} INFO - [2023-07-27T12:28:59.665+0000] {dag.py:3490} INFO - Setting next_dagrun for example_params_trigger_ui to None, run_after=None
[2023-07-27T12:28:59.726+0000] {processor.py:179} INFO - Processing /home/airflow/.local/lib/python3.7/site-packages/airflow/example_dags/example_params_trigger_ui.py took 0.521 seconds
[2023-07-27T12:29:30.057+0000] {processor.py:157} INFO - Started process (PID=1185) to work on /home/airflow/.local/lib/python3.7/site-packages/airflow/example_dags/example_params_trigger_ui.py
[2023-07-27T12:29:30.062+0000] {processor.py:826} INFO - Processing file /home/airflow/.local/lib/python3.7/site-packages/airflow/example_dags/example_params_trigger_ui.py for tasks to queue
[2023-07-27T12:29:30.065+0000] {logging_mixin.py:149} INFO - [2023-07-27T12:29:30.064+0000] {dagbag.py:541} INFO - Filling up the DagBag from /home/airflow/.local/lib/python3.7/site-packages/airflow/example_dags/example_params_trigger_ui.py
[2023-07-27T12:29:30.106+0000] {processor.py:836} INFO - DAG(s) dict_keys(['example_params_trigger_ui']) retrieved from /home/airflow/.local/lib/python3.7/site-packages/airflow/example_dags/example_params_trigger_ui.py
[2023-07-27T12:29:30.309+0000] {logging_mixin.py:149} INFO - [2023-07-27T12:29:30.308+0000] {dag.py:2726} INFO - Sync 1 DAGs
[2023-07-27T12:29:30.371+0000] {logging_mixin.py:149} INFO - [2023-07-27T12:29:30.370+0000] {dag.py:3490} INFO - Setting next_dagrun for example_params_trigger_ui to None, run_after=None
[2023-07-27T12:29:30.419+0000] {processor.py:179} INFO - Processing /home/airflow/.local/lib/python3.7/site-packages/airflow/example_dags/example_params_trigger_ui.py took 0.371 seconds
[2023-07-27T12:30:01.435+0000] {processor.py:157} INFO - Started process (PID=1243) to work on /home/airflow/.local/lib/python3.7/site-packages/airflow/example_dags/example_params_trigger_ui.py
[2023-07-27T12:30:01.442+0000] {processor.py:826} INFO - Processing file /home/airflow/.local/lib/python3.7/site-packages/airflow/example_dags/example_params_trigger_ui.py for tasks to queue
[2023-07-27T12:30:01.464+0000] {logging_mixin.py:149} INFO - [2023-07-27T12:30:01.462+0000] {dagbag.py:541} INFO - Filling up the DagBag from /home/airflow/.local/lib/python3.7/site-packages/airflow/example_dags/example_params_trigger_ui.py
[2023-07-27T12:30:01.674+0000] {processor.py:836} INFO - DAG(s) dict_keys(['example_params_trigger_ui']) retrieved from /home/airflow/.local/lib/python3.7/site-packages/airflow/example_dags/example_params_trigger_ui.py
[2023-07-27T12:30:02.241+0000] {logging_mixin.py:149} INFO - [2023-07-27T12:30:02.241+0000] {dag.py:2726} INFO - Sync 1 DAGs
[2023-07-27T12:30:02.365+0000] {logging_mixin.py:149} INFO - [2023-07-27T12:30:02.364+0000] {dag.py:3490} INFO - Setting next_dagrun for example_params_trigger_ui to None, run_after=None
[2023-07-27T12:30:02.431+0000] {processor.py:179} INFO - Processing /home/airflow/.local/lib/python3.7/site-packages/airflow/example_dags/example_params_trigger_ui.py took 1.030 seconds
[2023-07-27T12:30:34.565+0000] {processor.py:157} INFO - Started process (PID=1304) to work on /home/airflow/.local/lib/python3.7/site-packages/airflow/example_dags/example_params_trigger_ui.py
[2023-07-27T12:30:34.602+0000] {processor.py:826} INFO - Processing file /home/airflow/.local/lib/python3.7/site-packages/airflow/example_dags/example_params_trigger_ui.py for tasks to queue
[2023-07-27T12:30:34.609+0000] {logging_mixin.py:149} INFO - [2023-07-27T12:30:34.607+0000] {dagbag.py:541} INFO - Filling up the DagBag from /home/airflow/.local/lib/python3.7/site-packages/airflow/example_dags/example_params_trigger_ui.py
[2023-07-27T12:30:34.963+0000] {processor.py:836} INFO - DAG(s) dict_keys(['example_params_trigger_ui']) retrieved from /home/airflow/.local/lib/python3.7/site-packages/airflow/example_dags/example_params_trigger_ui.py
[2023-07-27T12:30:36.166+0000] {logging_mixin.py:149} INFO - [2023-07-27T12:30:36.165+0000] {dag.py:2726} INFO - Sync 1 DAGs
[2023-07-27T12:30:36.877+0000] {logging_mixin.py:149} INFO - [2023-07-27T12:30:36.876+0000] {dag.py:3490} INFO - Setting next_dagrun for example_params_trigger_ui to None, run_after=None
[2023-07-27T12:30:37.092+0000] {processor.py:179} INFO - Processing /home/airflow/.local/lib/python3.7/site-packages/airflow/example_dags/example_params_trigger_ui.py took 2.557 seconds
[2023-07-27T12:31:08.105+0000] {processor.py:157} INFO - Started process (PID=1363) to work on /home/airflow/.local/lib/python3.7/site-packages/airflow/example_dags/example_params_trigger_ui.py
[2023-07-27T12:31:08.113+0000] {processor.py:826} INFO - Processing file /home/airflow/.local/lib/python3.7/site-packages/airflow/example_dags/example_params_trigger_ui.py for tasks to queue
[2023-07-27T12:31:08.127+0000] {logging_mixin.py:149} INFO - [2023-07-27T12:31:08.127+0000] {dagbag.py:541} INFO - Filling up the DagBag from /home/airflow/.local/lib/python3.7/site-packages/airflow/example_dags/example_params_trigger_ui.py
[2023-07-27T12:31:08.226+0000] {processor.py:836} INFO - DAG(s) dict_keys(['example_params_trigger_ui']) retrieved from /home/airflow/.local/lib/python3.7/site-packages/airflow/example_dags/example_params_trigger_ui.py
[2023-07-27T12:31:08.467+0000] {logging_mixin.py:149} INFO - [2023-07-27T12:31:08.467+0000] {dag.py:2726} INFO - Sync 1 DAGs
[2023-07-27T12:31:08.516+0000] {logging_mixin.py:149} INFO - [2023-07-27T12:31:08.515+0000] {dag.py:3490} INFO - Setting next_dagrun for example_params_trigger_ui to None, run_after=None
[2023-07-27T12:31:08.554+0000] {processor.py:179} INFO - Processing /home/airflow/.local/lib/python3.7/site-packages/airflow/example_dags/example_params_trigger_ui.py took 0.460 seconds
[2023-07-27T12:31:38.689+0000] {processor.py:157} INFO - Started process (PID=1421) to work on /home/airflow/.local/lib/python3.7/site-packages/airflow/example_dags/example_params_trigger_ui.py
[2023-07-27T12:31:38.692+0000] {processor.py:826} INFO - Processing file /home/airflow/.local/lib/python3.7/site-packages/airflow/example_dags/example_params_trigger_ui.py for tasks to queue
[2023-07-27T12:31:38.696+0000] {logging_mixin.py:149} INFO - [2023-07-27T12:31:38.696+0000] {dagbag.py:541} INFO - Filling up the DagBag from /home/airflow/.local/lib/python3.7/site-packages/airflow/example_dags/example_params_trigger_ui.py
[2023-07-27T12:31:38.755+0000] {processor.py:836} INFO - DAG(s) dict_keys(['example_params_trigger_ui']) retrieved from /home/airflow/.local/lib/python3.7/site-packages/airflow/example_dags/example_params_trigger_ui.py
[2023-07-27T12:31:39.016+0000] {logging_mixin.py:149} INFO - [2023-07-27T12:31:39.016+0000] {dag.py:2726} INFO - Sync 1 DAGs
[2023-07-27T12:31:39.102+0000] {logging_mixin.py:149} INFO - [2023-07-27T12:31:39.101+0000] {dag.py:3490} INFO - Setting next_dagrun for example_params_trigger_ui to None, run_after=None
[2023-07-27T12:31:39.187+0000] {processor.py:179} INFO - Processing /home/airflow/.local/lib/python3.7/site-packages/airflow/example_dags/example_params_trigger_ui.py took 0.505 seconds
[2023-07-27T12:32:09.348+0000] {processor.py:157} INFO - Started process (PID=1479) to work on /home/airflow/.local/lib/python3.7/site-packages/airflow/example_dags/example_params_trigger_ui.py
[2023-07-27T12:32:09.354+0000] {processor.py:826} INFO - Processing file /home/airflow/.local/lib/python3.7/site-packages/airflow/example_dags/example_params_trigger_ui.py for tasks to queue
[2023-07-27T12:32:09.360+0000] {logging_mixin.py:149} INFO - [2023-07-27T12:32:09.360+0000] {dagbag.py:541} INFO - Filling up the DagBag from /home/airflow/.local/lib/python3.7/site-packages/airflow/example_dags/example_params_trigger_ui.py
[2023-07-27T12:32:09.456+0000] {processor.py:836} INFO - DAG(s) dict_keys(['example_params_trigger_ui']) retrieved from /home/airflow/.local/lib/python3.7/site-packages/airflow/example_dags/example_params_trigger_ui.py
[2023-07-27T12:32:09.722+0000] {logging_mixin.py:149} INFO - [2023-07-27T12:32:09.722+0000] {dag.py:2726} INFO - Sync 1 DAGs
[2023-07-27T12:32:09.806+0000] {logging_mixin.py:149} INFO - [2023-07-27T12:32:09.800+0000] {dag.py:3490} INFO - Setting next_dagrun for example_params_trigger_ui to None, run_after=None
[2023-07-27T12:32:10.027+0000] {processor.py:179} INFO - Processing /home/airflow/.local/lib/python3.7/site-packages/airflow/example_dags/example_params_trigger_ui.py took 0.705 seconds
[2023-07-27T12:32:40.271+0000] {processor.py:157} INFO - Started process (PID=1536) to work on /home/airflow/.local/lib/python3.7/site-packages/airflow/example_dags/example_params_trigger_ui.py
[2023-07-27T12:32:40.275+0000] {processor.py:826} INFO - Processing file /home/airflow/.local/lib/python3.7/site-packages/airflow/example_dags/example_params_trigger_ui.py for tasks to queue
[2023-07-27T12:32:40.279+0000] {logging_mixin.py:149} INFO - [2023-07-27T12:32:40.278+0000] {dagbag.py:541} INFO - Filling up the DagBag from /home/airflow/.local/lib/python3.7/site-packages/airflow/example_dags/example_params_trigger_ui.py
[2023-07-27T12:32:40.322+0000] {processor.py:836} INFO - DAG(s) dict_keys(['example_params_trigger_ui']) retrieved from /home/airflow/.local/lib/python3.7/site-packages/airflow/example_dags/example_params_trigger_ui.py
[2023-07-27T12:32:40.521+0000] {logging_mixin.py:149} INFO - [2023-07-27T12:32:40.521+0000] {dag.py:2726} INFO - Sync 1 DAGs
[2023-07-27T12:32:40.580+0000] {logging_mixin.py:149} INFO - [2023-07-27T12:32:40.579+0000] {dag.py:3490} INFO - Setting next_dagrun for example_params_trigger_ui to None, run_after=None
[2023-07-27T12:32:40.635+0000] {processor.py:179} INFO - Processing /home/airflow/.local/lib/python3.7/site-packages/airflow/example_dags/example_params_trigger_ui.py took 0.370 seconds
[2023-07-27T12:33:13.044+0000] {processor.py:157} INFO - Started process (PID=1592) to work on /home/airflow/.local/lib/python3.7/site-packages/airflow/example_dags/example_params_trigger_ui.py
[2023-07-27T12:33:13.048+0000] {processor.py:826} INFO - Processing file /home/airflow/.local/lib/python3.7/site-packages/airflow/example_dags/example_params_trigger_ui.py for tasks to queue
[2023-07-27T12:33:13.051+0000] {logging_mixin.py:149} INFO - [2023-07-27T12:33:13.050+0000] {dagbag.py:541} INFO - Filling up the DagBag from /home/airflow/.local/lib/python3.7/site-packages/airflow/example_dags/example_params_trigger_ui.py
[2023-07-27T12:33:13.112+0000] {processor.py:836} INFO - DAG(s) dict_keys(['example_params_trigger_ui']) retrieved from /home/airflow/.local/lib/python3.7/site-packages/airflow/example_dags/example_params_trigger_ui.py
[2023-07-27T12:33:13.323+0000] {logging_mixin.py:149} INFO - [2023-07-27T12:33:13.323+0000] {dag.py:2726} INFO - Sync 1 DAGs
[2023-07-27T12:33:13.423+0000] {logging_mixin.py:149} INFO - [2023-07-27T12:33:13.423+0000] {dag.py:3490} INFO - Setting next_dagrun for example_params_trigger_ui to None, run_after=None
[2023-07-27T12:33:13.529+0000] {processor.py:179} INFO - Processing /home/airflow/.local/lib/python3.7/site-packages/airflow/example_dags/example_params_trigger_ui.py took 0.492 seconds
[2023-07-27T12:33:46.072+0000] {processor.py:157} INFO - Started process (PID=1650) to work on /home/airflow/.local/lib/python3.7/site-packages/airflow/example_dags/example_params_trigger_ui.py
[2023-07-27T12:33:46.084+0000] {processor.py:826} INFO - Processing file /home/airflow/.local/lib/python3.7/site-packages/airflow/example_dags/example_params_trigger_ui.py for tasks to queue
[2023-07-27T12:33:46.087+0000] {logging_mixin.py:149} INFO - [2023-07-27T12:33:46.087+0000] {dagbag.py:541} INFO - Filling up the DagBag from /home/airflow/.local/lib/python3.7/site-packages/airflow/example_dags/example_params_trigger_ui.py
[2023-07-27T12:33:46.274+0000] {processor.py:836} INFO - DAG(s) dict_keys(['example_params_trigger_ui']) retrieved from /home/airflow/.local/lib/python3.7/site-packages/airflow/example_dags/example_params_trigger_ui.py
[2023-07-27T12:33:46.689+0000] {logging_mixin.py:149} INFO - [2023-07-27T12:33:46.688+0000] {dag.py:2726} INFO - Sync 1 DAGs
[2023-07-27T12:33:46.820+0000] {logging_mixin.py:149} INFO - [2023-07-27T12:33:46.819+0000] {dag.py:3490} INFO - Setting next_dagrun for example_params_trigger_ui to None, run_after=None
[2023-07-27T12:33:47.001+0000] {processor.py:179} INFO - Processing /home/airflow/.local/lib/python3.7/site-packages/airflow/example_dags/example_params_trigger_ui.py took 0.958 seconds
[2023-07-27T12:34:17.152+0000] {processor.py:157} INFO - Started process (PID=1709) to work on /home/airflow/.local/lib/python3.7/site-packages/airflow/example_dags/example_params_trigger_ui.py
[2023-07-27T12:34:17.158+0000] {processor.py:826} INFO - Processing file /home/airflow/.local/lib/python3.7/site-packages/airflow/example_dags/example_params_trigger_ui.py for tasks to queue
[2023-07-27T12:34:17.169+0000] {logging_mixin.py:149} INFO - [2023-07-27T12:34:17.168+0000] {dagbag.py:541} INFO - Filling up the DagBag from /home/airflow/.local/lib/python3.7/site-packages/airflow/example_dags/example_params_trigger_ui.py
[2023-07-27T12:34:17.303+0000] {processor.py:836} INFO - DAG(s) dict_keys(['example_params_trigger_ui']) retrieved from /home/airflow/.local/lib/python3.7/site-packages/airflow/example_dags/example_params_trigger_ui.py
[2023-07-27T12:34:17.696+0000] {logging_mixin.py:149} INFO - [2023-07-27T12:34:17.695+0000] {dag.py:2726} INFO - Sync 1 DAGs
[2023-07-27T12:34:17.833+0000] {logging_mixin.py:149} INFO - [2023-07-27T12:34:17.832+0000] {dag.py:3490} INFO - Setting next_dagrun for example_params_trigger_ui to None, run_after=None
[2023-07-27T12:34:17.891+0000] {processor.py:179} INFO - Processing /home/airflow/.local/lib/python3.7/site-packages/airflow/example_dags/example_params_trigger_ui.py took 0.755 seconds
[2023-07-27T12:34:48.344+0000] {processor.py:157} INFO - Started process (PID=1766) to work on /home/airflow/.local/lib/python3.7/site-packages/airflow/example_dags/example_params_trigger_ui.py
[2023-07-27T12:34:48.349+0000] {processor.py:826} INFO - Processing file /home/airflow/.local/lib/python3.7/site-packages/airflow/example_dags/example_params_trigger_ui.py for tasks to queue
[2023-07-27T12:34:48.352+0000] {logging_mixin.py:149} INFO - [2023-07-27T12:34:48.352+0000] {dagbag.py:541} INFO - Filling up the DagBag from /home/airflow/.local/lib/python3.7/site-packages/airflow/example_dags/example_params_trigger_ui.py
[2023-07-27T12:34:48.426+0000] {processor.py:836} INFO - DAG(s) dict_keys(['example_params_trigger_ui']) retrieved from /home/airflow/.local/lib/python3.7/site-packages/airflow/example_dags/example_params_trigger_ui.py
[2023-07-27T12:34:48.641+0000] {logging_mixin.py:149} INFO - [2023-07-27T12:34:48.640+0000] {dag.py:2726} INFO - Sync 1 DAGs
[2023-07-27T12:34:48.732+0000] {logging_mixin.py:149} INFO - [2023-07-27T12:34:48.732+0000] {dag.py:3490} INFO - Setting next_dagrun for example_params_trigger_ui to None, run_after=None
[2023-07-27T12:34:48.785+0000] {processor.py:179} INFO - Processing /home/airflow/.local/lib/python3.7/site-packages/airflow/example_dags/example_params_trigger_ui.py took 0.452 seconds
[2023-07-27T12:35:20.164+0000] {processor.py:157} INFO - Started process (PID=1822) to work on /home/airflow/.local/lib/python3.7/site-packages/airflow/example_dags/example_params_trigger_ui.py
[2023-07-27T12:35:20.171+0000] {processor.py:826} INFO - Processing file /home/airflow/.local/lib/python3.7/site-packages/airflow/example_dags/example_params_trigger_ui.py for tasks to queue
[2023-07-27T12:35:20.177+0000] {logging_mixin.py:149} INFO - [2023-07-27T12:35:20.176+0000] {dagbag.py:541} INFO - Filling up the DagBag from /home/airflow/.local/lib/python3.7/site-packages/airflow/example_dags/example_params_trigger_ui.py
[2023-07-27T12:35:20.264+0000] {processor.py:836} INFO - DAG(s) dict_keys(['example_params_trigger_ui']) retrieved from /home/airflow/.local/lib/python3.7/site-packages/airflow/example_dags/example_params_trigger_ui.py
[2023-07-27T12:35:20.540+0000] {logging_mixin.py:149} INFO - [2023-07-27T12:35:20.539+0000] {dag.py:2726} INFO - Sync 1 DAGs
[2023-07-27T12:35:20.624+0000] {logging_mixin.py:149} INFO - [2023-07-27T12:35:20.624+0000] {dag.py:3490} INFO - Setting next_dagrun for example_params_trigger_ui to None, run_after=None
[2023-07-27T12:35:20.755+0000] {processor.py:179} INFO - Processing /home/airflow/.local/lib/python3.7/site-packages/airflow/example_dags/example_params_trigger_ui.py took 0.611 seconds
[2023-07-27T12:35:51.228+0000] {processor.py:157} INFO - Started process (PID=1880) to work on /home/airflow/.local/lib/python3.7/site-packages/airflow/example_dags/example_params_trigger_ui.py
[2023-07-27T12:35:51.233+0000] {processor.py:826} INFO - Processing file /home/airflow/.local/lib/python3.7/site-packages/airflow/example_dags/example_params_trigger_ui.py for tasks to queue
[2023-07-27T12:35:51.236+0000] {logging_mixin.py:149} INFO - [2023-07-27T12:35:51.236+0000] {dagbag.py:541} INFO - Filling up the DagBag from /home/airflow/.local/lib/python3.7/site-packages/airflow/example_dags/example_params_trigger_ui.py
[2023-07-27T12:35:51.301+0000] {processor.py:836} INFO - DAG(s) dict_keys(['example_params_trigger_ui']) retrieved from /home/airflow/.local/lib/python3.7/site-packages/airflow/example_dags/example_params_trigger_ui.py
[2023-07-27T12:35:51.592+0000] {logging_mixin.py:149} INFO - [2023-07-27T12:35:51.592+0000] {dag.py:2726} INFO - Sync 1 DAGs
[2023-07-27T12:35:51.664+0000] {logging_mixin.py:149} INFO - [2023-07-27T12:35:51.664+0000] {dag.py:3490} INFO - Setting next_dagrun for example_params_trigger_ui to None, run_after=None
[2023-07-27T12:35:51.720+0000] {processor.py:179} INFO - Processing /home/airflow/.local/lib/python3.7/site-packages/airflow/example_dags/example_params_trigger_ui.py took 0.501 seconds
[2023-07-27T12:36:21.897+0000] {processor.py:157} INFO - Started process (PID=1937) to work on /home/airflow/.local/lib/python3.7/site-packages/airflow/example_dags/example_params_trigger_ui.py
[2023-07-27T12:36:21.900+0000] {processor.py:826} INFO - Processing file /home/airflow/.local/lib/python3.7/site-packages/airflow/example_dags/example_params_trigger_ui.py for tasks to queue
[2023-07-27T12:36:21.903+0000] {logging_mixin.py:149} INFO - [2023-07-27T12:36:21.903+0000] {dagbag.py:541} INFO - Filling up the DagBag from /home/airflow/.local/lib/python3.7/site-packages/airflow/example_dags/example_params_trigger_ui.py
[2023-07-27T12:36:21.945+0000] {processor.py:836} INFO - DAG(s) dict_keys(['example_params_trigger_ui']) retrieved from /home/airflow/.local/lib/python3.7/site-packages/airflow/example_dags/example_params_trigger_ui.py
[2023-07-27T12:36:22.113+0000] {logging_mixin.py:149} INFO - [2023-07-27T12:36:22.113+0000] {dag.py:2726} INFO - Sync 1 DAGs
[2023-07-27T12:36:22.162+0000] {logging_mixin.py:149} INFO - [2023-07-27T12:36:22.162+0000] {dag.py:3490} INFO - Setting next_dagrun for example_params_trigger_ui to None, run_after=None
[2023-07-27T12:36:22.205+0000] {processor.py:179} INFO - Processing /home/airflow/.local/lib/python3.7/site-packages/airflow/example_dags/example_params_trigger_ui.py took 0.318 seconds
[2023-07-27T12:36:52.290+0000] {processor.py:157} INFO - Started process (PID=1994) to work on /home/airflow/.local/lib/python3.7/site-packages/airflow/example_dags/example_params_trigger_ui.py
[2023-07-27T12:36:52.293+0000] {processor.py:826} INFO - Processing file /home/airflow/.local/lib/python3.7/site-packages/airflow/example_dags/example_params_trigger_ui.py for tasks to queue
[2023-07-27T12:36:52.297+0000] {logging_mixin.py:149} INFO - [2023-07-27T12:36:52.296+0000] {dagbag.py:541} INFO - Filling up the DagBag from /home/airflow/.local/lib/python3.7/site-packages/airflow/example_dags/example_params_trigger_ui.py
[2023-07-27T12:36:52.340+0000] {processor.py:836} INFO - DAG(s) dict_keys(['example_params_trigger_ui']) retrieved from /home/airflow/.local/lib/python3.7/site-packages/airflow/example_dags/example_params_trigger_ui.py
[2023-07-27T12:36:52.535+0000] {logging_mixin.py:149} INFO - [2023-07-27T12:36:52.535+0000] {dag.py:2726} INFO - Sync 1 DAGs
[2023-07-27T12:36:52.594+0000] {logging_mixin.py:149} INFO - [2023-07-27T12:36:52.594+0000] {dag.py:3490} INFO - Setting next_dagrun for example_params_trigger_ui to None, run_after=None
[2023-07-27T12:36:52.648+0000] {processor.py:179} INFO - Processing /home/airflow/.local/lib/python3.7/site-packages/airflow/example_dags/example_params_trigger_ui.py took 0.364 seconds
[2023-07-27T12:37:22.929+0000] {processor.py:157} INFO - Started process (PID=2052) to work on /home/airflow/.local/lib/python3.7/site-packages/airflow/example_dags/example_params_trigger_ui.py
[2023-07-27T12:37:22.933+0000] {processor.py:826} INFO - Processing file /home/airflow/.local/lib/python3.7/site-packages/airflow/example_dags/example_params_trigger_ui.py for tasks to queue
[2023-07-27T12:37:22.937+0000] {logging_mixin.py:149} INFO - [2023-07-27T12:37:22.936+0000] {dagbag.py:541} INFO - Filling up the DagBag from /home/airflow/.local/lib/python3.7/site-packages/airflow/example_dags/example_params_trigger_ui.py
[2023-07-27T12:37:22.980+0000] {processor.py:836} INFO - DAG(s) dict_keys(['example_params_trigger_ui']) retrieved from /home/airflow/.local/lib/python3.7/site-packages/airflow/example_dags/example_params_trigger_ui.py
[2023-07-27T12:37:23.148+0000] {logging_mixin.py:149} INFO - [2023-07-27T12:37:23.148+0000] {dag.py:2726} INFO - Sync 1 DAGs
[2023-07-27T12:37:23.196+0000] {logging_mixin.py:149} INFO - [2023-07-27T12:37:23.195+0000] {dag.py:3490} INFO - Setting next_dagrun for example_params_trigger_ui to None, run_after=None
[2023-07-27T12:37:23.241+0000] {processor.py:179} INFO - Processing /home/airflow/.local/lib/python3.7/site-packages/airflow/example_dags/example_params_trigger_ui.py took 0.318 seconds
[2023-07-27T12:37:53.822+0000] {processor.py:157} INFO - Started process (PID=2110) to work on /home/airflow/.local/lib/python3.7/site-packages/airflow/example_dags/example_params_trigger_ui.py
[2023-07-27T12:37:53.834+0000] {processor.py:826} INFO - Processing file /home/airflow/.local/lib/python3.7/site-packages/airflow/example_dags/example_params_trigger_ui.py for tasks to queue
[2023-07-27T12:37:53.846+0000] {logging_mixin.py:149} INFO - [2023-07-27T12:37:53.844+0000] {dagbag.py:541} INFO - Filling up the DagBag from /home/airflow/.local/lib/python3.7/site-packages/airflow/example_dags/example_params_trigger_ui.py
[2023-07-27T12:37:54.015+0000] {processor.py:836} INFO - DAG(s) dict_keys(['example_params_trigger_ui']) retrieved from /home/airflow/.local/lib/python3.7/site-packages/airflow/example_dags/example_params_trigger_ui.py
[2023-07-27T12:37:54.607+0000] {logging_mixin.py:149} INFO - [2023-07-27T12:37:54.607+0000] {dag.py:2726} INFO - Sync 1 DAGs
[2023-07-27T12:37:54.706+0000] {logging_mixin.py:149} INFO - [2023-07-27T12:37:54.702+0000] {dag.py:3490} INFO - Setting next_dagrun for example_params_trigger_ui to None, run_after=None
[2023-07-27T12:37:54.821+0000] {processor.py:179} INFO - Processing /home/airflow/.local/lib/python3.7/site-packages/airflow/example_dags/example_params_trigger_ui.py took 1.011 seconds
[2023-07-27T12:38:25.431+0000] {processor.py:157} INFO - Started process (PID=2168) to work on /home/airflow/.local/lib/python3.7/site-packages/airflow/example_dags/example_params_trigger_ui.py
[2023-07-27T12:38:25.435+0000] {processor.py:826} INFO - Processing file /home/airflow/.local/lib/python3.7/site-packages/airflow/example_dags/example_params_trigger_ui.py for tasks to queue
[2023-07-27T12:38:25.438+0000] {logging_mixin.py:149} INFO - [2023-07-27T12:38:25.438+0000] {dagbag.py:541} INFO - Filling up the DagBag from /home/airflow/.local/lib/python3.7/site-packages/airflow/example_dags/example_params_trigger_ui.py
[2023-07-27T12:38:25.480+0000] {processor.py:836} INFO - DAG(s) dict_keys(['example_params_trigger_ui']) retrieved from /home/airflow/.local/lib/python3.7/site-packages/airflow/example_dags/example_params_trigger_ui.py
[2023-07-27T12:38:25.802+0000] {logging_mixin.py:149} INFO - [2023-07-27T12:38:25.802+0000] {dag.py:2726} INFO - Sync 1 DAGs
[2023-07-27T12:38:26.004+0000] {logging_mixin.py:149} INFO - [2023-07-27T12:38:26.004+0000] {dag.py:3490} INFO - Setting next_dagrun for example_params_trigger_ui to None, run_after=None
[2023-07-27T12:38:26.110+0000] {processor.py:179} INFO - Processing /home/airflow/.local/lib/python3.7/site-packages/airflow/example_dags/example_params_trigger_ui.py took 0.689 seconds
[2023-07-27T12:38:59.201+0000] {processor.py:157} INFO - Started process (PID=2230) to work on /home/airflow/.local/lib/python3.7/site-packages/airflow/example_dags/example_params_trigger_ui.py
[2023-07-27T12:38:59.208+0000] {processor.py:826} INFO - Processing file /home/airflow/.local/lib/python3.7/site-packages/airflow/example_dags/example_params_trigger_ui.py for tasks to queue
[2023-07-27T12:38:59.212+0000] {logging_mixin.py:149} INFO - [2023-07-27T12:38:59.212+0000] {dagbag.py:541} INFO - Filling up the DagBag from /home/airflow/.local/lib/python3.7/site-packages/airflow/example_dags/example_params_trigger_ui.py
[2023-07-27T12:38:59.316+0000] {processor.py:836} INFO - DAG(s) dict_keys(['example_params_trigger_ui']) retrieved from /home/airflow/.local/lib/python3.7/site-packages/airflow/example_dags/example_params_trigger_ui.py
[2023-07-27T12:38:59.854+0000] {logging_mixin.py:149} INFO - [2023-07-27T12:38:59.854+0000] {dag.py:2726} INFO - Sync 1 DAGs
[2023-07-27T12:38:59.971+0000] {logging_mixin.py:149} INFO - [2023-07-27T12:38:59.971+0000] {dag.py:3490} INFO - Setting next_dagrun for example_params_trigger_ui to None, run_after=None
[2023-07-27T12:39:00.044+0000] {processor.py:179} INFO - Processing /home/airflow/.local/lib/python3.7/site-packages/airflow/example_dags/example_params_trigger_ui.py took 0.876 seconds
