[2023-07-27T12:25:44.810+0000] {processor.py:157} INFO - Started process (PID=807) to work on /home/airflow/.local/lib/python3.7/site-packages/airflow/example_dags/example_sensor_decorator.py
[2023-07-27T12:25:44.819+0000] {processor.py:826} INFO - Processing file /home/airflow/.local/lib/python3.7/site-packages/airflow/example_dags/example_sensor_decorator.py for tasks to queue
[2023-07-27T12:25:44.823+0000] {logging_mixin.py:149} INFO - [2023-07-27T12:25:44.822+0000] {dagbag.py:541} INFO - Filling up the DagBag from /home/airflow/.local/lib/python3.7/site-packages/airflow/example_dags/example_sensor_decorator.py
[2023-07-27T12:25:44.840+0000] {processor.py:836} INFO - DAG(s) dict_keys(['example_sensor_decorator']) retrieved from /home/airflow/.local/lib/python3.7/site-packages/airflow/example_dags/example_sensor_decorator.py
[2023-07-27T12:25:44.989+0000] {logging_mixin.py:149} INFO - [2023-07-27T12:25:44.989+0000] {dag.py:2726} INFO - Sync 1 DAGs
[2023-07-27T12:25:45.131+0000] {logging_mixin.py:149} INFO - [2023-07-27T12:25:45.131+0000] {dag.py:3490} INFO - Setting next_dagrun for example_sensor_decorator to None, run_after=None
[2023-07-27T12:25:45.222+0000] {processor.py:179} INFO - Processing /home/airflow/.local/lib/python3.7/site-packages/airflow/example_dags/example_sensor_decorator.py took 0.424 seconds
[2023-07-27T12:26:15.387+0000] {processor.py:157} INFO - Started process (PID=865) to work on /home/airflow/.local/lib/python3.7/site-packages/airflow/example_dags/example_sensor_decorator.py
[2023-07-27T12:26:15.392+0000] {processor.py:826} INFO - Processing file /home/airflow/.local/lib/python3.7/site-packages/airflow/example_dags/example_sensor_decorator.py for tasks to queue
[2023-07-27T12:26:15.397+0000] {logging_mixin.py:149} INFO - [2023-07-27T12:26:15.396+0000] {dagbag.py:541} INFO - Filling up the DagBag from /home/airflow/.local/lib/python3.7/site-packages/airflow/example_dags/example_sensor_decorator.py
[2023-07-27T12:26:15.442+0000] {processor.py:836} INFO - DAG(s) dict_keys(['example_sensor_decorator']) retrieved from /home/airflow/.local/lib/python3.7/site-packages/airflow/example_dags/example_sensor_decorator.py
[2023-07-27T12:26:15.584+0000] {logging_mixin.py:149} INFO - [2023-07-27T12:26:15.584+0000] {dag.py:2726} INFO - Sync 1 DAGs
[2023-07-27T12:26:15.698+0000] {logging_mixin.py:149} INFO - [2023-07-27T12:26:15.698+0000] {dag.py:3490} INFO - Setting next_dagrun for example_sensor_decorator to None, run_after=None
[2023-07-27T12:26:15.763+0000] {processor.py:179} INFO - Processing /home/airflow/.local/lib/python3.7/site-packages/airflow/example_dags/example_sensor_decorator.py took 0.392 seconds
[2023-07-27T12:26:53.376+0000] {processor.py:157} INFO - Started process (PID=912) to work on /home/airflow/.local/lib/python3.7/site-packages/airflow/example_dags/example_sensor_decorator.py
[2023-07-27T12:26:53.387+0000] {processor.py:826} INFO - Processing file /home/airflow/.local/lib/python3.7/site-packages/airflow/example_dags/example_sensor_decorator.py for tasks to queue
[2023-07-27T12:26:53.398+0000] {logging_mixin.py:149} INFO - [2023-07-27T12:26:53.390+0000] {dagbag.py:541} INFO - Filling up the DagBag from /home/airflow/.local/lib/python3.7/site-packages/airflow/example_dags/example_sensor_decorator.py
[2023-07-27T12:26:53.448+0000] {processor.py:836} INFO - DAG(s) dict_keys(['example_sensor_decorator']) retrieved from /home/airflow/.local/lib/python3.7/site-packages/airflow/example_dags/example_sensor_decorator.py
[2023-07-27T12:26:53.622+0000] {logging_mixin.py:149} INFO - [2023-07-27T12:26:53.622+0000] {dag.py:2726} INFO - Sync 1 DAGs
[2023-07-27T12:26:53.883+0000] {logging_mixin.py:149} INFO - [2023-07-27T12:26:53.883+0000] {dag.py:3490} INFO - Setting next_dagrun for example_sensor_decorator to None, run_after=None
[2023-07-27T12:26:53.992+0000] {processor.py:179} INFO - Processing /home/airflow/.local/lib/python3.7/site-packages/airflow/example_dags/example_sensor_decorator.py took 0.640 seconds
[2023-07-27T12:27:29.655+0000] {processor.py:157} INFO - Started process (PID=966) to work on /home/airflow/.local/lib/python3.7/site-packages/airflow/example_dags/example_sensor_decorator.py
[2023-07-27T12:27:29.669+0000] {processor.py:826} INFO - Processing file /home/airflow/.local/lib/python3.7/site-packages/airflow/example_dags/example_sensor_decorator.py for tasks to queue
[2023-07-27T12:27:29.687+0000] {logging_mixin.py:149} INFO - [2023-07-27T12:27:29.684+0000] {dagbag.py:541} INFO - Filling up the DagBag from /home/airflow/.local/lib/python3.7/site-packages/airflow/example_dags/example_sensor_decorator.py
[2023-07-27T12:27:29.725+0000] {processor.py:836} INFO - DAG(s) dict_keys(['example_sensor_decorator']) retrieved from /home/airflow/.local/lib/python3.7/site-packages/airflow/example_dags/example_sensor_decorator.py
[2023-07-27T12:27:29.825+0000] {logging_mixin.py:149} INFO - [2023-07-27T12:27:29.825+0000] {dag.py:2726} INFO - Sync 1 DAGs
[2023-07-27T12:27:30.003+0000] {logging_mixin.py:149} INFO - [2023-07-27T12:27:30.002+0000] {dag.py:3490} INFO - Setting next_dagrun for example_sensor_decorator to None, run_after=None
[2023-07-27T12:27:30.102+0000] {processor.py:179} INFO - Processing /home/airflow/.local/lib/python3.7/site-packages/airflow/example_dags/example_sensor_decorator.py took 0.507 seconds
[2023-07-27T12:28:04.973+0000] {processor.py:157} INFO - Started process (PID=1024) to work on /home/airflow/.local/lib/python3.7/site-packages/airflow/example_dags/example_sensor_decorator.py
[2023-07-27T12:28:04.979+0000] {processor.py:826} INFO - Processing file /home/airflow/.local/lib/python3.7/site-packages/airflow/example_dags/example_sensor_decorator.py for tasks to queue
[2023-07-27T12:28:04.983+0000] {logging_mixin.py:149} INFO - [2023-07-27T12:28:04.983+0000] {dagbag.py:541} INFO - Filling up the DagBag from /home/airflow/.local/lib/python3.7/site-packages/airflow/example_dags/example_sensor_decorator.py
[2023-07-27T12:28:05.016+0000] {processor.py:836} INFO - DAG(s) dict_keys(['example_sensor_decorator']) retrieved from /home/airflow/.local/lib/python3.7/site-packages/airflow/example_dags/example_sensor_decorator.py
[2023-07-27T12:28:05.109+0000] {logging_mixin.py:149} INFO - [2023-07-27T12:28:05.109+0000] {dag.py:2726} INFO - Sync 1 DAGs
[2023-07-27T12:28:05.230+0000] {logging_mixin.py:149} INFO - [2023-07-27T12:28:05.230+0000] {dag.py:3490} INFO - Setting next_dagrun for example_sensor_decorator to None, run_after=None
[2023-07-27T12:28:05.301+0000] {processor.py:179} INFO - Processing /home/airflow/.local/lib/python3.7/site-packages/airflow/example_dags/example_sensor_decorator.py took 0.366 seconds
[2023-07-27T12:28:37.106+0000] {processor.py:157} INFO - Started process (PID=1081) to work on /home/airflow/.local/lib/python3.7/site-packages/airflow/example_dags/example_sensor_decorator.py
[2023-07-27T12:28:37.120+0000] {processor.py:826} INFO - Processing file /home/airflow/.local/lib/python3.7/site-packages/airflow/example_dags/example_sensor_decorator.py for tasks to queue
[2023-07-27T12:28:37.125+0000] {logging_mixin.py:149} INFO - [2023-07-27T12:28:37.123+0000] {dagbag.py:541} INFO - Filling up the DagBag from /home/airflow/.local/lib/python3.7/site-packages/airflow/example_dags/example_sensor_decorator.py
[2023-07-27T12:28:37.149+0000] {processor.py:836} INFO - DAG(s) dict_keys(['example_sensor_decorator']) retrieved from /home/airflow/.local/lib/python3.7/site-packages/airflow/example_dags/example_sensor_decorator.py
[2023-07-27T12:28:37.272+0000] {logging_mixin.py:149} INFO - [2023-07-27T12:28:37.271+0000] {dag.py:2726} INFO - Sync 1 DAGs
[2023-07-27T12:28:37.533+0000] {logging_mixin.py:149} INFO - [2023-07-27T12:28:37.532+0000] {dag.py:3490} INFO - Setting next_dagrun for example_sensor_decorator to None, run_after=None
[2023-07-27T12:28:37.854+0000] {processor.py:179} INFO - Processing /home/airflow/.local/lib/python3.7/site-packages/airflow/example_dags/example_sensor_decorator.py took 0.793 seconds
[2023-07-27T12:29:08.171+0000] {processor.py:157} INFO - Started process (PID=1136) to work on /home/airflow/.local/lib/python3.7/site-packages/airflow/example_dags/example_sensor_decorator.py
[2023-07-27T12:29:08.177+0000] {processor.py:826} INFO - Processing file /home/airflow/.local/lib/python3.7/site-packages/airflow/example_dags/example_sensor_decorator.py for tasks to queue
[2023-07-27T12:29:08.180+0000] {logging_mixin.py:149} INFO - [2023-07-27T12:29:08.180+0000] {dagbag.py:541} INFO - Filling up the DagBag from /home/airflow/.local/lib/python3.7/site-packages/airflow/example_dags/example_sensor_decorator.py
[2023-07-27T12:29:08.195+0000] {processor.py:836} INFO - DAG(s) dict_keys(['example_sensor_decorator']) retrieved from /home/airflow/.local/lib/python3.7/site-packages/airflow/example_dags/example_sensor_decorator.py
[2023-07-27T12:29:08.248+0000] {logging_mixin.py:149} INFO - [2023-07-27T12:29:08.248+0000] {dag.py:2726} INFO - Sync 1 DAGs
[2023-07-27T12:29:08.314+0000] {logging_mixin.py:149} INFO - [2023-07-27T12:29:08.314+0000] {dag.py:3490} INFO - Setting next_dagrun for example_sensor_decorator to None, run_after=None
[2023-07-27T12:29:08.367+0000] {processor.py:179} INFO - Processing /home/airflow/.local/lib/python3.7/site-packages/airflow/example_dags/example_sensor_decorator.py took 0.206 seconds
[2023-07-27T12:29:39.292+0000] {processor.py:157} INFO - Started process (PID=1194) to work on /home/airflow/.local/lib/python3.7/site-packages/airflow/example_dags/example_sensor_decorator.py
[2023-07-27T12:29:39.306+0000] {processor.py:826} INFO - Processing file /home/airflow/.local/lib/python3.7/site-packages/airflow/example_dags/example_sensor_decorator.py for tasks to queue
[2023-07-27T12:29:39.331+0000] {logging_mixin.py:149} INFO - [2023-07-27T12:29:39.327+0000] {dagbag.py:541} INFO - Filling up the DagBag from /home/airflow/.local/lib/python3.7/site-packages/airflow/example_dags/example_sensor_decorator.py
[2023-07-27T12:29:39.390+0000] {processor.py:836} INFO - DAG(s) dict_keys(['example_sensor_decorator']) retrieved from /home/airflow/.local/lib/python3.7/site-packages/airflow/example_dags/example_sensor_decorator.py
[2023-07-27T12:29:39.745+0000] {logging_mixin.py:149} INFO - [2023-07-27T12:29:39.745+0000] {dag.py:2726} INFO - Sync 1 DAGs
[2023-07-27T12:29:39.865+0000] {logging_mixin.py:149} INFO - [2023-07-27T12:29:39.864+0000] {dag.py:3490} INFO - Setting next_dagrun for example_sensor_decorator to None, run_after=None
[2023-07-27T12:29:39.955+0000] {processor.py:179} INFO - Processing /home/airflow/.local/lib/python3.7/site-packages/airflow/example_dags/example_sensor_decorator.py took 0.679 seconds
[2023-07-27T12:30:11.240+0000] {processor.py:157} INFO - Started process (PID=1259) to work on /home/airflow/.local/lib/python3.7/site-packages/airflow/example_dags/example_sensor_decorator.py
[2023-07-27T12:30:11.246+0000] {processor.py:826} INFO - Processing file /home/airflow/.local/lib/python3.7/site-packages/airflow/example_dags/example_sensor_decorator.py for tasks to queue
[2023-07-27T12:30:11.254+0000] {logging_mixin.py:149} INFO - [2023-07-27T12:30:11.252+0000] {dagbag.py:541} INFO - Filling up the DagBag from /home/airflow/.local/lib/python3.7/site-packages/airflow/example_dags/example_sensor_decorator.py
[2023-07-27T12:30:11.322+0000] {processor.py:836} INFO - DAG(s) dict_keys(['example_sensor_decorator']) retrieved from /home/airflow/.local/lib/python3.7/site-packages/airflow/example_dags/example_sensor_decorator.py
[2023-07-27T12:30:11.422+0000] {logging_mixin.py:149} INFO - [2023-07-27T12:30:11.421+0000] {dag.py:2726} INFO - Sync 1 DAGs
[2023-07-27T12:30:11.533+0000] {logging_mixin.py:149} INFO - [2023-07-27T12:30:11.532+0000] {dag.py:3490} INFO - Setting next_dagrun for example_sensor_decorator to None, run_after=None
[2023-07-27T12:30:11.600+0000] {processor.py:179} INFO - Processing /home/airflow/.local/lib/python3.7/site-packages/airflow/example_dags/example_sensor_decorator.py took 0.389 seconds
[2023-07-27T12:30:42.050+0000] {processor.py:157} INFO - Started process (PID=1316) to work on /home/airflow/.local/lib/python3.7/site-packages/airflow/example_dags/example_sensor_decorator.py
[2023-07-27T12:30:42.056+0000] {processor.py:826} INFO - Processing file /home/airflow/.local/lib/python3.7/site-packages/airflow/example_dags/example_sensor_decorator.py for tasks to queue
[2023-07-27T12:30:42.072+0000] {logging_mixin.py:149} INFO - [2023-07-27T12:30:42.070+0000] {dagbag.py:541} INFO - Filling up the DagBag from /home/airflow/.local/lib/python3.7/site-packages/airflow/example_dags/example_sensor_decorator.py
[2023-07-27T12:30:42.157+0000] {processor.py:836} INFO - DAG(s) dict_keys(['example_sensor_decorator']) retrieved from /home/airflow/.local/lib/python3.7/site-packages/airflow/example_dags/example_sensor_decorator.py
[2023-07-27T12:30:44.255+0000] {logging_mixin.py:149} INFO - [2023-07-27T12:30:44.212+0000] {dag.py:2726} INFO - Sync 1 DAGs
[2023-07-27T12:30:44.563+0000] {logging_mixin.py:149} INFO - [2023-07-27T12:30:44.562+0000] {dag.py:3490} INFO - Setting next_dagrun for example_sensor_decorator to None, run_after=None
[2023-07-27T12:30:44.745+0000] {processor.py:179} INFO - Processing /home/airflow/.local/lib/python3.7/site-packages/airflow/example_dags/example_sensor_decorator.py took 2.746 seconds
[2023-07-27T12:31:15.076+0000] {processor.py:157} INFO - Started process (PID=1374) to work on /home/airflow/.local/lib/python3.7/site-packages/airflow/example_dags/example_sensor_decorator.py
[2023-07-27T12:31:15.083+0000] {processor.py:826} INFO - Processing file /home/airflow/.local/lib/python3.7/site-packages/airflow/example_dags/example_sensor_decorator.py for tasks to queue
[2023-07-27T12:31:15.098+0000] {logging_mixin.py:149} INFO - [2023-07-27T12:31:15.096+0000] {dagbag.py:541} INFO - Filling up the DagBag from /home/airflow/.local/lib/python3.7/site-packages/airflow/example_dags/example_sensor_decorator.py
[2023-07-27T12:31:15.134+0000] {processor.py:836} INFO - DAG(s) dict_keys(['example_sensor_decorator']) retrieved from /home/airflow/.local/lib/python3.7/site-packages/airflow/example_dags/example_sensor_decorator.py
[2023-07-27T12:31:15.260+0000] {logging_mixin.py:149} INFO - [2023-07-27T12:31:15.260+0000] {dag.py:2726} INFO - Sync 1 DAGs
[2023-07-27T12:31:15.331+0000] {logging_mixin.py:149} INFO - [2023-07-27T12:31:15.330+0000] {dag.py:3490} INFO - Setting next_dagrun for example_sensor_decorator to None, run_after=None
[2023-07-27T12:31:15.377+0000] {processor.py:179} INFO - Processing /home/airflow/.local/lib/python3.7/site-packages/airflow/example_dags/example_sensor_decorator.py took 0.310 seconds
[2023-07-27T12:31:45.628+0000] {processor.py:157} INFO - Started process (PID=1432) to work on /home/airflow/.local/lib/python3.7/site-packages/airflow/example_dags/example_sensor_decorator.py
[2023-07-27T12:31:45.633+0000] {processor.py:826} INFO - Processing file /home/airflow/.local/lib/python3.7/site-packages/airflow/example_dags/example_sensor_decorator.py for tasks to queue
[2023-07-27T12:31:45.638+0000] {logging_mixin.py:149} INFO - [2023-07-27T12:31:45.637+0000] {dagbag.py:541} INFO - Filling up the DagBag from /home/airflow/.local/lib/python3.7/site-packages/airflow/example_dags/example_sensor_decorator.py
[2023-07-27T12:31:45.670+0000] {processor.py:836} INFO - DAG(s) dict_keys(['example_sensor_decorator']) retrieved from /home/airflow/.local/lib/python3.7/site-packages/airflow/example_dags/example_sensor_decorator.py
[2023-07-27T12:31:45.742+0000] {logging_mixin.py:149} INFO - [2023-07-27T12:31:45.742+0000] {dag.py:2726} INFO - Sync 1 DAGs
[2023-07-27T12:31:45.907+0000] {logging_mixin.py:149} INFO - [2023-07-27T12:31:45.906+0000] {dag.py:3490} INFO - Setting next_dagrun for example_sensor_decorator to None, run_after=None
[2023-07-27T12:31:46.062+0000] {processor.py:179} INFO - Processing /home/airflow/.local/lib/python3.7/site-packages/airflow/example_dags/example_sensor_decorator.py took 0.440 seconds
[2023-07-27T12:32:16.126+0000] {processor.py:157} INFO - Started process (PID=1490) to work on /home/airflow/.local/lib/python3.7/site-packages/airflow/example_dags/example_sensor_decorator.py
[2023-07-27T12:32:16.131+0000] {processor.py:826} INFO - Processing file /home/airflow/.local/lib/python3.7/site-packages/airflow/example_dags/example_sensor_decorator.py for tasks to queue
[2023-07-27T12:32:16.136+0000] {logging_mixin.py:149} INFO - [2023-07-27T12:32:16.136+0000] {dagbag.py:541} INFO - Filling up the DagBag from /home/airflow/.local/lib/python3.7/site-packages/airflow/example_dags/example_sensor_decorator.py
[2023-07-27T12:32:16.149+0000] {processor.py:836} INFO - DAG(s) dict_keys(['example_sensor_decorator']) retrieved from /home/airflow/.local/lib/python3.7/site-packages/airflow/example_dags/example_sensor_decorator.py
[2023-07-27T12:32:16.195+0000] {logging_mixin.py:149} INFO - [2023-07-27T12:32:16.194+0000] {dag.py:2726} INFO - Sync 1 DAGs
[2023-07-27T12:32:16.247+0000] {logging_mixin.py:149} INFO - [2023-07-27T12:32:16.247+0000] {dag.py:3490} INFO - Setting next_dagrun for example_sensor_decorator to None, run_after=None
[2023-07-27T12:32:16.291+0000] {processor.py:179} INFO - Processing /home/airflow/.local/lib/python3.7/site-packages/airflow/example_dags/example_sensor_decorator.py took 0.174 seconds
[2023-07-27T12:32:46.546+0000] {processor.py:157} INFO - Started process (PID=1548) to work on /home/airflow/.local/lib/python3.7/site-packages/airflow/example_dags/example_sensor_decorator.py
[2023-07-27T12:32:46.549+0000] {processor.py:826} INFO - Processing file /home/airflow/.local/lib/python3.7/site-packages/airflow/example_dags/example_sensor_decorator.py for tasks to queue
[2023-07-27T12:32:46.552+0000] {logging_mixin.py:149} INFO - [2023-07-27T12:32:46.552+0000] {dagbag.py:541} INFO - Filling up the DagBag from /home/airflow/.local/lib/python3.7/site-packages/airflow/example_dags/example_sensor_decorator.py
[2023-07-27T12:32:46.564+0000] {processor.py:836} INFO - DAG(s) dict_keys(['example_sensor_decorator']) retrieved from /home/airflow/.local/lib/python3.7/site-packages/airflow/example_dags/example_sensor_decorator.py
[2023-07-27T12:32:46.604+0000] {logging_mixin.py:149} INFO - [2023-07-27T12:32:46.604+0000] {dag.py:2726} INFO - Sync 1 DAGs
[2023-07-27T12:32:46.656+0000] {logging_mixin.py:149} INFO - [2023-07-27T12:32:46.656+0000] {dag.py:3490} INFO - Setting next_dagrun for example_sensor_decorator to None, run_after=None
[2023-07-27T12:32:46.699+0000] {processor.py:179} INFO - Processing /home/airflow/.local/lib/python3.7/site-packages/airflow/example_dags/example_sensor_decorator.py took 0.160 seconds
[2023-07-27T12:33:16.968+0000] {processor.py:157} INFO - Started process (PID=1606) to work on /home/airflow/.local/lib/python3.7/site-packages/airflow/example_dags/example_sensor_decorator.py
[2023-07-27T12:33:16.973+0000] {processor.py:826} INFO - Processing file /home/airflow/.local/lib/python3.7/site-packages/airflow/example_dags/example_sensor_decorator.py for tasks to queue
[2023-07-27T12:33:16.980+0000] {logging_mixin.py:149} INFO - [2023-07-27T12:33:16.979+0000] {dagbag.py:541} INFO - Filling up the DagBag from /home/airflow/.local/lib/python3.7/site-packages/airflow/example_dags/example_sensor_decorator.py
[2023-07-27T12:33:16.999+0000] {processor.py:836} INFO - DAG(s) dict_keys(['example_sensor_decorator']) retrieved from /home/airflow/.local/lib/python3.7/site-packages/airflow/example_dags/example_sensor_decorator.py
[2023-07-27T12:33:17.052+0000] {logging_mixin.py:149} INFO - [2023-07-27T12:33:17.051+0000] {dag.py:2726} INFO - Sync 1 DAGs
[2023-07-27T12:33:17.105+0000] {logging_mixin.py:149} INFO - [2023-07-27T12:33:17.105+0000] {dag.py:3490} INFO - Setting next_dagrun for example_sensor_decorator to None, run_after=None
[2023-07-27T12:33:17.184+0000] {processor.py:179} INFO - Processing /home/airflow/.local/lib/python3.7/site-packages/airflow/example_dags/example_sensor_decorator.py took 0.223 seconds
[2023-07-27T12:33:48.445+0000] {processor.py:157} INFO - Started process (PID=1662) to work on /home/airflow/.local/lib/python3.7/site-packages/airflow/example_dags/example_sensor_decorator.py
[2023-07-27T12:33:48.449+0000] {processor.py:826} INFO - Processing file /home/airflow/.local/lib/python3.7/site-packages/airflow/example_dags/example_sensor_decorator.py for tasks to queue
[2023-07-27T12:33:48.453+0000] {logging_mixin.py:149} INFO - [2023-07-27T12:33:48.452+0000] {dagbag.py:541} INFO - Filling up the DagBag from /home/airflow/.local/lib/python3.7/site-packages/airflow/example_dags/example_sensor_decorator.py
[2023-07-27T12:33:48.482+0000] {processor.py:836} INFO - DAG(s) dict_keys(['example_sensor_decorator']) retrieved from /home/airflow/.local/lib/python3.7/site-packages/airflow/example_dags/example_sensor_decorator.py
[2023-07-27T12:33:48.631+0000] {logging_mixin.py:149} INFO - [2023-07-27T12:33:48.630+0000] {dag.py:2726} INFO - Sync 1 DAGs
[2023-07-27T12:33:48.771+0000] {logging_mixin.py:149} INFO - [2023-07-27T12:33:48.770+0000] {dag.py:3490} INFO - Setting next_dagrun for example_sensor_decorator to None, run_after=None
[2023-07-27T12:33:48.828+0000] {processor.py:179} INFO - Processing /home/airflow/.local/lib/python3.7/site-packages/airflow/example_dags/example_sensor_decorator.py took 0.393 seconds
[2023-07-27T12:34:19.084+0000] {processor.py:157} INFO - Started process (PID=1715) to work on /home/airflow/.local/lib/python3.7/site-packages/airflow/example_dags/example_sensor_decorator.py
[2023-07-27T12:34:19.091+0000] {processor.py:826} INFO - Processing file /home/airflow/.local/lib/python3.7/site-packages/airflow/example_dags/example_sensor_decorator.py for tasks to queue
[2023-07-27T12:34:19.098+0000] {logging_mixin.py:149} INFO - [2023-07-27T12:34:19.096+0000] {dagbag.py:541} INFO - Filling up the DagBag from /home/airflow/.local/lib/python3.7/site-packages/airflow/example_dags/example_sensor_decorator.py
[2023-07-27T12:34:19.131+0000] {processor.py:836} INFO - DAG(s) dict_keys(['example_sensor_decorator']) retrieved from /home/airflow/.local/lib/python3.7/site-packages/airflow/example_dags/example_sensor_decorator.py
[2023-07-27T12:34:19.300+0000] {logging_mixin.py:149} INFO - [2023-07-27T12:34:19.300+0000] {dag.py:2726} INFO - Sync 1 DAGs
[2023-07-27T12:34:19.421+0000] {logging_mixin.py:149} INFO - [2023-07-27T12:34:19.421+0000] {dag.py:3490} INFO - Setting next_dagrun for example_sensor_decorator to None, run_after=None
[2023-07-27T12:34:19.502+0000] {processor.py:179} INFO - Processing /home/airflow/.local/lib/python3.7/site-packages/airflow/example_dags/example_sensor_decorator.py took 0.431 seconds
[2023-07-27T12:34:50.277+0000] {processor.py:157} INFO - Started process (PID=1773) to work on /home/airflow/.local/lib/python3.7/site-packages/airflow/example_dags/example_sensor_decorator.py
[2023-07-27T12:34:50.281+0000] {processor.py:826} INFO - Processing file /home/airflow/.local/lib/python3.7/site-packages/airflow/example_dags/example_sensor_decorator.py for tasks to queue
[2023-07-27T12:34:50.286+0000] {logging_mixin.py:149} INFO - [2023-07-27T12:34:50.286+0000] {dagbag.py:541} INFO - Filling up the DagBag from /home/airflow/.local/lib/python3.7/site-packages/airflow/example_dags/example_sensor_decorator.py
[2023-07-27T12:34:50.312+0000] {processor.py:836} INFO - DAG(s) dict_keys(['example_sensor_decorator']) retrieved from /home/airflow/.local/lib/python3.7/site-packages/airflow/example_dags/example_sensor_decorator.py
[2023-07-27T12:34:50.359+0000] {logging_mixin.py:149} INFO - [2023-07-27T12:34:50.359+0000] {dag.py:2726} INFO - Sync 1 DAGs
[2023-07-27T12:34:50.441+0000] {logging_mixin.py:149} INFO - [2023-07-27T12:34:50.440+0000] {dag.py:3490} INFO - Setting next_dagrun for example_sensor_decorator to None, run_after=None
[2023-07-27T12:34:50.497+0000] {processor.py:179} INFO - Processing /home/airflow/.local/lib/python3.7/site-packages/airflow/example_dags/example_sensor_decorator.py took 0.229 seconds
[2023-07-27T12:35:22.855+0000] {processor.py:157} INFO - Started process (PID=1828) to work on /home/airflow/.local/lib/python3.7/site-packages/airflow/example_dags/example_sensor_decorator.py
[2023-07-27T12:35:22.860+0000] {processor.py:826} INFO - Processing file /home/airflow/.local/lib/python3.7/site-packages/airflow/example_dags/example_sensor_decorator.py for tasks to queue
[2023-07-27T12:35:22.870+0000] {logging_mixin.py:149} INFO - [2023-07-27T12:35:22.867+0000] {dagbag.py:541} INFO - Filling up the DagBag from /home/airflow/.local/lib/python3.7/site-packages/airflow/example_dags/example_sensor_decorator.py
[2023-07-27T12:35:22.906+0000] {processor.py:836} INFO - DAG(s) dict_keys(['example_sensor_decorator']) retrieved from /home/airflow/.local/lib/python3.7/site-packages/airflow/example_dags/example_sensor_decorator.py
[2023-07-27T12:35:22.994+0000] {logging_mixin.py:149} INFO - [2023-07-27T12:35:22.993+0000] {dag.py:2726} INFO - Sync 1 DAGs
[2023-07-27T12:35:23.093+0000] {logging_mixin.py:149} INFO - [2023-07-27T12:35:23.093+0000] {dag.py:3490} INFO - Setting next_dagrun for example_sensor_decorator to None, run_after=None
[2023-07-27T12:35:23.150+0000] {processor.py:179} INFO - Processing /home/airflow/.local/lib/python3.7/site-packages/airflow/example_dags/example_sensor_decorator.py took 0.318 seconds
[2023-07-27T12:35:54.157+0000] {processor.py:157} INFO - Started process (PID=1883) to work on /home/airflow/.local/lib/python3.7/site-packages/airflow/example_dags/example_sensor_decorator.py
[2023-07-27T12:35:54.172+0000] {processor.py:826} INFO - Processing file /home/airflow/.local/lib/python3.7/site-packages/airflow/example_dags/example_sensor_decorator.py for tasks to queue
[2023-07-27T12:35:54.186+0000] {logging_mixin.py:149} INFO - [2023-07-27T12:35:54.186+0000] {dagbag.py:541} INFO - Filling up the DagBag from /home/airflow/.local/lib/python3.7/site-packages/airflow/example_dags/example_sensor_decorator.py
[2023-07-27T12:35:54.237+0000] {processor.py:836} INFO - DAG(s) dict_keys(['example_sensor_decorator']) retrieved from /home/airflow/.local/lib/python3.7/site-packages/airflow/example_dags/example_sensor_decorator.py
[2023-07-27T12:35:54.362+0000] {logging_mixin.py:149} INFO - [2023-07-27T12:35:54.361+0000] {dag.py:2726} INFO - Sync 1 DAGs
[2023-07-27T12:35:54.489+0000] {logging_mixin.py:149} INFO - [2023-07-27T12:35:54.488+0000] {dag.py:3490} INFO - Setting next_dagrun for example_sensor_decorator to None, run_after=None
[2023-07-27T12:35:54.602+0000] {processor.py:179} INFO - Processing /home/airflow/.local/lib/python3.7/site-packages/airflow/example_dags/example_sensor_decorator.py took 0.490 seconds
[2023-07-27T12:36:24.774+0000] {processor.py:157} INFO - Started process (PID=1940) to work on /home/airflow/.local/lib/python3.7/site-packages/airflow/example_dags/example_sensor_decorator.py
[2023-07-27T12:36:24.779+0000] {processor.py:826} INFO - Processing file /home/airflow/.local/lib/python3.7/site-packages/airflow/example_dags/example_sensor_decorator.py for tasks to queue
[2023-07-27T12:36:24.783+0000] {logging_mixin.py:149} INFO - [2023-07-27T12:36:24.783+0000] {dagbag.py:541} INFO - Filling up the DagBag from /home/airflow/.local/lib/python3.7/site-packages/airflow/example_dags/example_sensor_decorator.py
[2023-07-27T12:36:24.808+0000] {processor.py:836} INFO - DAG(s) dict_keys(['example_sensor_decorator']) retrieved from /home/airflow/.local/lib/python3.7/site-packages/airflow/example_dags/example_sensor_decorator.py
[2023-07-27T12:36:24.871+0000] {logging_mixin.py:149} INFO - [2023-07-27T12:36:24.871+0000] {dag.py:2726} INFO - Sync 1 DAGs
[2023-07-27T12:36:24.931+0000] {logging_mixin.py:149} INFO - [2023-07-27T12:36:24.931+0000] {dag.py:3490} INFO - Setting next_dagrun for example_sensor_decorator to None, run_after=None
[2023-07-27T12:36:24.981+0000] {processor.py:179} INFO - Processing /home/airflow/.local/lib/python3.7/site-packages/airflow/example_dags/example_sensor_decorator.py took 0.215 seconds
[2023-07-27T12:36:55.425+0000] {processor.py:157} INFO - Started process (PID=1997) to work on /home/airflow/.local/lib/python3.7/site-packages/airflow/example_dags/example_sensor_decorator.py
[2023-07-27T12:36:55.437+0000] {processor.py:826} INFO - Processing file /home/airflow/.local/lib/python3.7/site-packages/airflow/example_dags/example_sensor_decorator.py for tasks to queue
[2023-07-27T12:36:55.441+0000] {logging_mixin.py:149} INFO - [2023-07-27T12:36:55.440+0000] {dagbag.py:541} INFO - Filling up the DagBag from /home/airflow/.local/lib/python3.7/site-packages/airflow/example_dags/example_sensor_decorator.py
[2023-07-27T12:36:55.463+0000] {processor.py:836} INFO - DAG(s) dict_keys(['example_sensor_decorator']) retrieved from /home/airflow/.local/lib/python3.7/site-packages/airflow/example_dags/example_sensor_decorator.py
[2023-07-27T12:36:55.545+0000] {logging_mixin.py:149} INFO - [2023-07-27T12:36:55.545+0000] {dag.py:2726} INFO - Sync 1 DAGs
[2023-07-27T12:36:55.646+0000] {logging_mixin.py:149} INFO - [2023-07-27T12:36:55.646+0000] {dag.py:3490} INFO - Setting next_dagrun for example_sensor_decorator to None, run_after=None
[2023-07-27T12:36:55.731+0000] {processor.py:179} INFO - Processing /home/airflow/.local/lib/python3.7/site-packages/airflow/example_dags/example_sensor_decorator.py took 0.399 seconds
[2023-07-27T12:37:25.845+0000] {processor.py:157} INFO - Started process (PID=2055) to work on /home/airflow/.local/lib/python3.7/site-packages/airflow/example_dags/example_sensor_decorator.py
[2023-07-27T12:37:25.849+0000] {processor.py:826} INFO - Processing file /home/airflow/.local/lib/python3.7/site-packages/airflow/example_dags/example_sensor_decorator.py for tasks to queue
[2023-07-27T12:37:25.852+0000] {logging_mixin.py:149} INFO - [2023-07-27T12:37:25.852+0000] {dagbag.py:541} INFO - Filling up the DagBag from /home/airflow/.local/lib/python3.7/site-packages/airflow/example_dags/example_sensor_decorator.py
[2023-07-27T12:37:25.865+0000] {processor.py:836} INFO - DAG(s) dict_keys(['example_sensor_decorator']) retrieved from /home/airflow/.local/lib/python3.7/site-packages/airflow/example_dags/example_sensor_decorator.py
[2023-07-27T12:37:25.915+0000] {logging_mixin.py:149} INFO - [2023-07-27T12:37:25.915+0000] {dag.py:2726} INFO - Sync 1 DAGs
[2023-07-27T12:37:25.978+0000] {logging_mixin.py:149} INFO - [2023-07-27T12:37:25.978+0000] {dag.py:3490} INFO - Setting next_dagrun for example_sensor_decorator to None, run_after=None
[2023-07-27T12:37:26.055+0000] {processor.py:179} INFO - Processing /home/airflow/.local/lib/python3.7/site-packages/airflow/example_dags/example_sensor_decorator.py took 0.218 seconds
[2023-07-27T12:37:56.382+0000] {processor.py:157} INFO - Started process (PID=2113) to work on /home/airflow/.local/lib/python3.7/site-packages/airflow/example_dags/example_sensor_decorator.py
[2023-07-27T12:37:56.394+0000] {processor.py:826} INFO - Processing file /home/airflow/.local/lib/python3.7/site-packages/airflow/example_dags/example_sensor_decorator.py for tasks to queue
[2023-07-27T12:37:56.402+0000] {logging_mixin.py:149} INFO - [2023-07-27T12:37:56.402+0000] {dagbag.py:541} INFO - Filling up the DagBag from /home/airflow/.local/lib/python3.7/site-packages/airflow/example_dags/example_sensor_decorator.py
[2023-07-27T12:37:56.440+0000] {processor.py:836} INFO - DAG(s) dict_keys(['example_sensor_decorator']) retrieved from /home/airflow/.local/lib/python3.7/site-packages/airflow/example_dags/example_sensor_decorator.py
[2023-07-27T12:37:56.541+0000] {logging_mixin.py:149} INFO - [2023-07-27T12:37:56.540+0000] {dag.py:2726} INFO - Sync 1 DAGs
[2023-07-27T12:37:56.696+0000] {logging_mixin.py:149} INFO - [2023-07-27T12:37:56.696+0000] {dag.py:3490} INFO - Setting next_dagrun for example_sensor_decorator to None, run_after=None
[2023-07-27T12:37:56.817+0000] {processor.py:179} INFO - Processing /home/airflow/.local/lib/python3.7/site-packages/airflow/example_dags/example_sensor_decorator.py took 0.452 seconds
[2023-07-27T12:38:26.959+0000] {processor.py:157} INFO - Started process (PID=2171) to work on /home/airflow/.local/lib/python3.7/site-packages/airflow/example_dags/example_sensor_decorator.py
[2023-07-27T12:38:26.962+0000] {processor.py:826} INFO - Processing file /home/airflow/.local/lib/python3.7/site-packages/airflow/example_dags/example_sensor_decorator.py for tasks to queue
[2023-07-27T12:38:26.966+0000] {logging_mixin.py:149} INFO - [2023-07-27T12:38:26.966+0000] {dagbag.py:541} INFO - Filling up the DagBag from /home/airflow/.local/lib/python3.7/site-packages/airflow/example_dags/example_sensor_decorator.py
[2023-07-27T12:38:26.979+0000] {processor.py:836} INFO - DAG(s) dict_keys(['example_sensor_decorator']) retrieved from /home/airflow/.local/lib/python3.7/site-packages/airflow/example_dags/example_sensor_decorator.py
[2023-07-27T12:38:27.027+0000] {logging_mixin.py:149} INFO - [2023-07-27T12:38:27.026+0000] {dag.py:2726} INFO - Sync 1 DAGs
[2023-07-27T12:38:27.074+0000] {logging_mixin.py:149} INFO - [2023-07-27T12:38:27.074+0000] {dag.py:3490} INFO - Setting next_dagrun for example_sensor_decorator to None, run_after=None
[2023-07-27T12:38:27.115+0000] {processor.py:179} INFO - Processing /home/airflow/.local/lib/python3.7/site-packages/airflow/example_dags/example_sensor_decorator.py took 0.166 seconds
[2023-07-27T12:38:59.052+0000] {processor.py:157} INFO - Started process (PID=2229) to work on /home/airflow/.local/lib/python3.7/site-packages/airflow/example_dags/example_sensor_decorator.py
[2023-07-27T12:38:59.058+0000] {processor.py:826} INFO - Processing file /home/airflow/.local/lib/python3.7/site-packages/airflow/example_dags/example_sensor_decorator.py for tasks to queue
[2023-07-27T12:38:59.065+0000] {logging_mixin.py:149} INFO - [2023-07-27T12:38:59.065+0000] {dagbag.py:541} INFO - Filling up the DagBag from /home/airflow/.local/lib/python3.7/site-packages/airflow/example_dags/example_sensor_decorator.py
[2023-07-27T12:38:59.092+0000] {processor.py:836} INFO - DAG(s) dict_keys(['example_sensor_decorator']) retrieved from /home/airflow/.local/lib/python3.7/site-packages/airflow/example_dags/example_sensor_decorator.py
[2023-07-27T12:38:59.190+0000] {logging_mixin.py:149} INFO - [2023-07-27T12:38:59.189+0000] {dag.py:2726} INFO - Sync 1 DAGs
[2023-07-27T12:38:59.356+0000] {logging_mixin.py:149} INFO - [2023-07-27T12:38:59.354+0000] {dag.py:3490} INFO - Setting next_dagrun for example_sensor_decorator to None, run_after=None
[2023-07-27T12:38:59.458+0000] {processor.py:179} INFO - Processing /home/airflow/.local/lib/python3.7/site-packages/airflow/example_dags/example_sensor_decorator.py took 0.417 seconds
