[2023-07-27T12:25:41.652+0000] {processor.py:157} INFO - Started process (PID=806) to work on /home/airflow/.local/lib/python3.7/site-packages/airflow/example_dags/example_branch_python_dop_operator_3.py
[2023-07-27T12:25:41.655+0000] {processor.py:826} INFO - Processing file /home/airflow/.local/lib/python3.7/site-packages/airflow/example_dags/example_branch_python_dop_operator_3.py for tasks to queue
[2023-07-27T12:25:41.659+0000] {logging_mixin.py:149} INFO - [2023-07-27T12:25:41.659+0000] {dagbag.py:541} INFO - Filling up the DagBag from /home/airflow/.local/lib/python3.7/site-packages/airflow/example_dags/example_branch_python_dop_operator_3.py
[2023-07-27T12:25:41.686+0000] {processor.py:836} INFO - DAG(s) dict_keys(['example_branch_dop_operator_v3']) retrieved from /home/airflow/.local/lib/python3.7/site-packages/airflow/example_dags/example_branch_python_dop_operator_3.py
[2023-07-27T12:25:41.753+0000] {logging_mixin.py:149} INFO - [2023-07-27T12:25:41.753+0000] {dag.py:2726} INFO - Sync 1 DAGs
[2023-07-27T12:25:41.826+0000] {logging_mixin.py:149} INFO - [2023-07-27T12:25:41.826+0000] {dag.py:3490} INFO - Setting next_dagrun for example_branch_dop_operator_v3 to 2023-07-27T12:24:00+00:00, run_after=2023-07-27T12:25:00+00:00
[2023-07-27T12:25:41.876+0000] {processor.py:179} INFO - Processing /home/airflow/.local/lib/python3.7/site-packages/airflow/example_dags/example_branch_python_dop_operator_3.py took 0.236 seconds
[2023-07-27T12:26:12.845+0000] {processor.py:157} INFO - Started process (PID=863) to work on /home/airflow/.local/lib/python3.7/site-packages/airflow/example_dags/example_branch_python_dop_operator_3.py
[2023-07-27T12:26:12.854+0000] {processor.py:826} INFO - Processing file /home/airflow/.local/lib/python3.7/site-packages/airflow/example_dags/example_branch_python_dop_operator_3.py for tasks to queue
[2023-07-27T12:26:12.866+0000] {logging_mixin.py:149} INFO - [2023-07-27T12:26:12.860+0000] {dagbag.py:541} INFO - Filling up the DagBag from /home/airflow/.local/lib/python3.7/site-packages/airflow/example_dags/example_branch_python_dop_operator_3.py
[2023-07-27T12:26:12.954+0000] {processor.py:836} INFO - DAG(s) dict_keys(['example_branch_dop_operator_v3']) retrieved from /home/airflow/.local/lib/python3.7/site-packages/airflow/example_dags/example_branch_python_dop_operator_3.py
[2023-07-27T12:26:13.373+0000] {logging_mixin.py:149} INFO - [2023-07-27T12:26:13.370+0000] {dag.py:2726} INFO - Sync 1 DAGs
[2023-07-27T12:26:13.791+0000] {logging_mixin.py:149} INFO - [2023-07-27T12:26:13.790+0000] {dag.py:3490} INFO - Setting next_dagrun for example_branch_dop_operator_v3 to 2023-07-27T12:25:00+00:00, run_after=2023-07-27T12:26:00+00:00
[2023-07-27T12:26:13.937+0000] {processor.py:179} INFO - Processing /home/airflow/.local/lib/python3.7/site-packages/airflow/example_dags/example_branch_python_dop_operator_3.py took 1.121 seconds
[2023-07-27T12:26:52.916+0000] {processor.py:157} INFO - Started process (PID=911) to work on /home/airflow/.local/lib/python3.7/site-packages/airflow/example_dags/example_branch_python_dop_operator_3.py
[2023-07-27T12:26:52.936+0000] {processor.py:826} INFO - Processing file /home/airflow/.local/lib/python3.7/site-packages/airflow/example_dags/example_branch_python_dop_operator_3.py for tasks to queue
[2023-07-27T12:26:52.943+0000] {logging_mixin.py:149} INFO - [2023-07-27T12:26:52.942+0000] {dagbag.py:541} INFO - Filling up the DagBag from /home/airflow/.local/lib/python3.7/site-packages/airflow/example_dags/example_branch_python_dop_operator_3.py
[2023-07-27T12:26:53.056+0000] {processor.py:836} INFO - DAG(s) dict_keys(['example_branch_dop_operator_v3']) retrieved from /home/airflow/.local/lib/python3.7/site-packages/airflow/example_dags/example_branch_python_dop_operator_3.py
[2023-07-27T12:26:53.239+0000] {logging_mixin.py:149} INFO - [2023-07-27T12:26:53.237+0000] {dag.py:2726} INFO - Sync 1 DAGs
[2023-07-27T12:26:53.537+0000] {logging_mixin.py:149} INFO - [2023-07-27T12:26:53.537+0000] {dag.py:3490} INFO - Setting next_dagrun for example_branch_dop_operator_v3 to 2023-07-27T12:25:00+00:00, run_after=2023-07-27T12:26:00+00:00
[2023-07-27T12:26:53.622+0000] {processor.py:179} INFO - Processing /home/airflow/.local/lib/python3.7/site-packages/airflow/example_dags/example_branch_python_dop_operator_3.py took 0.727 seconds
[2023-07-27T12:27:29.235+0000] {processor.py:157} INFO - Started process (PID=965) to work on /home/airflow/.local/lib/python3.7/site-packages/airflow/example_dags/example_branch_python_dop_operator_3.py
[2023-07-27T12:27:29.245+0000] {processor.py:826} INFO - Processing file /home/airflow/.local/lib/python3.7/site-packages/airflow/example_dags/example_branch_python_dop_operator_3.py for tasks to queue
[2023-07-27T12:27:29.256+0000] {logging_mixin.py:149} INFO - [2023-07-27T12:27:29.254+0000] {dagbag.py:541} INFO - Filling up the DagBag from /home/airflow/.local/lib/python3.7/site-packages/airflow/example_dags/example_branch_python_dop_operator_3.py
[2023-07-27T12:27:29.350+0000] {processor.py:836} INFO - DAG(s) dict_keys(['example_branch_dop_operator_v3']) retrieved from /home/airflow/.local/lib/python3.7/site-packages/airflow/example_dags/example_branch_python_dop_operator_3.py
[2023-07-27T12:27:29.481+0000] {logging_mixin.py:149} INFO - [2023-07-27T12:27:29.480+0000] {dag.py:2726} INFO - Sync 1 DAGs
[2023-07-27T12:27:29.623+0000] {logging_mixin.py:149} INFO - [2023-07-27T12:27:29.622+0000] {dag.py:3490} INFO - Setting next_dagrun for example_branch_dop_operator_v3 to 2023-07-27T12:26:00+00:00, run_after=2023-07-27T12:27:00+00:00
[2023-07-27T12:27:29.681+0000] {processor.py:179} INFO - Processing /home/airflow/.local/lib/python3.7/site-packages/airflow/example_dags/example_branch_python_dop_operator_3.py took 0.462 seconds
[2023-07-27T12:28:04.179+0000] {processor.py:157} INFO - Started process (PID=1023) to work on /home/airflow/.local/lib/python3.7/site-packages/airflow/example_dags/example_branch_python_dop_operator_3.py
[2023-07-27T12:28:04.208+0000] {processor.py:826} INFO - Processing file /home/airflow/.local/lib/python3.7/site-packages/airflow/example_dags/example_branch_python_dop_operator_3.py for tasks to queue
[2023-07-27T12:28:04.245+0000] {logging_mixin.py:149} INFO - [2023-07-27T12:28:04.243+0000] {dagbag.py:541} INFO - Filling up the DagBag from /home/airflow/.local/lib/python3.7/site-packages/airflow/example_dags/example_branch_python_dop_operator_3.py
[2023-07-27T12:28:04.461+0000] {processor.py:836} INFO - DAG(s) dict_keys(['example_branch_dop_operator_v3']) retrieved from /home/airflow/.local/lib/python3.7/site-packages/airflow/example_dags/example_branch_python_dop_operator_3.py
[2023-07-27T12:28:04.758+0000] {logging_mixin.py:149} INFO - [2023-07-27T12:28:04.757+0000] {dag.py:2726} INFO - Sync 1 DAGs
[2023-07-27T12:28:04.969+0000] {logging_mixin.py:149} INFO - [2023-07-27T12:28:04.969+0000] {dag.py:3490} INFO - Setting next_dagrun for example_branch_dop_operator_v3 to 2023-07-27T12:27:00+00:00, run_after=2023-07-27T12:28:00+00:00
[2023-07-27T12:28:05.051+0000] {processor.py:179} INFO - Processing /home/airflow/.local/lib/python3.7/site-packages/airflow/example_dags/example_branch_python_dop_operator_3.py took 0.900 seconds
[2023-07-27T12:28:35.841+0000] {processor.py:157} INFO - Started process (PID=1080) to work on /home/airflow/.local/lib/python3.7/site-packages/airflow/example_dags/example_branch_python_dop_operator_3.py
[2023-07-27T12:28:35.903+0000] {processor.py:826} INFO - Processing file /home/airflow/.local/lib/python3.7/site-packages/airflow/example_dags/example_branch_python_dop_operator_3.py for tasks to queue
[2023-07-27T12:28:35.923+0000] {logging_mixin.py:149} INFO - [2023-07-27T12:28:35.923+0000] {dagbag.py:541} INFO - Filling up the DagBag from /home/airflow/.local/lib/python3.7/site-packages/airflow/example_dags/example_branch_python_dop_operator_3.py
[2023-07-27T12:28:36.292+0000] {processor.py:836} INFO - DAG(s) dict_keys(['example_branch_dop_operator_v3']) retrieved from /home/airflow/.local/lib/python3.7/site-packages/airflow/example_dags/example_branch_python_dop_operator_3.py
[2023-07-27T12:28:36.565+0000] {logging_mixin.py:149} INFO - [2023-07-27T12:28:36.564+0000] {dag.py:2726} INFO - Sync 1 DAGs
[2023-07-27T12:28:36.754+0000] {logging_mixin.py:149} INFO - [2023-07-27T12:28:36.753+0000] {dag.py:3490} INFO - Setting next_dagrun for example_branch_dop_operator_v3 to 2023-07-27T12:27:00+00:00, run_after=2023-07-27T12:28:00+00:00
[2023-07-27T12:28:36.922+0000] {processor.py:179} INFO - Processing /home/airflow/.local/lib/python3.7/site-packages/airflow/example_dags/example_branch_python_dop_operator_3.py took 1.099 seconds
[2023-07-27T12:29:07.153+0000] {processor.py:157} INFO - Started process (PID=1135) to work on /home/airflow/.local/lib/python3.7/site-packages/airflow/example_dags/example_branch_python_dop_operator_3.py
[2023-07-27T12:29:07.158+0000] {processor.py:826} INFO - Processing file /home/airflow/.local/lib/python3.7/site-packages/airflow/example_dags/example_branch_python_dop_operator_3.py for tasks to queue
[2023-07-27T12:29:07.161+0000] {logging_mixin.py:149} INFO - [2023-07-27T12:29:07.161+0000] {dagbag.py:541} INFO - Filling up the DagBag from /home/airflow/.local/lib/python3.7/site-packages/airflow/example_dags/example_branch_python_dop_operator_3.py
[2023-07-27T12:29:07.203+0000] {processor.py:836} INFO - DAG(s) dict_keys(['example_branch_dop_operator_v3']) retrieved from /home/airflow/.local/lib/python3.7/site-packages/airflow/example_dags/example_branch_python_dop_operator_3.py
[2023-07-27T12:29:07.285+0000] {logging_mixin.py:149} INFO - [2023-07-27T12:29:07.285+0000] {dag.py:2726} INFO - Sync 1 DAGs
[2023-07-27T12:29:07.352+0000] {logging_mixin.py:149} INFO - [2023-07-27T12:29:07.352+0000] {dag.py:3490} INFO - Setting next_dagrun for example_branch_dop_operator_v3 to 2023-07-27T12:28:00+00:00, run_after=2023-07-27T12:29:00+00:00
[2023-07-27T12:29:07.400+0000] {processor.py:179} INFO - Processing /home/airflow/.local/lib/python3.7/site-packages/airflow/example_dags/example_branch_python_dop_operator_3.py took 0.258 seconds
[2023-07-27T12:29:37.769+0000] {processor.py:157} INFO - Started process (PID=1193) to work on /home/airflow/.local/lib/python3.7/site-packages/airflow/example_dags/example_branch_python_dop_operator_3.py
[2023-07-27T12:29:37.775+0000] {processor.py:826} INFO - Processing file /home/airflow/.local/lib/python3.7/site-packages/airflow/example_dags/example_branch_python_dop_operator_3.py for tasks to queue
[2023-07-27T12:29:37.779+0000] {logging_mixin.py:149} INFO - [2023-07-27T12:29:37.778+0000] {dagbag.py:541} INFO - Filling up the DagBag from /home/airflow/.local/lib/python3.7/site-packages/airflow/example_dags/example_branch_python_dop_operator_3.py
[2023-07-27T12:29:37.805+0000] {processor.py:836} INFO - DAG(s) dict_keys(['example_branch_dop_operator_v3']) retrieved from /home/airflow/.local/lib/python3.7/site-packages/airflow/example_dags/example_branch_python_dop_operator_3.py
[2023-07-27T12:29:37.920+0000] {logging_mixin.py:149} INFO - [2023-07-27T12:29:37.912+0000] {dag.py:2726} INFO - Sync 1 DAGs
[2023-07-27T12:29:38.139+0000] {logging_mixin.py:149} INFO - [2023-07-27T12:29:38.139+0000] {dag.py:3490} INFO - Setting next_dagrun for example_branch_dop_operator_v3 to 2023-07-27T12:28:00+00:00, run_after=2023-07-27T12:29:00+00:00
[2023-07-27T12:29:38.275+0000] {processor.py:179} INFO - Processing /home/airflow/.local/lib/python3.7/site-packages/airflow/example_dags/example_branch_python_dop_operator_3.py took 0.519 seconds
[2023-07-27T12:30:08.877+0000] {processor.py:157} INFO - Started process (PID=1251) to work on /home/airflow/.local/lib/python3.7/site-packages/airflow/example_dags/example_branch_python_dop_operator_3.py
[2023-07-27T12:30:08.889+0000] {processor.py:826} INFO - Processing file /home/airflow/.local/lib/python3.7/site-packages/airflow/example_dags/example_branch_python_dop_operator_3.py for tasks to queue
[2023-07-27T12:30:08.896+0000] {logging_mixin.py:149} INFO - [2023-07-27T12:30:08.896+0000] {dagbag.py:541} INFO - Filling up the DagBag from /home/airflow/.local/lib/python3.7/site-packages/airflow/example_dags/example_branch_python_dop_operator_3.py
[2023-07-27T12:30:08.930+0000] {processor.py:836} INFO - DAG(s) dict_keys(['example_branch_dop_operator_v3']) retrieved from /home/airflow/.local/lib/python3.7/site-packages/airflow/example_dags/example_branch_python_dop_operator_3.py
[2023-07-27T12:30:10.408+0000] {logging_mixin.py:149} INFO - [2023-07-27T12:30:10.408+0000] {dag.py:2726} INFO - Sync 1 DAGs
[2023-07-27T12:30:10.816+0000] {logging_mixin.py:149} INFO - [2023-07-27T12:30:10.814+0000] {dag.py:3490} INFO - Setting next_dagrun for example_branch_dop_operator_v3 to 2023-07-27T12:29:00+00:00, run_after=2023-07-27T12:30:00+00:00
[2023-07-27T12:30:11.218+0000] {processor.py:179} INFO - Processing /home/airflow/.local/lib/python3.7/site-packages/airflow/example_dags/example_branch_python_dop_operator_3.py took 2.366 seconds
[2023-07-27T12:30:41.594+0000] {processor.py:157} INFO - Started process (PID=1315) to work on /home/airflow/.local/lib/python3.7/site-packages/airflow/example_dags/example_branch_python_dop_operator_3.py
[2023-07-27T12:30:41.606+0000] {processor.py:826} INFO - Processing file /home/airflow/.local/lib/python3.7/site-packages/airflow/example_dags/example_branch_python_dop_operator_3.py for tasks to queue
[2023-07-27T12:30:41.615+0000] {logging_mixin.py:149} INFO - [2023-07-27T12:30:41.614+0000] {dagbag.py:541} INFO - Filling up the DagBag from /home/airflow/.local/lib/python3.7/site-packages/airflow/example_dags/example_branch_python_dop_operator_3.py
[2023-07-27T12:30:41.704+0000] {processor.py:836} INFO - DAG(s) dict_keys(['example_branch_dop_operator_v3']) retrieved from /home/airflow/.local/lib/python3.7/site-packages/airflow/example_dags/example_branch_python_dop_operator_3.py
[2023-07-27T12:30:41.888+0000] {logging_mixin.py:149} INFO - [2023-07-27T12:30:41.887+0000] {dag.py:2726} INFO - Sync 1 DAGs
[2023-07-27T12:30:42.172+0000] {logging_mixin.py:149} INFO - [2023-07-27T12:30:42.171+0000] {dag.py:3490} INFO - Setting next_dagrun for example_branch_dop_operator_v3 to 2023-07-27T12:29:00+00:00, run_after=2023-07-27T12:30:00+00:00
[2023-07-27T12:30:42.462+0000] {processor.py:179} INFO - Processing /home/airflow/.local/lib/python3.7/site-packages/airflow/example_dags/example_branch_python_dop_operator_3.py took 0.802 seconds
[2023-07-27T12:31:12.934+0000] {processor.py:157} INFO - Started process (PID=1373) to work on /home/airflow/.local/lib/python3.7/site-packages/airflow/example_dags/example_branch_python_dop_operator_3.py
[2023-07-27T12:31:12.938+0000] {processor.py:826} INFO - Processing file /home/airflow/.local/lib/python3.7/site-packages/airflow/example_dags/example_branch_python_dop_operator_3.py for tasks to queue
[2023-07-27T12:31:12.943+0000] {logging_mixin.py:149} INFO - [2023-07-27T12:31:12.942+0000] {dagbag.py:541} INFO - Filling up the DagBag from /home/airflow/.local/lib/python3.7/site-packages/airflow/example_dags/example_branch_python_dop_operator_3.py
[2023-07-27T12:31:12.963+0000] {processor.py:836} INFO - DAG(s) dict_keys(['example_branch_dop_operator_v3']) retrieved from /home/airflow/.local/lib/python3.7/site-packages/airflow/example_dags/example_branch_python_dop_operator_3.py
[2023-07-27T12:31:13.023+0000] {logging_mixin.py:149} INFO - [2023-07-27T12:31:13.023+0000] {dag.py:2726} INFO - Sync 1 DAGs
[2023-07-27T12:31:13.090+0000] {logging_mixin.py:149} INFO - [2023-07-27T12:31:13.090+0000] {dag.py:3490} INFO - Setting next_dagrun for example_branch_dop_operator_v3 to 2023-07-27T12:30:00+00:00, run_after=2023-07-27T12:31:00+00:00
[2023-07-27T12:31:13.138+0000] {processor.py:179} INFO - Processing /home/airflow/.local/lib/python3.7/site-packages/airflow/example_dags/example_branch_python_dop_operator_3.py took 0.214 seconds
[2023-07-27T12:31:43.521+0000] {processor.py:157} INFO - Started process (PID=1431) to work on /home/airflow/.local/lib/python3.7/site-packages/airflow/example_dags/example_branch_python_dop_operator_3.py
[2023-07-27T12:31:43.524+0000] {processor.py:826} INFO - Processing file /home/airflow/.local/lib/python3.7/site-packages/airflow/example_dags/example_branch_python_dop_operator_3.py for tasks to queue
[2023-07-27T12:31:43.527+0000] {logging_mixin.py:149} INFO - [2023-07-27T12:31:43.527+0000] {dagbag.py:541} INFO - Filling up the DagBag from /home/airflow/.local/lib/python3.7/site-packages/airflow/example_dags/example_branch_python_dop_operator_3.py
[2023-07-27T12:31:43.549+0000] {processor.py:836} INFO - DAG(s) dict_keys(['example_branch_dop_operator_v3']) retrieved from /home/airflow/.local/lib/python3.7/site-packages/airflow/example_dags/example_branch_python_dop_operator_3.py
[2023-07-27T12:31:43.608+0000] {logging_mixin.py:149} INFO - [2023-07-27T12:31:43.608+0000] {dag.py:2726} INFO - Sync 1 DAGs
[2023-07-27T12:31:43.677+0000] {logging_mixin.py:149} INFO - [2023-07-27T12:31:43.677+0000] {dag.py:3490} INFO - Setting next_dagrun for example_branch_dop_operator_v3 to 2023-07-27T12:30:00+00:00, run_after=2023-07-27T12:31:00+00:00
[2023-07-27T12:31:43.716+0000] {processor.py:179} INFO - Processing /home/airflow/.local/lib/python3.7/site-packages/airflow/example_dags/example_branch_python_dop_operator_3.py took 0.204 seconds
[2023-07-27T12:32:13.855+0000] {processor.py:157} INFO - Started process (PID=1489) to work on /home/airflow/.local/lib/python3.7/site-packages/airflow/example_dags/example_branch_python_dop_operator_3.py
[2023-07-27T12:32:13.859+0000] {processor.py:826} INFO - Processing file /home/airflow/.local/lib/python3.7/site-packages/airflow/example_dags/example_branch_python_dop_operator_3.py for tasks to queue
[2023-07-27T12:32:13.862+0000] {logging_mixin.py:149} INFO - [2023-07-27T12:32:13.862+0000] {dagbag.py:541} INFO - Filling up the DagBag from /home/airflow/.local/lib/python3.7/site-packages/airflow/example_dags/example_branch_python_dop_operator_3.py
[2023-07-27T12:32:13.878+0000] {processor.py:836} INFO - DAG(s) dict_keys(['example_branch_dop_operator_v3']) retrieved from /home/airflow/.local/lib/python3.7/site-packages/airflow/example_dags/example_branch_python_dop_operator_3.py
[2023-07-27T12:32:13.923+0000] {logging_mixin.py:149} INFO - [2023-07-27T12:32:13.923+0000] {dag.py:2726} INFO - Sync 1 DAGs
[2023-07-27T12:32:13.987+0000] {logging_mixin.py:149} INFO - [2023-07-27T12:32:13.987+0000] {dag.py:3490} INFO - Setting next_dagrun for example_branch_dop_operator_v3 to 2023-07-27T12:31:00+00:00, run_after=2023-07-27T12:32:00+00:00
[2023-07-27T12:32:14.035+0000] {processor.py:179} INFO - Processing /home/airflow/.local/lib/python3.7/site-packages/airflow/example_dags/example_branch_python_dop_operator_3.py took 0.187 seconds
[2023-07-27T12:32:44.296+0000] {processor.py:157} INFO - Started process (PID=1547) to work on /home/airflow/.local/lib/python3.7/site-packages/airflow/example_dags/example_branch_python_dop_operator_3.py
[2023-07-27T12:32:44.302+0000] {processor.py:826} INFO - Processing file /home/airflow/.local/lib/python3.7/site-packages/airflow/example_dags/example_branch_python_dop_operator_3.py for tasks to queue
[2023-07-27T12:32:44.306+0000] {logging_mixin.py:149} INFO - [2023-07-27T12:32:44.306+0000] {dagbag.py:541} INFO - Filling up the DagBag from /home/airflow/.local/lib/python3.7/site-packages/airflow/example_dags/example_branch_python_dop_operator_3.py
[2023-07-27T12:32:44.327+0000] {processor.py:836} INFO - DAG(s) dict_keys(['example_branch_dop_operator_v3']) retrieved from /home/airflow/.local/lib/python3.7/site-packages/airflow/example_dags/example_branch_python_dop_operator_3.py
[2023-07-27T12:32:44.394+0000] {logging_mixin.py:149} INFO - [2023-07-27T12:32:44.393+0000] {dag.py:2726} INFO - Sync 1 DAGs
[2023-07-27T12:32:44.468+0000] {logging_mixin.py:149} INFO - [2023-07-27T12:32:44.468+0000] {dag.py:3490} INFO - Setting next_dagrun for example_branch_dop_operator_v3 to 2023-07-27T12:31:00+00:00, run_after=2023-07-27T12:32:00+00:00
[2023-07-27T12:32:44.519+0000] {processor.py:179} INFO - Processing /home/airflow/.local/lib/python3.7/site-packages/airflow/example_dags/example_branch_python_dop_operator_3.py took 0.232 seconds
[2023-07-27T12:33:15.830+0000] {processor.py:157} INFO - Started process (PID=1605) to work on /home/airflow/.local/lib/python3.7/site-packages/airflow/example_dags/example_branch_python_dop_operator_3.py
[2023-07-27T12:33:15.842+0000] {processor.py:826} INFO - Processing file /home/airflow/.local/lib/python3.7/site-packages/airflow/example_dags/example_branch_python_dop_operator_3.py for tasks to queue
[2023-07-27T12:33:15.849+0000] {logging_mixin.py:149} INFO - [2023-07-27T12:33:15.848+0000] {dagbag.py:541} INFO - Filling up the DagBag from /home/airflow/.local/lib/python3.7/site-packages/airflow/example_dags/example_branch_python_dop_operator_3.py
[2023-07-27T12:33:15.886+0000] {processor.py:836} INFO - DAG(s) dict_keys(['example_branch_dop_operator_v3']) retrieved from /home/airflow/.local/lib/python3.7/site-packages/airflow/example_dags/example_branch_python_dop_operator_3.py
[2023-07-27T12:33:15.952+0000] {logging_mixin.py:149} INFO - [2023-07-27T12:33:15.951+0000] {dag.py:2726} INFO - Sync 1 DAGs
[2023-07-27T12:33:16.043+0000] {logging_mixin.py:149} INFO - [2023-07-27T12:33:16.043+0000] {dag.py:3490} INFO - Setting next_dagrun for example_branch_dop_operator_v3 to 2023-07-27T12:32:00+00:00, run_after=2023-07-27T12:33:00+00:00
[2023-07-27T12:33:16.108+0000] {processor.py:179} INFO - Processing /home/airflow/.local/lib/python3.7/site-packages/airflow/example_dags/example_branch_python_dop_operator_3.py took 0.296 seconds
[2023-07-27T12:33:47.168+0000] {processor.py:157} INFO - Started process (PID=1654) to work on /home/airflow/.local/lib/python3.7/site-packages/airflow/example_dags/example_branch_python_dop_operator_3.py
[2023-07-27T12:33:47.175+0000] {processor.py:826} INFO - Processing file /home/airflow/.local/lib/python3.7/site-packages/airflow/example_dags/example_branch_python_dop_operator_3.py for tasks to queue
[2023-07-27T12:33:47.177+0000] {logging_mixin.py:149} INFO - [2023-07-27T12:33:47.177+0000] {dagbag.py:541} INFO - Filling up the DagBag from /home/airflow/.local/lib/python3.7/site-packages/airflow/example_dags/example_branch_python_dop_operator_3.py
[2023-07-27T12:33:47.198+0000] {processor.py:836} INFO - DAG(s) dict_keys(['example_branch_dop_operator_v3']) retrieved from /home/airflow/.local/lib/python3.7/site-packages/airflow/example_dags/example_branch_python_dop_operator_3.py
[2023-07-27T12:33:47.286+0000] {logging_mixin.py:149} INFO - [2023-07-27T12:33:47.286+0000] {dag.py:2726} INFO - Sync 1 DAGs
[2023-07-27T12:33:47.423+0000] {logging_mixin.py:149} INFO - [2023-07-27T12:33:47.423+0000] {dag.py:3490} INFO - Setting next_dagrun for example_branch_dop_operator_v3 to 2023-07-27T12:32:00+00:00, run_after=2023-07-27T12:33:00+00:00
[2023-07-27T12:33:47.505+0000] {processor.py:179} INFO - Processing /home/airflow/.local/lib/python3.7/site-packages/airflow/example_dags/example_branch_python_dop_operator_3.py took 0.344 seconds
[2023-07-27T12:34:18.491+0000] {processor.py:157} INFO - Started process (PID=1712) to work on /home/airflow/.local/lib/python3.7/site-packages/airflow/example_dags/example_branch_python_dop_operator_3.py
[2023-07-27T12:34:18.503+0000] {processor.py:826} INFO - Processing file /home/airflow/.local/lib/python3.7/site-packages/airflow/example_dags/example_branch_python_dop_operator_3.py for tasks to queue
[2023-07-27T12:34:18.516+0000] {logging_mixin.py:149} INFO - [2023-07-27T12:34:18.515+0000] {dagbag.py:541} INFO - Filling up the DagBag from /home/airflow/.local/lib/python3.7/site-packages/airflow/example_dags/example_branch_python_dop_operator_3.py
[2023-07-27T12:34:18.540+0000] {processor.py:836} INFO - DAG(s) dict_keys(['example_branch_dop_operator_v3']) retrieved from /home/airflow/.local/lib/python3.7/site-packages/airflow/example_dags/example_branch_python_dop_operator_3.py
[2023-07-27T12:34:18.597+0000] {logging_mixin.py:149} INFO - [2023-07-27T12:34:18.596+0000] {dag.py:2726} INFO - Sync 1 DAGs
[2023-07-27T12:34:18.723+0000] {logging_mixin.py:149} INFO - [2023-07-27T12:34:18.716+0000] {dag.py:3490} INFO - Setting next_dagrun for example_branch_dop_operator_v3 to 2023-07-27T12:33:00+00:00, run_after=2023-07-27T12:34:00+00:00
[2023-07-27T12:34:18.816+0000] {processor.py:179} INFO - Processing /home/airflow/.local/lib/python3.7/site-packages/airflow/example_dags/example_branch_python_dop_operator_3.py took 0.359 seconds
[2023-07-27T12:34:49.572+0000] {processor.py:157} INFO - Started process (PID=1770) to work on /home/airflow/.local/lib/python3.7/site-packages/airflow/example_dags/example_branch_python_dop_operator_3.py
[2023-07-27T12:34:49.575+0000] {processor.py:826} INFO - Processing file /home/airflow/.local/lib/python3.7/site-packages/airflow/example_dags/example_branch_python_dop_operator_3.py for tasks to queue
[2023-07-27T12:34:49.580+0000] {logging_mixin.py:149} INFO - [2023-07-27T12:34:49.579+0000] {dagbag.py:541} INFO - Filling up the DagBag from /home/airflow/.local/lib/python3.7/site-packages/airflow/example_dags/example_branch_python_dop_operator_3.py
[2023-07-27T12:34:49.604+0000] {processor.py:836} INFO - DAG(s) dict_keys(['example_branch_dop_operator_v3']) retrieved from /home/airflow/.local/lib/python3.7/site-packages/airflow/example_dags/example_branch_python_dop_operator_3.py
[2023-07-27T12:34:49.671+0000] {logging_mixin.py:149} INFO - [2023-07-27T12:34:49.671+0000] {dag.py:2726} INFO - Sync 1 DAGs
[2023-07-27T12:34:49.773+0000] {logging_mixin.py:149} INFO - [2023-07-27T12:34:49.772+0000] {dag.py:3490} INFO - Setting next_dagrun for example_branch_dop_operator_v3 to 2023-07-27T12:33:00+00:00, run_after=2023-07-27T12:34:00+00:00
[2023-07-27T12:34:49.821+0000] {processor.py:179} INFO - Processing /home/airflow/.local/lib/python3.7/site-packages/airflow/example_dags/example_branch_python_dop_operator_3.py took 0.264 seconds
[2023-07-27T12:35:22.142+0000] {processor.py:157} INFO - Started process (PID=1826) to work on /home/airflow/.local/lib/python3.7/site-packages/airflow/example_dags/example_branch_python_dop_operator_3.py
[2023-07-27T12:35:22.155+0000] {processor.py:826} INFO - Processing file /home/airflow/.local/lib/python3.7/site-packages/airflow/example_dags/example_branch_python_dop_operator_3.py for tasks to queue
[2023-07-27T12:35:22.158+0000] {logging_mixin.py:149} INFO - [2023-07-27T12:35:22.158+0000] {dagbag.py:541} INFO - Filling up the DagBag from /home/airflow/.local/lib/python3.7/site-packages/airflow/example_dags/example_branch_python_dop_operator_3.py
[2023-07-27T12:35:22.272+0000] {processor.py:836} INFO - DAG(s) dict_keys(['example_branch_dop_operator_v3']) retrieved from /home/airflow/.local/lib/python3.7/site-packages/airflow/example_dags/example_branch_python_dop_operator_3.py
[2023-07-27T12:35:22.500+0000] {logging_mixin.py:149} INFO - [2023-07-27T12:35:22.500+0000] {dag.py:2726} INFO - Sync 1 DAGs
[2023-07-27T12:35:22.668+0000] {logging_mixin.py:149} INFO - [2023-07-27T12:35:22.668+0000] {dag.py:3490} INFO - Setting next_dagrun for example_branch_dop_operator_v3 to 2023-07-27T12:34:00+00:00, run_after=2023-07-27T12:35:00+00:00
[2023-07-27T12:35:22.720+0000] {processor.py:179} INFO - Processing /home/airflow/.local/lib/python3.7/site-packages/airflow/example_dags/example_branch_python_dop_operator_3.py took 0.644 seconds
[2023-07-27T12:35:52.847+0000] {processor.py:157} INFO - Started process (PID=1882) to work on /home/airflow/.local/lib/python3.7/site-packages/airflow/example_dags/example_branch_python_dop_operator_3.py
[2023-07-27T12:35:52.851+0000] {processor.py:826} INFO - Processing file /home/airflow/.local/lib/python3.7/site-packages/airflow/example_dags/example_branch_python_dop_operator_3.py for tasks to queue
[2023-07-27T12:35:52.857+0000] {logging_mixin.py:149} INFO - [2023-07-27T12:35:52.857+0000] {dagbag.py:541} INFO - Filling up the DagBag from /home/airflow/.local/lib/python3.7/site-packages/airflow/example_dags/example_branch_python_dop_operator_3.py
[2023-07-27T12:35:52.926+0000] {processor.py:836} INFO - DAG(s) dict_keys(['example_branch_dop_operator_v3']) retrieved from /home/airflow/.local/lib/python3.7/site-packages/airflow/example_dags/example_branch_python_dop_operator_3.py
[2023-07-27T12:35:52.980+0000] {logging_mixin.py:149} INFO - [2023-07-27T12:35:52.980+0000] {dag.py:2726} INFO - Sync 1 DAGs
[2023-07-27T12:35:53.056+0000] {logging_mixin.py:149} INFO - [2023-07-27T12:35:53.056+0000] {dag.py:3490} INFO - Setting next_dagrun for example_branch_dop_operator_v3 to 2023-07-27T12:34:00+00:00, run_after=2023-07-27T12:35:00+00:00
[2023-07-27T12:35:53.102+0000] {processor.py:179} INFO - Processing /home/airflow/.local/lib/python3.7/site-packages/airflow/example_dags/example_branch_python_dop_operator_3.py took 0.267 seconds
[2023-07-27T12:36:23.335+0000] {processor.py:157} INFO - Started process (PID=1939) to work on /home/airflow/.local/lib/python3.7/site-packages/airflow/example_dags/example_branch_python_dop_operator_3.py
[2023-07-27T12:36:23.344+0000] {processor.py:826} INFO - Processing file /home/airflow/.local/lib/python3.7/site-packages/airflow/example_dags/example_branch_python_dop_operator_3.py for tasks to queue
[2023-07-27T12:36:23.353+0000] {logging_mixin.py:149} INFO - [2023-07-27T12:36:23.350+0000] {dagbag.py:541} INFO - Filling up the DagBag from /home/airflow/.local/lib/python3.7/site-packages/airflow/example_dags/example_branch_python_dop_operator_3.py
[2023-07-27T12:36:23.419+0000] {processor.py:836} INFO - DAG(s) dict_keys(['example_branch_dop_operator_v3']) retrieved from /home/airflow/.local/lib/python3.7/site-packages/airflow/example_dags/example_branch_python_dop_operator_3.py
[2023-07-27T12:36:23.546+0000] {logging_mixin.py:149} INFO - [2023-07-27T12:36:23.545+0000] {dag.py:2726} INFO - Sync 1 DAGs
[2023-07-27T12:36:23.647+0000] {logging_mixin.py:149} INFO - [2023-07-27T12:36:23.646+0000] {dag.py:3490} INFO - Setting next_dagrun for example_branch_dop_operator_v3 to 2023-07-27T12:35:00+00:00, run_after=2023-07-27T12:36:00+00:00
[2023-07-27T12:36:23.694+0000] {processor.py:179} INFO - Processing /home/airflow/.local/lib/python3.7/site-packages/airflow/example_dags/example_branch_python_dop_operator_3.py took 0.377 seconds
[2023-07-27T12:36:54.540+0000] {processor.py:157} INFO - Started process (PID=1996) to work on /home/airflow/.local/lib/python3.7/site-packages/airflow/example_dags/example_branch_python_dop_operator_3.py
[2023-07-27T12:36:54.544+0000] {processor.py:826} INFO - Processing file /home/airflow/.local/lib/python3.7/site-packages/airflow/example_dags/example_branch_python_dop_operator_3.py for tasks to queue
[2023-07-27T12:36:54.552+0000] {logging_mixin.py:149} INFO - [2023-07-27T12:36:54.551+0000] {dagbag.py:541} INFO - Filling up the DagBag from /home/airflow/.local/lib/python3.7/site-packages/airflow/example_dags/example_branch_python_dop_operator_3.py
[2023-07-27T12:36:54.577+0000] {processor.py:836} INFO - DAG(s) dict_keys(['example_branch_dop_operator_v3']) retrieved from /home/airflow/.local/lib/python3.7/site-packages/airflow/example_dags/example_branch_python_dop_operator_3.py
[2023-07-27T12:36:54.871+0000] {logging_mixin.py:149} INFO - [2023-07-27T12:36:54.870+0000] {dag.py:2726} INFO - Sync 1 DAGs
[2023-07-27T12:36:55.119+0000] {logging_mixin.py:149} INFO - [2023-07-27T12:36:55.119+0000] {dag.py:3490} INFO - Setting next_dagrun for example_branch_dop_operator_v3 to 2023-07-27T12:35:00+00:00, run_after=2023-07-27T12:36:00+00:00
[2023-07-27T12:36:55.270+0000] {processor.py:179} INFO - Processing /home/airflow/.local/lib/python3.7/site-packages/airflow/example_dags/example_branch_python_dop_operator_3.py took 0.740 seconds
[2023-07-27T12:37:25.607+0000] {processor.py:157} INFO - Started process (PID=2054) to work on /home/airflow/.local/lib/python3.7/site-packages/airflow/example_dags/example_branch_python_dop_operator_3.py
[2023-07-27T12:37:25.610+0000] {processor.py:826} INFO - Processing file /home/airflow/.local/lib/python3.7/site-packages/airflow/example_dags/example_branch_python_dop_operator_3.py for tasks to queue
[2023-07-27T12:37:25.613+0000] {logging_mixin.py:149} INFO - [2023-07-27T12:37:25.613+0000] {dagbag.py:541} INFO - Filling up the DagBag from /home/airflow/.local/lib/python3.7/site-packages/airflow/example_dags/example_branch_python_dop_operator_3.py
[2023-07-27T12:37:25.632+0000] {processor.py:836} INFO - DAG(s) dict_keys(['example_branch_dop_operator_v3']) retrieved from /home/airflow/.local/lib/python3.7/site-packages/airflow/example_dags/example_branch_python_dop_operator_3.py
[2023-07-27T12:37:25.690+0000] {logging_mixin.py:149} INFO - [2023-07-27T12:37:25.690+0000] {dag.py:2726} INFO - Sync 1 DAGs
[2023-07-27T12:37:25.756+0000] {logging_mixin.py:149} INFO - [2023-07-27T12:37:25.756+0000] {dag.py:3490} INFO - Setting next_dagrun for example_branch_dop_operator_v3 to 2023-07-27T12:36:00+00:00, run_after=2023-07-27T12:37:00+00:00
[2023-07-27T12:37:25.792+0000] {processor.py:179} INFO - Processing /home/airflow/.local/lib/python3.7/site-packages/airflow/example_dags/example_branch_python_dop_operator_3.py took 0.192 seconds
[2023-07-27T12:37:55.996+0000] {processor.py:157} INFO - Started process (PID=2112) to work on /home/airflow/.local/lib/python3.7/site-packages/airflow/example_dags/example_branch_python_dop_operator_3.py
[2023-07-27T12:37:56.000+0000] {processor.py:826} INFO - Processing file /home/airflow/.local/lib/python3.7/site-packages/airflow/example_dags/example_branch_python_dop_operator_3.py for tasks to queue
[2023-07-27T12:37:56.012+0000] {logging_mixin.py:149} INFO - [2023-07-27T12:37:56.011+0000] {dagbag.py:541} INFO - Filling up the DagBag from /home/airflow/.local/lib/python3.7/site-packages/airflow/example_dags/example_branch_python_dop_operator_3.py
[2023-07-27T12:37:56.078+0000] {processor.py:836} INFO - DAG(s) dict_keys(['example_branch_dop_operator_v3']) retrieved from /home/airflow/.local/lib/python3.7/site-packages/airflow/example_dags/example_branch_python_dop_operator_3.py
[2023-07-27T12:37:56.185+0000] {logging_mixin.py:149} INFO - [2023-07-27T12:37:56.185+0000] {dag.py:2726} INFO - Sync 1 DAGs
[2023-07-27T12:37:56.334+0000] {logging_mixin.py:149} INFO - [2023-07-27T12:37:56.334+0000] {dag.py:3490} INFO - Setting next_dagrun for example_branch_dop_operator_v3 to 2023-07-27T12:36:00+00:00, run_after=2023-07-27T12:37:00+00:00
[2023-07-27T12:37:56.491+0000] {processor.py:179} INFO - Processing /home/airflow/.local/lib/python3.7/site-packages/airflow/example_dags/example_branch_python_dop_operator_3.py took 0.527 seconds
[2023-07-27T12:38:26.654+0000] {processor.py:157} INFO - Started process (PID=2170) to work on /home/airflow/.local/lib/python3.7/site-packages/airflow/example_dags/example_branch_python_dop_operator_3.py
[2023-07-27T12:38:26.657+0000] {processor.py:826} INFO - Processing file /home/airflow/.local/lib/python3.7/site-packages/airflow/example_dags/example_branch_python_dop_operator_3.py for tasks to queue
[2023-07-27T12:38:26.660+0000] {logging_mixin.py:149} INFO - [2023-07-27T12:38:26.660+0000] {dagbag.py:541} INFO - Filling up the DagBag from /home/airflow/.local/lib/python3.7/site-packages/airflow/example_dags/example_branch_python_dop_operator_3.py
[2023-07-27T12:38:26.678+0000] {processor.py:836} INFO - DAG(s) dict_keys(['example_branch_dop_operator_v3']) retrieved from /home/airflow/.local/lib/python3.7/site-packages/airflow/example_dags/example_branch_python_dop_operator_3.py
[2023-07-27T12:38:26.751+0000] {logging_mixin.py:149} INFO - [2023-07-27T12:38:26.751+0000] {dag.py:2726} INFO - Sync 1 DAGs
[2023-07-27T12:38:26.855+0000] {logging_mixin.py:149} INFO - [2023-07-27T12:38:26.854+0000] {dag.py:3490} INFO - Setting next_dagrun for example_branch_dop_operator_v3 to 2023-07-27T12:37:00+00:00, run_after=2023-07-27T12:38:00+00:00
[2023-07-27T12:38:26.902+0000] {processor.py:179} INFO - Processing /home/airflow/.local/lib/python3.7/site-packages/airflow/example_dags/example_branch_python_dop_operator_3.py took 0.256 seconds
[2023-07-27T12:38:58.732+0000] {processor.py:157} INFO - Started process (PID=2228) to work on /home/airflow/.local/lib/python3.7/site-packages/airflow/example_dags/example_branch_python_dop_operator_3.py
[2023-07-27T12:38:58.742+0000] {processor.py:826} INFO - Processing file /home/airflow/.local/lib/python3.7/site-packages/airflow/example_dags/example_branch_python_dop_operator_3.py for tasks to queue
[2023-07-27T12:38:58.753+0000] {logging_mixin.py:149} INFO - [2023-07-27T12:38:58.753+0000] {dagbag.py:541} INFO - Filling up the DagBag from /home/airflow/.local/lib/python3.7/site-packages/airflow/example_dags/example_branch_python_dop_operator_3.py
[2023-07-27T12:38:58.793+0000] {processor.py:836} INFO - DAG(s) dict_keys(['example_branch_dop_operator_v3']) retrieved from /home/airflow/.local/lib/python3.7/site-packages/airflow/example_dags/example_branch_python_dop_operator_3.py
[2023-07-27T12:38:58.884+0000] {logging_mixin.py:149} INFO - [2023-07-27T12:38:58.883+0000] {dag.py:2726} INFO - Sync 1 DAGs
[2023-07-27T12:38:59.020+0000] {logging_mixin.py:149} INFO - [2023-07-27T12:38:59.019+0000] {dag.py:3490} INFO - Setting next_dagrun for example_branch_dop_operator_v3 to 2023-07-27T12:37:00+00:00, run_after=2023-07-27T12:38:00+00:00
[2023-07-27T12:38:59.099+0000] {processor.py:179} INFO - Processing /home/airflow/.local/lib/python3.7/site-packages/airflow/example_dags/example_branch_python_dop_operator_3.py took 0.391 seconds
