[2023-07-27T12:26:10.055+0000] {processor.py:157} INFO - Started process (PID=852) to work on /home/airflow/.local/lib/python3.7/site-packages/airflow/example_dags/example_skip_dag.py
[2023-07-27T12:26:10.059+0000] {processor.py:826} INFO - Processing file /home/airflow/.local/lib/python3.7/site-packages/airflow/example_dags/example_skip_dag.py for tasks to queue
[2023-07-27T12:26:10.063+0000] {logging_mixin.py:149} INFO - [2023-07-27T12:26:10.062+0000] {dagbag.py:541} INFO - Filling up the DagBag from /home/airflow/.local/lib/python3.7/site-packages/airflow/example_dags/example_skip_dag.py
[2023-07-27T12:26:10.105+0000] {processor.py:836} INFO - DAG(s) dict_keys(['example_skip_dag']) retrieved from /home/airflow/.local/lib/python3.7/site-packages/airflow/example_dags/example_skip_dag.py
[2023-07-27T12:26:10.226+0000] {logging_mixin.py:149} INFO - [2023-07-27T12:26:10.226+0000] {dag.py:2726} INFO - Sync 1 DAGs
[2023-07-27T12:26:10.341+0000] {logging_mixin.py:149} INFO - [2023-07-27T12:26:10.341+0000] {dag.py:3490} INFO - Setting next_dagrun for example_skip_dag to 2023-07-26T12:26:10.340643+00:00, run_after=2023-07-27T12:26:10.340643+00:00
[2023-07-27T12:26:10.444+0000] {processor.py:179} INFO - Processing /home/airflow/.local/lib/python3.7/site-packages/airflow/example_dags/example_skip_dag.py took 0.400 seconds
[2023-07-27T12:26:54.825+0000] {processor.py:157} INFO - Started process (PID=916) to work on /home/airflow/.local/lib/python3.7/site-packages/airflow/example_dags/example_skip_dag.py
[2023-07-27T12:26:54.831+0000] {processor.py:826} INFO - Processing file /home/airflow/.local/lib/python3.7/site-packages/airflow/example_dags/example_skip_dag.py for tasks to queue
[2023-07-27T12:26:54.834+0000] {logging_mixin.py:149} INFO - [2023-07-27T12:26:54.834+0000] {dagbag.py:541} INFO - Filling up the DagBag from /home/airflow/.local/lib/python3.7/site-packages/airflow/example_dags/example_skip_dag.py
[2023-07-27T12:26:54.900+0000] {processor.py:836} INFO - DAG(s) dict_keys(['example_skip_dag']) retrieved from /home/airflow/.local/lib/python3.7/site-packages/airflow/example_dags/example_skip_dag.py
[2023-07-27T12:26:55.088+0000] {logging_mixin.py:149} INFO - [2023-07-27T12:26:55.087+0000] {dag.py:2726} INFO - Sync 1 DAGs
[2023-07-27T12:26:55.330+0000] {logging_mixin.py:149} INFO - [2023-07-27T12:26:55.329+0000] {dag.py:3490} INFO - Setting next_dagrun for example_skip_dag to 2023-07-26T12:26:55.325156+00:00, run_after=2023-07-27T12:26:55.325156+00:00
[2023-07-27T12:26:55.433+0000] {processor.py:179} INFO - Processing /home/airflow/.local/lib/python3.7/site-packages/airflow/example_dags/example_skip_dag.py took 0.623 seconds
[2023-07-27T12:27:32.425+0000] {processor.py:157} INFO - Started process (PID=974) to work on /home/airflow/.local/lib/python3.7/site-packages/airflow/example_dags/example_skip_dag.py
[2023-07-27T12:27:32.429+0000] {processor.py:826} INFO - Processing file /home/airflow/.local/lib/python3.7/site-packages/airflow/example_dags/example_skip_dag.py for tasks to queue
[2023-07-27T12:27:32.432+0000] {logging_mixin.py:149} INFO - [2023-07-27T12:27:32.431+0000] {dagbag.py:541} INFO - Filling up the DagBag from /home/airflow/.local/lib/python3.7/site-packages/airflow/example_dags/example_skip_dag.py
[2023-07-27T12:27:32.506+0000] {processor.py:836} INFO - DAG(s) dict_keys(['example_skip_dag']) retrieved from /home/airflow/.local/lib/python3.7/site-packages/airflow/example_dags/example_skip_dag.py
[2023-07-27T12:27:32.661+0000] {logging_mixin.py:149} INFO - [2023-07-27T12:27:32.661+0000] {dag.py:2726} INFO - Sync 1 DAGs
[2023-07-27T12:27:32.832+0000] {logging_mixin.py:149} INFO - [2023-07-27T12:27:32.831+0000] {dag.py:3490} INFO - Setting next_dagrun for example_skip_dag to 2023-07-26T12:27:32.831428+00:00, run_after=2023-07-27T12:27:32.831428+00:00
[2023-07-27T12:27:33.095+0000] {processor.py:179} INFO - Processing /home/airflow/.local/lib/python3.7/site-packages/airflow/example_dags/example_skip_dag.py took 0.682 seconds
[2023-07-27T12:28:13.451+0000] {processor.py:157} INFO - Started process (PID=1048) to work on /home/airflow/.local/lib/python3.7/site-packages/airflow/example_dags/example_skip_dag.py
[2023-07-27T12:28:13.456+0000] {processor.py:826} INFO - Processing file /home/airflow/.local/lib/python3.7/site-packages/airflow/example_dags/example_skip_dag.py for tasks to queue
[2023-07-27T12:28:13.462+0000] {logging_mixin.py:149} INFO - [2023-07-27T12:28:13.461+0000] {dagbag.py:541} INFO - Filling up the DagBag from /home/airflow/.local/lib/python3.7/site-packages/airflow/example_dags/example_skip_dag.py
[2023-07-27T12:28:13.482+0000] {processor.py:836} INFO - DAG(s) dict_keys(['example_skip_dag']) retrieved from /home/airflow/.local/lib/python3.7/site-packages/airflow/example_dags/example_skip_dag.py
[2023-07-27T12:28:13.627+0000] {logging_mixin.py:149} INFO - [2023-07-27T12:28:13.627+0000] {dag.py:2726} INFO - Sync 1 DAGs
[2023-07-27T12:28:13.682+0000] {logging_mixin.py:149} INFO - [2023-07-27T12:28:13.682+0000] {dag.py:3490} INFO - Setting next_dagrun for example_skip_dag to 2023-07-26T12:28:13.681548+00:00, run_after=2023-07-27T12:28:13.681548+00:00
[2023-07-27T12:28:13.735+0000] {processor.py:179} INFO - Processing /home/airflow/.local/lib/python3.7/site-packages/airflow/example_dags/example_skip_dag.py took 0.295 seconds
[2023-07-27T12:28:45.997+0000] {processor.py:157} INFO - Started process (PID=1106) to work on /home/airflow/.local/lib/python3.7/site-packages/airflow/example_dags/example_skip_dag.py
[2023-07-27T12:28:46.004+0000] {processor.py:826} INFO - Processing file /home/airflow/.local/lib/python3.7/site-packages/airflow/example_dags/example_skip_dag.py for tasks to queue
[2023-07-27T12:28:46.006+0000] {logging_mixin.py:149} INFO - [2023-07-27T12:28:46.006+0000] {dagbag.py:541} INFO - Filling up the DagBag from /home/airflow/.local/lib/python3.7/site-packages/airflow/example_dags/example_skip_dag.py
[2023-07-27T12:28:46.037+0000] {processor.py:836} INFO - DAG(s) dict_keys(['example_skip_dag']) retrieved from /home/airflow/.local/lib/python3.7/site-packages/airflow/example_dags/example_skip_dag.py
[2023-07-27T12:28:46.129+0000] {logging_mixin.py:149} INFO - [2023-07-27T12:28:46.129+0000] {dag.py:2726} INFO - Sync 1 DAGs
[2023-07-27T12:28:46.227+0000] {logging_mixin.py:149} INFO - [2023-07-27T12:28:46.227+0000] {dag.py:3490} INFO - Setting next_dagrun for example_skip_dag to 2023-07-26T12:28:46.226266+00:00, run_after=2023-07-27T12:28:46.226266+00:00
[2023-07-27T12:28:46.290+0000] {processor.py:179} INFO - Processing /home/airflow/.local/lib/python3.7/site-packages/airflow/example_dags/example_skip_dag.py took 0.300 seconds
[2023-07-27T12:29:17.958+0000] {processor.py:157} INFO - Started process (PID=1164) to work on /home/airflow/.local/lib/python3.7/site-packages/airflow/example_dags/example_skip_dag.py
[2023-07-27T12:29:17.977+0000] {processor.py:826} INFO - Processing file /home/airflow/.local/lib/python3.7/site-packages/airflow/example_dags/example_skip_dag.py for tasks to queue
[2023-07-27T12:29:17.981+0000] {logging_mixin.py:149} INFO - [2023-07-27T12:29:17.981+0000] {dagbag.py:541} INFO - Filling up the DagBag from /home/airflow/.local/lib/python3.7/site-packages/airflow/example_dags/example_skip_dag.py
[2023-07-27T12:29:18.019+0000] {processor.py:836} INFO - DAG(s) dict_keys(['example_skip_dag']) retrieved from /home/airflow/.local/lib/python3.7/site-packages/airflow/example_dags/example_skip_dag.py
[2023-07-27T12:29:18.068+0000] {logging_mixin.py:149} INFO - [2023-07-27T12:29:18.068+0000] {dag.py:2726} INFO - Sync 1 DAGs
[2023-07-27T12:29:18.143+0000] {logging_mixin.py:149} INFO - [2023-07-27T12:29:18.143+0000] {dag.py:3490} INFO - Setting next_dagrun for example_skip_dag to 2023-07-26T12:29:18.143212+00:00, run_after=2023-07-27T12:29:18.143212+00:00
[2023-07-27T12:29:18.326+0000] {processor.py:179} INFO - Processing /home/airflow/.local/lib/python3.7/site-packages/airflow/example_dags/example_skip_dag.py took 0.383 seconds
[2023-07-27T12:29:49.015+0000] {processor.py:157} INFO - Started process (PID=1222) to work on /home/airflow/.local/lib/python3.7/site-packages/airflow/example_dags/example_skip_dag.py
[2023-07-27T12:29:49.021+0000] {processor.py:826} INFO - Processing file /home/airflow/.local/lib/python3.7/site-packages/airflow/example_dags/example_skip_dag.py for tasks to queue
[2023-07-27T12:29:49.027+0000] {logging_mixin.py:149} INFO - [2023-07-27T12:29:49.026+0000] {dagbag.py:541} INFO - Filling up the DagBag from /home/airflow/.local/lib/python3.7/site-packages/airflow/example_dags/example_skip_dag.py
[2023-07-27T12:29:49.061+0000] {processor.py:836} INFO - DAG(s) dict_keys(['example_skip_dag']) retrieved from /home/airflow/.local/lib/python3.7/site-packages/airflow/example_dags/example_skip_dag.py
[2023-07-27T12:29:49.131+0000] {logging_mixin.py:149} INFO - [2023-07-27T12:29:49.131+0000] {dag.py:2726} INFO - Sync 1 DAGs
[2023-07-27T12:29:49.199+0000] {logging_mixin.py:149} INFO - [2023-07-27T12:29:49.198+0000] {dag.py:3490} INFO - Setting next_dagrun for example_skip_dag to 2023-07-26T12:29:49.198331+00:00, run_after=2023-07-27T12:29:49.198331+00:00
[2023-07-27T12:29:49.259+0000] {processor.py:179} INFO - Processing /home/airflow/.local/lib/python3.7/site-packages/airflow/example_dags/example_skip_dag.py took 0.266 seconds
[2023-07-27T12:30:26.815+0000] {processor.py:157} INFO - Started process (PID=1287) to work on /home/airflow/.local/lib/python3.7/site-packages/airflow/example_dags/example_skip_dag.py
[2023-07-27T12:30:26.820+0000] {processor.py:826} INFO - Processing file /home/airflow/.local/lib/python3.7/site-packages/airflow/example_dags/example_skip_dag.py for tasks to queue
[2023-07-27T12:30:26.823+0000] {logging_mixin.py:149} INFO - [2023-07-27T12:30:26.823+0000] {dagbag.py:541} INFO - Filling up the DagBag from /home/airflow/.local/lib/python3.7/site-packages/airflow/example_dags/example_skip_dag.py
[2023-07-27T12:30:26.847+0000] {processor.py:836} INFO - DAG(s) dict_keys(['example_skip_dag']) retrieved from /home/airflow/.local/lib/python3.7/site-packages/airflow/example_dags/example_skip_dag.py
[2023-07-27T12:30:27.000+0000] {logging_mixin.py:149} INFO - [2023-07-27T12:30:27.000+0000] {dag.py:2726} INFO - Sync 1 DAGs
[2023-07-27T12:30:27.108+0000] {logging_mixin.py:149} INFO - [2023-07-27T12:30:27.107+0000] {dag.py:3490} INFO - Setting next_dagrun for example_skip_dag to 2023-07-26T12:30:27.107061+00:00, run_after=2023-07-27T12:30:27.107061+00:00
[2023-07-27T12:30:27.185+0000] {processor.py:179} INFO - Processing /home/airflow/.local/lib/python3.7/site-packages/airflow/example_dags/example_skip_dag.py took 0.382 seconds
[2023-07-27T12:30:58.252+0000] {processor.py:157} INFO - Started process (PID=1344) to work on /home/airflow/.local/lib/python3.7/site-packages/airflow/example_dags/example_skip_dag.py
[2023-07-27T12:30:58.256+0000] {processor.py:826} INFO - Processing file /home/airflow/.local/lib/python3.7/site-packages/airflow/example_dags/example_skip_dag.py for tasks to queue
[2023-07-27T12:30:58.262+0000] {logging_mixin.py:149} INFO - [2023-07-27T12:30:58.260+0000] {dagbag.py:541} INFO - Filling up the DagBag from /home/airflow/.local/lib/python3.7/site-packages/airflow/example_dags/example_skip_dag.py
[2023-07-27T12:30:58.304+0000] {processor.py:836} INFO - DAG(s) dict_keys(['example_skip_dag']) retrieved from /home/airflow/.local/lib/python3.7/site-packages/airflow/example_dags/example_skip_dag.py
[2023-07-27T12:30:58.371+0000] {logging_mixin.py:149} INFO - [2023-07-27T12:30:58.371+0000] {dag.py:2726} INFO - Sync 1 DAGs
[2023-07-27T12:30:58.472+0000] {logging_mixin.py:149} INFO - [2023-07-27T12:30:58.471+0000] {dag.py:3490} INFO - Setting next_dagrun for example_skip_dag to 2023-07-26T12:30:58.471457+00:00, run_after=2023-07-27T12:30:58.471457+00:00
[2023-07-27T12:30:58.522+0000] {processor.py:179} INFO - Processing /home/airflow/.local/lib/python3.7/site-packages/airflow/example_dags/example_skip_dag.py took 0.278 seconds
[2023-07-27T12:31:29.476+0000] {processor.py:157} INFO - Started process (PID=1402) to work on /home/airflow/.local/lib/python3.7/site-packages/airflow/example_dags/example_skip_dag.py
[2023-07-27T12:31:29.480+0000] {processor.py:826} INFO - Processing file /home/airflow/.local/lib/python3.7/site-packages/airflow/example_dags/example_skip_dag.py for tasks to queue
[2023-07-27T12:31:29.488+0000] {logging_mixin.py:149} INFO - [2023-07-27T12:31:29.488+0000] {dagbag.py:541} INFO - Filling up the DagBag from /home/airflow/.local/lib/python3.7/site-packages/airflow/example_dags/example_skip_dag.py
[2023-07-27T12:31:29.506+0000] {processor.py:836} INFO - DAG(s) dict_keys(['example_skip_dag']) retrieved from /home/airflow/.local/lib/python3.7/site-packages/airflow/example_dags/example_skip_dag.py
[2023-07-27T12:31:29.585+0000] {logging_mixin.py:149} INFO - [2023-07-27T12:31:29.584+0000] {dag.py:2726} INFO - Sync 1 DAGs
[2023-07-27T12:31:29.713+0000] {logging_mixin.py:149} INFO - [2023-07-27T12:31:29.713+0000] {dag.py:3490} INFO - Setting next_dagrun for example_skip_dag to 2023-07-26T12:31:29.712942+00:00, run_after=2023-07-27T12:31:29.712942+00:00
[2023-07-27T12:31:29.798+0000] {processor.py:179} INFO - Processing /home/airflow/.local/lib/python3.7/site-packages/airflow/example_dags/example_skip_dag.py took 0.333 seconds
[2023-07-27T12:32:03.636+0000] {processor.py:157} INFO - Started process (PID=1464) to work on /home/airflow/.local/lib/python3.7/site-packages/airflow/example_dags/example_skip_dag.py
[2023-07-27T12:32:03.639+0000] {processor.py:826} INFO - Processing file /home/airflow/.local/lib/python3.7/site-packages/airflow/example_dags/example_skip_dag.py for tasks to queue
[2023-07-27T12:32:03.642+0000] {logging_mixin.py:149} INFO - [2023-07-27T12:32:03.642+0000] {dagbag.py:541} INFO - Filling up the DagBag from /home/airflow/.local/lib/python3.7/site-packages/airflow/example_dags/example_skip_dag.py
[2023-07-27T12:32:03.769+0000] {processor.py:836} INFO - DAG(s) dict_keys(['example_skip_dag']) retrieved from /home/airflow/.local/lib/python3.7/site-packages/airflow/example_dags/example_skip_dag.py
[2023-07-27T12:32:04.041+0000] {logging_mixin.py:149} INFO - [2023-07-27T12:32:04.040+0000] {dag.py:2726} INFO - Sync 1 DAGs
[2023-07-27T12:32:04.217+0000] {logging_mixin.py:149} INFO - [2023-07-27T12:32:04.217+0000] {dag.py:3490} INFO - Setting next_dagrun for example_skip_dag to 2023-07-26T12:32:04.216899+00:00, run_after=2023-07-27T12:32:04.216899+00:00
[2023-07-27T12:32:04.415+0000] {processor.py:179} INFO - Processing /home/airflow/.local/lib/python3.7/site-packages/airflow/example_dags/example_skip_dag.py took 0.790 seconds
[2023-07-27T12:32:36.640+0000] {processor.py:157} INFO - Started process (PID=1524) to work on /home/airflow/.local/lib/python3.7/site-packages/airflow/example_dags/example_skip_dag.py
[2023-07-27T12:32:36.667+0000] {processor.py:826} INFO - Processing file /home/airflow/.local/lib/python3.7/site-packages/airflow/example_dags/example_skip_dag.py for tasks to queue
[2023-07-27T12:32:36.673+0000] {logging_mixin.py:149} INFO - [2023-07-27T12:32:36.672+0000] {dagbag.py:541} INFO - Filling up the DagBag from /home/airflow/.local/lib/python3.7/site-packages/airflow/example_dags/example_skip_dag.py
[2023-07-27T12:32:36.699+0000] {processor.py:836} INFO - DAG(s) dict_keys(['example_skip_dag']) retrieved from /home/airflow/.local/lib/python3.7/site-packages/airflow/example_dags/example_skip_dag.py
[2023-07-27T12:32:36.771+0000] {logging_mixin.py:149} INFO - [2023-07-27T12:32:36.771+0000] {dag.py:2726} INFO - Sync 1 DAGs
[2023-07-27T12:32:36.829+0000] {logging_mixin.py:149} INFO - [2023-07-27T12:32:36.828+0000] {dag.py:3490} INFO - Setting next_dagrun for example_skip_dag to 2023-07-26T12:32:36.828416+00:00, run_after=2023-07-27T12:32:36.828416+00:00
[2023-07-27T12:32:36.913+0000] {processor.py:179} INFO - Processing /home/airflow/.local/lib/python3.7/site-packages/airflow/example_dags/example_skip_dag.py took 0.285 seconds
[2023-07-27T12:33:13.608+0000] {processor.py:157} INFO - Started process (PID=1595) to work on /home/airflow/.local/lib/python3.7/site-packages/airflow/example_dags/example_skip_dag.py
[2023-07-27T12:33:13.613+0000] {processor.py:826} INFO - Processing file /home/airflow/.local/lib/python3.7/site-packages/airflow/example_dags/example_skip_dag.py for tasks to queue
[2023-07-27T12:33:13.619+0000] {logging_mixin.py:149} INFO - [2023-07-27T12:33:13.618+0000] {dagbag.py:541} INFO - Filling up the DagBag from /home/airflow/.local/lib/python3.7/site-packages/airflow/example_dags/example_skip_dag.py
[2023-07-27T12:33:13.639+0000] {processor.py:836} INFO - DAG(s) dict_keys(['example_skip_dag']) retrieved from /home/airflow/.local/lib/python3.7/site-packages/airflow/example_dags/example_skip_dag.py
[2023-07-27T12:33:13.707+0000] {logging_mixin.py:149} INFO - [2023-07-27T12:33:13.707+0000] {dag.py:2726} INFO - Sync 1 DAGs
[2023-07-27T12:33:13.843+0000] {logging_mixin.py:149} INFO - [2023-07-27T12:33:13.843+0000] {dag.py:3490} INFO - Setting next_dagrun for example_skip_dag to 2023-07-26T12:33:13.842904+00:00, run_after=2023-07-27T12:33:13.842904+00:00
[2023-07-27T12:33:13.907+0000] {processor.py:179} INFO - Processing /home/airflow/.local/lib/python3.7/site-packages/airflow/example_dags/example_skip_dag.py took 0.310 seconds
[2023-07-27T12:33:47.597+0000] {processor.py:157} INFO - Started process (PID=1656) to work on /home/airflow/.local/lib/python3.7/site-packages/airflow/example_dags/example_skip_dag.py
[2023-07-27T12:33:47.625+0000] {processor.py:826} INFO - Processing file /home/airflow/.local/lib/python3.7/site-packages/airflow/example_dags/example_skip_dag.py for tasks to queue
[2023-07-27T12:33:47.630+0000] {logging_mixin.py:149} INFO - [2023-07-27T12:33:47.629+0000] {dagbag.py:541} INFO - Filling up the DagBag from /home/airflow/.local/lib/python3.7/site-packages/airflow/example_dags/example_skip_dag.py
[2023-07-27T12:33:47.650+0000] {processor.py:836} INFO - DAG(s) dict_keys(['example_skip_dag']) retrieved from /home/airflow/.local/lib/python3.7/site-packages/airflow/example_dags/example_skip_dag.py
[2023-07-27T12:33:47.742+0000] {logging_mixin.py:149} INFO - [2023-07-27T12:33:47.742+0000] {dag.py:2726} INFO - Sync 1 DAGs
[2023-07-27T12:33:47.796+0000] {logging_mixin.py:149} INFO - [2023-07-27T12:33:47.796+0000] {dag.py:3490} INFO - Setting next_dagrun for example_skip_dag to 2023-07-26T12:33:47.795951+00:00, run_after=2023-07-27T12:33:47.795951+00:00
[2023-07-27T12:33:47.840+0000] {processor.py:179} INFO - Processing /home/airflow/.local/lib/python3.7/site-packages/airflow/example_dags/example_skip_dag.py took 0.252 seconds
[2023-07-27T12:34:18.938+0000] {processor.py:157} INFO - Started process (PID=1714) to work on /home/airflow/.local/lib/python3.7/site-packages/airflow/example_dags/example_skip_dag.py
[2023-07-27T12:34:18.946+0000] {processor.py:826} INFO - Processing file /home/airflow/.local/lib/python3.7/site-packages/airflow/example_dags/example_skip_dag.py for tasks to queue
[2023-07-27T12:34:18.954+0000] {logging_mixin.py:149} INFO - [2023-07-27T12:34:18.954+0000] {dagbag.py:541} INFO - Filling up the DagBag from /home/airflow/.local/lib/python3.7/site-packages/airflow/example_dags/example_skip_dag.py
[2023-07-27T12:34:18.996+0000] {processor.py:836} INFO - DAG(s) dict_keys(['example_skip_dag']) retrieved from /home/airflow/.local/lib/python3.7/site-packages/airflow/example_dags/example_skip_dag.py
[2023-07-27T12:34:19.119+0000] {logging_mixin.py:149} INFO - [2023-07-27T12:34:19.119+0000] {dag.py:2726} INFO - Sync 1 DAGs
[2023-07-27T12:34:19.278+0000] {logging_mixin.py:149} INFO - [2023-07-27T12:34:19.278+0000] {dag.py:3490} INFO - Setting next_dagrun for example_skip_dag to 2023-07-26T12:34:19.277950+00:00, run_after=2023-07-27T12:34:19.277950+00:00
[2023-07-27T12:34:19.371+0000] {processor.py:179} INFO - Processing /home/airflow/.local/lib/python3.7/site-packages/airflow/example_dags/example_skip_dag.py took 0.446 seconds
[2023-07-27T12:34:50.202+0000] {processor.py:157} INFO - Started process (PID=1772) to work on /home/airflow/.local/lib/python3.7/site-packages/airflow/example_dags/example_skip_dag.py
[2023-07-27T12:34:50.205+0000] {processor.py:826} INFO - Processing file /home/airflow/.local/lib/python3.7/site-packages/airflow/example_dags/example_skip_dag.py for tasks to queue
[2023-07-27T12:34:50.209+0000] {logging_mixin.py:149} INFO - [2023-07-27T12:34:50.208+0000] {dagbag.py:541} INFO - Filling up the DagBag from /home/airflow/.local/lib/python3.7/site-packages/airflow/example_dags/example_skip_dag.py
[2023-07-27T12:34:50.235+0000] {processor.py:836} INFO - DAG(s) dict_keys(['example_skip_dag']) retrieved from /home/airflow/.local/lib/python3.7/site-packages/airflow/example_dags/example_skip_dag.py
[2023-07-27T12:34:50.330+0000] {logging_mixin.py:149} INFO - [2023-07-27T12:34:50.330+0000] {dag.py:2726} INFO - Sync 1 DAGs
[2023-07-27T12:34:50.411+0000] {logging_mixin.py:149} INFO - [2023-07-27T12:34:50.411+0000] {dag.py:3490} INFO - Setting next_dagrun for example_skip_dag to 2023-07-26T12:34:50.410852+00:00, run_after=2023-07-27T12:34:50.410852+00:00
[2023-07-27T12:34:50.451+0000] {processor.py:179} INFO - Processing /home/airflow/.local/lib/python3.7/site-packages/airflow/example_dags/example_skip_dag.py took 0.259 seconds
[2023-07-27T12:35:24.264+0000] {processor.py:157} INFO - Started process (PID=1831) to work on /home/airflow/.local/lib/python3.7/site-packages/airflow/example_dags/example_skip_dag.py
[2023-07-27T12:35:24.268+0000] {processor.py:826} INFO - Processing file /home/airflow/.local/lib/python3.7/site-packages/airflow/example_dags/example_skip_dag.py for tasks to queue
[2023-07-27T12:35:24.271+0000] {logging_mixin.py:149} INFO - [2023-07-27T12:35:24.271+0000] {dagbag.py:541} INFO - Filling up the DagBag from /home/airflow/.local/lib/python3.7/site-packages/airflow/example_dags/example_skip_dag.py
[2023-07-27T12:35:24.285+0000] {processor.py:836} INFO - DAG(s) dict_keys(['example_skip_dag']) retrieved from /home/airflow/.local/lib/python3.7/site-packages/airflow/example_dags/example_skip_dag.py
[2023-07-27T12:35:24.339+0000] {logging_mixin.py:149} INFO - [2023-07-27T12:35:24.339+0000] {dag.py:2726} INFO - Sync 1 DAGs
[2023-07-27T12:35:24.401+0000] {logging_mixin.py:149} INFO - [2023-07-27T12:35:24.401+0000] {dag.py:3490} INFO - Setting next_dagrun for example_skip_dag to 2023-07-26T12:35:24.400598+00:00, run_after=2023-07-27T12:35:24.400598+00:00
[2023-07-27T12:35:24.814+0000] {processor.py:179} INFO - Processing /home/airflow/.local/lib/python3.7/site-packages/airflow/example_dags/example_skip_dag.py took 0.561 seconds
[2023-07-27T12:35:55.013+0000] {processor.py:157} INFO - Started process (PID=1886) to work on /home/airflow/.local/lib/python3.7/site-packages/airflow/example_dags/example_skip_dag.py
[2023-07-27T12:35:55.018+0000] {processor.py:826} INFO - Processing file /home/airflow/.local/lib/python3.7/site-packages/airflow/example_dags/example_skip_dag.py for tasks to queue
[2023-07-27T12:35:55.022+0000] {logging_mixin.py:149} INFO - [2023-07-27T12:35:55.021+0000] {dagbag.py:541} INFO - Filling up the DagBag from /home/airflow/.local/lib/python3.7/site-packages/airflow/example_dags/example_skip_dag.py
[2023-07-27T12:35:55.043+0000] {processor.py:836} INFO - DAG(s) dict_keys(['example_skip_dag']) retrieved from /home/airflow/.local/lib/python3.7/site-packages/airflow/example_dags/example_skip_dag.py
[2023-07-27T12:35:55.116+0000] {logging_mixin.py:149} INFO - [2023-07-27T12:35:55.116+0000] {dag.py:2726} INFO - Sync 1 DAGs
[2023-07-27T12:35:55.174+0000] {logging_mixin.py:149} INFO - [2023-07-27T12:35:55.174+0000] {dag.py:3490} INFO - Setting next_dagrun for example_skip_dag to 2023-07-26T12:35:55.173886+00:00, run_after=2023-07-27T12:35:55.173886+00:00
[2023-07-27T12:35:55.220+0000] {processor.py:179} INFO - Processing /home/airflow/.local/lib/python3.7/site-packages/airflow/example_dags/example_skip_dag.py took 0.216 seconds
[2023-07-27T12:36:26.080+0000] {processor.py:157} INFO - Started process (PID=1943) to work on /home/airflow/.local/lib/python3.7/site-packages/airflow/example_dags/example_skip_dag.py
[2023-07-27T12:36:26.085+0000] {processor.py:826} INFO - Processing file /home/airflow/.local/lib/python3.7/site-packages/airflow/example_dags/example_skip_dag.py for tasks to queue
[2023-07-27T12:36:26.087+0000] {logging_mixin.py:149} INFO - [2023-07-27T12:36:26.087+0000] {dagbag.py:541} INFO - Filling up the DagBag from /home/airflow/.local/lib/python3.7/site-packages/airflow/example_dags/example_skip_dag.py
[2023-07-27T12:36:26.103+0000] {processor.py:836} INFO - DAG(s) dict_keys(['example_skip_dag']) retrieved from /home/airflow/.local/lib/python3.7/site-packages/airflow/example_dags/example_skip_dag.py
[2023-07-27T12:36:26.154+0000] {logging_mixin.py:149} INFO - [2023-07-27T12:36:26.154+0000] {dag.py:2726} INFO - Sync 1 DAGs
[2023-07-27T12:36:26.216+0000] {logging_mixin.py:149} INFO - [2023-07-27T12:36:26.215+0000] {dag.py:3490} INFO - Setting next_dagrun for example_skip_dag to 2023-07-26T12:36:26.212847+00:00, run_after=2023-07-27T12:36:26.212847+00:00
[2023-07-27T12:36:26.260+0000] {processor.py:179} INFO - Processing /home/airflow/.local/lib/python3.7/site-packages/airflow/example_dags/example_skip_dag.py took 0.189 seconds
[2023-07-27T12:36:56.995+0000] {processor.py:157} INFO - Started process (PID=2000) to work on /home/airflow/.local/lib/python3.7/site-packages/airflow/example_dags/example_skip_dag.py
[2023-07-27T12:36:57.003+0000] {processor.py:826} INFO - Processing file /home/airflow/.local/lib/python3.7/site-packages/airflow/example_dags/example_skip_dag.py for tasks to queue
[2023-07-27T12:36:57.008+0000] {logging_mixin.py:149} INFO - [2023-07-27T12:36:57.006+0000] {dagbag.py:541} INFO - Filling up the DagBag from /home/airflow/.local/lib/python3.7/site-packages/airflow/example_dags/example_skip_dag.py
[2023-07-27T12:36:57.029+0000] {processor.py:836} INFO - DAG(s) dict_keys(['example_skip_dag']) retrieved from /home/airflow/.local/lib/python3.7/site-packages/airflow/example_dags/example_skip_dag.py
[2023-07-27T12:36:57.106+0000] {logging_mixin.py:149} INFO - [2023-07-27T12:36:57.105+0000] {dag.py:2726} INFO - Sync 1 DAGs
[2023-07-27T12:36:57.180+0000] {logging_mixin.py:149} INFO - [2023-07-27T12:36:57.180+0000] {dag.py:3490} INFO - Setting next_dagrun for example_skip_dag to 2023-07-26T12:36:57.179875+00:00, run_after=2023-07-27T12:36:57.179875+00:00
[2023-07-27T12:36:57.276+0000] {processor.py:179} INFO - Processing /home/airflow/.local/lib/python3.7/site-packages/airflow/example_dags/example_skip_dag.py took 0.288 seconds
[2023-07-27T12:37:27.459+0000] {processor.py:157} INFO - Started process (PID=2058) to work on /home/airflow/.local/lib/python3.7/site-packages/airflow/example_dags/example_skip_dag.py
[2023-07-27T12:37:27.463+0000] {processor.py:826} INFO - Processing file /home/airflow/.local/lib/python3.7/site-packages/airflow/example_dags/example_skip_dag.py for tasks to queue
[2023-07-27T12:37:27.466+0000] {logging_mixin.py:149} INFO - [2023-07-27T12:37:27.465+0000] {dagbag.py:541} INFO - Filling up the DagBag from /home/airflow/.local/lib/python3.7/site-packages/airflow/example_dags/example_skip_dag.py
[2023-07-27T12:37:27.481+0000] {processor.py:836} INFO - DAG(s) dict_keys(['example_skip_dag']) retrieved from /home/airflow/.local/lib/python3.7/site-packages/airflow/example_dags/example_skip_dag.py
[2023-07-27T12:37:27.536+0000] {logging_mixin.py:149} INFO - [2023-07-27T12:37:27.536+0000] {dag.py:2726} INFO - Sync 1 DAGs
[2023-07-27T12:37:27.594+0000] {logging_mixin.py:149} INFO - [2023-07-27T12:37:27.594+0000] {dag.py:3490} INFO - Setting next_dagrun for example_skip_dag to 2023-07-26T12:37:27.593670+00:00, run_after=2023-07-27T12:37:27.593670+00:00
[2023-07-27T12:37:27.642+0000] {processor.py:179} INFO - Processing /home/airflow/.local/lib/python3.7/site-packages/airflow/example_dags/example_skip_dag.py took 0.189 seconds
[2023-07-27T12:37:58.255+0000] {processor.py:157} INFO - Started process (PID=2116) to work on /home/airflow/.local/lib/python3.7/site-packages/airflow/example_dags/example_skip_dag.py
[2023-07-27T12:37:58.259+0000] {processor.py:826} INFO - Processing file /home/airflow/.local/lib/python3.7/site-packages/airflow/example_dags/example_skip_dag.py for tasks to queue
[2023-07-27T12:37:58.262+0000] {logging_mixin.py:149} INFO - [2023-07-27T12:37:58.261+0000] {dagbag.py:541} INFO - Filling up the DagBag from /home/airflow/.local/lib/python3.7/site-packages/airflow/example_dags/example_skip_dag.py
[2023-07-27T12:37:58.279+0000] {processor.py:836} INFO - DAG(s) dict_keys(['example_skip_dag']) retrieved from /home/airflow/.local/lib/python3.7/site-packages/airflow/example_dags/example_skip_dag.py
[2023-07-27T12:37:58.329+0000] {logging_mixin.py:149} INFO - [2023-07-27T12:37:58.329+0000] {dag.py:2726} INFO - Sync 1 DAGs
[2023-07-27T12:37:58.382+0000] {logging_mixin.py:149} INFO - [2023-07-27T12:37:58.382+0000] {dag.py:3490} INFO - Setting next_dagrun for example_skip_dag to 2023-07-26T12:37:58.381827+00:00, run_after=2023-07-27T12:37:58.381827+00:00
[2023-07-27T12:37:58.426+0000] {processor.py:179} INFO - Processing /home/airflow/.local/lib/python3.7/site-packages/airflow/example_dags/example_skip_dag.py took 0.179 seconds
[2023-07-27T12:38:29.399+0000] {processor.py:157} INFO - Started process (PID=2174) to work on /home/airflow/.local/lib/python3.7/site-packages/airflow/example_dags/example_skip_dag.py
[2023-07-27T12:38:29.406+0000] {processor.py:826} INFO - Processing file /home/airflow/.local/lib/python3.7/site-packages/airflow/example_dags/example_skip_dag.py for tasks to queue
[2023-07-27T12:38:29.412+0000] {logging_mixin.py:149} INFO - [2023-07-27T12:38:29.411+0000] {dagbag.py:541} INFO - Filling up the DagBag from /home/airflow/.local/lib/python3.7/site-packages/airflow/example_dags/example_skip_dag.py
[2023-07-27T12:38:29.441+0000] {processor.py:836} INFO - DAG(s) dict_keys(['example_skip_dag']) retrieved from /home/airflow/.local/lib/python3.7/site-packages/airflow/example_dags/example_skip_dag.py
[2023-07-27T12:38:29.535+0000] {logging_mixin.py:149} INFO - [2023-07-27T12:38:29.534+0000] {dag.py:2726} INFO - Sync 1 DAGs
[2023-07-27T12:38:29.594+0000] {logging_mixin.py:149} INFO - [2023-07-27T12:38:29.594+0000] {dag.py:3490} INFO - Setting next_dagrun for example_skip_dag to 2023-07-26T12:38:29.593967+00:00, run_after=2023-07-27T12:38:29.593967+00:00
[2023-07-27T12:38:29.645+0000] {processor.py:179} INFO - Processing /home/airflow/.local/lib/python3.7/site-packages/airflow/example_dags/example_skip_dag.py took 0.262 seconds
[2023-07-27T12:39:00.207+0000] {processor.py:157} INFO - Started process (PID=2233) to work on /home/airflow/.local/lib/python3.7/site-packages/airflow/example_dags/example_skip_dag.py
[2023-07-27T12:39:00.214+0000] {processor.py:826} INFO - Processing file /home/airflow/.local/lib/python3.7/site-packages/airflow/example_dags/example_skip_dag.py for tasks to queue
[2023-07-27T12:39:00.225+0000] {logging_mixin.py:149} INFO - [2023-07-27T12:39:00.225+0000] {dagbag.py:541} INFO - Filling up the DagBag from /home/airflow/.local/lib/python3.7/site-packages/airflow/example_dags/example_skip_dag.py
[2023-07-27T12:39:00.251+0000] {processor.py:836} INFO - DAG(s) dict_keys(['example_skip_dag']) retrieved from /home/airflow/.local/lib/python3.7/site-packages/airflow/example_dags/example_skip_dag.py
[2023-07-27T12:39:00.338+0000] {logging_mixin.py:149} INFO - [2023-07-27T12:39:00.338+0000] {dag.py:2726} INFO - Sync 1 DAGs
[2023-07-27T12:39:00.437+0000] {logging_mixin.py:149} INFO - [2023-07-27T12:39:00.437+0000] {dag.py:3490} INFO - Setting next_dagrun for example_skip_dag to 2023-07-26T12:39:00.436452+00:00, run_after=2023-07-27T12:39:00.436452+00:00
[2023-07-27T12:39:00.523+0000] {processor.py:179} INFO - Processing /home/airflow/.local/lib/python3.7/site-packages/airflow/example_dags/example_skip_dag.py took 0.340 seconds
