[2023-07-27T12:25:50.187+0000] {processor.py:157} INFO - Started process (PID=809) to work on /home/airflow/.local/lib/python3.7/site-packages/airflow/example_dags/example_external_task_marker_dag.py
[2023-07-27T12:25:50.191+0000] {processor.py:826} INFO - Processing file /home/airflow/.local/lib/python3.7/site-packages/airflow/example_dags/example_external_task_marker_dag.py for tasks to queue
[2023-07-27T12:25:50.193+0000] {logging_mixin.py:149} INFO - [2023-07-27T12:25:50.193+0000] {dagbag.py:541} INFO - Filling up the DagBag from /home/airflow/.local/lib/python3.7/site-packages/airflow/example_dags/example_external_task_marker_dag.py
[2023-07-27T12:25:50.214+0000] {processor.py:836} INFO - DAG(s) dict_keys(['example_external_task_marker_child', 'example_external_task_marker_parent']) retrieved from /home/airflow/.local/lib/python3.7/site-packages/airflow/example_dags/example_external_task_marker_dag.py
[2023-07-27T12:25:50.280+0000] {logging_mixin.py:149} INFO - [2023-07-27T12:25:50.279+0000] {dag.py:2726} INFO - Sync 2 DAGs
[2023-07-27T12:25:50.340+0000] {logging_mixin.py:149} INFO - [2023-07-27T12:25:50.339+0000] {dag.py:3490} INFO - Setting next_dagrun for example_external_task_marker_child to None, run_after=None
[2023-07-27T12:25:50.353+0000] {logging_mixin.py:149} INFO - [2023-07-27T12:25:50.352+0000] {dag.py:3490} INFO - Setting next_dagrun for example_external_task_marker_parent to None, run_after=None
[2023-07-27T12:25:50.398+0000] {processor.py:179} INFO - Processing /home/airflow/.local/lib/python3.7/site-packages/airflow/example_dags/example_external_task_marker_dag.py took 0.233 seconds
[2023-07-27T12:26:21.137+0000] {processor.py:157} INFO - Started process (PID=867) to work on /home/airflow/.local/lib/python3.7/site-packages/airflow/example_dags/example_external_task_marker_dag.py
[2023-07-27T12:26:21.166+0000] {processor.py:826} INFO - Processing file /home/airflow/.local/lib/python3.7/site-packages/airflow/example_dags/example_external_task_marker_dag.py for tasks to queue
[2023-07-27T12:26:21.196+0000] {logging_mixin.py:149} INFO - [2023-07-27T12:26:21.196+0000] {dagbag.py:541} INFO - Filling up the DagBag from /home/airflow/.local/lib/python3.7/site-packages/airflow/example_dags/example_external_task_marker_dag.py
[2023-07-27T12:26:21.299+0000] {processor.py:836} INFO - DAG(s) dict_keys(['example_external_task_marker_parent', 'example_external_task_marker_child']) retrieved from /home/airflow/.local/lib/python3.7/site-packages/airflow/example_dags/example_external_task_marker_dag.py
[2023-07-27T12:26:21.566+0000] {logging_mixin.py:149} INFO - [2023-07-27T12:26:21.566+0000] {dag.py:2726} INFO - Sync 2 DAGs
[2023-07-27T12:26:21.704+0000] {logging_mixin.py:149} INFO - [2023-07-27T12:26:21.704+0000] {dag.py:3490} INFO - Setting next_dagrun for example_external_task_marker_child to None, run_after=None
[2023-07-27T12:26:21.731+0000] {logging_mixin.py:149} INFO - [2023-07-27T12:26:21.730+0000] {dag.py:3490} INFO - Setting next_dagrun for example_external_task_marker_parent to None, run_after=None
[2023-07-27T12:26:21.866+0000] {processor.py:179} INFO - Processing /home/airflow/.local/lib/python3.7/site-packages/airflow/example_dags/example_external_task_marker_dag.py took 0.786 seconds
[2023-07-27T12:26:58.871+0000] {processor.py:157} INFO - Started process (PID=925) to work on /home/airflow/.local/lib/python3.7/site-packages/airflow/example_dags/example_external_task_marker_dag.py
[2023-07-27T12:26:58.906+0000] {processor.py:826} INFO - Processing file /home/airflow/.local/lib/python3.7/site-packages/airflow/example_dags/example_external_task_marker_dag.py for tasks to queue
[2023-07-27T12:26:59.044+0000] {logging_mixin.py:149} INFO - [2023-07-27T12:26:59.044+0000] {dagbag.py:541} INFO - Filling up the DagBag from /home/airflow/.local/lib/python3.7/site-packages/airflow/example_dags/example_external_task_marker_dag.py
[2023-07-27T12:26:59.511+0000] {processor.py:836} INFO - DAG(s) dict_keys(['example_external_task_marker_parent', 'example_external_task_marker_child']) retrieved from /home/airflow/.local/lib/python3.7/site-packages/airflow/example_dags/example_external_task_marker_dag.py
[2023-07-27T12:26:59.841+0000] {logging_mixin.py:149} INFO - [2023-07-27T12:26:59.841+0000] {dag.py:2726} INFO - Sync 2 DAGs
[2023-07-27T12:27:00.147+0000] {logging_mixin.py:149} INFO - [2023-07-27T12:27:00.146+0000] {dag.py:3490} INFO - Setting next_dagrun for example_external_task_marker_child to None, run_after=None
[2023-07-27T12:27:00.188+0000] {logging_mixin.py:149} INFO - [2023-07-27T12:27:00.181+0000] {dag.py:3490} INFO - Setting next_dagrun for example_external_task_marker_parent to None, run_after=None
[2023-07-27T12:27:00.337+0000] {processor.py:179} INFO - Processing /home/airflow/.local/lib/python3.7/site-packages/airflow/example_dags/example_external_task_marker_dag.py took 1.508 seconds
[2023-07-27T12:27:34.087+0000] {processor.py:157} INFO - Started process (PID=980) to work on /home/airflow/.local/lib/python3.7/site-packages/airflow/example_dags/example_external_task_marker_dag.py
[2023-07-27T12:27:34.099+0000] {processor.py:826} INFO - Processing file /home/airflow/.local/lib/python3.7/site-packages/airflow/example_dags/example_external_task_marker_dag.py for tasks to queue
[2023-07-27T12:27:34.103+0000] {logging_mixin.py:149} INFO - [2023-07-27T12:27:34.102+0000] {dagbag.py:541} INFO - Filling up the DagBag from /home/airflow/.local/lib/python3.7/site-packages/airflow/example_dags/example_external_task_marker_dag.py
[2023-07-27T12:27:34.147+0000] {processor.py:836} INFO - DAG(s) dict_keys(['example_external_task_marker_parent', 'example_external_task_marker_child']) retrieved from /home/airflow/.local/lib/python3.7/site-packages/airflow/example_dags/example_external_task_marker_dag.py
[2023-07-27T12:27:34.396+0000] {logging_mixin.py:149} INFO - [2023-07-27T12:27:34.396+0000] {dag.py:2726} INFO - Sync 2 DAGs
[2023-07-27T12:27:34.565+0000] {logging_mixin.py:149} INFO - [2023-07-27T12:27:34.565+0000] {dag.py:3490} INFO - Setting next_dagrun for example_external_task_marker_child to None, run_after=None
[2023-07-27T12:27:34.582+0000] {logging_mixin.py:149} INFO - [2023-07-27T12:27:34.581+0000] {dag.py:3490} INFO - Setting next_dagrun for example_external_task_marker_parent to None, run_after=None
[2023-07-27T12:27:34.677+0000] {processor.py:179} INFO - Processing /home/airflow/.local/lib/python3.7/site-packages/airflow/example_dags/example_external_task_marker_dag.py took 0.600 seconds
[2023-07-27T12:28:10.219+0000] {processor.py:157} INFO - Started process (PID=1040) to work on /home/airflow/.local/lib/python3.7/site-packages/airflow/example_dags/example_external_task_marker_dag.py
[2023-07-27T12:28:10.224+0000] {processor.py:826} INFO - Processing file /home/airflow/.local/lib/python3.7/site-packages/airflow/example_dags/example_external_task_marker_dag.py for tasks to queue
[2023-07-27T12:28:10.235+0000] {logging_mixin.py:149} INFO - [2023-07-27T12:28:10.233+0000] {dagbag.py:541} INFO - Filling up the DagBag from /home/airflow/.local/lib/python3.7/site-packages/airflow/example_dags/example_external_task_marker_dag.py
[2023-07-27T12:28:10.276+0000] {processor.py:836} INFO - DAG(s) dict_keys(['example_external_task_marker_child', 'example_external_task_marker_parent']) retrieved from /home/airflow/.local/lib/python3.7/site-packages/airflow/example_dags/example_external_task_marker_dag.py
[2023-07-27T12:28:10.461+0000] {logging_mixin.py:149} INFO - [2023-07-27T12:28:10.461+0000] {dag.py:2726} INFO - Sync 2 DAGs
[2023-07-27T12:28:10.779+0000] {logging_mixin.py:149} INFO - [2023-07-27T12:28:10.779+0000] {dag.py:3490} INFO - Setting next_dagrun for example_external_task_marker_child to None, run_after=None
[2023-07-27T12:28:10.822+0000] {logging_mixin.py:149} INFO - [2023-07-27T12:28:10.822+0000] {dag.py:3490} INFO - Setting next_dagrun for example_external_task_marker_parent to None, run_after=None
[2023-07-27T12:28:10.967+0000] {processor.py:179} INFO - Processing /home/airflow/.local/lib/python3.7/site-packages/airflow/example_dags/example_external_task_marker_dag.py took 0.772 seconds
[2023-07-27T12:28:42.002+0000] {processor.py:157} INFO - Started process (PID=1098) to work on /home/airflow/.local/lib/python3.7/site-packages/airflow/example_dags/example_external_task_marker_dag.py
[2023-07-27T12:28:42.010+0000] {processor.py:826} INFO - Processing file /home/airflow/.local/lib/python3.7/site-packages/airflow/example_dags/example_external_task_marker_dag.py for tasks to queue
[2023-07-27T12:28:42.023+0000] {logging_mixin.py:149} INFO - [2023-07-27T12:28:42.023+0000] {dagbag.py:541} INFO - Filling up the DagBag from /home/airflow/.local/lib/python3.7/site-packages/airflow/example_dags/example_external_task_marker_dag.py
[2023-07-27T12:28:42.073+0000] {processor.py:836} INFO - DAG(s) dict_keys(['example_external_task_marker_child', 'example_external_task_marker_parent']) retrieved from /home/airflow/.local/lib/python3.7/site-packages/airflow/example_dags/example_external_task_marker_dag.py
[2023-07-27T12:28:42.261+0000] {logging_mixin.py:149} INFO - [2023-07-27T12:28:42.260+0000] {dag.py:2726} INFO - Sync 2 DAGs
[2023-07-27T12:28:42.346+0000] {logging_mixin.py:149} INFO - [2023-07-27T12:28:42.345+0000] {dag.py:3490} INFO - Setting next_dagrun for example_external_task_marker_child to None, run_after=None
[2023-07-27T12:28:42.368+0000] {logging_mixin.py:149} INFO - [2023-07-27T12:28:42.367+0000] {dag.py:3490} INFO - Setting next_dagrun for example_external_task_marker_parent to None, run_after=None
[2023-07-27T12:28:42.458+0000] {processor.py:179} INFO - Processing /home/airflow/.local/lib/python3.7/site-packages/airflow/example_dags/example_external_task_marker_dag.py took 0.472 seconds
[2023-07-27T12:29:12.989+0000] {processor.py:157} INFO - Started process (PID=1154) to work on /home/airflow/.local/lib/python3.7/site-packages/airflow/example_dags/example_external_task_marker_dag.py
[2023-07-27T12:29:12.993+0000] {processor.py:826} INFO - Processing file /home/airflow/.local/lib/python3.7/site-packages/airflow/example_dags/example_external_task_marker_dag.py for tasks to queue
[2023-07-27T12:29:12.996+0000] {logging_mixin.py:149} INFO - [2023-07-27T12:29:12.996+0000] {dagbag.py:541} INFO - Filling up the DagBag from /home/airflow/.local/lib/python3.7/site-packages/airflow/example_dags/example_external_task_marker_dag.py
[2023-07-27T12:29:13.016+0000] {processor.py:836} INFO - DAG(s) dict_keys(['example_external_task_marker_parent', 'example_external_task_marker_child']) retrieved from /home/airflow/.local/lib/python3.7/site-packages/airflow/example_dags/example_external_task_marker_dag.py
[2023-07-27T12:29:13.134+0000] {logging_mixin.py:149} INFO - [2023-07-27T12:29:13.133+0000] {dag.py:2726} INFO - Sync 2 DAGs
[2023-07-27T12:29:13.229+0000] {logging_mixin.py:149} INFO - [2023-07-27T12:29:13.228+0000] {dag.py:3490} INFO - Setting next_dagrun for example_external_task_marker_child to None, run_after=None
[2023-07-27T12:29:13.246+0000] {logging_mixin.py:149} INFO - [2023-07-27T12:29:13.245+0000] {dag.py:3490} INFO - Setting next_dagrun for example_external_task_marker_parent to None, run_after=None
[2023-07-27T12:29:13.362+0000] {processor.py:179} INFO - Processing /home/airflow/.local/lib/python3.7/site-packages/airflow/example_dags/example_external_task_marker_dag.py took 0.383 seconds
[2023-07-27T12:29:43.855+0000] {processor.py:157} INFO - Started process (PID=1209) to work on /home/airflow/.local/lib/python3.7/site-packages/airflow/example_dags/example_external_task_marker_dag.py
[2023-07-27T12:29:43.859+0000] {processor.py:826} INFO - Processing file /home/airflow/.local/lib/python3.7/site-packages/airflow/example_dags/example_external_task_marker_dag.py for tasks to queue
[2023-07-27T12:29:43.863+0000] {logging_mixin.py:149} INFO - [2023-07-27T12:29:43.863+0000] {dagbag.py:541} INFO - Filling up the DagBag from /home/airflow/.local/lib/python3.7/site-packages/airflow/example_dags/example_external_task_marker_dag.py
[2023-07-27T12:29:43.879+0000] {processor.py:836} INFO - DAG(s) dict_keys(['example_external_task_marker_parent', 'example_external_task_marker_child']) retrieved from /home/airflow/.local/lib/python3.7/site-packages/airflow/example_dags/example_external_task_marker_dag.py
[2023-07-27T12:29:43.991+0000] {logging_mixin.py:149} INFO - [2023-07-27T12:29:43.990+0000] {dag.py:2726} INFO - Sync 2 DAGs
[2023-07-27T12:29:44.195+0000] {logging_mixin.py:149} INFO - [2023-07-27T12:29:44.194+0000] {dag.py:3490} INFO - Setting next_dagrun for example_external_task_marker_child to None, run_after=None
[2023-07-27T12:29:44.214+0000] {logging_mixin.py:149} INFO - [2023-07-27T12:29:44.213+0000] {dag.py:3490} INFO - Setting next_dagrun for example_external_task_marker_parent to None, run_after=None
[2023-07-27T12:29:44.355+0000] {processor.py:179} INFO - Processing /home/airflow/.local/lib/python3.7/site-packages/airflow/example_dags/example_external_task_marker_dag.py took 0.509 seconds
[2023-07-27T12:30:16.216+0000] {processor.py:157} INFO - Started process (PID=1266) to work on /home/airflow/.local/lib/python3.7/site-packages/airflow/example_dags/example_external_task_marker_dag.py
[2023-07-27T12:30:16.221+0000] {processor.py:826} INFO - Processing file /home/airflow/.local/lib/python3.7/site-packages/airflow/example_dags/example_external_task_marker_dag.py for tasks to queue
[2023-07-27T12:30:16.225+0000] {logging_mixin.py:149} INFO - [2023-07-27T12:30:16.225+0000] {dagbag.py:541} INFO - Filling up the DagBag from /home/airflow/.local/lib/python3.7/site-packages/airflow/example_dags/example_external_task_marker_dag.py
[2023-07-27T12:30:16.245+0000] {processor.py:836} INFO - DAG(s) dict_keys(['example_external_task_marker_parent', 'example_external_task_marker_child']) retrieved from /home/airflow/.local/lib/python3.7/site-packages/airflow/example_dags/example_external_task_marker_dag.py
[2023-07-27T12:30:16.423+0000] {logging_mixin.py:149} INFO - [2023-07-27T12:30:16.423+0000] {dag.py:2726} INFO - Sync 2 DAGs
[2023-07-27T12:30:16.659+0000] {logging_mixin.py:149} INFO - [2023-07-27T12:30:16.659+0000] {dag.py:3490} INFO - Setting next_dagrun for example_external_task_marker_child to None, run_after=None
[2023-07-27T12:30:16.678+0000] {logging_mixin.py:149} INFO - [2023-07-27T12:30:16.677+0000] {dag.py:3490} INFO - Setting next_dagrun for example_external_task_marker_parent to None, run_after=None
[2023-07-27T12:30:16.763+0000] {processor.py:179} INFO - Processing /home/airflow/.local/lib/python3.7/site-packages/airflow/example_dags/example_external_task_marker_dag.py took 0.560 seconds
[2023-07-27T12:30:47.605+0000] {processor.py:157} INFO - Started process (PID=1321) to work on /home/airflow/.local/lib/python3.7/site-packages/airflow/example_dags/example_external_task_marker_dag.py
[2023-07-27T12:30:47.611+0000] {processor.py:826} INFO - Processing file /home/airflow/.local/lib/python3.7/site-packages/airflow/example_dags/example_external_task_marker_dag.py for tasks to queue
[2023-07-27T12:30:47.615+0000] {logging_mixin.py:149} INFO - [2023-07-27T12:30:47.615+0000] {dagbag.py:541} INFO - Filling up the DagBag from /home/airflow/.local/lib/python3.7/site-packages/airflow/example_dags/example_external_task_marker_dag.py
[2023-07-27T12:30:47.659+0000] {processor.py:836} INFO - DAG(s) dict_keys(['example_external_task_marker_parent', 'example_external_task_marker_child']) retrieved from /home/airflow/.local/lib/python3.7/site-packages/airflow/example_dags/example_external_task_marker_dag.py
[2023-07-27T12:30:47.803+0000] {logging_mixin.py:149} INFO - [2023-07-27T12:30:47.803+0000] {dag.py:2726} INFO - Sync 2 DAGs
[2023-07-27T12:30:47.948+0000] {logging_mixin.py:149} INFO - [2023-07-27T12:30:47.948+0000] {dag.py:3490} INFO - Setting next_dagrun for example_external_task_marker_child to None, run_after=None
[2023-07-27T12:30:47.967+0000] {logging_mixin.py:149} INFO - [2023-07-27T12:30:47.967+0000] {dag.py:3490} INFO - Setting next_dagrun for example_external_task_marker_parent to None, run_after=None
[2023-07-27T12:30:48.072+0000] {processor.py:179} INFO - Processing /home/airflow/.local/lib/python3.7/site-packages/airflow/example_dags/example_external_task_marker_dag.py took 0.479 seconds
[2023-07-27T12:31:18.892+0000] {processor.py:157} INFO - Started process (PID=1379) to work on /home/airflow/.local/lib/python3.7/site-packages/airflow/example_dags/example_external_task_marker_dag.py
[2023-07-27T12:31:18.900+0000] {processor.py:826} INFO - Processing file /home/airflow/.local/lib/python3.7/site-packages/airflow/example_dags/example_external_task_marker_dag.py for tasks to queue
[2023-07-27T12:31:18.906+0000] {logging_mixin.py:149} INFO - [2023-07-27T12:31:18.905+0000] {dagbag.py:541} INFO - Filling up the DagBag from /home/airflow/.local/lib/python3.7/site-packages/airflow/example_dags/example_external_task_marker_dag.py
[2023-07-27T12:31:18.929+0000] {processor.py:836} INFO - DAG(s) dict_keys(['example_external_task_marker_child', 'example_external_task_marker_parent']) retrieved from /home/airflow/.local/lib/python3.7/site-packages/airflow/example_dags/example_external_task_marker_dag.py
[2023-07-27T12:31:18.990+0000] {logging_mixin.py:149} INFO - [2023-07-27T12:31:18.990+0000] {dag.py:2726} INFO - Sync 2 DAGs
[2023-07-27T12:31:19.048+0000] {logging_mixin.py:149} INFO - [2023-07-27T12:31:19.047+0000] {dag.py:3490} INFO - Setting next_dagrun for example_external_task_marker_child to None, run_after=None
[2023-07-27T12:31:19.055+0000] {logging_mixin.py:149} INFO - [2023-07-27T12:31:19.055+0000] {dag.py:3490} INFO - Setting next_dagrun for example_external_task_marker_parent to None, run_after=None
[2023-07-27T12:31:19.103+0000] {processor.py:179} INFO - Processing /home/airflow/.local/lib/python3.7/site-packages/airflow/example_dags/example_external_task_marker_dag.py took 0.224 seconds
[2023-07-27T12:31:49.296+0000] {processor.py:157} INFO - Started process (PID=1437) to work on /home/airflow/.local/lib/python3.7/site-packages/airflow/example_dags/example_external_task_marker_dag.py
[2023-07-27T12:31:49.303+0000] {processor.py:826} INFO - Processing file /home/airflow/.local/lib/python3.7/site-packages/airflow/example_dags/example_external_task_marker_dag.py for tasks to queue
[2023-07-27T12:31:49.318+0000] {logging_mixin.py:149} INFO - [2023-07-27T12:31:49.316+0000] {dagbag.py:541} INFO - Filling up the DagBag from /home/airflow/.local/lib/python3.7/site-packages/airflow/example_dags/example_external_task_marker_dag.py
[2023-07-27T12:31:49.357+0000] {processor.py:836} INFO - DAG(s) dict_keys(['example_external_task_marker_parent', 'example_external_task_marker_child']) retrieved from /home/airflow/.local/lib/python3.7/site-packages/airflow/example_dags/example_external_task_marker_dag.py
[2023-07-27T12:31:49.497+0000] {logging_mixin.py:149} INFO - [2023-07-27T12:31:49.497+0000] {dag.py:2726} INFO - Sync 2 DAGs
[2023-07-27T12:31:49.609+0000] {logging_mixin.py:149} INFO - [2023-07-27T12:31:49.609+0000] {dag.py:3490} INFO - Setting next_dagrun for example_external_task_marker_child to None, run_after=None
[2023-07-27T12:31:49.640+0000] {logging_mixin.py:149} INFO - [2023-07-27T12:31:49.640+0000] {dag.py:3490} INFO - Setting next_dagrun for example_external_task_marker_parent to None, run_after=None
[2023-07-27T12:31:49.694+0000] {processor.py:179} INFO - Processing /home/airflow/.local/lib/python3.7/site-packages/airflow/example_dags/example_external_task_marker_dag.py took 0.414 seconds
[2023-07-27T12:32:20.110+0000] {processor.py:157} INFO - Started process (PID=1494) to work on /home/airflow/.local/lib/python3.7/site-packages/airflow/example_dags/example_external_task_marker_dag.py
[2023-07-27T12:32:20.127+0000] {processor.py:826} INFO - Processing file /home/airflow/.local/lib/python3.7/site-packages/airflow/example_dags/example_external_task_marker_dag.py for tasks to queue
[2023-07-27T12:32:20.132+0000] {logging_mixin.py:149} INFO - [2023-07-27T12:32:20.130+0000] {dagbag.py:541} INFO - Filling up the DagBag from /home/airflow/.local/lib/python3.7/site-packages/airflow/example_dags/example_external_task_marker_dag.py
[2023-07-27T12:32:20.211+0000] {processor.py:836} INFO - DAG(s) dict_keys(['example_external_task_marker_parent', 'example_external_task_marker_child']) retrieved from /home/airflow/.local/lib/python3.7/site-packages/airflow/example_dags/example_external_task_marker_dag.py
[2023-07-27T12:32:20.452+0000] {logging_mixin.py:149} INFO - [2023-07-27T12:32:20.451+0000] {dag.py:2726} INFO - Sync 2 DAGs
[2023-07-27T12:32:21.102+0000] {logging_mixin.py:149} INFO - [2023-07-27T12:32:21.102+0000] {dag.py:3490} INFO - Setting next_dagrun for example_external_task_marker_child to None, run_after=None
[2023-07-27T12:32:21.162+0000] {logging_mixin.py:149} INFO - [2023-07-27T12:32:21.159+0000] {dag.py:3490} INFO - Setting next_dagrun for example_external_task_marker_parent to None, run_after=None
[2023-07-27T12:32:21.537+0000] {processor.py:179} INFO - Processing /home/airflow/.local/lib/python3.7/site-packages/airflow/example_dags/example_external_task_marker_dag.py took 1.445 seconds
[2023-07-27T12:32:52.258+0000] {processor.py:157} INFO - Started process (PID=1552) to work on /home/airflow/.local/lib/python3.7/site-packages/airflow/example_dags/example_external_task_marker_dag.py
[2023-07-27T12:32:52.268+0000] {processor.py:826} INFO - Processing file /home/airflow/.local/lib/python3.7/site-packages/airflow/example_dags/example_external_task_marker_dag.py for tasks to queue
[2023-07-27T12:32:52.272+0000] {logging_mixin.py:149} INFO - [2023-07-27T12:32:52.272+0000] {dagbag.py:541} INFO - Filling up the DagBag from /home/airflow/.local/lib/python3.7/site-packages/airflow/example_dags/example_external_task_marker_dag.py
[2023-07-27T12:32:52.291+0000] {processor.py:836} INFO - DAG(s) dict_keys(['example_external_task_marker_parent', 'example_external_task_marker_child']) retrieved from /home/airflow/.local/lib/python3.7/site-packages/airflow/example_dags/example_external_task_marker_dag.py
[2023-07-27T12:32:52.375+0000] {logging_mixin.py:149} INFO - [2023-07-27T12:32:52.375+0000] {dag.py:2726} INFO - Sync 2 DAGs
[2023-07-27T12:32:52.506+0000] {logging_mixin.py:149} INFO - [2023-07-27T12:32:52.505+0000] {dag.py:3490} INFO - Setting next_dagrun for example_external_task_marker_child to None, run_after=None
[2023-07-27T12:32:52.524+0000] {logging_mixin.py:149} INFO - [2023-07-27T12:32:52.524+0000] {dag.py:3490} INFO - Setting next_dagrun for example_external_task_marker_parent to None, run_after=None
[2023-07-27T12:32:52.601+0000] {processor.py:179} INFO - Processing /home/airflow/.local/lib/python3.7/site-packages/airflow/example_dags/example_external_task_marker_dag.py took 0.348 seconds
[2023-07-27T12:33:23.390+0000] {processor.py:157} INFO - Started process (PID=1610) to work on /home/airflow/.local/lib/python3.7/site-packages/airflow/example_dags/example_external_task_marker_dag.py
[2023-07-27T12:33:23.397+0000] {processor.py:826} INFO - Processing file /home/airflow/.local/lib/python3.7/site-packages/airflow/example_dags/example_external_task_marker_dag.py for tasks to queue
[2023-07-27T12:33:23.401+0000] {logging_mixin.py:149} INFO - [2023-07-27T12:33:23.400+0000] {dagbag.py:541} INFO - Filling up the DagBag from /home/airflow/.local/lib/python3.7/site-packages/airflow/example_dags/example_external_task_marker_dag.py
[2023-07-27T12:33:23.429+0000] {processor.py:836} INFO - DAG(s) dict_keys(['example_external_task_marker_child', 'example_external_task_marker_parent']) retrieved from /home/airflow/.local/lib/python3.7/site-packages/airflow/example_dags/example_external_task_marker_dag.py
[2023-07-27T12:33:23.515+0000] {logging_mixin.py:149} INFO - [2023-07-27T12:33:23.514+0000] {dag.py:2726} INFO - Sync 2 DAGs
[2023-07-27T12:33:23.600+0000] {logging_mixin.py:149} INFO - [2023-07-27T12:33:23.600+0000] {dag.py:3490} INFO - Setting next_dagrun for example_external_task_marker_child to None, run_after=None
[2023-07-27T12:33:23.609+0000] {logging_mixin.py:149} INFO - [2023-07-27T12:33:23.609+0000] {dag.py:3490} INFO - Setting next_dagrun for example_external_task_marker_parent to None, run_after=None
[2023-07-27T12:33:23.671+0000] {processor.py:179} INFO - Processing /home/airflow/.local/lib/python3.7/site-packages/airflow/example_dags/example_external_task_marker_dag.py took 0.299 seconds
[2023-07-27T12:33:54.083+0000] {processor.py:157} INFO - Started process (PID=1668) to work on /home/airflow/.local/lib/python3.7/site-packages/airflow/example_dags/example_external_task_marker_dag.py
[2023-07-27T12:33:54.089+0000] {processor.py:826} INFO - Processing file /home/airflow/.local/lib/python3.7/site-packages/airflow/example_dags/example_external_task_marker_dag.py for tasks to queue
[2023-07-27T12:33:54.094+0000] {logging_mixin.py:149} INFO - [2023-07-27T12:33:54.094+0000] {dagbag.py:541} INFO - Filling up the DagBag from /home/airflow/.local/lib/python3.7/site-packages/airflow/example_dags/example_external_task_marker_dag.py
[2023-07-27T12:33:54.107+0000] {processor.py:836} INFO - DAG(s) dict_keys(['example_external_task_marker_parent', 'example_external_task_marker_child']) retrieved from /home/airflow/.local/lib/python3.7/site-packages/airflow/example_dags/example_external_task_marker_dag.py
[2023-07-27T12:33:54.196+0000] {logging_mixin.py:149} INFO - [2023-07-27T12:33:54.195+0000] {dag.py:2726} INFO - Sync 2 DAGs
[2023-07-27T12:33:54.297+0000] {logging_mixin.py:149} INFO - [2023-07-27T12:33:54.296+0000] {dag.py:3490} INFO - Setting next_dagrun for example_external_task_marker_child to None, run_after=None
[2023-07-27T12:33:54.309+0000] {logging_mixin.py:149} INFO - [2023-07-27T12:33:54.308+0000] {dag.py:3490} INFO - Setting next_dagrun for example_external_task_marker_parent to None, run_after=None
[2023-07-27T12:33:54.372+0000] {processor.py:179} INFO - Processing /home/airflow/.local/lib/python3.7/site-packages/airflow/example_dags/example_external_task_marker_dag.py took 0.298 seconds
[2023-07-27T12:34:24.541+0000] {processor.py:157} INFO - Started process (PID=1727) to work on /home/airflow/.local/lib/python3.7/site-packages/airflow/example_dags/example_external_task_marker_dag.py
[2023-07-27T12:34:24.545+0000] {processor.py:826} INFO - Processing file /home/airflow/.local/lib/python3.7/site-packages/airflow/example_dags/example_external_task_marker_dag.py for tasks to queue
[2023-07-27T12:34:24.554+0000] {logging_mixin.py:149} INFO - [2023-07-27T12:34:24.552+0000] {dagbag.py:541} INFO - Filling up the DagBag from /home/airflow/.local/lib/python3.7/site-packages/airflow/example_dags/example_external_task_marker_dag.py
[2023-07-27T12:34:24.568+0000] {processor.py:836} INFO - DAG(s) dict_keys(['example_external_task_marker_child', 'example_external_task_marker_parent']) retrieved from /home/airflow/.local/lib/python3.7/site-packages/airflow/example_dags/example_external_task_marker_dag.py
[2023-07-27T12:34:24.675+0000] {logging_mixin.py:149} INFO - [2023-07-27T12:34:24.675+0000] {dag.py:2726} INFO - Sync 2 DAGs
[2023-07-27T12:34:24.765+0000] {logging_mixin.py:149} INFO - [2023-07-27T12:34:24.765+0000] {dag.py:3490} INFO - Setting next_dagrun for example_external_task_marker_child to None, run_after=None
[2023-07-27T12:34:24.787+0000] {logging_mixin.py:149} INFO - [2023-07-27T12:34:24.787+0000] {dag.py:3490} INFO - Setting next_dagrun for example_external_task_marker_parent to None, run_after=None
[2023-07-27T12:34:24.869+0000] {processor.py:179} INFO - Processing /home/airflow/.local/lib/python3.7/site-packages/airflow/example_dags/example_external_task_marker_dag.py took 0.339 seconds
[2023-07-27T12:34:55.195+0000] {processor.py:157} INFO - Started process (PID=1785) to work on /home/airflow/.local/lib/python3.7/site-packages/airflow/example_dags/example_external_task_marker_dag.py
[2023-07-27T12:34:55.198+0000] {processor.py:826} INFO - Processing file /home/airflow/.local/lib/python3.7/site-packages/airflow/example_dags/example_external_task_marker_dag.py for tasks to queue
[2023-07-27T12:34:55.203+0000] {logging_mixin.py:149} INFO - [2023-07-27T12:34:55.203+0000] {dagbag.py:541} INFO - Filling up the DagBag from /home/airflow/.local/lib/python3.7/site-packages/airflow/example_dags/example_external_task_marker_dag.py
[2023-07-27T12:34:55.236+0000] {processor.py:836} INFO - DAG(s) dict_keys(['example_external_task_marker_child', 'example_external_task_marker_parent']) retrieved from /home/airflow/.local/lib/python3.7/site-packages/airflow/example_dags/example_external_task_marker_dag.py
[2023-07-27T12:34:55.327+0000] {logging_mixin.py:149} INFO - [2023-07-27T12:34:55.327+0000] {dag.py:2726} INFO - Sync 2 DAGs
[2023-07-27T12:34:55.412+0000] {logging_mixin.py:149} INFO - [2023-07-27T12:34:55.412+0000] {dag.py:3490} INFO - Setting next_dagrun for example_external_task_marker_child to None, run_after=None
[2023-07-27T12:34:55.431+0000] {logging_mixin.py:149} INFO - [2023-07-27T12:34:55.430+0000] {dag.py:3490} INFO - Setting next_dagrun for example_external_task_marker_parent to None, run_after=None
[2023-07-27T12:34:55.475+0000] {processor.py:179} INFO - Processing /home/airflow/.local/lib/python3.7/site-packages/airflow/example_dags/example_external_task_marker_dag.py took 0.293 seconds
[2023-07-27T12:35:26.458+0000] {processor.py:157} INFO - Started process (PID=1841) to work on /home/airflow/.local/lib/python3.7/site-packages/airflow/example_dags/example_external_task_marker_dag.py
[2023-07-27T12:35:26.463+0000] {processor.py:826} INFO - Processing file /home/airflow/.local/lib/python3.7/site-packages/airflow/example_dags/example_external_task_marker_dag.py for tasks to queue
[2023-07-27T12:35:26.466+0000] {logging_mixin.py:149} INFO - [2023-07-27T12:35:26.466+0000] {dagbag.py:541} INFO - Filling up the DagBag from /home/airflow/.local/lib/python3.7/site-packages/airflow/example_dags/example_external_task_marker_dag.py
[2023-07-27T12:35:26.478+0000] {processor.py:836} INFO - DAG(s) dict_keys(['example_external_task_marker_parent', 'example_external_task_marker_child']) retrieved from /home/airflow/.local/lib/python3.7/site-packages/airflow/example_dags/example_external_task_marker_dag.py
[2023-07-27T12:35:26.541+0000] {logging_mixin.py:149} INFO - [2023-07-27T12:35:26.541+0000] {dag.py:2726} INFO - Sync 2 DAGs
[2023-07-27T12:35:26.617+0000] {logging_mixin.py:149} INFO - [2023-07-27T12:35:26.616+0000] {dag.py:3490} INFO - Setting next_dagrun for example_external_task_marker_child to None, run_after=None
[2023-07-27T12:35:26.627+0000] {logging_mixin.py:149} INFO - [2023-07-27T12:35:26.626+0000] {dag.py:3490} INFO - Setting next_dagrun for example_external_task_marker_parent to None, run_after=None
[2023-07-27T12:35:26.678+0000] {processor.py:179} INFO - Processing /home/airflow/.local/lib/python3.7/site-packages/airflow/example_dags/example_external_task_marker_dag.py took 0.235 seconds
[2023-07-27T12:35:58.476+0000] {processor.py:157} INFO - Started process (PID=1894) to work on /home/airflow/.local/lib/python3.7/site-packages/airflow/example_dags/example_external_task_marker_dag.py
[2023-07-27T12:35:58.481+0000] {processor.py:826} INFO - Processing file /home/airflow/.local/lib/python3.7/site-packages/airflow/example_dags/example_external_task_marker_dag.py for tasks to queue
[2023-07-27T12:35:58.485+0000] {logging_mixin.py:149} INFO - [2023-07-27T12:35:58.484+0000] {dagbag.py:541} INFO - Filling up the DagBag from /home/airflow/.local/lib/python3.7/site-packages/airflow/example_dags/example_external_task_marker_dag.py
[2023-07-27T12:35:58.505+0000] {processor.py:836} INFO - DAG(s) dict_keys(['example_external_task_marker_parent', 'example_external_task_marker_child']) retrieved from /home/airflow/.local/lib/python3.7/site-packages/airflow/example_dags/example_external_task_marker_dag.py
[2023-07-27T12:35:58.585+0000] {logging_mixin.py:149} INFO - [2023-07-27T12:35:58.585+0000] {dag.py:2726} INFO - Sync 2 DAGs
[2023-07-27T12:35:58.652+0000] {logging_mixin.py:149} INFO - [2023-07-27T12:35:58.652+0000] {dag.py:3490} INFO - Setting next_dagrun for example_external_task_marker_child to None, run_after=None
[2023-07-27T12:35:58.666+0000] {logging_mixin.py:149} INFO - [2023-07-27T12:35:58.665+0000] {dag.py:3490} INFO - Setting next_dagrun for example_external_task_marker_parent to None, run_after=None
[2023-07-27T12:35:58.717+0000] {processor.py:179} INFO - Processing /home/airflow/.local/lib/python3.7/site-packages/airflow/example_dags/example_external_task_marker_dag.py took 0.248 seconds
[2023-07-27T12:36:29.155+0000] {processor.py:157} INFO - Started process (PID=1949) to work on /home/airflow/.local/lib/python3.7/site-packages/airflow/example_dags/example_external_task_marker_dag.py
[2023-07-27T12:36:29.166+0000] {processor.py:826} INFO - Processing file /home/airflow/.local/lib/python3.7/site-packages/airflow/example_dags/example_external_task_marker_dag.py for tasks to queue
[2023-07-27T12:36:29.172+0000] {logging_mixin.py:149} INFO - [2023-07-27T12:36:29.171+0000] {dagbag.py:541} INFO - Filling up the DagBag from /home/airflow/.local/lib/python3.7/site-packages/airflow/example_dags/example_external_task_marker_dag.py
[2023-07-27T12:36:29.235+0000] {processor.py:836} INFO - DAG(s) dict_keys(['example_external_task_marker_parent', 'example_external_task_marker_child']) retrieved from /home/airflow/.local/lib/python3.7/site-packages/airflow/example_dags/example_external_task_marker_dag.py
[2023-07-27T12:36:29.331+0000] {logging_mixin.py:149} INFO - [2023-07-27T12:36:29.331+0000] {dag.py:2726} INFO - Sync 2 DAGs
[2023-07-27T12:36:29.393+0000] {logging_mixin.py:149} INFO - [2023-07-27T12:36:29.392+0000] {dag.py:3490} INFO - Setting next_dagrun for example_external_task_marker_child to None, run_after=None
[2023-07-27T12:36:29.405+0000] {logging_mixin.py:149} INFO - [2023-07-27T12:36:29.405+0000] {dag.py:3490} INFO - Setting next_dagrun for example_external_task_marker_parent to None, run_after=None
[2023-07-27T12:36:29.487+0000] {processor.py:179} INFO - Processing /home/airflow/.local/lib/python3.7/site-packages/airflow/example_dags/example_external_task_marker_dag.py took 0.351 seconds
[2023-07-27T12:36:59.751+0000] {processor.py:157} INFO - Started process (PID=2004) to work on /home/airflow/.local/lib/python3.7/site-packages/airflow/example_dags/example_external_task_marker_dag.py
[2023-07-27T12:36:59.756+0000] {processor.py:826} INFO - Processing file /home/airflow/.local/lib/python3.7/site-packages/airflow/example_dags/example_external_task_marker_dag.py for tasks to queue
[2023-07-27T12:36:59.759+0000] {logging_mixin.py:149} INFO - [2023-07-27T12:36:59.758+0000] {dagbag.py:541} INFO - Filling up the DagBag from /home/airflow/.local/lib/python3.7/site-packages/airflow/example_dags/example_external_task_marker_dag.py
[2023-07-27T12:36:59.777+0000] {processor.py:836} INFO - DAG(s) dict_keys(['example_external_task_marker_child', 'example_external_task_marker_parent']) retrieved from /home/airflow/.local/lib/python3.7/site-packages/airflow/example_dags/example_external_task_marker_dag.py
[2023-07-27T12:36:59.842+0000] {logging_mixin.py:149} INFO - [2023-07-27T12:36:59.841+0000] {dag.py:2726} INFO - Sync 2 DAGs
[2023-07-27T12:36:59.880+0000] {logging_mixin.py:149} INFO - [2023-07-27T12:36:59.880+0000] {dag.py:3490} INFO - Setting next_dagrun for example_external_task_marker_child to None, run_after=None
[2023-07-27T12:36:59.894+0000] {logging_mixin.py:149} INFO - [2023-07-27T12:36:59.894+0000] {dag.py:3490} INFO - Setting next_dagrun for example_external_task_marker_parent to None, run_after=None
[2023-07-27T12:36:59.933+0000] {processor.py:179} INFO - Processing /home/airflow/.local/lib/python3.7/site-packages/airflow/example_dags/example_external_task_marker_dag.py took 0.211 seconds
[2023-07-27T12:37:30.337+0000] {processor.py:157} INFO - Started process (PID=2062) to work on /home/airflow/.local/lib/python3.7/site-packages/airflow/example_dags/example_external_task_marker_dag.py
[2023-07-27T12:37:30.344+0000] {processor.py:826} INFO - Processing file /home/airflow/.local/lib/python3.7/site-packages/airflow/example_dags/example_external_task_marker_dag.py for tasks to queue
[2023-07-27T12:37:30.348+0000] {logging_mixin.py:149} INFO - [2023-07-27T12:37:30.347+0000] {dagbag.py:541} INFO - Filling up the DagBag from /home/airflow/.local/lib/python3.7/site-packages/airflow/example_dags/example_external_task_marker_dag.py
[2023-07-27T12:37:30.373+0000] {processor.py:836} INFO - DAG(s) dict_keys(['example_external_task_marker_parent', 'example_external_task_marker_child']) retrieved from /home/airflow/.local/lib/python3.7/site-packages/airflow/example_dags/example_external_task_marker_dag.py
[2023-07-27T12:37:30.436+0000] {logging_mixin.py:149} INFO - [2023-07-27T12:37:30.435+0000] {dag.py:2726} INFO - Sync 2 DAGs
[2023-07-27T12:37:30.509+0000] {logging_mixin.py:149} INFO - [2023-07-27T12:37:30.509+0000] {dag.py:3490} INFO - Setting next_dagrun for example_external_task_marker_child to None, run_after=None
[2023-07-27T12:37:30.524+0000] {logging_mixin.py:149} INFO - [2023-07-27T12:37:30.523+0000] {dag.py:3490} INFO - Setting next_dagrun for example_external_task_marker_parent to None, run_after=None
[2023-07-27T12:37:30.581+0000] {processor.py:179} INFO - Processing /home/airflow/.local/lib/python3.7/site-packages/airflow/example_dags/example_external_task_marker_dag.py took 0.256 seconds
[2023-07-27T12:38:01.030+0000] {processor.py:157} INFO - Started process (PID=2120) to work on /home/airflow/.local/lib/python3.7/site-packages/airflow/example_dags/example_external_task_marker_dag.py
[2023-07-27T12:38:01.034+0000] {processor.py:826} INFO - Processing file /home/airflow/.local/lib/python3.7/site-packages/airflow/example_dags/example_external_task_marker_dag.py for tasks to queue
[2023-07-27T12:38:01.036+0000] {logging_mixin.py:149} INFO - [2023-07-27T12:38:01.036+0000] {dagbag.py:541} INFO - Filling up the DagBag from /home/airflow/.local/lib/python3.7/site-packages/airflow/example_dags/example_external_task_marker_dag.py
[2023-07-27T12:38:01.055+0000] {processor.py:836} INFO - DAG(s) dict_keys(['example_external_task_marker_parent', 'example_external_task_marker_child']) retrieved from /home/airflow/.local/lib/python3.7/site-packages/airflow/example_dags/example_external_task_marker_dag.py
[2023-07-27T12:38:01.130+0000] {logging_mixin.py:149} INFO - [2023-07-27T12:38:01.129+0000] {dag.py:2726} INFO - Sync 2 DAGs
[2023-07-27T12:38:01.246+0000] {logging_mixin.py:149} INFO - [2023-07-27T12:38:01.245+0000] {dag.py:3490} INFO - Setting next_dagrun for example_external_task_marker_child to None, run_after=None
[2023-07-27T12:38:01.260+0000] {logging_mixin.py:149} INFO - [2023-07-27T12:38:01.260+0000] {dag.py:3490} INFO - Setting next_dagrun for example_external_task_marker_parent to None, run_after=None
[2023-07-27T12:38:01.442+0000] {processor.py:179} INFO - Processing /home/airflow/.local/lib/python3.7/site-packages/airflow/example_dags/example_external_task_marker_dag.py took 0.418 seconds
[2023-07-27T12:38:32.161+0000] {processor.py:157} INFO - Started process (PID=2178) to work on /home/airflow/.local/lib/python3.7/site-packages/airflow/example_dags/example_external_task_marker_dag.py
[2023-07-27T12:38:32.163+0000] {processor.py:826} INFO - Processing file /home/airflow/.local/lib/python3.7/site-packages/airflow/example_dags/example_external_task_marker_dag.py for tasks to queue
[2023-07-27T12:38:32.181+0000] {logging_mixin.py:149} INFO - [2023-07-27T12:38:32.172+0000] {dagbag.py:541} INFO - Filling up the DagBag from /home/airflow/.local/lib/python3.7/site-packages/airflow/example_dags/example_external_task_marker_dag.py
[2023-07-27T12:38:32.194+0000] {processor.py:836} INFO - DAG(s) dict_keys(['example_external_task_marker_child', 'example_external_task_marker_parent']) retrieved from /home/airflow/.local/lib/python3.7/site-packages/airflow/example_dags/example_external_task_marker_dag.py
[2023-07-27T12:38:32.312+0000] {logging_mixin.py:149} INFO - [2023-07-27T12:38:32.312+0000] {dag.py:2726} INFO - Sync 2 DAGs
[2023-07-27T12:38:32.465+0000] {logging_mixin.py:149} INFO - [2023-07-27T12:38:32.465+0000] {dag.py:3490} INFO - Setting next_dagrun for example_external_task_marker_child to None, run_after=None
[2023-07-27T12:38:32.482+0000] {logging_mixin.py:149} INFO - [2023-07-27T12:38:32.482+0000] {dag.py:3490} INFO - Setting next_dagrun for example_external_task_marker_parent to None, run_after=None
[2023-07-27T12:38:32.592+0000] {processor.py:179} INFO - Processing /home/airflow/.local/lib/python3.7/site-packages/airflow/example_dags/example_external_task_marker_dag.py took 0.443 seconds
[2023-07-27T12:39:03.472+0000] {processor.py:157} INFO - Started process (PID=2237) to work on /home/airflow/.local/lib/python3.7/site-packages/airflow/example_dags/example_external_task_marker_dag.py
[2023-07-27T12:39:03.480+0000] {processor.py:826} INFO - Processing file /home/airflow/.local/lib/python3.7/site-packages/airflow/example_dags/example_external_task_marker_dag.py for tasks to queue
[2023-07-27T12:39:03.495+0000] {logging_mixin.py:149} INFO - [2023-07-27T12:39:03.495+0000] {dagbag.py:541} INFO - Filling up the DagBag from /home/airflow/.local/lib/python3.7/site-packages/airflow/example_dags/example_external_task_marker_dag.py
[2023-07-27T12:39:03.615+0000] {processor.py:836} INFO - DAG(s) dict_keys(['example_external_task_marker_parent', 'example_external_task_marker_child']) retrieved from /home/airflow/.local/lib/python3.7/site-packages/airflow/example_dags/example_external_task_marker_dag.py
[2023-07-27T12:39:03.878+0000] {logging_mixin.py:149} INFO - [2023-07-27T12:39:03.878+0000] {dag.py:2726} INFO - Sync 2 DAGs
[2023-07-27T12:39:04.041+0000] {logging_mixin.py:149} INFO - [2023-07-27T12:39:04.040+0000] {dag.py:3490} INFO - Setting next_dagrun for example_external_task_marker_child to None, run_after=None
[2023-07-27T12:39:04.067+0000] {logging_mixin.py:149} INFO - [2023-07-27T12:39:04.067+0000] {dag.py:3490} INFO - Setting next_dagrun for example_external_task_marker_parent to None, run_after=None
[2023-07-27T12:39:04.262+0000] {processor.py:179} INFO - Processing /home/airflow/.local/lib/python3.7/site-packages/airflow/example_dags/example_external_task_marker_dag.py took 0.829 seconds
