[2023-07-27T12:26:07.627+0000] {processor.py:157} INFO - Started process (PID=843) to work on /home/airflow/.local/lib/python3.7/site-packages/airflow/example_dags/example_params_ui_tutorial.py
[2023-07-27T12:26:07.634+0000] {processor.py:826} INFO - Processing file /home/airflow/.local/lib/python3.7/site-packages/airflow/example_dags/example_params_ui_tutorial.py for tasks to queue
[2023-07-27T12:26:07.655+0000] {logging_mixin.py:149} INFO - [2023-07-27T12:26:07.654+0000] {dagbag.py:541} INFO - Filling up the DagBag from /home/airflow/.local/lib/python3.7/site-packages/airflow/example_dags/example_params_ui_tutorial.py
[2023-07-27T12:26:07.772+0000] {processor.py:836} INFO - DAG(s) dict_keys(['example_params_ui_tutorial']) retrieved from /home/airflow/.local/lib/python3.7/site-packages/airflow/example_dags/example_params_ui_tutorial.py
[2023-07-27T12:26:07.946+0000] {logging_mixin.py:149} INFO - [2023-07-27T12:26:07.943+0000] {dag.py:2726} INFO - Sync 1 DAGs
[2023-07-27T12:26:08.044+0000] {logging_mixin.py:149} INFO - [2023-07-27T12:26:08.043+0000] {dag.py:3490} INFO - Setting next_dagrun for example_params_ui_tutorial to None, run_after=None
[2023-07-27T12:26:08.085+0000] {processor.py:179} INFO - Processing /home/airflow/.local/lib/python3.7/site-packages/airflow/example_dags/example_params_ui_tutorial.py took 0.465 seconds
[2023-07-27T12:26:47.065+0000] {processor.py:157} INFO - Started process (PID=901) to work on /home/airflow/.local/lib/python3.7/site-packages/airflow/example_dags/example_params_ui_tutorial.py
[2023-07-27T12:26:47.088+0000] {processor.py:826} INFO - Processing file /home/airflow/.local/lib/python3.7/site-packages/airflow/example_dags/example_params_ui_tutorial.py for tasks to queue
[2023-07-27T12:26:47.121+0000] {logging_mixin.py:149} INFO - [2023-07-27T12:26:47.121+0000] {dagbag.py:541} INFO - Filling up the DagBag from /home/airflow/.local/lib/python3.7/site-packages/airflow/example_dags/example_params_ui_tutorial.py
[2023-07-27T12:26:47.840+0000] {processor.py:836} INFO - DAG(s) dict_keys(['example_params_ui_tutorial']) retrieved from /home/airflow/.local/lib/python3.7/site-packages/airflow/example_dags/example_params_ui_tutorial.py
[2023-07-27T12:26:48.576+0000] {logging_mixin.py:149} INFO - [2023-07-27T12:26:48.575+0000] {dag.py:2726} INFO - Sync 1 DAGs
[2023-07-27T12:26:48.662+0000] {logging_mixin.py:149} INFO - [2023-07-27T12:26:48.661+0000] {dag.py:3490} INFO - Setting next_dagrun for example_params_ui_tutorial to None, run_after=None
[2023-07-27T12:26:48.711+0000] {processor.py:179} INFO - Processing /home/airflow/.local/lib/python3.7/site-packages/airflow/example_dags/example_params_ui_tutorial.py took 1.716 seconds
[2023-07-27T12:27:26.624+0000] {processor.py:157} INFO - Started process (PID=959) to work on /home/airflow/.local/lib/python3.7/site-packages/airflow/example_dags/example_params_ui_tutorial.py
[2023-07-27T12:27:26.633+0000] {processor.py:826} INFO - Processing file /home/airflow/.local/lib/python3.7/site-packages/airflow/example_dags/example_params_ui_tutorial.py for tasks to queue
[2023-07-27T12:27:26.638+0000] {logging_mixin.py:149} INFO - [2023-07-27T12:27:26.638+0000] {dagbag.py:541} INFO - Filling up the DagBag from /home/airflow/.local/lib/python3.7/site-packages/airflow/example_dags/example_params_ui_tutorial.py
[2023-07-27T12:27:26.965+0000] {processor.py:836} INFO - DAG(s) dict_keys(['example_params_ui_tutorial']) retrieved from /home/airflow/.local/lib/python3.7/site-packages/airflow/example_dags/example_params_ui_tutorial.py
[2023-07-27T12:27:27.287+0000] {logging_mixin.py:149} INFO - [2023-07-27T12:27:27.278+0000] {dag.py:2726} INFO - Sync 1 DAGs
[2023-07-27T12:27:27.585+0000] {logging_mixin.py:149} INFO - [2023-07-27T12:27:27.585+0000] {dag.py:3490} INFO - Setting next_dagrun for example_params_ui_tutorial to None, run_after=None
[2023-07-27T12:27:27.655+0000] {processor.py:179} INFO - Processing /home/airflow/.local/lib/python3.7/site-packages/airflow/example_dags/example_params_ui_tutorial.py took 1.065 seconds
[2023-07-27T12:28:00.820+0000] {processor.py:157} INFO - Started process (PID=1019) to work on /home/airflow/.local/lib/python3.7/site-packages/airflow/example_dags/example_params_ui_tutorial.py
[2023-07-27T12:28:00.839+0000] {processor.py:826} INFO - Processing file /home/airflow/.local/lib/python3.7/site-packages/airflow/example_dags/example_params_ui_tutorial.py for tasks to queue
[2023-07-27T12:28:00.848+0000] {logging_mixin.py:149} INFO - [2023-07-27T12:28:00.846+0000] {dagbag.py:541} INFO - Filling up the DagBag from /home/airflow/.local/lib/python3.7/site-packages/airflow/example_dags/example_params_ui_tutorial.py
[2023-07-27T12:28:01.066+0000] {processor.py:836} INFO - DAG(s) dict_keys(['example_params_ui_tutorial']) retrieved from /home/airflow/.local/lib/python3.7/site-packages/airflow/example_dags/example_params_ui_tutorial.py
[2023-07-27T12:28:02.282+0000] {logging_mixin.py:149} INFO - [2023-07-27T12:28:02.281+0000] {dag.py:2726} INFO - Sync 1 DAGs
[2023-07-27T12:28:02.511+0000] {logging_mixin.py:149} INFO - [2023-07-27T12:28:02.511+0000] {dag.py:3490} INFO - Setting next_dagrun for example_params_ui_tutorial to None, run_after=None
[2023-07-27T12:28:02.625+0000] {processor.py:179} INFO - Processing /home/airflow/.local/lib/python3.7/site-packages/airflow/example_dags/example_params_ui_tutorial.py took 1.826 seconds
[2023-07-27T12:28:33.175+0000] {processor.py:157} INFO - Started process (PID=1073) to work on /home/airflow/.local/lib/python3.7/site-packages/airflow/example_dags/example_params_ui_tutorial.py
[2023-07-27T12:28:33.188+0000] {processor.py:826} INFO - Processing file /home/airflow/.local/lib/python3.7/site-packages/airflow/example_dags/example_params_ui_tutorial.py for tasks to queue
[2023-07-27T12:28:33.193+0000] {logging_mixin.py:149} INFO - [2023-07-27T12:28:33.193+0000] {dagbag.py:541} INFO - Filling up the DagBag from /home/airflow/.local/lib/python3.7/site-packages/airflow/example_dags/example_params_ui_tutorial.py
[2023-07-27T12:28:33.541+0000] {processor.py:836} INFO - DAG(s) dict_keys(['example_params_ui_tutorial']) retrieved from /home/airflow/.local/lib/python3.7/site-packages/airflow/example_dags/example_params_ui_tutorial.py
[2023-07-27T12:28:33.826+0000] {logging_mixin.py:149} INFO - [2023-07-27T12:28:33.825+0000] {dag.py:2726} INFO - Sync 1 DAGs
[2023-07-27T12:28:33.902+0000] {logging_mixin.py:149} INFO - [2023-07-27T12:28:33.901+0000] {dag.py:3490} INFO - Setting next_dagrun for example_params_ui_tutorial to None, run_after=None
[2023-07-27T12:28:33.987+0000] {processor.py:179} INFO - Processing /home/airflow/.local/lib/python3.7/site-packages/airflow/example_dags/example_params_ui_tutorial.py took 0.829 seconds
[2023-07-27T12:29:04.241+0000] {processor.py:157} INFO - Started process (PID=1132) to work on /home/airflow/.local/lib/python3.7/site-packages/airflow/example_dags/example_params_ui_tutorial.py
[2023-07-27T12:29:04.246+0000] {processor.py:826} INFO - Processing file /home/airflow/.local/lib/python3.7/site-packages/airflow/example_dags/example_params_ui_tutorial.py for tasks to queue
[2023-07-27T12:29:04.248+0000] {logging_mixin.py:149} INFO - [2023-07-27T12:29:04.248+0000] {dagbag.py:541} INFO - Filling up the DagBag from /home/airflow/.local/lib/python3.7/site-packages/airflow/example_dags/example_params_ui_tutorial.py
[2023-07-27T12:29:04.330+0000] {processor.py:836} INFO - DAG(s) dict_keys(['example_params_ui_tutorial']) retrieved from /home/airflow/.local/lib/python3.7/site-packages/airflow/example_dags/example_params_ui_tutorial.py
[2023-07-27T12:29:04.450+0000] {logging_mixin.py:149} INFO - [2023-07-27T12:29:04.450+0000] {dag.py:2726} INFO - Sync 1 DAGs
[2023-07-27T12:29:04.506+0000] {logging_mixin.py:149} INFO - [2023-07-27T12:29:04.505+0000] {dag.py:3490} INFO - Setting next_dagrun for example_params_ui_tutorial to None, run_after=None
[2023-07-27T12:29:04.550+0000] {processor.py:179} INFO - Processing /home/airflow/.local/lib/python3.7/site-packages/airflow/example_dags/example_params_ui_tutorial.py took 0.317 seconds
[2023-07-27T12:29:35.283+0000] {processor.py:157} INFO - Started process (PID=1191) to work on /home/airflow/.local/lib/python3.7/site-packages/airflow/example_dags/example_params_ui_tutorial.py
[2023-07-27T12:29:35.292+0000] {processor.py:826} INFO - Processing file /home/airflow/.local/lib/python3.7/site-packages/airflow/example_dags/example_params_ui_tutorial.py for tasks to queue
[2023-07-27T12:29:35.304+0000] {logging_mixin.py:149} INFO - [2023-07-27T12:29:35.302+0000] {dagbag.py:541} INFO - Filling up the DagBag from /home/airflow/.local/lib/python3.7/site-packages/airflow/example_dags/example_params_ui_tutorial.py
[2023-07-27T12:29:35.397+0000] {processor.py:836} INFO - DAG(s) dict_keys(['example_params_ui_tutorial']) retrieved from /home/airflow/.local/lib/python3.7/site-packages/airflow/example_dags/example_params_ui_tutorial.py
[2023-07-27T12:29:35.570+0000] {logging_mixin.py:149} INFO - [2023-07-27T12:29:35.570+0000] {dag.py:2726} INFO - Sync 1 DAGs
[2023-07-27T12:29:35.620+0000] {logging_mixin.py:149} INFO - [2023-07-27T12:29:35.620+0000] {dag.py:3490} INFO - Setting next_dagrun for example_params_ui_tutorial to None, run_after=None
[2023-07-27T12:29:35.663+0000] {processor.py:179} INFO - Processing /home/airflow/.local/lib/python3.7/site-packages/airflow/example_dags/example_params_ui_tutorial.py took 0.394 seconds
[2023-07-27T12:30:06.202+0000] {processor.py:157} INFO - Started process (PID=1249) to work on /home/airflow/.local/lib/python3.7/site-packages/airflow/example_dags/example_params_ui_tutorial.py
[2023-07-27T12:30:06.210+0000] {processor.py:826} INFO - Processing file /home/airflow/.local/lib/python3.7/site-packages/airflow/example_dags/example_params_ui_tutorial.py for tasks to queue
[2023-07-27T12:30:06.215+0000] {logging_mixin.py:149} INFO - [2023-07-27T12:30:06.215+0000] {dagbag.py:541} INFO - Filling up the DagBag from /home/airflow/.local/lib/python3.7/site-packages/airflow/example_dags/example_params_ui_tutorial.py
[2023-07-27T12:30:06.346+0000] {processor.py:836} INFO - DAG(s) dict_keys(['example_params_ui_tutorial']) retrieved from /home/airflow/.local/lib/python3.7/site-packages/airflow/example_dags/example_params_ui_tutorial.py
[2023-07-27T12:30:06.509+0000] {logging_mixin.py:149} INFO - [2023-07-27T12:30:06.509+0000] {dag.py:2726} INFO - Sync 1 DAGs
[2023-07-27T12:30:06.576+0000] {logging_mixin.py:149} INFO - [2023-07-27T12:30:06.576+0000] {dag.py:3490} INFO - Setting next_dagrun for example_params_ui_tutorial to None, run_after=None
[2023-07-27T12:30:06.646+0000] {processor.py:179} INFO - Processing /home/airflow/.local/lib/python3.7/site-packages/airflow/example_dags/example_params_ui_tutorial.py took 0.478 seconds
[2023-07-27T12:30:37.303+0000] {processor.py:157} INFO - Started process (PID=1307) to work on /home/airflow/.local/lib/python3.7/site-packages/airflow/example_dags/example_params_ui_tutorial.py
[2023-07-27T12:30:37.327+0000] {processor.py:826} INFO - Processing file /home/airflow/.local/lib/python3.7/site-packages/airflow/example_dags/example_params_ui_tutorial.py for tasks to queue
[2023-07-27T12:30:37.340+0000] {logging_mixin.py:149} INFO - [2023-07-27T12:30:37.334+0000] {dagbag.py:541} INFO - Filling up the DagBag from /home/airflow/.local/lib/python3.7/site-packages/airflow/example_dags/example_params_ui_tutorial.py
[2023-07-27T12:30:37.724+0000] {processor.py:836} INFO - DAG(s) dict_keys(['example_params_ui_tutorial']) retrieved from /home/airflow/.local/lib/python3.7/site-packages/airflow/example_dags/example_params_ui_tutorial.py
[2023-07-27T12:30:38.178+0000] {logging_mixin.py:149} INFO - [2023-07-27T12:30:38.178+0000] {dag.py:2726} INFO - Sync 1 DAGs
[2023-07-27T12:30:38.408+0000] {logging_mixin.py:149} INFO - [2023-07-27T12:30:38.408+0000] {dag.py:3490} INFO - Setting next_dagrun for example_params_ui_tutorial to None, run_after=None
[2023-07-27T12:30:38.744+0000] {processor.py:179} INFO - Processing /home/airflow/.local/lib/python3.7/site-packages/airflow/example_dags/example_params_ui_tutorial.py took 1.473 seconds
[2023-07-27T12:31:09.389+0000] {processor.py:157} INFO - Started process (PID=1364) to work on /home/airflow/.local/lib/python3.7/site-packages/airflow/example_dags/example_params_ui_tutorial.py
[2023-07-27T12:31:09.393+0000] {processor.py:826} INFO - Processing file /home/airflow/.local/lib/python3.7/site-packages/airflow/example_dags/example_params_ui_tutorial.py for tasks to queue
[2023-07-27T12:31:09.396+0000] {logging_mixin.py:149} INFO - [2023-07-27T12:31:09.395+0000] {dagbag.py:541} INFO - Filling up the DagBag from /home/airflow/.local/lib/python3.7/site-packages/airflow/example_dags/example_params_ui_tutorial.py
[2023-07-27T12:31:09.470+0000] {processor.py:836} INFO - DAG(s) dict_keys(['example_params_ui_tutorial']) retrieved from /home/airflow/.local/lib/python3.7/site-packages/airflow/example_dags/example_params_ui_tutorial.py
[2023-07-27T12:31:09.586+0000] {logging_mixin.py:149} INFO - [2023-07-27T12:31:09.586+0000] {dag.py:2726} INFO - Sync 1 DAGs
[2023-07-27T12:31:09.737+0000] {logging_mixin.py:149} INFO - [2023-07-27T12:31:09.737+0000] {dag.py:3490} INFO - Setting next_dagrun for example_params_ui_tutorial to None, run_after=None
[2023-07-27T12:31:09.799+0000] {processor.py:179} INFO - Processing /home/airflow/.local/lib/python3.7/site-packages/airflow/example_dags/example_params_ui_tutorial.py took 0.417 seconds
[2023-07-27T12:31:39.979+0000] {processor.py:157} INFO - Started process (PID=1422) to work on /home/airflow/.local/lib/python3.7/site-packages/airflow/example_dags/example_params_ui_tutorial.py
[2023-07-27T12:31:39.982+0000] {processor.py:826} INFO - Processing file /home/airflow/.local/lib/python3.7/site-packages/airflow/example_dags/example_params_ui_tutorial.py for tasks to queue
[2023-07-27T12:31:39.984+0000] {logging_mixin.py:149} INFO - [2023-07-27T12:31:39.984+0000] {dagbag.py:541} INFO - Filling up the DagBag from /home/airflow/.local/lib/python3.7/site-packages/airflow/example_dags/example_params_ui_tutorial.py
[2023-07-27T12:31:40.075+0000] {processor.py:836} INFO - DAG(s) dict_keys(['example_params_ui_tutorial']) retrieved from /home/airflow/.local/lib/python3.7/site-packages/airflow/example_dags/example_params_ui_tutorial.py
[2023-07-27T12:31:40.198+0000] {logging_mixin.py:149} INFO - [2023-07-27T12:31:40.197+0000] {dag.py:2726} INFO - Sync 1 DAGs
[2023-07-27T12:31:40.298+0000] {logging_mixin.py:149} INFO - [2023-07-27T12:31:40.298+0000] {dag.py:3490} INFO - Setting next_dagrun for example_params_ui_tutorial to None, run_after=None
[2023-07-27T12:31:40.386+0000] {processor.py:179} INFO - Processing /home/airflow/.local/lib/python3.7/site-packages/airflow/example_dags/example_params_ui_tutorial.py took 0.413 seconds
[2023-07-27T12:32:11.050+0000] {processor.py:157} INFO - Started process (PID=1481) to work on /home/airflow/.local/lib/python3.7/site-packages/airflow/example_dags/example_params_ui_tutorial.py
[2023-07-27T12:32:11.055+0000] {processor.py:826} INFO - Processing file /home/airflow/.local/lib/python3.7/site-packages/airflow/example_dags/example_params_ui_tutorial.py for tasks to queue
[2023-07-27T12:32:11.058+0000] {logging_mixin.py:149} INFO - [2023-07-27T12:32:11.058+0000] {dagbag.py:541} INFO - Filling up the DagBag from /home/airflow/.local/lib/python3.7/site-packages/airflow/example_dags/example_params_ui_tutorial.py
[2023-07-27T12:32:11.172+0000] {processor.py:836} INFO - DAG(s) dict_keys(['example_params_ui_tutorial']) retrieved from /home/airflow/.local/lib/python3.7/site-packages/airflow/example_dags/example_params_ui_tutorial.py
[2023-07-27T12:32:11.483+0000] {logging_mixin.py:149} INFO - [2023-07-27T12:32:11.483+0000] {dag.py:2726} INFO - Sync 1 DAGs
[2023-07-27T12:32:11.600+0000] {logging_mixin.py:149} INFO - [2023-07-27T12:32:11.599+0000] {dag.py:3490} INFO - Setting next_dagrun for example_params_ui_tutorial to None, run_after=None
[2023-07-27T12:32:11.718+0000] {processor.py:179} INFO - Processing /home/airflow/.local/lib/python3.7/site-packages/airflow/example_dags/example_params_ui_tutorial.py took 0.676 seconds
[2023-07-27T12:32:42.062+0000] {processor.py:157} INFO - Started process (PID=1545) to work on /home/airflow/.local/lib/python3.7/site-packages/airflow/example_dags/example_params_ui_tutorial.py
[2023-07-27T12:32:42.072+0000] {processor.py:826} INFO - Processing file /home/airflow/.local/lib/python3.7/site-packages/airflow/example_dags/example_params_ui_tutorial.py for tasks to queue
[2023-07-27T12:32:42.081+0000] {logging_mixin.py:149} INFO - [2023-07-27T12:32:42.081+0000] {dagbag.py:541} INFO - Filling up the DagBag from /home/airflow/.local/lib/python3.7/site-packages/airflow/example_dags/example_params_ui_tutorial.py
[2023-07-27T12:32:42.217+0000] {processor.py:836} INFO - DAG(s) dict_keys(['example_params_ui_tutorial']) retrieved from /home/airflow/.local/lib/python3.7/site-packages/airflow/example_dags/example_params_ui_tutorial.py
[2023-07-27T12:32:42.354+0000] {logging_mixin.py:149} INFO - [2023-07-27T12:32:42.354+0000] {dag.py:2726} INFO - Sync 1 DAGs
[2023-07-27T12:32:42.406+0000] {logging_mixin.py:149} INFO - [2023-07-27T12:32:42.406+0000] {dag.py:3490} INFO - Setting next_dagrun for example_params_ui_tutorial to None, run_after=None
[2023-07-27T12:32:42.452+0000] {processor.py:179} INFO - Processing /home/airflow/.local/lib/python3.7/site-packages/airflow/example_dags/example_params_ui_tutorial.py took 0.419 seconds
[2023-07-27T12:33:14.801+0000] {processor.py:157} INFO - Started process (PID=1603) to work on /home/airflow/.local/lib/python3.7/site-packages/airflow/example_dags/example_params_ui_tutorial.py
[2023-07-27T12:33:14.806+0000] {processor.py:826} INFO - Processing file /home/airflow/.local/lib/python3.7/site-packages/airflow/example_dags/example_params_ui_tutorial.py for tasks to queue
[2023-07-27T12:33:14.810+0000] {logging_mixin.py:149} INFO - [2023-07-27T12:33:14.810+0000] {dagbag.py:541} INFO - Filling up the DagBag from /home/airflow/.local/lib/python3.7/site-packages/airflow/example_dags/example_params_ui_tutorial.py
[2023-07-27T12:33:14.932+0000] {processor.py:836} INFO - DAG(s) dict_keys(['example_params_ui_tutorial']) retrieved from /home/airflow/.local/lib/python3.7/site-packages/airflow/example_dags/example_params_ui_tutorial.py
[2023-07-27T12:33:15.503+0000] {logging_mixin.py:149} INFO - [2023-07-27T12:33:15.502+0000] {dag.py:2726} INFO - Sync 1 DAGs
[2023-07-27T12:33:15.611+0000] {logging_mixin.py:149} INFO - [2023-07-27T12:33:15.611+0000] {dag.py:3490} INFO - Setting next_dagrun for example_params_ui_tutorial to None, run_after=None
[2023-07-27T12:33:15.697+0000] {processor.py:179} INFO - Processing /home/airflow/.local/lib/python3.7/site-packages/airflow/example_dags/example_params_ui_tutorial.py took 0.905 seconds
[2023-07-27T12:33:47.542+0000] {processor.py:157} INFO - Started process (PID=1655) to work on /home/airflow/.local/lib/python3.7/site-packages/airflow/example_dags/example_params_ui_tutorial.py
[2023-07-27T12:33:47.548+0000] {processor.py:826} INFO - Processing file /home/airflow/.local/lib/python3.7/site-packages/airflow/example_dags/example_params_ui_tutorial.py for tasks to queue
[2023-07-27T12:33:47.551+0000] {logging_mixin.py:149} INFO - [2023-07-27T12:33:47.551+0000] {dagbag.py:541} INFO - Filling up the DagBag from /home/airflow/.local/lib/python3.7/site-packages/airflow/example_dags/example_params_ui_tutorial.py
[2023-07-27T12:33:47.676+0000] {processor.py:836} INFO - DAG(s) dict_keys(['example_params_ui_tutorial']) retrieved from /home/airflow/.local/lib/python3.7/site-packages/airflow/example_dags/example_params_ui_tutorial.py
[2023-07-27T12:33:47.850+0000] {logging_mixin.py:149} INFO - [2023-07-27T12:33:47.850+0000] {dag.py:2726} INFO - Sync 1 DAGs
[2023-07-27T12:33:47.929+0000] {logging_mixin.py:149} INFO - [2023-07-27T12:33:47.928+0000] {dag.py:3490} INFO - Setting next_dagrun for example_params_ui_tutorial to None, run_after=None
[2023-07-27T12:33:47.978+0000] {processor.py:179} INFO - Processing /home/airflow/.local/lib/python3.7/site-packages/airflow/example_dags/example_params_ui_tutorial.py took 0.443 seconds
[2023-07-27T12:34:19.503+0000] {processor.py:157} INFO - Started process (PID=1716) to work on /home/airflow/.local/lib/python3.7/site-packages/airflow/example_dags/example_params_ui_tutorial.py
[2023-07-27T12:34:19.512+0000] {processor.py:826} INFO - Processing file /home/airflow/.local/lib/python3.7/site-packages/airflow/example_dags/example_params_ui_tutorial.py for tasks to queue
[2023-07-27T12:34:19.536+0000] {logging_mixin.py:149} INFO - [2023-07-27T12:34:19.536+0000] {dagbag.py:541} INFO - Filling up the DagBag from /home/airflow/.local/lib/python3.7/site-packages/airflow/example_dags/example_params_ui_tutorial.py
[2023-07-27T12:34:19.796+0000] {processor.py:836} INFO - DAG(s) dict_keys(['example_params_ui_tutorial']) retrieved from /home/airflow/.local/lib/python3.7/site-packages/airflow/example_dags/example_params_ui_tutorial.py
[2023-07-27T12:34:20.224+0000] {logging_mixin.py:149} INFO - [2023-07-27T12:34:20.224+0000] {dag.py:2726} INFO - Sync 1 DAGs
[2023-07-27T12:34:20.382+0000] {logging_mixin.py:149} INFO - [2023-07-27T12:34:20.382+0000] {dag.py:3490} INFO - Setting next_dagrun for example_params_ui_tutorial to None, run_after=None
[2023-07-27T12:34:20.423+0000] {processor.py:179} INFO - Processing /home/airflow/.local/lib/python3.7/site-packages/airflow/example_dags/example_params_ui_tutorial.py took 0.942 seconds
[2023-07-27T12:34:50.651+0000] {processor.py:157} INFO - Started process (PID=1775) to work on /home/airflow/.local/lib/python3.7/site-packages/airflow/example_dags/example_params_ui_tutorial.py
[2023-07-27T12:34:50.658+0000] {processor.py:826} INFO - Processing file /home/airflow/.local/lib/python3.7/site-packages/airflow/example_dags/example_params_ui_tutorial.py for tasks to queue
[2023-07-27T12:34:50.666+0000] {logging_mixin.py:149} INFO - [2023-07-27T12:34:50.666+0000] {dagbag.py:541} INFO - Filling up the DagBag from /home/airflow/.local/lib/python3.7/site-packages/airflow/example_dags/example_params_ui_tutorial.py
[2023-07-27T12:34:50.864+0000] {processor.py:836} INFO - DAG(s) dict_keys(['example_params_ui_tutorial']) retrieved from /home/airflow/.local/lib/python3.7/site-packages/airflow/example_dags/example_params_ui_tutorial.py
[2023-07-27T12:34:51.127+0000] {logging_mixin.py:149} INFO - [2023-07-27T12:34:51.127+0000] {dag.py:2726} INFO - Sync 1 DAGs
[2023-07-27T12:34:51.308+0000] {logging_mixin.py:149} INFO - [2023-07-27T12:34:51.308+0000] {dag.py:3490} INFO - Setting next_dagrun for example_params_ui_tutorial to None, run_after=None
[2023-07-27T12:34:51.369+0000] {processor.py:179} INFO - Processing /home/airflow/.local/lib/python3.7/site-packages/airflow/example_dags/example_params_ui_tutorial.py took 0.775 seconds
[2023-07-27T12:35:25.329+0000] {processor.py:157} INFO - Started process (PID=1833) to work on /home/airflow/.local/lib/python3.7/site-packages/airflow/example_dags/example_params_ui_tutorial.py
[2023-07-27T12:35:25.334+0000] {processor.py:826} INFO - Processing file /home/airflow/.local/lib/python3.7/site-packages/airflow/example_dags/example_params_ui_tutorial.py for tasks to queue
[2023-07-27T12:35:25.342+0000] {logging_mixin.py:149} INFO - [2023-07-27T12:35:25.342+0000] {dagbag.py:541} INFO - Filling up the DagBag from /home/airflow/.local/lib/python3.7/site-packages/airflow/example_dags/example_params_ui_tutorial.py
[2023-07-27T12:35:25.494+0000] {processor.py:836} INFO - DAG(s) dict_keys(['example_params_ui_tutorial']) retrieved from /home/airflow/.local/lib/python3.7/site-packages/airflow/example_dags/example_params_ui_tutorial.py
[2023-07-27T12:35:25.666+0000] {logging_mixin.py:149} INFO - [2023-07-27T12:35:25.666+0000] {dag.py:2726} INFO - Sync 1 DAGs
[2023-07-27T12:35:25.751+0000] {logging_mixin.py:149} INFO - [2023-07-27T12:35:25.751+0000] {dag.py:3490} INFO - Setting next_dagrun for example_params_ui_tutorial to None, run_after=None
[2023-07-27T12:35:25.802+0000] {processor.py:179} INFO - Processing /home/airflow/.local/lib/python3.7/site-packages/airflow/example_dags/example_params_ui_tutorial.py took 0.502 seconds
[2023-07-27T12:35:56.702+0000] {processor.py:157} INFO - Started process (PID=1891) to work on /home/airflow/.local/lib/python3.7/site-packages/airflow/example_dags/example_params_ui_tutorial.py
[2023-07-27T12:35:56.714+0000] {processor.py:826} INFO - Processing file /home/airflow/.local/lib/python3.7/site-packages/airflow/example_dags/example_params_ui_tutorial.py for tasks to queue
[2023-07-27T12:35:56.719+0000] {logging_mixin.py:149} INFO - [2023-07-27T12:35:56.719+0000] {dagbag.py:541} INFO - Filling up the DagBag from /home/airflow/.local/lib/python3.7/site-packages/airflow/example_dags/example_params_ui_tutorial.py
[2023-07-27T12:35:56.931+0000] {processor.py:836} INFO - DAG(s) dict_keys(['example_params_ui_tutorial']) retrieved from /home/airflow/.local/lib/python3.7/site-packages/airflow/example_dags/example_params_ui_tutorial.py
[2023-07-27T12:35:57.228+0000] {logging_mixin.py:149} INFO - [2023-07-27T12:35:57.227+0000] {dag.py:2726} INFO - Sync 1 DAGs
[2023-07-27T12:35:57.325+0000] {logging_mixin.py:149} INFO - [2023-07-27T12:35:57.325+0000] {dag.py:3490} INFO - Setting next_dagrun for example_params_ui_tutorial to None, run_after=None
[2023-07-27T12:35:57.417+0000] {processor.py:179} INFO - Processing /home/airflow/.local/lib/python3.7/site-packages/airflow/example_dags/example_params_ui_tutorial.py took 0.731 seconds
[2023-07-27T12:36:27.617+0000] {processor.py:157} INFO - Started process (PID=1945) to work on /home/airflow/.local/lib/python3.7/site-packages/airflow/example_dags/example_params_ui_tutorial.py
[2023-07-27T12:36:27.621+0000] {processor.py:826} INFO - Processing file /home/airflow/.local/lib/python3.7/site-packages/airflow/example_dags/example_params_ui_tutorial.py for tasks to queue
[2023-07-27T12:36:27.627+0000] {logging_mixin.py:149} INFO - [2023-07-27T12:36:27.626+0000] {dagbag.py:541} INFO - Filling up the DagBag from /home/airflow/.local/lib/python3.7/site-packages/airflow/example_dags/example_params_ui_tutorial.py
[2023-07-27T12:36:27.745+0000] {processor.py:836} INFO - DAG(s) dict_keys(['example_params_ui_tutorial']) retrieved from /home/airflow/.local/lib/python3.7/site-packages/airflow/example_dags/example_params_ui_tutorial.py
[2023-07-27T12:36:27.903+0000] {logging_mixin.py:149} INFO - [2023-07-27T12:36:27.903+0000] {dag.py:2726} INFO - Sync 1 DAGs
[2023-07-27T12:36:27.963+0000] {logging_mixin.py:149} INFO - [2023-07-27T12:36:27.963+0000] {dag.py:3490} INFO - Setting next_dagrun for example_params_ui_tutorial to None, run_after=None
[2023-07-27T12:36:28.014+0000] {processor.py:179} INFO - Processing /home/airflow/.local/lib/python3.7/site-packages/airflow/example_dags/example_params_ui_tutorial.py took 0.410 seconds
[2023-07-27T12:36:58.215+0000] {processor.py:157} INFO - Started process (PID=2002) to work on /home/airflow/.local/lib/python3.7/site-packages/airflow/example_dags/example_params_ui_tutorial.py
[2023-07-27T12:36:58.220+0000] {processor.py:826} INFO - Processing file /home/airflow/.local/lib/python3.7/site-packages/airflow/example_dags/example_params_ui_tutorial.py for tasks to queue
[2023-07-27T12:36:58.223+0000] {logging_mixin.py:149} INFO - [2023-07-27T12:36:58.223+0000] {dagbag.py:541} INFO - Filling up the DagBag from /home/airflow/.local/lib/python3.7/site-packages/airflow/example_dags/example_params_ui_tutorial.py
[2023-07-27T12:36:58.358+0000] {processor.py:836} INFO - DAG(s) dict_keys(['example_params_ui_tutorial']) retrieved from /home/airflow/.local/lib/python3.7/site-packages/airflow/example_dags/example_params_ui_tutorial.py
[2023-07-27T12:36:58.540+0000] {logging_mixin.py:149} INFO - [2023-07-27T12:36:58.540+0000] {dag.py:2726} INFO - Sync 1 DAGs
[2023-07-27T12:36:58.602+0000] {logging_mixin.py:149} INFO - [2023-07-27T12:36:58.602+0000] {dag.py:3490} INFO - Setting next_dagrun for example_params_ui_tutorial to None, run_after=None
[2023-07-27T12:36:58.673+0000] {processor.py:179} INFO - Processing /home/airflow/.local/lib/python3.7/site-packages/airflow/example_dags/example_params_ui_tutorial.py took 0.465 seconds
[2023-07-27T12:37:28.973+0000] {processor.py:157} INFO - Started process (PID=2060) to work on /home/airflow/.local/lib/python3.7/site-packages/airflow/example_dags/example_params_ui_tutorial.py
[2023-07-27T12:37:28.977+0000] {processor.py:826} INFO - Processing file /home/airflow/.local/lib/python3.7/site-packages/airflow/example_dags/example_params_ui_tutorial.py for tasks to queue
[2023-07-27T12:37:28.981+0000] {logging_mixin.py:149} INFO - [2023-07-27T12:37:28.981+0000] {dagbag.py:541} INFO - Filling up the DagBag from /home/airflow/.local/lib/python3.7/site-packages/airflow/example_dags/example_params_ui_tutorial.py
[2023-07-27T12:37:29.053+0000] {processor.py:836} INFO - DAG(s) dict_keys(['example_params_ui_tutorial']) retrieved from /home/airflow/.local/lib/python3.7/site-packages/airflow/example_dags/example_params_ui_tutorial.py
[2023-07-27T12:37:29.179+0000] {logging_mixin.py:149} INFO - [2023-07-27T12:37:29.179+0000] {dag.py:2726} INFO - Sync 1 DAGs
[2023-07-27T12:37:29.231+0000] {logging_mixin.py:149} INFO - [2023-07-27T12:37:29.231+0000] {dag.py:3490} INFO - Setting next_dagrun for example_params_ui_tutorial to None, run_after=None
[2023-07-27T12:37:29.276+0000] {processor.py:179} INFO - Processing /home/airflow/.local/lib/python3.7/site-packages/airflow/example_dags/example_params_ui_tutorial.py took 0.310 seconds
[2023-07-27T12:37:59.444+0000] {processor.py:157} INFO - Started process (PID=2118) to work on /home/airflow/.local/lib/python3.7/site-packages/airflow/example_dags/example_params_ui_tutorial.py
[2023-07-27T12:37:59.460+0000] {processor.py:826} INFO - Processing file /home/airflow/.local/lib/python3.7/site-packages/airflow/example_dags/example_params_ui_tutorial.py for tasks to queue
[2023-07-27T12:37:59.465+0000] {logging_mixin.py:149} INFO - [2023-07-27T12:37:59.464+0000] {dagbag.py:541} INFO - Filling up the DagBag from /home/airflow/.local/lib/python3.7/site-packages/airflow/example_dags/example_params_ui_tutorial.py
[2023-07-27T12:37:59.646+0000] {processor.py:836} INFO - DAG(s) dict_keys(['example_params_ui_tutorial']) retrieved from /home/airflow/.local/lib/python3.7/site-packages/airflow/example_dags/example_params_ui_tutorial.py
[2023-07-27T12:37:59.847+0000] {logging_mixin.py:149} INFO - [2023-07-27T12:37:59.847+0000] {dag.py:2726} INFO - Sync 1 DAGs
[2023-07-27T12:37:59.905+0000] {logging_mixin.py:149} INFO - [2023-07-27T12:37:59.904+0000] {dag.py:3490} INFO - Setting next_dagrun for example_params_ui_tutorial to None, run_after=None
[2023-07-27T12:37:59.950+0000] {processor.py:179} INFO - Processing /home/airflow/.local/lib/python3.7/site-packages/airflow/example_dags/example_params_ui_tutorial.py took 0.550 seconds
[2023-07-27T12:38:30.475+0000] {processor.py:157} INFO - Started process (PID=2176) to work on /home/airflow/.local/lib/python3.7/site-packages/airflow/example_dags/example_params_ui_tutorial.py
[2023-07-27T12:38:30.479+0000] {processor.py:826} INFO - Processing file /home/airflow/.local/lib/python3.7/site-packages/airflow/example_dags/example_params_ui_tutorial.py for tasks to queue
[2023-07-27T12:38:30.482+0000] {logging_mixin.py:149} INFO - [2023-07-27T12:38:30.481+0000] {dagbag.py:541} INFO - Filling up the DagBag from /home/airflow/.local/lib/python3.7/site-packages/airflow/example_dags/example_params_ui_tutorial.py
[2023-07-27T12:38:30.677+0000] {processor.py:836} INFO - DAG(s) dict_keys(['example_params_ui_tutorial']) retrieved from /home/airflow/.local/lib/python3.7/site-packages/airflow/example_dags/example_params_ui_tutorial.py
[2023-07-27T12:38:30.904+0000] {logging_mixin.py:149} INFO - [2023-07-27T12:38:30.903+0000] {dag.py:2726} INFO - Sync 1 DAGs
[2023-07-27T12:38:31.009+0000] {logging_mixin.py:149} INFO - [2023-07-27T12:38:31.009+0000] {dag.py:3490} INFO - Setting next_dagrun for example_params_ui_tutorial to None, run_after=None
[2023-07-27T12:38:31.078+0000] {processor.py:179} INFO - Processing /home/airflow/.local/lib/python3.7/site-packages/airflow/example_dags/example_params_ui_tutorial.py took 0.620 seconds
[2023-07-27T12:39:01.646+0000] {processor.py:157} INFO - Started process (PID=2235) to work on /home/airflow/.local/lib/python3.7/site-packages/airflow/example_dags/example_params_ui_tutorial.py
[2023-07-27T12:39:01.666+0000] {processor.py:826} INFO - Processing file /home/airflow/.local/lib/python3.7/site-packages/airflow/example_dags/example_params_ui_tutorial.py for tasks to queue
[2023-07-27T12:39:01.681+0000] {logging_mixin.py:149} INFO - [2023-07-27T12:39:01.681+0000] {dagbag.py:541} INFO - Filling up the DagBag from /home/airflow/.local/lib/python3.7/site-packages/airflow/example_dags/example_params_ui_tutorial.py
[2023-07-27T12:39:01.902+0000] {processor.py:836} INFO - DAG(s) dict_keys(['example_params_ui_tutorial']) retrieved from /home/airflow/.local/lib/python3.7/site-packages/airflow/example_dags/example_params_ui_tutorial.py
[2023-07-27T12:39:02.158+0000] {logging_mixin.py:149} INFO - [2023-07-27T12:39:02.157+0000] {dag.py:2726} INFO - Sync 1 DAGs
[2023-07-27T12:39:02.243+0000] {logging_mixin.py:149} INFO - [2023-07-27T12:39:02.242+0000] {dag.py:3490} INFO - Setting next_dagrun for example_params_ui_tutorial to None, run_after=None
[2023-07-27T12:39:02.304+0000] {processor.py:179} INFO - Processing /home/airflow/.local/lib/python3.7/site-packages/airflow/example_dags/example_params_ui_tutorial.py took 0.665 seconds
