[2023-07-27T12:26:08.736+0000] {processor.py:157} INFO - Started process (PID=847) to work on /home/airflow/.local/lib/python3.7/site-packages/airflow/example_dags/example_latest_only.py
[2023-07-27T12:26:08.739+0000] {processor.py:826} INFO - Processing file /home/airflow/.local/lib/python3.7/site-packages/airflow/example_dags/example_latest_only.py for tasks to queue
[2023-07-27T12:26:08.751+0000] {logging_mixin.py:149} INFO - [2023-07-27T12:26:08.749+0000] {dagbag.py:541} INFO - Filling up the DagBag from /home/airflow/.local/lib/python3.7/site-packages/airflow/example_dags/example_latest_only.py
[2023-07-27T12:26:08.779+0000] {processor.py:836} INFO - DAG(s) dict_keys(['latest_only']) retrieved from /home/airflow/.local/lib/python3.7/site-packages/airflow/example_dags/example_latest_only.py
[2023-07-27T12:26:08.849+0000] {logging_mixin.py:149} INFO - [2023-07-27T12:26:08.848+0000] {dag.py:2726} INFO - Sync 1 DAGs
[2023-07-27T12:26:09.007+0000] {logging_mixin.py:149} INFO - [2023-07-27T12:26:09.007+0000] {dag.py:3490} INFO - Setting next_dagrun for latest_only to 2023-07-27T08:26:09.006850+00:00, run_after=2023-07-27T12:26:09.006850+00:00
[2023-07-27T12:26:09.129+0000] {processor.py:179} INFO - Processing /home/airflow/.local/lib/python3.7/site-packages/airflow/example_dags/example_latest_only.py took 0.405 seconds
[2023-07-27T12:26:50.849+0000] {processor.py:157} INFO - Started process (PID=905) to work on /home/airflow/.local/lib/python3.7/site-packages/airflow/example_dags/example_latest_only.py
[2023-07-27T12:26:50.876+0000] {processor.py:826} INFO - Processing file /home/airflow/.local/lib/python3.7/site-packages/airflow/example_dags/example_latest_only.py for tasks to queue
[2023-07-27T12:26:50.881+0000] {logging_mixin.py:149} INFO - [2023-07-27T12:26:50.881+0000] {dagbag.py:541} INFO - Filling up the DagBag from /home/airflow/.local/lib/python3.7/site-packages/airflow/example_dags/example_latest_only.py
[2023-07-27T12:26:50.911+0000] {processor.py:836} INFO - DAG(s) dict_keys(['latest_only']) retrieved from /home/airflow/.local/lib/python3.7/site-packages/airflow/example_dags/example_latest_only.py
[2023-07-27T12:26:51.058+0000] {logging_mixin.py:149} INFO - [2023-07-27T12:26:51.058+0000] {dag.py:2726} INFO - Sync 1 DAGs
[2023-07-27T12:26:51.197+0000] {logging_mixin.py:149} INFO - [2023-07-27T12:26:51.196+0000] {dag.py:3490} INFO - Setting next_dagrun for latest_only to 2023-07-27T08:26:51.196492+00:00, run_after=2023-07-27T12:26:51.196492+00:00
[2023-07-27T12:26:51.312+0000] {processor.py:179} INFO - Processing /home/airflow/.local/lib/python3.7/site-packages/airflow/example_dags/example_latest_only.py took 0.495 seconds
[2023-07-27T12:27:30.815+0000] {processor.py:157} INFO - Started process (PID=969) to work on /home/airflow/.local/lib/python3.7/site-packages/airflow/example_dags/example_latest_only.py
[2023-07-27T12:27:30.819+0000] {processor.py:826} INFO - Processing file /home/airflow/.local/lib/python3.7/site-packages/airflow/example_dags/example_latest_only.py for tasks to queue
[2023-07-27T12:27:30.823+0000] {logging_mixin.py:149} INFO - [2023-07-27T12:27:30.823+0000] {dagbag.py:541} INFO - Filling up the DagBag from /home/airflow/.local/lib/python3.7/site-packages/airflow/example_dags/example_latest_only.py
[2023-07-27T12:27:30.840+0000] {processor.py:836} INFO - DAG(s) dict_keys(['latest_only']) retrieved from /home/airflow/.local/lib/python3.7/site-packages/airflow/example_dags/example_latest_only.py
[2023-07-27T12:27:30.888+0000] {logging_mixin.py:149} INFO - [2023-07-27T12:27:30.888+0000] {dag.py:2726} INFO - Sync 1 DAGs
[2023-07-27T12:27:30.963+0000] {logging_mixin.py:149} INFO - [2023-07-27T12:27:30.963+0000] {dag.py:3490} INFO - Setting next_dagrun for latest_only to 2023-07-27T08:27:30.962506+00:00, run_after=2023-07-27T12:27:30.962506+00:00
[2023-07-27T12:27:31.032+0000] {processor.py:179} INFO - Processing /home/airflow/.local/lib/python3.7/site-packages/airflow/example_dags/example_latest_only.py took 0.227 seconds
[2023-07-27T12:28:06.724+0000] {processor.py:157} INFO - Started process (PID=1027) to work on /home/airflow/.local/lib/python3.7/site-packages/airflow/example_dags/example_latest_only.py
[2023-07-27T12:28:06.729+0000] {processor.py:826} INFO - Processing file /home/airflow/.local/lib/python3.7/site-packages/airflow/example_dags/example_latest_only.py for tasks to queue
[2023-07-27T12:28:06.735+0000] {logging_mixin.py:149} INFO - [2023-07-27T12:28:06.735+0000] {dagbag.py:541} INFO - Filling up the DagBag from /home/airflow/.local/lib/python3.7/site-packages/airflow/example_dags/example_latest_only.py
[2023-07-27T12:28:06.755+0000] {processor.py:836} INFO - DAG(s) dict_keys(['latest_only']) retrieved from /home/airflow/.local/lib/python3.7/site-packages/airflow/example_dags/example_latest_only.py
[2023-07-27T12:28:06.827+0000] {logging_mixin.py:149} INFO - [2023-07-27T12:28:06.827+0000] {dag.py:2726} INFO - Sync 1 DAGs
[2023-07-27T12:28:06.883+0000] {logging_mixin.py:149} INFO - [2023-07-27T12:28:06.883+0000] {dag.py:3490} INFO - Setting next_dagrun for latest_only to 2023-07-27T08:28:06.882614+00:00, run_after=2023-07-27T12:28:06.882614+00:00
[2023-07-27T12:28:06.939+0000] {processor.py:179} INFO - Processing /home/airflow/.local/lib/python3.7/site-packages/airflow/example_dags/example_latest_only.py took 0.231 seconds
[2023-07-27T12:28:39.372+0000] {processor.py:157} INFO - Started process (PID=1084) to work on /home/airflow/.local/lib/python3.7/site-packages/airflow/example_dags/example_latest_only.py
[2023-07-27T12:28:39.377+0000] {processor.py:826} INFO - Processing file /home/airflow/.local/lib/python3.7/site-packages/airflow/example_dags/example_latest_only.py for tasks to queue
[2023-07-27T12:28:39.386+0000] {logging_mixin.py:149} INFO - [2023-07-27T12:28:39.384+0000] {dagbag.py:541} INFO - Filling up the DagBag from /home/airflow/.local/lib/python3.7/site-packages/airflow/example_dags/example_latest_only.py
[2023-07-27T12:28:39.488+0000] {processor.py:836} INFO - DAG(s) dict_keys(['latest_only']) retrieved from /home/airflow/.local/lib/python3.7/site-packages/airflow/example_dags/example_latest_only.py
[2023-07-27T12:28:39.681+0000] {logging_mixin.py:149} INFO - [2023-07-27T12:28:39.681+0000] {dag.py:2726} INFO - Sync 1 DAGs
[2023-07-27T12:28:39.849+0000] {logging_mixin.py:149} INFO - [2023-07-27T12:28:39.849+0000] {dag.py:3490} INFO - Setting next_dagrun for latest_only to 2023-07-27T08:28:39.848959+00:00, run_after=2023-07-27T12:28:39.848959+00:00
[2023-07-27T12:28:40.090+0000] {processor.py:179} INFO - Processing /home/airflow/.local/lib/python3.7/site-packages/airflow/example_dags/example_latest_only.py took 0.735 seconds
[2023-07-27T12:29:10.826+0000] {processor.py:157} INFO - Started process (PID=1149) to work on /home/airflow/.local/lib/python3.7/site-packages/airflow/example_dags/example_latest_only.py
[2023-07-27T12:29:10.836+0000] {processor.py:826} INFO - Processing file /home/airflow/.local/lib/python3.7/site-packages/airflow/example_dags/example_latest_only.py for tasks to queue
[2023-07-27T12:29:10.844+0000] {logging_mixin.py:149} INFO - [2023-07-27T12:29:10.844+0000] {dagbag.py:541} INFO - Filling up the DagBag from /home/airflow/.local/lib/python3.7/site-packages/airflow/example_dags/example_latest_only.py
[2023-07-27T12:29:10.885+0000] {processor.py:836} INFO - DAG(s) dict_keys(['latest_only']) retrieved from /home/airflow/.local/lib/python3.7/site-packages/airflow/example_dags/example_latest_only.py
[2023-07-27T12:29:11.506+0000] {logging_mixin.py:149} INFO - [2023-07-27T12:29:11.506+0000] {dag.py:2726} INFO - Sync 1 DAGs
[2023-07-27T12:29:11.646+0000] {logging_mixin.py:149} INFO - [2023-07-27T12:29:11.645+0000] {dag.py:3490} INFO - Setting next_dagrun for latest_only to 2023-07-27T08:29:11.643846+00:00, run_after=2023-07-27T12:29:11.643846+00:00
[2023-07-27T12:29:11.808+0000] {processor.py:179} INFO - Processing /home/airflow/.local/lib/python3.7/site-packages/airflow/example_dags/example_latest_only.py took 0.999 seconds
[2023-07-27T12:29:42.565+0000] {processor.py:157} INFO - Started process (PID=1206) to work on /home/airflow/.local/lib/python3.7/site-packages/airflow/example_dags/example_latest_only.py
[2023-07-27T12:29:42.580+0000] {processor.py:826} INFO - Processing file /home/airflow/.local/lib/python3.7/site-packages/airflow/example_dags/example_latest_only.py for tasks to queue
[2023-07-27T12:29:42.589+0000] {logging_mixin.py:149} INFO - [2023-07-27T12:29:42.589+0000] {dagbag.py:541} INFO - Filling up the DagBag from /home/airflow/.local/lib/python3.7/site-packages/airflow/example_dags/example_latest_only.py
[2023-07-27T12:29:42.710+0000] {processor.py:836} INFO - DAG(s) dict_keys(['latest_only']) retrieved from /home/airflow/.local/lib/python3.7/site-packages/airflow/example_dags/example_latest_only.py
[2023-07-27T12:29:43.060+0000] {logging_mixin.py:149} INFO - [2023-07-27T12:29:43.060+0000] {dag.py:2726} INFO - Sync 1 DAGs
[2023-07-27T12:29:43.234+0000] {logging_mixin.py:149} INFO - [2023-07-27T12:29:43.233+0000] {dag.py:3490} INFO - Setting next_dagrun for latest_only to 2023-07-27T08:29:43.232175+00:00, run_after=2023-07-27T12:29:43.232175+00:00
[2023-07-27T12:29:43.294+0000] {processor.py:179} INFO - Processing /home/airflow/.local/lib/python3.7/site-packages/airflow/example_dags/example_latest_only.py took 0.753 seconds
[2023-07-27T12:30:13.883+0000] {processor.py:157} INFO - Started process (PID=1261) to work on /home/airflow/.local/lib/python3.7/site-packages/airflow/example_dags/example_latest_only.py
[2023-07-27T12:30:13.890+0000] {processor.py:826} INFO - Processing file /home/airflow/.local/lib/python3.7/site-packages/airflow/example_dags/example_latest_only.py for tasks to queue
[2023-07-27T12:30:13.894+0000] {logging_mixin.py:149} INFO - [2023-07-27T12:30:13.893+0000] {dagbag.py:541} INFO - Filling up the DagBag from /home/airflow/.local/lib/python3.7/site-packages/airflow/example_dags/example_latest_only.py
[2023-07-27T12:30:13.956+0000] {processor.py:836} INFO - DAG(s) dict_keys(['latest_only']) retrieved from /home/airflow/.local/lib/python3.7/site-packages/airflow/example_dags/example_latest_only.py
[2023-07-27T12:30:14.187+0000] {logging_mixin.py:149} INFO - [2023-07-27T12:30:14.187+0000] {dag.py:2726} INFO - Sync 1 DAGs
[2023-07-27T12:30:14.388+0000] {logging_mixin.py:149} INFO - [2023-07-27T12:30:14.388+0000] {dag.py:3490} INFO - Setting next_dagrun for latest_only to 2023-07-27T08:30:14.386940+00:00, run_after=2023-07-27T12:30:14.386940+00:00
[2023-07-27T12:30:14.503+0000] {processor.py:179} INFO - Processing /home/airflow/.local/lib/python3.7/site-packages/airflow/example_dags/example_latest_only.py took 0.667 seconds
[2023-07-27T12:30:44.902+0000] {processor.py:157} INFO - Started process (PID=1318) to work on /home/airflow/.local/lib/python3.7/site-packages/airflow/example_dags/example_latest_only.py
[2023-07-27T12:30:44.907+0000] {processor.py:826} INFO - Processing file /home/airflow/.local/lib/python3.7/site-packages/airflow/example_dags/example_latest_only.py for tasks to queue
[2023-07-27T12:30:44.910+0000] {logging_mixin.py:149} INFO - [2023-07-27T12:30:44.910+0000] {dagbag.py:541} INFO - Filling up the DagBag from /home/airflow/.local/lib/python3.7/site-packages/airflow/example_dags/example_latest_only.py
[2023-07-27T12:30:44.959+0000] {processor.py:836} INFO - DAG(s) dict_keys(['latest_only']) retrieved from /home/airflow/.local/lib/python3.7/site-packages/airflow/example_dags/example_latest_only.py
[2023-07-27T12:30:45.193+0000] {logging_mixin.py:149} INFO - [2023-07-27T12:30:45.193+0000] {dag.py:2726} INFO - Sync 1 DAGs
[2023-07-27T12:30:46.361+0000] {logging_mixin.py:149} INFO - [2023-07-27T12:30:46.361+0000] {dag.py:3490} INFO - Setting next_dagrun for latest_only to 2023-07-27T08:30:46.360992+00:00, run_after=2023-07-27T12:30:46.360992+00:00
[2023-07-27T12:30:46.526+0000] {processor.py:179} INFO - Processing /home/airflow/.local/lib/python3.7/site-packages/airflow/example_dags/example_latest_only.py took 1.660 seconds
[2023-07-27T12:31:17.565+0000] {processor.py:157} INFO - Started process (PID=1377) to work on /home/airflow/.local/lib/python3.7/site-packages/airflow/example_dags/example_latest_only.py
[2023-07-27T12:31:17.576+0000] {processor.py:826} INFO - Processing file /home/airflow/.local/lib/python3.7/site-packages/airflow/example_dags/example_latest_only.py for tasks to queue
[2023-07-27T12:31:17.592+0000] {logging_mixin.py:149} INFO - [2023-07-27T12:31:17.592+0000] {dagbag.py:541} INFO - Filling up the DagBag from /home/airflow/.local/lib/python3.7/site-packages/airflow/example_dags/example_latest_only.py
[2023-07-27T12:31:17.620+0000] {processor.py:836} INFO - DAG(s) dict_keys(['latest_only']) retrieved from /home/airflow/.local/lib/python3.7/site-packages/airflow/example_dags/example_latest_only.py
[2023-07-27T12:31:17.687+0000] {logging_mixin.py:149} INFO - [2023-07-27T12:31:17.686+0000] {dag.py:2726} INFO - Sync 1 DAGs
[2023-07-27T12:31:17.739+0000] {logging_mixin.py:149} INFO - [2023-07-27T12:31:17.739+0000] {dag.py:3490} INFO - Setting next_dagrun for latest_only to 2023-07-27T08:31:17.738622+00:00, run_after=2023-07-27T12:31:17.738622+00:00
[2023-07-27T12:31:17.787+0000] {processor.py:179} INFO - Processing /home/airflow/.local/lib/python3.7/site-packages/airflow/example_dags/example_latest_only.py took 0.246 seconds
[2023-07-27T12:31:48.261+0000] {processor.py:157} INFO - Started process (PID=1435) to work on /home/airflow/.local/lib/python3.7/site-packages/airflow/example_dags/example_latest_only.py
[2023-07-27T12:31:48.276+0000] {processor.py:826} INFO - Processing file /home/airflow/.local/lib/python3.7/site-packages/airflow/example_dags/example_latest_only.py for tasks to queue
[2023-07-27T12:31:48.281+0000] {logging_mixin.py:149} INFO - [2023-07-27T12:31:48.280+0000] {dagbag.py:541} INFO - Filling up the DagBag from /home/airflow/.local/lib/python3.7/site-packages/airflow/example_dags/example_latest_only.py
[2023-07-27T12:31:48.355+0000] {processor.py:836} INFO - DAG(s) dict_keys(['latest_only']) retrieved from /home/airflow/.local/lib/python3.7/site-packages/airflow/example_dags/example_latest_only.py
[2023-07-27T12:31:48.553+0000] {logging_mixin.py:149} INFO - [2023-07-27T12:31:48.553+0000] {dag.py:2726} INFO - Sync 1 DAGs
[2023-07-27T12:31:48.834+0000] {logging_mixin.py:149} INFO - [2023-07-27T12:31:48.834+0000] {dag.py:3490} INFO - Setting next_dagrun for latest_only to 2023-07-27T08:31:48.824760+00:00, run_after=2023-07-27T12:31:48.824760+00:00
[2023-07-27T12:31:49.087+0000] {processor.py:179} INFO - Processing /home/airflow/.local/lib/python3.7/site-packages/airflow/example_dags/example_latest_only.py took 0.853 seconds
[2023-07-27T12:32:19.562+0000] {processor.py:157} INFO - Started process (PID=1493) to work on /home/airflow/.local/lib/python3.7/site-packages/airflow/example_dags/example_latest_only.py
[2023-07-27T12:32:19.572+0000] {processor.py:826} INFO - Processing file /home/airflow/.local/lib/python3.7/site-packages/airflow/example_dags/example_latest_only.py for tasks to queue
[2023-07-27T12:32:19.575+0000] {logging_mixin.py:149} INFO - [2023-07-27T12:32:19.574+0000] {dagbag.py:541} INFO - Filling up the DagBag from /home/airflow/.local/lib/python3.7/site-packages/airflow/example_dags/example_latest_only.py
[2023-07-27T12:32:19.597+0000] {processor.py:836} INFO - DAG(s) dict_keys(['latest_only']) retrieved from /home/airflow/.local/lib/python3.7/site-packages/airflow/example_dags/example_latest_only.py
[2023-07-27T12:32:19.689+0000] {logging_mixin.py:149} INFO - [2023-07-27T12:32:19.689+0000] {dag.py:2726} INFO - Sync 1 DAGs
[2023-07-27T12:32:19.812+0000] {logging_mixin.py:149} INFO - [2023-07-27T12:32:19.812+0000] {dag.py:3490} INFO - Setting next_dagrun for latest_only to 2023-07-27T08:32:19.811696+00:00, run_after=2023-07-27T12:32:19.811696+00:00
[2023-07-27T12:32:19.931+0000] {processor.py:179} INFO - Processing /home/airflow/.local/lib/python3.7/site-packages/airflow/example_dags/example_latest_only.py took 0.385 seconds
[2023-07-27T12:32:50.934+0000] {processor.py:157} INFO - Started process (PID=1551) to work on /home/airflow/.local/lib/python3.7/site-packages/airflow/example_dags/example_latest_only.py
[2023-07-27T12:32:50.938+0000] {processor.py:826} INFO - Processing file /home/airflow/.local/lib/python3.7/site-packages/airflow/example_dags/example_latest_only.py for tasks to queue
[2023-07-27T12:32:50.942+0000] {logging_mixin.py:149} INFO - [2023-07-27T12:32:50.941+0000] {dagbag.py:541} INFO - Filling up the DagBag from /home/airflow/.local/lib/python3.7/site-packages/airflow/example_dags/example_latest_only.py
[2023-07-27T12:32:50.968+0000] {processor.py:836} INFO - DAG(s) dict_keys(['latest_only']) retrieved from /home/airflow/.local/lib/python3.7/site-packages/airflow/example_dags/example_latest_only.py
[2023-07-27T12:32:51.056+0000] {logging_mixin.py:149} INFO - [2023-07-27T12:32:51.056+0000] {dag.py:2726} INFO - Sync 1 DAGs
[2023-07-27T12:32:51.126+0000] {logging_mixin.py:149} INFO - [2023-07-27T12:32:51.126+0000] {dag.py:3490} INFO - Setting next_dagrun for latest_only to 2023-07-27T08:32:51.125840+00:00, run_after=2023-07-27T12:32:51.125840+00:00
[2023-07-27T12:32:51.170+0000] {processor.py:179} INFO - Processing /home/airflow/.local/lib/python3.7/site-packages/airflow/example_dags/example_latest_only.py took 0.241 seconds
[2023-07-27T12:33:21.536+0000] {processor.py:157} INFO - Started process (PID=1609) to work on /home/airflow/.local/lib/python3.7/site-packages/airflow/example_dags/example_latest_only.py
[2023-07-27T12:33:21.545+0000] {processor.py:826} INFO - Processing file /home/airflow/.local/lib/python3.7/site-packages/airflow/example_dags/example_latest_only.py for tasks to queue
[2023-07-27T12:33:21.577+0000] {logging_mixin.py:149} INFO - [2023-07-27T12:33:21.561+0000] {dagbag.py:541} INFO - Filling up the DagBag from /home/airflow/.local/lib/python3.7/site-packages/airflow/example_dags/example_latest_only.py
[2023-07-27T12:33:21.696+0000] {processor.py:836} INFO - DAG(s) dict_keys(['latest_only']) retrieved from /home/airflow/.local/lib/python3.7/site-packages/airflow/example_dags/example_latest_only.py
[2023-07-27T12:33:21.989+0000] {logging_mixin.py:149} INFO - [2023-07-27T12:33:21.986+0000] {dag.py:2726} INFO - Sync 1 DAGs
[2023-07-27T12:33:22.231+0000] {logging_mixin.py:149} INFO - [2023-07-27T12:33:22.231+0000] {dag.py:3490} INFO - Setting next_dagrun for latest_only to 2023-07-27T08:33:22.230474+00:00, run_after=2023-07-27T12:33:22.230474+00:00
[2023-07-27T12:33:22.299+0000] {processor.py:179} INFO - Processing /home/airflow/.local/lib/python3.7/site-packages/airflow/example_dags/example_latest_only.py took 0.802 seconds
[2023-07-27T12:33:52.744+0000] {processor.py:157} INFO - Started process (PID=1667) to work on /home/airflow/.local/lib/python3.7/site-packages/airflow/example_dags/example_latest_only.py
[2023-07-27T12:33:52.749+0000] {processor.py:826} INFO - Processing file /home/airflow/.local/lib/python3.7/site-packages/airflow/example_dags/example_latest_only.py for tasks to queue
[2023-07-27T12:33:52.752+0000] {logging_mixin.py:149} INFO - [2023-07-27T12:33:52.752+0000] {dagbag.py:541} INFO - Filling up the DagBag from /home/airflow/.local/lib/python3.7/site-packages/airflow/example_dags/example_latest_only.py
[2023-07-27T12:33:52.767+0000] {processor.py:836} INFO - DAG(s) dict_keys(['latest_only']) retrieved from /home/airflow/.local/lib/python3.7/site-packages/airflow/example_dags/example_latest_only.py
[2023-07-27T12:33:52.850+0000] {logging_mixin.py:149} INFO - [2023-07-27T12:33:52.850+0000] {dag.py:2726} INFO - Sync 1 DAGs
[2023-07-27T12:33:52.947+0000] {logging_mixin.py:149} INFO - [2023-07-27T12:33:52.945+0000] {dag.py:3490} INFO - Setting next_dagrun for latest_only to 2023-07-27T08:33:52.944884+00:00, run_after=2023-07-27T12:33:52.944884+00:00
[2023-07-27T12:33:53.018+0000] {processor.py:179} INFO - Processing /home/airflow/.local/lib/python3.7/site-packages/airflow/example_dags/example_latest_only.py took 0.281 seconds
[2023-07-27T12:34:23.313+0000] {processor.py:157} INFO - Started process (PID=1726) to work on /home/airflow/.local/lib/python3.7/site-packages/airflow/example_dags/example_latest_only.py
[2023-07-27T12:34:23.319+0000] {processor.py:826} INFO - Processing file /home/airflow/.local/lib/python3.7/site-packages/airflow/example_dags/example_latest_only.py for tasks to queue
[2023-07-27T12:34:23.325+0000] {logging_mixin.py:149} INFO - [2023-07-27T12:34:23.324+0000] {dagbag.py:541} INFO - Filling up the DagBag from /home/airflow/.local/lib/python3.7/site-packages/airflow/example_dags/example_latest_only.py
[2023-07-27T12:34:23.341+0000] {processor.py:836} INFO - DAG(s) dict_keys(['latest_only']) retrieved from /home/airflow/.local/lib/python3.7/site-packages/airflow/example_dags/example_latest_only.py
[2023-07-27T12:34:23.395+0000] {logging_mixin.py:149} INFO - [2023-07-27T12:34:23.394+0000] {dag.py:2726} INFO - Sync 1 DAGs
[2023-07-27T12:34:23.452+0000] {logging_mixin.py:149} INFO - [2023-07-27T12:34:23.451+0000] {dag.py:3490} INFO - Setting next_dagrun for latest_only to 2023-07-27T08:34:23.451311+00:00, run_after=2023-07-27T12:34:23.451311+00:00
[2023-07-27T12:34:23.507+0000] {processor.py:179} INFO - Processing /home/airflow/.local/lib/python3.7/site-packages/airflow/example_dags/example_latest_only.py took 0.215 seconds
[2023-07-27T12:34:53.756+0000] {processor.py:157} INFO - Started process (PID=1784) to work on /home/airflow/.local/lib/python3.7/site-packages/airflow/example_dags/example_latest_only.py
[2023-07-27T12:34:53.769+0000] {processor.py:826} INFO - Processing file /home/airflow/.local/lib/python3.7/site-packages/airflow/example_dags/example_latest_only.py for tasks to queue
[2023-07-27T12:34:53.774+0000] {logging_mixin.py:149} INFO - [2023-07-27T12:34:53.773+0000] {dagbag.py:541} INFO - Filling up the DagBag from /home/airflow/.local/lib/python3.7/site-packages/airflow/example_dags/example_latest_only.py
[2023-07-27T12:34:53.798+0000] {processor.py:836} INFO - DAG(s) dict_keys(['latest_only']) retrieved from /home/airflow/.local/lib/python3.7/site-packages/airflow/example_dags/example_latest_only.py
[2023-07-27T12:34:53.957+0000] {logging_mixin.py:149} INFO - [2023-07-27T12:34:53.954+0000] {dag.py:2726} INFO - Sync 1 DAGs
[2023-07-27T12:34:54.105+0000] {logging_mixin.py:149} INFO - [2023-07-27T12:34:54.105+0000] {dag.py:3490} INFO - Setting next_dagrun for latest_only to 2023-07-27T08:34:54.103768+00:00, run_after=2023-07-27T12:34:54.103768+00:00
[2023-07-27T12:34:54.187+0000] {processor.py:179} INFO - Processing /home/airflow/.local/lib/python3.7/site-packages/airflow/example_dags/example_latest_only.py took 0.447 seconds
[2023-07-27T12:35:25.755+0000] {processor.py:157} INFO - Started process (PID=1835) to work on /home/airflow/.local/lib/python3.7/site-packages/airflow/example_dags/example_latest_only.py
[2023-07-27T12:35:25.760+0000] {processor.py:826} INFO - Processing file /home/airflow/.local/lib/python3.7/site-packages/airflow/example_dags/example_latest_only.py for tasks to queue
[2023-07-27T12:35:25.764+0000] {logging_mixin.py:149} INFO - [2023-07-27T12:35:25.764+0000] {dagbag.py:541} INFO - Filling up the DagBag from /home/airflow/.local/lib/python3.7/site-packages/airflow/example_dags/example_latest_only.py
[2023-07-27T12:35:25.780+0000] {processor.py:836} INFO - DAG(s) dict_keys(['latest_only']) retrieved from /home/airflow/.local/lib/python3.7/site-packages/airflow/example_dags/example_latest_only.py
[2023-07-27T12:35:25.842+0000] {logging_mixin.py:149} INFO - [2023-07-27T12:35:25.842+0000] {dag.py:2726} INFO - Sync 1 DAGs
[2023-07-27T12:35:25.941+0000] {logging_mixin.py:149} INFO - [2023-07-27T12:35:25.940+0000] {dag.py:3490} INFO - Setting next_dagrun for latest_only to 2023-07-27T08:35:25.940532+00:00, run_after=2023-07-27T12:35:25.940532+00:00
[2023-07-27T12:35:25.990+0000] {processor.py:179} INFO - Processing /home/airflow/.local/lib/python3.7/site-packages/airflow/example_dags/example_latest_only.py took 0.247 seconds
[2023-07-27T12:35:57.974+0000] {processor.py:157} INFO - Started process (PID=1893) to work on /home/airflow/.local/lib/python3.7/site-packages/airflow/example_dags/example_latest_only.py
[2023-07-27T12:35:57.984+0000] {processor.py:826} INFO - Processing file /home/airflow/.local/lib/python3.7/site-packages/airflow/example_dags/example_latest_only.py for tasks to queue
[2023-07-27T12:35:57.988+0000] {logging_mixin.py:149} INFO - [2023-07-27T12:35:57.988+0000] {dagbag.py:541} INFO - Filling up the DagBag from /home/airflow/.local/lib/python3.7/site-packages/airflow/example_dags/example_latest_only.py
[2023-07-27T12:35:58.013+0000] {processor.py:836} INFO - DAG(s) dict_keys(['latest_only']) retrieved from /home/airflow/.local/lib/python3.7/site-packages/airflow/example_dags/example_latest_only.py
[2023-07-27T12:35:58.123+0000] {logging_mixin.py:149} INFO - [2023-07-27T12:35:58.122+0000] {dag.py:2726} INFO - Sync 1 DAGs
[2023-07-27T12:35:58.246+0000] {logging_mixin.py:149} INFO - [2023-07-27T12:35:58.246+0000] {dag.py:3490} INFO - Setting next_dagrun for latest_only to 2023-07-27T08:35:58.245746+00:00, run_after=2023-07-27T12:35:58.245746+00:00
[2023-07-27T12:35:58.362+0000] {processor.py:179} INFO - Processing /home/airflow/.local/lib/python3.7/site-packages/airflow/example_dags/example_latest_only.py took 0.406 seconds
[2023-07-27T12:36:28.651+0000] {processor.py:157} INFO - Started process (PID=1948) to work on /home/airflow/.local/lib/python3.7/site-packages/airflow/example_dags/example_latest_only.py
[2023-07-27T12:36:28.655+0000] {processor.py:826} INFO - Processing file /home/airflow/.local/lib/python3.7/site-packages/airflow/example_dags/example_latest_only.py for tasks to queue
[2023-07-27T12:36:28.658+0000] {logging_mixin.py:149} INFO - [2023-07-27T12:36:28.658+0000] {dagbag.py:541} INFO - Filling up the DagBag from /home/airflow/.local/lib/python3.7/site-packages/airflow/example_dags/example_latest_only.py
[2023-07-27T12:36:28.675+0000] {processor.py:836} INFO - DAG(s) dict_keys(['latest_only']) retrieved from /home/airflow/.local/lib/python3.7/site-packages/airflow/example_dags/example_latest_only.py
[2023-07-27T12:36:28.818+0000] {logging_mixin.py:149} INFO - [2023-07-27T12:36:28.817+0000] {dag.py:2726} INFO - Sync 1 DAGs
[2023-07-27T12:36:28.933+0000] {logging_mixin.py:149} INFO - [2023-07-27T12:36:28.933+0000] {dag.py:3490} INFO - Setting next_dagrun for latest_only to 2023-07-27T08:36:28.932660+00:00, run_after=2023-07-27T12:36:28.932660+00:00
[2023-07-27T12:36:29.048+0000] {processor.py:179} INFO - Processing /home/airflow/.local/lib/python3.7/site-packages/airflow/example_dags/example_latest_only.py took 0.437 seconds
[2023-07-27T12:36:59.784+0000] {processor.py:157} INFO - Started process (PID=2005) to work on /home/airflow/.local/lib/python3.7/site-packages/airflow/example_dags/example_latest_only.py
[2023-07-27T12:36:59.789+0000] {processor.py:826} INFO - Processing file /home/airflow/.local/lib/python3.7/site-packages/airflow/example_dags/example_latest_only.py for tasks to queue
[2023-07-27T12:36:59.793+0000] {logging_mixin.py:149} INFO - [2023-07-27T12:36:59.792+0000] {dagbag.py:541} INFO - Filling up the DagBag from /home/airflow/.local/lib/python3.7/site-packages/airflow/example_dags/example_latest_only.py
[2023-07-27T12:36:59.807+0000] {processor.py:836} INFO - DAG(s) dict_keys(['latest_only']) retrieved from /home/airflow/.local/lib/python3.7/site-packages/airflow/example_dags/example_latest_only.py
[2023-07-27T12:36:59.847+0000] {logging_mixin.py:149} INFO - [2023-07-27T12:36:59.847+0000] {dag.py:2726} INFO - Sync 1 DAGs
[2023-07-27T12:36:59.903+0000] {logging_mixin.py:149} INFO - [2023-07-27T12:36:59.903+0000] {dag.py:3490} INFO - Setting next_dagrun for latest_only to 2023-07-27T08:36:59.903363+00:00, run_after=2023-07-27T12:36:59.903363+00:00
[2023-07-27T12:36:59.947+0000] {processor.py:179} INFO - Processing /home/airflow/.local/lib/python3.7/site-packages/airflow/example_dags/example_latest_only.py took 0.194 seconds
[2023-07-27T12:37:30.604+0000] {processor.py:157} INFO - Started process (PID=2064) to work on /home/airflow/.local/lib/python3.7/site-packages/airflow/example_dags/example_latest_only.py
[2023-07-27T12:37:30.608+0000] {processor.py:826} INFO - Processing file /home/airflow/.local/lib/python3.7/site-packages/airflow/example_dags/example_latest_only.py for tasks to queue
[2023-07-27T12:37:30.611+0000] {logging_mixin.py:149} INFO - [2023-07-27T12:37:30.610+0000] {dagbag.py:541} INFO - Filling up the DagBag from /home/airflow/.local/lib/python3.7/site-packages/airflow/example_dags/example_latest_only.py
[2023-07-27T12:37:30.627+0000] {processor.py:836} INFO - DAG(s) dict_keys(['latest_only']) retrieved from /home/airflow/.local/lib/python3.7/site-packages/airflow/example_dags/example_latest_only.py
[2023-07-27T12:37:30.681+0000] {logging_mixin.py:149} INFO - [2023-07-27T12:37:30.681+0000] {dag.py:2726} INFO - Sync 1 DAGs
[2023-07-27T12:37:30.766+0000] {logging_mixin.py:149} INFO - [2023-07-27T12:37:30.766+0000] {dag.py:3490} INFO - Setting next_dagrun for latest_only to 2023-07-27T08:37:30.766016+00:00, run_after=2023-07-27T12:37:30.766016+00:00
[2023-07-27T12:37:30.841+0000] {processor.py:179} INFO - Processing /home/airflow/.local/lib/python3.7/site-packages/airflow/example_dags/example_latest_only.py took 0.243 seconds
[2023-07-27T12:38:01.738+0000] {processor.py:157} INFO - Started process (PID=2122) to work on /home/airflow/.local/lib/python3.7/site-packages/airflow/example_dags/example_latest_only.py
[2023-07-27T12:38:01.759+0000] {processor.py:826} INFO - Processing file /home/airflow/.local/lib/python3.7/site-packages/airflow/example_dags/example_latest_only.py for tasks to queue
[2023-07-27T12:38:01.772+0000] {logging_mixin.py:149} INFO - [2023-07-27T12:38:01.771+0000] {dagbag.py:541} INFO - Filling up the DagBag from /home/airflow/.local/lib/python3.7/site-packages/airflow/example_dags/example_latest_only.py
[2023-07-27T12:38:01.841+0000] {processor.py:836} INFO - DAG(s) dict_keys(['latest_only']) retrieved from /home/airflow/.local/lib/python3.7/site-packages/airflow/example_dags/example_latest_only.py
[2023-07-27T12:38:01.968+0000] {logging_mixin.py:149} INFO - [2023-07-27T12:38:01.967+0000] {dag.py:2726} INFO - Sync 1 DAGs
[2023-07-27T12:38:02.051+0000] {logging_mixin.py:149} INFO - [2023-07-27T12:38:02.051+0000] {dag.py:3490} INFO - Setting next_dagrun for latest_only to 2023-07-27T08:38:02.050668+00:00, run_after=2023-07-27T12:38:02.050668+00:00
[2023-07-27T12:38:02.368+0000] {processor.py:179} INFO - Processing /home/airflow/.local/lib/python3.7/site-packages/airflow/example_dags/example_latest_only.py took 0.646 seconds
[2023-07-27T12:38:33.674+0000] {processor.py:157} INFO - Started process (PID=2181) to work on /home/airflow/.local/lib/python3.7/site-packages/airflow/example_dags/example_latest_only.py
[2023-07-27T12:38:33.677+0000] {processor.py:826} INFO - Processing file /home/airflow/.local/lib/python3.7/site-packages/airflow/example_dags/example_latest_only.py for tasks to queue
[2023-07-27T12:38:33.680+0000] {logging_mixin.py:149} INFO - [2023-07-27T12:38:33.679+0000] {dagbag.py:541} INFO - Filling up the DagBag from /home/airflow/.local/lib/python3.7/site-packages/airflow/example_dags/example_latest_only.py
[2023-07-27T12:38:33.692+0000] {processor.py:836} INFO - DAG(s) dict_keys(['latest_only']) retrieved from /home/airflow/.local/lib/python3.7/site-packages/airflow/example_dags/example_latest_only.py
[2023-07-27T12:38:33.740+0000] {logging_mixin.py:149} INFO - [2023-07-27T12:38:33.739+0000] {dag.py:2726} INFO - Sync 1 DAGs
[2023-07-27T12:38:33.787+0000] {logging_mixin.py:149} INFO - [2023-07-27T12:38:33.787+0000] {dag.py:3490} INFO - Setting next_dagrun for latest_only to 2023-07-27T08:38:33.787182+00:00, run_after=2023-07-27T12:38:33.787182+00:00
[2023-07-27T12:38:33.830+0000] {processor.py:179} INFO - Processing /home/airflow/.local/lib/python3.7/site-packages/airflow/example_dags/example_latest_only.py took 0.163 seconds
[2023-07-27T12:39:04.782+0000] {processor.py:157} INFO - Started process (PID=2240) to work on /home/airflow/.local/lib/python3.7/site-packages/airflow/example_dags/example_latest_only.py
[2023-07-27T12:39:04.791+0000] {processor.py:826} INFO - Processing file /home/airflow/.local/lib/python3.7/site-packages/airflow/example_dags/example_latest_only.py for tasks to queue
[2023-07-27T12:39:04.798+0000] {logging_mixin.py:149} INFO - [2023-07-27T12:39:04.797+0000] {dagbag.py:541} INFO - Filling up the DagBag from /home/airflow/.local/lib/python3.7/site-packages/airflow/example_dags/example_latest_only.py
[2023-07-27T12:39:04.871+0000] {processor.py:836} INFO - DAG(s) dict_keys(['latest_only']) retrieved from /home/airflow/.local/lib/python3.7/site-packages/airflow/example_dags/example_latest_only.py
[2023-07-27T12:39:05.078+0000] {logging_mixin.py:149} INFO - [2023-07-27T12:39:05.077+0000] {dag.py:2726} INFO - Sync 1 DAGs
[2023-07-27T12:39:05.340+0000] {logging_mixin.py:149} INFO - [2023-07-27T12:39:05.340+0000] {dag.py:3490} INFO - Setting next_dagrun for latest_only to 2023-07-27T08:39:05.339901+00:00, run_after=2023-07-27T12:39:05.339901+00:00
[2023-07-27T12:39:05.423+0000] {processor.py:179} INFO - Processing /home/airflow/.local/lib/python3.7/site-packages/airflow/example_dags/example_latest_only.py took 0.692 seconds
