[2023-07-27T12:26:03.465+0000] {processor.py:157} INFO - Started process (PID=829) to work on /home/airflow/.local/lib/python3.7/site-packages/airflow/example_dags/example_short_circuit_decorator.py
[2023-07-27T12:26:03.469+0000] {processor.py:826} INFO - Processing file /home/airflow/.local/lib/python3.7/site-packages/airflow/example_dags/example_short_circuit_decorator.py for tasks to queue
[2023-07-27T12:26:03.472+0000] {logging_mixin.py:149} INFO - [2023-07-27T12:26:03.471+0000] {dagbag.py:541} INFO - Filling up the DagBag from /home/airflow/.local/lib/python3.7/site-packages/airflow/example_dags/example_short_circuit_decorator.py
[2023-07-27T12:26:03.517+0000] {processor.py:836} INFO - DAG(s) dict_keys(['example_short_circuit_decorator']) retrieved from /home/airflow/.local/lib/python3.7/site-packages/airflow/example_dags/example_short_circuit_decorator.py
[2023-07-27T12:26:03.601+0000] {logging_mixin.py:149} INFO - [2023-07-27T12:26:03.601+0000] {dag.py:2726} INFO - Sync 1 DAGs
[2023-07-27T12:26:03.708+0000] {logging_mixin.py:149} INFO - [2023-07-27T12:26:03.703+0000] {dag.py:3490} INFO - Setting next_dagrun for example_short_circuit_decorator to 2023-07-26T12:26:03.702416+00:00, run_after=2023-07-27T12:26:03.702416+00:00
[2023-07-27T12:26:03.975+0000] {processor.py:179} INFO - Processing /home/airflow/.local/lib/python3.7/site-packages/airflow/example_dags/example_short_circuit_decorator.py took 0.519 seconds
[2023-07-27T12:26:35.018+0000] {processor.py:157} INFO - Started process (PID=886) to work on /home/airflow/.local/lib/python3.7/site-packages/airflow/example_dags/example_short_circuit_decorator.py
[2023-07-27T12:26:35.027+0000] {processor.py:826} INFO - Processing file /home/airflow/.local/lib/python3.7/site-packages/airflow/example_dags/example_short_circuit_decorator.py for tasks to queue
[2023-07-27T12:26:35.033+0000] {logging_mixin.py:149} INFO - [2023-07-27T12:26:35.032+0000] {dagbag.py:541} INFO - Filling up the DagBag from /home/airflow/.local/lib/python3.7/site-packages/airflow/example_dags/example_short_circuit_decorator.py
[2023-07-27T12:26:35.100+0000] {processor.py:836} INFO - DAG(s) dict_keys(['example_short_circuit_decorator']) retrieved from /home/airflow/.local/lib/python3.7/site-packages/airflow/example_dags/example_short_circuit_decorator.py
[2023-07-27T12:26:35.333+0000] {logging_mixin.py:149} INFO - [2023-07-27T12:26:35.332+0000] {dag.py:2726} INFO - Sync 1 DAGs
[2023-07-27T12:26:35.561+0000] {logging_mixin.py:149} INFO - [2023-07-27T12:26:35.561+0000] {dag.py:3490} INFO - Setting next_dagrun for example_short_circuit_decorator to 2023-07-26T12:26:35.559752+00:00, run_after=2023-07-27T12:26:35.559752+00:00
[2023-07-27T12:26:35.694+0000] {processor.py:179} INFO - Processing /home/airflow/.local/lib/python3.7/site-packages/airflow/example_dags/example_short_circuit_decorator.py took 0.688 seconds
[2023-07-27T12:27:06.151+0000] {processor.py:157} INFO - Started process (PID=941) to work on /home/airflow/.local/lib/python3.7/site-packages/airflow/example_dags/example_short_circuit_decorator.py
[2023-07-27T12:27:06.155+0000] {processor.py:826} INFO - Processing file /home/airflow/.local/lib/python3.7/site-packages/airflow/example_dags/example_short_circuit_decorator.py for tasks to queue
[2023-07-27T12:27:06.160+0000] {logging_mixin.py:149} INFO - [2023-07-27T12:27:06.159+0000] {dagbag.py:541} INFO - Filling up the DagBag from /home/airflow/.local/lib/python3.7/site-packages/airflow/example_dags/example_short_circuit_decorator.py
[2023-07-27T12:27:06.208+0000] {processor.py:836} INFO - DAG(s) dict_keys(['example_short_circuit_decorator']) retrieved from /home/airflow/.local/lib/python3.7/site-packages/airflow/example_dags/example_short_circuit_decorator.py
[2023-07-27T12:27:06.495+0000] {logging_mixin.py:149} INFO - [2023-07-27T12:27:06.495+0000] {dag.py:2726} INFO - Sync 1 DAGs
[2023-07-27T12:27:06.716+0000] {logging_mixin.py:149} INFO - [2023-07-27T12:27:06.712+0000] {dag.py:3490} INFO - Setting next_dagrun for example_short_circuit_decorator to 2023-07-26T12:27:06.709463+00:00, run_after=2023-07-27T12:27:06.709463+00:00
[2023-07-27T12:27:06.829+0000] {processor.py:179} INFO - Processing /home/airflow/.local/lib/python3.7/site-packages/airflow/example_dags/example_short_circuit_decorator.py took 0.692 seconds
[2023-07-27T12:27:41.716+0000] {processor.py:157} INFO - Started process (PID=1006) to work on /home/airflow/.local/lib/python3.7/site-packages/airflow/example_dags/example_short_circuit_decorator.py
[2023-07-27T12:27:41.721+0000] {processor.py:826} INFO - Processing file /home/airflow/.local/lib/python3.7/site-packages/airflow/example_dags/example_short_circuit_decorator.py for tasks to queue
[2023-07-27T12:27:41.727+0000] {logging_mixin.py:149} INFO - [2023-07-27T12:27:41.727+0000] {dagbag.py:541} INFO - Filling up the DagBag from /home/airflow/.local/lib/python3.7/site-packages/airflow/example_dags/example_short_circuit_decorator.py
[2023-07-27T12:27:41.780+0000] {processor.py:836} INFO - DAG(s) dict_keys(['example_short_circuit_decorator']) retrieved from /home/airflow/.local/lib/python3.7/site-packages/airflow/example_dags/example_short_circuit_decorator.py
[2023-07-27T12:27:41.878+0000] {logging_mixin.py:149} INFO - [2023-07-27T12:27:41.878+0000] {dag.py:2726} INFO - Sync 1 DAGs
[2023-07-27T12:27:42.202+0000] {logging_mixin.py:149} INFO - [2023-07-27T12:27:42.201+0000] {dag.py:3490} INFO - Setting next_dagrun for example_short_circuit_decorator to 2023-07-26T12:27:42.201359+00:00, run_after=2023-07-27T12:27:42.201359+00:00
[2023-07-27T12:27:42.351+0000] {processor.py:179} INFO - Processing /home/airflow/.local/lib/python3.7/site-packages/airflow/example_dags/example_short_circuit_decorator.py took 0.649 seconds
[2023-07-27T12:28:17.130+0000] {processor.py:157} INFO - Started process (PID=1060) to work on /home/airflow/.local/lib/python3.7/site-packages/airflow/example_dags/example_short_circuit_decorator.py
[2023-07-27T12:28:17.139+0000] {processor.py:826} INFO - Processing file /home/airflow/.local/lib/python3.7/site-packages/airflow/example_dags/example_short_circuit_decorator.py for tasks to queue
[2023-07-27T12:28:17.150+0000] {logging_mixin.py:149} INFO - [2023-07-27T12:28:17.149+0000] {dagbag.py:541} INFO - Filling up the DagBag from /home/airflow/.local/lib/python3.7/site-packages/airflow/example_dags/example_short_circuit_decorator.py
[2023-07-27T12:28:17.220+0000] {processor.py:836} INFO - DAG(s) dict_keys(['example_short_circuit_decorator']) retrieved from /home/airflow/.local/lib/python3.7/site-packages/airflow/example_dags/example_short_circuit_decorator.py
[2023-07-27T12:28:17.312+0000] {logging_mixin.py:149} INFO - [2023-07-27T12:28:17.311+0000] {dag.py:2726} INFO - Sync 1 DAGs
[2023-07-27T12:28:17.410+0000] {logging_mixin.py:149} INFO - [2023-07-27T12:28:17.410+0000] {dag.py:3490} INFO - Setting next_dagrun for example_short_circuit_decorator to 2023-07-26T12:28:17.410119+00:00, run_after=2023-07-27T12:28:17.410119+00:00
[2023-07-27T12:28:17.485+0000] {processor.py:179} INFO - Processing /home/airflow/.local/lib/python3.7/site-packages/airflow/example_dags/example_short_circuit_decorator.py took 0.367 seconds
[2023-07-27T12:28:49.994+0000] {processor.py:157} INFO - Started process (PID=1118) to work on /home/airflow/.local/lib/python3.7/site-packages/airflow/example_dags/example_short_circuit_decorator.py
[2023-07-27T12:28:50.004+0000] {processor.py:826} INFO - Processing file /home/airflow/.local/lib/python3.7/site-packages/airflow/example_dags/example_short_circuit_decorator.py for tasks to queue
[2023-07-27T12:28:50.014+0000] {logging_mixin.py:149} INFO - [2023-07-27T12:28:50.012+0000] {dagbag.py:541} INFO - Filling up the DagBag from /home/airflow/.local/lib/python3.7/site-packages/airflow/example_dags/example_short_circuit_decorator.py
[2023-07-27T12:28:50.079+0000] {processor.py:836} INFO - DAG(s) dict_keys(['example_short_circuit_decorator']) retrieved from /home/airflow/.local/lib/python3.7/site-packages/airflow/example_dags/example_short_circuit_decorator.py
[2023-07-27T12:28:50.334+0000] {logging_mixin.py:149} INFO - [2023-07-27T12:28:50.334+0000] {dag.py:2726} INFO - Sync 1 DAGs
[2023-07-27T12:28:50.483+0000] {logging_mixin.py:149} INFO - [2023-07-27T12:28:50.482+0000] {dag.py:3490} INFO - Setting next_dagrun for example_short_circuit_decorator to 2023-07-26T12:28:50.482339+00:00, run_after=2023-07-27T12:28:50.482339+00:00
[2023-07-27T12:28:50.613+0000] {processor.py:179} INFO - Processing /home/airflow/.local/lib/python3.7/site-packages/airflow/example_dags/example_short_circuit_decorator.py took 0.648 seconds
[2023-07-27T12:29:21.173+0000] {processor.py:157} INFO - Started process (PID=1176) to work on /home/airflow/.local/lib/python3.7/site-packages/airflow/example_dags/example_short_circuit_decorator.py
[2023-07-27T12:29:21.193+0000] {processor.py:826} INFO - Processing file /home/airflow/.local/lib/python3.7/site-packages/airflow/example_dags/example_short_circuit_decorator.py for tasks to queue
[2023-07-27T12:29:21.207+0000] {logging_mixin.py:149} INFO - [2023-07-27T12:29:21.207+0000] {dagbag.py:541} INFO - Filling up the DagBag from /home/airflow/.local/lib/python3.7/site-packages/airflow/example_dags/example_short_circuit_decorator.py
[2023-07-27T12:29:21.430+0000] {processor.py:836} INFO - DAG(s) dict_keys(['example_short_circuit_decorator']) retrieved from /home/airflow/.local/lib/python3.7/site-packages/airflow/example_dags/example_short_circuit_decorator.py
[2023-07-27T12:29:21.527+0000] {logging_mixin.py:149} INFO - [2023-07-27T12:29:21.526+0000] {dag.py:2726} INFO - Sync 1 DAGs
[2023-07-27T12:29:21.639+0000] {logging_mixin.py:149} INFO - [2023-07-27T12:29:21.639+0000] {dag.py:3490} INFO - Setting next_dagrun for example_short_circuit_decorator to 2023-07-26T12:29:21.638671+00:00, run_after=2023-07-27T12:29:21.638671+00:00
[2023-07-27T12:29:21.767+0000] {processor.py:179} INFO - Processing /home/airflow/.local/lib/python3.7/site-packages/airflow/example_dags/example_short_circuit_decorator.py took 0.620 seconds
[2023-07-27T12:29:51.897+0000] {processor.py:157} INFO - Started process (PID=1234) to work on /home/airflow/.local/lib/python3.7/site-packages/airflow/example_dags/example_short_circuit_decorator.py
[2023-07-27T12:29:51.901+0000] {processor.py:826} INFO - Processing file /home/airflow/.local/lib/python3.7/site-packages/airflow/example_dags/example_short_circuit_decorator.py for tasks to queue
[2023-07-27T12:29:51.907+0000] {logging_mixin.py:149} INFO - [2023-07-27T12:29:51.906+0000] {dagbag.py:541} INFO - Filling up the DagBag from /home/airflow/.local/lib/python3.7/site-packages/airflow/example_dags/example_short_circuit_decorator.py
[2023-07-27T12:29:51.941+0000] {processor.py:836} INFO - DAG(s) dict_keys(['example_short_circuit_decorator']) retrieved from /home/airflow/.local/lib/python3.7/site-packages/airflow/example_dags/example_short_circuit_decorator.py
[2023-07-27T12:29:52.010+0000] {logging_mixin.py:149} INFO - [2023-07-27T12:29:52.010+0000] {dag.py:2726} INFO - Sync 1 DAGs
[2023-07-27T12:29:52.072+0000] {logging_mixin.py:149} INFO - [2023-07-27T12:29:52.071+0000] {dag.py:3490} INFO - Setting next_dagrun for example_short_circuit_decorator to 2023-07-26T12:29:52.071504+00:00, run_after=2023-07-27T12:29:52.071504+00:00
[2023-07-27T12:29:52.124+0000] {processor.py:179} INFO - Processing /home/airflow/.local/lib/python3.7/site-packages/airflow/example_dags/example_short_circuit_decorator.py took 0.239 seconds
[2023-07-27T12:30:27.979+0000] {processor.py:157} INFO - Started process (PID=1293) to work on /home/airflow/.local/lib/python3.7/site-packages/airflow/example_dags/example_short_circuit_decorator.py
[2023-07-27T12:30:27.985+0000] {processor.py:826} INFO - Processing file /home/airflow/.local/lib/python3.7/site-packages/airflow/example_dags/example_short_circuit_decorator.py for tasks to queue
[2023-07-27T12:30:27.992+0000] {logging_mixin.py:149} INFO - [2023-07-27T12:30:27.991+0000] {dagbag.py:541} INFO - Filling up the DagBag from /home/airflow/.local/lib/python3.7/site-packages/airflow/example_dags/example_short_circuit_decorator.py
[2023-07-27T12:30:28.028+0000] {processor.py:836} INFO - DAG(s) dict_keys(['example_short_circuit_decorator']) retrieved from /home/airflow/.local/lib/python3.7/site-packages/airflow/example_dags/example_short_circuit_decorator.py
[2023-07-27T12:30:28.113+0000] {logging_mixin.py:149} INFO - [2023-07-27T12:30:28.112+0000] {dag.py:2726} INFO - Sync 1 DAGs
[2023-07-27T12:30:28.202+0000] {logging_mixin.py:149} INFO - [2023-07-27T12:30:28.201+0000] {dag.py:3490} INFO - Setting next_dagrun for example_short_circuit_decorator to 2023-07-26T12:30:28.201529+00:00, run_after=2023-07-27T12:30:28.201529+00:00
[2023-07-27T12:30:28.287+0000] {processor.py:179} INFO - Processing /home/airflow/.local/lib/python3.7/site-packages/airflow/example_dags/example_short_circuit_decorator.py took 0.322 seconds
[2023-07-27T12:30:58.848+0000] {processor.py:157} INFO - Started process (PID=1348) to work on /home/airflow/.local/lib/python3.7/site-packages/airflow/example_dags/example_short_circuit_decorator.py
[2023-07-27T12:30:58.861+0000] {processor.py:826} INFO - Processing file /home/airflow/.local/lib/python3.7/site-packages/airflow/example_dags/example_short_circuit_decorator.py for tasks to queue
[2023-07-27T12:30:58.863+0000] {logging_mixin.py:149} INFO - [2023-07-27T12:30:58.863+0000] {dagbag.py:541} INFO - Filling up the DagBag from /home/airflow/.local/lib/python3.7/site-packages/airflow/example_dags/example_short_circuit_decorator.py
[2023-07-27T12:30:58.891+0000] {processor.py:836} INFO - DAG(s) dict_keys(['example_short_circuit_decorator']) retrieved from /home/airflow/.local/lib/python3.7/site-packages/airflow/example_dags/example_short_circuit_decorator.py
[2023-07-27T12:30:58.995+0000] {logging_mixin.py:149} INFO - [2023-07-27T12:30:58.994+0000] {dag.py:2726} INFO - Sync 1 DAGs
[2023-07-27T12:30:59.098+0000] {logging_mixin.py:149} INFO - [2023-07-27T12:30:59.097+0000] {dag.py:3490} INFO - Setting next_dagrun for example_short_circuit_decorator to 2023-07-26T12:30:59.096950+00:00, run_after=2023-07-27T12:30:59.096950+00:00
[2023-07-27T12:30:59.152+0000] {processor.py:179} INFO - Processing /home/airflow/.local/lib/python3.7/site-packages/airflow/example_dags/example_short_circuit_decorator.py took 0.326 seconds
[2023-07-27T12:31:29.959+0000] {processor.py:157} INFO - Started process (PID=1405) to work on /home/airflow/.local/lib/python3.7/site-packages/airflow/example_dags/example_short_circuit_decorator.py
[2023-07-27T12:31:29.967+0000] {processor.py:826} INFO - Processing file /home/airflow/.local/lib/python3.7/site-packages/airflow/example_dags/example_short_circuit_decorator.py for tasks to queue
[2023-07-27T12:31:29.973+0000] {logging_mixin.py:149} INFO - [2023-07-27T12:31:29.972+0000] {dagbag.py:541} INFO - Filling up the DagBag from /home/airflow/.local/lib/python3.7/site-packages/airflow/example_dags/example_short_circuit_decorator.py
[2023-07-27T12:31:30.015+0000] {processor.py:836} INFO - DAG(s) dict_keys(['example_short_circuit_decorator']) retrieved from /home/airflow/.local/lib/python3.7/site-packages/airflow/example_dags/example_short_circuit_decorator.py
[2023-07-27T12:31:30.080+0000] {logging_mixin.py:149} INFO - [2023-07-27T12:31:30.079+0000] {dag.py:2726} INFO - Sync 1 DAGs
[2023-07-27T12:31:30.138+0000] {logging_mixin.py:149} INFO - [2023-07-27T12:31:30.138+0000] {dag.py:3490} INFO - Setting next_dagrun for example_short_circuit_decorator to 2023-07-26T12:31:30.138197+00:00, run_after=2023-07-27T12:31:30.138197+00:00
[2023-07-27T12:31:30.181+0000] {processor.py:179} INFO - Processing /home/airflow/.local/lib/python3.7/site-packages/airflow/example_dags/example_short_circuit_decorator.py took 0.249 seconds
[2023-07-27T12:32:02.779+0000] {processor.py:157} INFO - Started process (PID=1461) to work on /home/airflow/.local/lib/python3.7/site-packages/airflow/example_dags/example_short_circuit_decorator.py
[2023-07-27T12:32:02.782+0000] {processor.py:826} INFO - Processing file /home/airflow/.local/lib/python3.7/site-packages/airflow/example_dags/example_short_circuit_decorator.py for tasks to queue
[2023-07-27T12:32:02.784+0000] {logging_mixin.py:149} INFO - [2023-07-27T12:32:02.784+0000] {dagbag.py:541} INFO - Filling up the DagBag from /home/airflow/.local/lib/python3.7/site-packages/airflow/example_dags/example_short_circuit_decorator.py
[2023-07-27T12:32:02.809+0000] {processor.py:836} INFO - DAG(s) dict_keys(['example_short_circuit_decorator']) retrieved from /home/airflow/.local/lib/python3.7/site-packages/airflow/example_dags/example_short_circuit_decorator.py
[2023-07-27T12:32:02.867+0000] {logging_mixin.py:149} INFO - [2023-07-27T12:32:02.866+0000] {dag.py:2726} INFO - Sync 1 DAGs
[2023-07-27T12:32:02.934+0000] {logging_mixin.py:149} INFO - [2023-07-27T12:32:02.934+0000] {dag.py:3490} INFO - Setting next_dagrun for example_short_circuit_decorator to 2023-07-26T12:32:02.933818+00:00, run_after=2023-07-27T12:32:02.933818+00:00
[2023-07-27T12:32:02.991+0000] {processor.py:179} INFO - Processing /home/airflow/.local/lib/python3.7/site-packages/airflow/example_dags/example_short_circuit_decorator.py took 0.219 seconds
[2023-07-27T12:32:34.357+0000] {processor.py:157} INFO - Started process (PID=1517) to work on /home/airflow/.local/lib/python3.7/site-packages/airflow/example_dags/example_short_circuit_decorator.py
[2023-07-27T12:32:34.362+0000] {processor.py:826} INFO - Processing file /home/airflow/.local/lib/python3.7/site-packages/airflow/example_dags/example_short_circuit_decorator.py for tasks to queue
[2023-07-27T12:32:34.367+0000] {logging_mixin.py:149} INFO - [2023-07-27T12:32:34.366+0000] {dagbag.py:541} INFO - Filling up the DagBag from /home/airflow/.local/lib/python3.7/site-packages/airflow/example_dags/example_short_circuit_decorator.py
[2023-07-27T12:32:34.397+0000] {processor.py:836} INFO - DAG(s) dict_keys(['example_short_circuit_decorator']) retrieved from /home/airflow/.local/lib/python3.7/site-packages/airflow/example_dags/example_short_circuit_decorator.py
[2023-07-27T12:32:34.583+0000] {logging_mixin.py:149} INFO - [2023-07-27T12:32:34.582+0000] {dag.py:2726} INFO - Sync 1 DAGs
[2023-07-27T12:32:34.682+0000] {logging_mixin.py:149} INFO - [2023-07-27T12:32:34.682+0000] {dag.py:3490} INFO - Setting next_dagrun for example_short_circuit_decorator to 2023-07-26T12:32:34.681502+00:00, run_after=2023-07-27T12:32:34.681502+00:00
[2023-07-27T12:32:34.725+0000] {processor.py:179} INFO - Processing /home/airflow/.local/lib/python3.7/site-packages/airflow/example_dags/example_short_circuit_decorator.py took 0.379 seconds
[2023-07-27T12:33:10.911+0000] {processor.py:157} INFO - Started process (PID=1576) to work on /home/airflow/.local/lib/python3.7/site-packages/airflow/example_dags/example_short_circuit_decorator.py
[2023-07-27T12:33:10.916+0000] {processor.py:826} INFO - Processing file /home/airflow/.local/lib/python3.7/site-packages/airflow/example_dags/example_short_circuit_decorator.py for tasks to queue
[2023-07-27T12:33:10.920+0000] {logging_mixin.py:149} INFO - [2023-07-27T12:33:10.919+0000] {dagbag.py:541} INFO - Filling up the DagBag from /home/airflow/.local/lib/python3.7/site-packages/airflow/example_dags/example_short_circuit_decorator.py
[2023-07-27T12:33:10.949+0000] {processor.py:836} INFO - DAG(s) dict_keys(['example_short_circuit_decorator']) retrieved from /home/airflow/.local/lib/python3.7/site-packages/airflow/example_dags/example_short_circuit_decorator.py
[2023-07-27T12:33:11.012+0000] {logging_mixin.py:149} INFO - [2023-07-27T12:33:11.012+0000] {dag.py:2726} INFO - Sync 1 DAGs
[2023-07-27T12:33:11.100+0000] {logging_mixin.py:149} INFO - [2023-07-27T12:33:11.100+0000] {dag.py:3490} INFO - Setting next_dagrun for example_short_circuit_decorator to 2023-07-26T12:33:11.099578+00:00, run_after=2023-07-27T12:33:11.099578+00:00
[2023-07-27T12:33:11.168+0000] {processor.py:179} INFO - Processing /home/airflow/.local/lib/python3.7/site-packages/airflow/example_dags/example_short_circuit_decorator.py took 0.264 seconds
[2023-07-27T12:33:41.584+0000] {processor.py:157} INFO - Started process (PID=1632) to work on /home/airflow/.local/lib/python3.7/site-packages/airflow/example_dags/example_short_circuit_decorator.py
[2023-07-27T12:33:41.594+0000] {processor.py:826} INFO - Processing file /home/airflow/.local/lib/python3.7/site-packages/airflow/example_dags/example_short_circuit_decorator.py for tasks to queue
[2023-07-27T12:33:41.599+0000] {logging_mixin.py:149} INFO - [2023-07-27T12:33:41.598+0000] {dagbag.py:541} INFO - Filling up the DagBag from /home/airflow/.local/lib/python3.7/site-packages/airflow/example_dags/example_short_circuit_decorator.py
[2023-07-27T12:33:41.625+0000] {processor.py:836} INFO - DAG(s) dict_keys(['example_short_circuit_decorator']) retrieved from /home/airflow/.local/lib/python3.7/site-packages/airflow/example_dags/example_short_circuit_decorator.py
[2023-07-27T12:33:41.729+0000] {logging_mixin.py:149} INFO - [2023-07-27T12:33:41.728+0000] {dag.py:2726} INFO - Sync 1 DAGs
[2023-07-27T12:33:41.869+0000] {logging_mixin.py:149} INFO - [2023-07-27T12:33:41.868+0000] {dag.py:3490} INFO - Setting next_dagrun for example_short_circuit_decorator to 2023-07-26T12:33:41.868194+00:00, run_after=2023-07-27T12:33:41.868194+00:00
[2023-07-27T12:33:42.043+0000] {processor.py:179} INFO - Processing /home/airflow/.local/lib/python3.7/site-packages/airflow/example_dags/example_short_circuit_decorator.py took 0.504 seconds
[2023-07-27T12:34:12.219+0000] {processor.py:157} INFO - Started process (PID=1689) to work on /home/airflow/.local/lib/python3.7/site-packages/airflow/example_dags/example_short_circuit_decorator.py
[2023-07-27T12:34:12.235+0000] {processor.py:826} INFO - Processing file /home/airflow/.local/lib/python3.7/site-packages/airflow/example_dags/example_short_circuit_decorator.py for tasks to queue
[2023-07-27T12:34:12.246+0000] {logging_mixin.py:149} INFO - [2023-07-27T12:34:12.244+0000] {dagbag.py:541} INFO - Filling up the DagBag from /home/airflow/.local/lib/python3.7/site-packages/airflow/example_dags/example_short_circuit_decorator.py
[2023-07-27T12:34:12.329+0000] {processor.py:836} INFO - DAG(s) dict_keys(['example_short_circuit_decorator']) retrieved from /home/airflow/.local/lib/python3.7/site-packages/airflow/example_dags/example_short_circuit_decorator.py
[2023-07-27T12:34:12.434+0000] {logging_mixin.py:149} INFO - [2023-07-27T12:34:12.433+0000] {dag.py:2726} INFO - Sync 1 DAGs
[2023-07-27T12:34:12.497+0000] {logging_mixin.py:149} INFO - [2023-07-27T12:34:12.497+0000] {dag.py:3490} INFO - Setting next_dagrun for example_short_circuit_decorator to 2023-07-26T12:34:12.497139+00:00, run_after=2023-07-27T12:34:12.497139+00:00
[2023-07-27T12:34:12.545+0000] {processor.py:179} INFO - Processing /home/airflow/.local/lib/python3.7/site-packages/airflow/example_dags/example_short_circuit_decorator.py took 0.342 seconds
[2023-07-27T12:34:43.187+0000] {processor.py:157} INFO - Started process (PID=1755) to work on /home/airflow/.local/lib/python3.7/site-packages/airflow/example_dags/example_short_circuit_decorator.py
[2023-07-27T12:34:43.195+0000] {processor.py:826} INFO - Processing file /home/airflow/.local/lib/python3.7/site-packages/airflow/example_dags/example_short_circuit_decorator.py for tasks to queue
[2023-07-27T12:34:43.199+0000] {logging_mixin.py:149} INFO - [2023-07-27T12:34:43.199+0000] {dagbag.py:541} INFO - Filling up the DagBag from /home/airflow/.local/lib/python3.7/site-packages/airflow/example_dags/example_short_circuit_decorator.py
[2023-07-27T12:34:43.250+0000] {processor.py:836} INFO - DAG(s) dict_keys(['example_short_circuit_decorator']) retrieved from /home/airflow/.local/lib/python3.7/site-packages/airflow/example_dags/example_short_circuit_decorator.py
[2023-07-27T12:34:43.317+0000] {logging_mixin.py:149} INFO - [2023-07-27T12:34:43.317+0000] {dag.py:2726} INFO - Sync 1 DAGs
[2023-07-27T12:34:43.372+0000] {logging_mixin.py:149} INFO - [2023-07-27T12:34:43.372+0000] {dag.py:3490} INFO - Setting next_dagrun for example_short_circuit_decorator to 2023-07-26T12:34:43.371776+00:00, run_after=2023-07-27T12:34:43.371776+00:00
[2023-07-27T12:34:43.420+0000] {processor.py:179} INFO - Processing /home/airflow/.local/lib/python3.7/site-packages/airflow/example_dags/example_short_circuit_decorator.py took 0.244 seconds
[2023-07-27T12:35:15.008+0000] {processor.py:157} INFO - Started process (PID=1813) to work on /home/airflow/.local/lib/python3.7/site-packages/airflow/example_dags/example_short_circuit_decorator.py
[2023-07-27T12:35:15.020+0000] {processor.py:826} INFO - Processing file /home/airflow/.local/lib/python3.7/site-packages/airflow/example_dags/example_short_circuit_decorator.py for tasks to queue
[2023-07-27T12:35:15.031+0000] {logging_mixin.py:149} INFO - [2023-07-27T12:35:15.023+0000] {dagbag.py:541} INFO - Filling up the DagBag from /home/airflow/.local/lib/python3.7/site-packages/airflow/example_dags/example_short_circuit_decorator.py
[2023-07-27T12:35:15.129+0000] {processor.py:836} INFO - DAG(s) dict_keys(['example_short_circuit_decorator']) retrieved from /home/airflow/.local/lib/python3.7/site-packages/airflow/example_dags/example_short_circuit_decorator.py
[2023-07-27T12:35:15.289+0000] {logging_mixin.py:149} INFO - [2023-07-27T12:35:15.285+0000] {dag.py:2726} INFO - Sync 1 DAGs
[2023-07-27T12:35:15.383+0000] {logging_mixin.py:149} INFO - [2023-07-27T12:35:15.383+0000] {dag.py:3490} INFO - Setting next_dagrun for example_short_circuit_decorator to 2023-07-26T12:35:15.382494+00:00, run_after=2023-07-27T12:35:15.382494+00:00
[2023-07-27T12:35:15.438+0000] {processor.py:179} INFO - Processing /home/airflow/.local/lib/python3.7/site-packages/airflow/example_dags/example_short_circuit_decorator.py took 0.443 seconds
[2023-07-27T12:35:45.801+0000] {processor.py:157} INFO - Started process (PID=1871) to work on /home/airflow/.local/lib/python3.7/site-packages/airflow/example_dags/example_short_circuit_decorator.py
[2023-07-27T12:35:45.806+0000] {processor.py:826} INFO - Processing file /home/airflow/.local/lib/python3.7/site-packages/airflow/example_dags/example_short_circuit_decorator.py for tasks to queue
[2023-07-27T12:35:45.815+0000] {logging_mixin.py:149} INFO - [2023-07-27T12:35:45.813+0000] {dagbag.py:541} INFO - Filling up the DagBag from /home/airflow/.local/lib/python3.7/site-packages/airflow/example_dags/example_short_circuit_decorator.py
[2023-07-27T12:35:45.872+0000] {processor.py:836} INFO - DAG(s) dict_keys(['example_short_circuit_decorator']) retrieved from /home/airflow/.local/lib/python3.7/site-packages/airflow/example_dags/example_short_circuit_decorator.py
[2023-07-27T12:35:45.993+0000] {logging_mixin.py:149} INFO - [2023-07-27T12:35:45.991+0000] {dag.py:2726} INFO - Sync 1 DAGs
[2023-07-27T12:35:46.062+0000] {logging_mixin.py:149} INFO - [2023-07-27T12:35:46.061+0000] {dag.py:3490} INFO - Setting next_dagrun for example_short_circuit_decorator to 2023-07-26T12:35:46.061234+00:00, run_after=2023-07-27T12:35:46.061234+00:00
[2023-07-27T12:35:46.110+0000] {processor.py:179} INFO - Processing /home/airflow/.local/lib/python3.7/site-packages/airflow/example_dags/example_short_circuit_decorator.py took 0.321 seconds
[2023-07-27T12:36:16.905+0000] {processor.py:157} INFO - Started process (PID=1928) to work on /home/airflow/.local/lib/python3.7/site-packages/airflow/example_dags/example_short_circuit_decorator.py
[2023-07-27T12:36:16.914+0000] {processor.py:826} INFO - Processing file /home/airflow/.local/lib/python3.7/site-packages/airflow/example_dags/example_short_circuit_decorator.py for tasks to queue
[2023-07-27T12:36:16.917+0000] {logging_mixin.py:149} INFO - [2023-07-27T12:36:16.917+0000] {dagbag.py:541} INFO - Filling up the DagBag from /home/airflow/.local/lib/python3.7/site-packages/airflow/example_dags/example_short_circuit_decorator.py
[2023-07-27T12:36:16.951+0000] {processor.py:836} INFO - DAG(s) dict_keys(['example_short_circuit_decorator']) retrieved from /home/airflow/.local/lib/python3.7/site-packages/airflow/example_dags/example_short_circuit_decorator.py
[2023-07-27T12:36:17.023+0000] {logging_mixin.py:149} INFO - [2023-07-27T12:36:17.022+0000] {dag.py:2726} INFO - Sync 1 DAGs
[2023-07-27T12:36:17.158+0000] {logging_mixin.py:149} INFO - [2023-07-27T12:36:17.157+0000] {dag.py:3490} INFO - Setting next_dagrun for example_short_circuit_decorator to 2023-07-26T12:36:17.157332+00:00, run_after=2023-07-27T12:36:17.157332+00:00
[2023-07-27T12:36:17.213+0000] {processor.py:179} INFO - Processing /home/airflow/.local/lib/python3.7/site-packages/airflow/example_dags/example_short_circuit_decorator.py took 0.318 seconds
[2023-07-27T12:36:48.020+0000] {processor.py:157} INFO - Started process (PID=1985) to work on /home/airflow/.local/lib/python3.7/site-packages/airflow/example_dags/example_short_circuit_decorator.py
[2023-07-27T12:36:48.025+0000] {processor.py:826} INFO - Processing file /home/airflow/.local/lib/python3.7/site-packages/airflow/example_dags/example_short_circuit_decorator.py for tasks to queue
[2023-07-27T12:36:48.029+0000] {logging_mixin.py:149} INFO - [2023-07-27T12:36:48.028+0000] {dagbag.py:541} INFO - Filling up the DagBag from /home/airflow/.local/lib/python3.7/site-packages/airflow/example_dags/example_short_circuit_decorator.py
[2023-07-27T12:36:48.052+0000] {processor.py:836} INFO - DAG(s) dict_keys(['example_short_circuit_decorator']) retrieved from /home/airflow/.local/lib/python3.7/site-packages/airflow/example_dags/example_short_circuit_decorator.py
[2023-07-27T12:36:48.102+0000] {logging_mixin.py:149} INFO - [2023-07-27T12:36:48.101+0000] {dag.py:2726} INFO - Sync 1 DAGs
[2023-07-27T12:36:48.168+0000] {logging_mixin.py:149} INFO - [2023-07-27T12:36:48.168+0000] {dag.py:3490} INFO - Setting next_dagrun for example_short_circuit_decorator to 2023-07-26T12:36:48.167524+00:00, run_after=2023-07-27T12:36:48.167524+00:00
[2023-07-27T12:36:48.212+0000] {processor.py:179} INFO - Processing /home/airflow/.local/lib/python3.7/site-packages/airflow/example_dags/example_short_circuit_decorator.py took 0.204 seconds
[2023-07-27T12:37:18.688+0000] {processor.py:157} INFO - Started process (PID=2042) to work on /home/airflow/.local/lib/python3.7/site-packages/airflow/example_dags/example_short_circuit_decorator.py
[2023-07-27T12:37:18.696+0000] {processor.py:826} INFO - Processing file /home/airflow/.local/lib/python3.7/site-packages/airflow/example_dags/example_short_circuit_decorator.py for tasks to queue
[2023-07-27T12:37:18.705+0000] {logging_mixin.py:149} INFO - [2023-07-27T12:37:18.704+0000] {dagbag.py:541} INFO - Filling up the DagBag from /home/airflow/.local/lib/python3.7/site-packages/airflow/example_dags/example_short_circuit_decorator.py
[2023-07-27T12:37:18.763+0000] {processor.py:836} INFO - DAG(s) dict_keys(['example_short_circuit_decorator']) retrieved from /home/airflow/.local/lib/python3.7/site-packages/airflow/example_dags/example_short_circuit_decorator.py
[2023-07-27T12:37:18.984+0000] {logging_mixin.py:149} INFO - [2023-07-27T12:37:18.984+0000] {dag.py:2726} INFO - Sync 1 DAGs
[2023-07-27T12:37:19.168+0000] {logging_mixin.py:149} INFO - [2023-07-27T12:37:19.168+0000] {dag.py:3490} INFO - Setting next_dagrun for example_short_circuit_decorator to 2023-07-26T12:37:19.167102+00:00, run_after=2023-07-27T12:37:19.167102+00:00
[2023-07-27T12:37:19.289+0000] {processor.py:179} INFO - Processing /home/airflow/.local/lib/python3.7/site-packages/airflow/example_dags/example_short_circuit_decorator.py took 0.624 seconds
[2023-07-27T12:37:49.756+0000] {processor.py:157} INFO - Started process (PID=2100) to work on /home/airflow/.local/lib/python3.7/site-packages/airflow/example_dags/example_short_circuit_decorator.py
[2023-07-27T12:37:49.761+0000] {processor.py:826} INFO - Processing file /home/airflow/.local/lib/python3.7/site-packages/airflow/example_dags/example_short_circuit_decorator.py for tasks to queue
[2023-07-27T12:37:49.774+0000] {logging_mixin.py:149} INFO - [2023-07-27T12:37:49.773+0000] {dagbag.py:541} INFO - Filling up the DagBag from /home/airflow/.local/lib/python3.7/site-packages/airflow/example_dags/example_short_circuit_decorator.py
[2023-07-27T12:37:49.801+0000] {processor.py:836} INFO - DAG(s) dict_keys(['example_short_circuit_decorator']) retrieved from /home/airflow/.local/lib/python3.7/site-packages/airflow/example_dags/example_short_circuit_decorator.py
[2023-07-27T12:37:49.858+0000] {logging_mixin.py:149} INFO - [2023-07-27T12:37:49.857+0000] {dag.py:2726} INFO - Sync 1 DAGs
[2023-07-27T12:37:49.921+0000] {logging_mixin.py:149} INFO - [2023-07-27T12:37:49.921+0000] {dag.py:3490} INFO - Setting next_dagrun for example_short_circuit_decorator to 2023-07-26T12:37:49.920857+00:00, run_after=2023-07-27T12:37:49.920857+00:00
[2023-07-27T12:37:49.971+0000] {processor.py:179} INFO - Processing /home/airflow/.local/lib/python3.7/site-packages/airflow/example_dags/example_short_circuit_decorator.py took 0.226 seconds
[2023-07-27T12:38:20.274+0000] {processor.py:157} INFO - Started process (PID=2157) to work on /home/airflow/.local/lib/python3.7/site-packages/airflow/example_dags/example_short_circuit_decorator.py
[2023-07-27T12:38:20.339+0000] {processor.py:826} INFO - Processing file /home/airflow/.local/lib/python3.7/site-packages/airflow/example_dags/example_short_circuit_decorator.py for tasks to queue
[2023-07-27T12:38:20.360+0000] {logging_mixin.py:149} INFO - [2023-07-27T12:38:20.360+0000] {dagbag.py:541} INFO - Filling up the DagBag from /home/airflow/.local/lib/python3.7/site-packages/airflow/example_dags/example_short_circuit_decorator.py
[2023-07-27T12:38:20.442+0000] {processor.py:836} INFO - DAG(s) dict_keys(['example_short_circuit_decorator']) retrieved from /home/airflow/.local/lib/python3.7/site-packages/airflow/example_dags/example_short_circuit_decorator.py
[2023-07-27T12:38:20.644+0000] {logging_mixin.py:149} INFO - [2023-07-27T12:38:20.644+0000] {dag.py:2726} INFO - Sync 1 DAGs
[2023-07-27T12:38:20.840+0000] {logging_mixin.py:149} INFO - [2023-07-27T12:38:20.839+0000] {dag.py:3490} INFO - Setting next_dagrun for example_short_circuit_decorator to 2023-07-26T12:38:20.839414+00:00, run_after=2023-07-27T12:38:20.839414+00:00
[2023-07-27T12:38:20.980+0000] {processor.py:179} INFO - Processing /home/airflow/.local/lib/python3.7/site-packages/airflow/example_dags/example_short_circuit_decorator.py took 0.761 seconds
[2023-07-27T12:38:51.760+0000] {processor.py:157} INFO - Started process (PID=2216) to work on /home/airflow/.local/lib/python3.7/site-packages/airflow/example_dags/example_short_circuit_decorator.py
[2023-07-27T12:38:51.766+0000] {processor.py:826} INFO - Processing file /home/airflow/.local/lib/python3.7/site-packages/airflow/example_dags/example_short_circuit_decorator.py for tasks to queue
[2023-07-27T12:38:51.776+0000] {logging_mixin.py:149} INFO - [2023-07-27T12:38:51.774+0000] {dagbag.py:541} INFO - Filling up the DagBag from /home/airflow/.local/lib/python3.7/site-packages/airflow/example_dags/example_short_circuit_decorator.py
[2023-07-27T12:38:51.920+0000] {processor.py:836} INFO - DAG(s) dict_keys(['example_short_circuit_decorator']) retrieved from /home/airflow/.local/lib/python3.7/site-packages/airflow/example_dags/example_short_circuit_decorator.py
[2023-07-27T12:38:52.087+0000] {logging_mixin.py:149} INFO - [2023-07-27T12:38:52.086+0000] {dag.py:2726} INFO - Sync 1 DAGs
[2023-07-27T12:38:52.260+0000] {logging_mixin.py:149} INFO - [2023-07-27T12:38:52.258+0000] {dag.py:3490} INFO - Setting next_dagrun for example_short_circuit_decorator to 2023-07-26T12:38:52.256432+00:00, run_after=2023-07-27T12:38:52.256432+00:00
[2023-07-27T12:38:52.418+0000] {processor.py:179} INFO - Processing /home/airflow/.local/lib/python3.7/site-packages/airflow/example_dags/example_short_circuit_decorator.py took 0.673 seconds
[2023-07-27T12:39:22.647+0000] {processor.py:157} INFO - Started process (PID=2273) to work on /home/airflow/.local/lib/python3.7/site-packages/airflow/example_dags/example_short_circuit_decorator.py
[2023-07-27T12:39:22.651+0000] {processor.py:826} INFO - Processing file /home/airflow/.local/lib/python3.7/site-packages/airflow/example_dags/example_short_circuit_decorator.py for tasks to queue
[2023-07-27T12:39:22.654+0000] {logging_mixin.py:149} INFO - [2023-07-27T12:39:22.653+0000] {dagbag.py:541} INFO - Filling up the DagBag from /home/airflow/.local/lib/python3.7/site-packages/airflow/example_dags/example_short_circuit_decorator.py
[2023-07-27T12:39:22.672+0000] {processor.py:836} INFO - DAG(s) dict_keys(['example_short_circuit_decorator']) retrieved from /home/airflow/.local/lib/python3.7/site-packages/airflow/example_dags/example_short_circuit_decorator.py
[2023-07-27T12:39:22.733+0000] {logging_mixin.py:149} INFO - [2023-07-27T12:39:22.733+0000] {dag.py:2726} INFO - Sync 1 DAGs
[2023-07-27T12:39:22.795+0000] {logging_mixin.py:149} INFO - [2023-07-27T12:39:22.795+0000] {dag.py:3490} INFO - Setting next_dagrun for example_short_circuit_decorator to 2023-07-26T12:39:22.795381+00:00, run_after=2023-07-27T12:39:22.795381+00:00
[2023-07-27T12:39:22.843+0000] {processor.py:179} INFO - Processing /home/airflow/.local/lib/python3.7/site-packages/airflow/example_dags/example_short_circuit_decorator.py took 0.204 seconds
