[2023-07-27T12:26:00.448+0000] {processor.py:157} INFO - Started process (PID=825) to work on /home/airflow/.local/lib/python3.7/site-packages/airflow/example_dags/example_latest_only_with_trigger.py
[2023-07-27T12:26:00.454+0000] {processor.py:826} INFO - Processing file /home/airflow/.local/lib/python3.7/site-packages/airflow/example_dags/example_latest_only_with_trigger.py for tasks to queue
[2023-07-27T12:26:00.461+0000] {logging_mixin.py:149} INFO - [2023-07-27T12:26:00.461+0000] {dagbag.py:541} INFO - Filling up the DagBag from /home/airflow/.local/lib/python3.7/site-packages/airflow/example_dags/example_latest_only_with_trigger.py
[2023-07-27T12:26:00.496+0000] {processor.py:836} INFO - DAG(s) dict_keys(['latest_only_with_trigger']) retrieved from /home/airflow/.local/lib/python3.7/site-packages/airflow/example_dags/example_latest_only_with_trigger.py
[2023-07-27T12:26:00.821+0000] {logging_mixin.py:149} INFO - [2023-07-27T12:26:00.820+0000] {dag.py:2726} INFO - Sync 1 DAGs
[2023-07-27T12:26:01.241+0000] {logging_mixin.py:149} INFO - [2023-07-27T12:26:01.241+0000] {dag.py:3490} INFO - Setting next_dagrun for latest_only_with_trigger to 2023-07-27T08:26:01.240904+00:00, run_after=2023-07-27T12:26:01.240904+00:00
[2023-07-27T12:26:01.334+0000] {processor.py:179} INFO - Processing /home/airflow/.local/lib/python3.7/site-packages/airflow/example_dags/example_latest_only_with_trigger.py took 0.899 seconds
[2023-07-27T12:26:32.186+0000] {processor.py:157} INFO - Started process (PID=880) to work on /home/airflow/.local/lib/python3.7/site-packages/airflow/example_dags/example_latest_only_with_trigger.py
[2023-07-27T12:26:32.252+0000] {processor.py:826} INFO - Processing file /home/airflow/.local/lib/python3.7/site-packages/airflow/example_dags/example_latest_only_with_trigger.py for tasks to queue
[2023-07-27T12:26:32.354+0000] {logging_mixin.py:149} INFO - [2023-07-27T12:26:32.354+0000] {dagbag.py:541} INFO - Filling up the DagBag from /home/airflow/.local/lib/python3.7/site-packages/airflow/example_dags/example_latest_only_with_trigger.py
[2023-07-27T12:26:32.432+0000] {processor.py:836} INFO - DAG(s) dict_keys(['latest_only_with_trigger']) retrieved from /home/airflow/.local/lib/python3.7/site-packages/airflow/example_dags/example_latest_only_with_trigger.py
[2023-07-27T12:26:32.584+0000] {logging_mixin.py:149} INFO - [2023-07-27T12:26:32.583+0000] {dag.py:2726} INFO - Sync 1 DAGs
[2023-07-27T12:26:32.690+0000] {logging_mixin.py:149} INFO - [2023-07-27T12:26:32.690+0000] {dag.py:3490} INFO - Setting next_dagrun for latest_only_with_trigger to 2023-07-27T08:26:32.690034+00:00, run_after=2023-07-27T12:26:32.690034+00:00
[2023-07-27T12:26:32.767+0000] {processor.py:179} INFO - Processing /home/airflow/.local/lib/python3.7/site-packages/airflow/example_dags/example_latest_only_with_trigger.py took 0.665 seconds
[2023-07-27T12:27:05.113+0000] {processor.py:157} INFO - Started process (PID=938) to work on /home/airflow/.local/lib/python3.7/site-packages/airflow/example_dags/example_latest_only_with_trigger.py
[2023-07-27T12:27:05.130+0000] {processor.py:826} INFO - Processing file /home/airflow/.local/lib/python3.7/site-packages/airflow/example_dags/example_latest_only_with_trigger.py for tasks to queue
[2023-07-27T12:27:05.134+0000] {logging_mixin.py:149} INFO - [2023-07-27T12:27:05.133+0000] {dagbag.py:541} INFO - Filling up the DagBag from /home/airflow/.local/lib/python3.7/site-packages/airflow/example_dags/example_latest_only_with_trigger.py
[2023-07-27T12:27:05.196+0000] {processor.py:836} INFO - DAG(s) dict_keys(['latest_only_with_trigger']) retrieved from /home/airflow/.local/lib/python3.7/site-packages/airflow/example_dags/example_latest_only_with_trigger.py
[2023-07-27T12:27:05.302+0000] {logging_mixin.py:149} INFO - [2023-07-27T12:27:05.302+0000] {dag.py:2726} INFO - Sync 1 DAGs
[2023-07-27T12:27:05.400+0000] {logging_mixin.py:149} INFO - [2023-07-27T12:27:05.399+0000] {dag.py:3490} INFO - Setting next_dagrun for latest_only_with_trigger to 2023-07-27T08:27:05.397271+00:00, run_after=2023-07-27T12:27:05.397271+00:00
[2023-07-27T12:27:05.481+0000] {processor.py:179} INFO - Processing /home/airflow/.local/lib/python3.7/site-packages/airflow/example_dags/example_latest_only_with_trigger.py took 0.400 seconds
[2023-07-27T12:27:41.261+0000] {processor.py:157} INFO - Started process (PID=1004) to work on /home/airflow/.local/lib/python3.7/site-packages/airflow/example_dags/example_latest_only_with_trigger.py
[2023-07-27T12:27:41.265+0000] {processor.py:826} INFO - Processing file /home/airflow/.local/lib/python3.7/site-packages/airflow/example_dags/example_latest_only_with_trigger.py for tasks to queue
[2023-07-27T12:27:41.268+0000] {logging_mixin.py:149} INFO - [2023-07-27T12:27:41.268+0000] {dagbag.py:541} INFO - Filling up the DagBag from /home/airflow/.local/lib/python3.7/site-packages/airflow/example_dags/example_latest_only_with_trigger.py
[2023-07-27T12:27:41.285+0000] {processor.py:836} INFO - DAG(s) dict_keys(['latest_only_with_trigger']) retrieved from /home/airflow/.local/lib/python3.7/site-packages/airflow/example_dags/example_latest_only_with_trigger.py
[2023-07-27T12:27:41.376+0000] {logging_mixin.py:149} INFO - [2023-07-27T12:27:41.375+0000] {dag.py:2726} INFO - Sync 1 DAGs
[2023-07-27T12:27:41.448+0000] {logging_mixin.py:149} INFO - [2023-07-27T12:27:41.448+0000] {dag.py:3490} INFO - Setting next_dagrun for latest_only_with_trigger to 2023-07-27T08:27:41.447471+00:00, run_after=2023-07-27T12:27:41.447471+00:00
[2023-07-27T12:27:41.593+0000] {processor.py:179} INFO - Processing /home/airflow/.local/lib/python3.7/site-packages/airflow/example_dags/example_latest_only_with_trigger.py took 0.346 seconds
[2023-07-27T12:28:16.678+0000] {processor.py:157} INFO - Started process (PID=1058) to work on /home/airflow/.local/lib/python3.7/site-packages/airflow/example_dags/example_latest_only_with_trigger.py
[2023-07-27T12:28:16.682+0000] {processor.py:826} INFO - Processing file /home/airflow/.local/lib/python3.7/site-packages/airflow/example_dags/example_latest_only_with_trigger.py for tasks to queue
[2023-07-27T12:28:16.684+0000] {logging_mixin.py:149} INFO - [2023-07-27T12:28:16.684+0000] {dagbag.py:541} INFO - Filling up the DagBag from /home/airflow/.local/lib/python3.7/site-packages/airflow/example_dags/example_latest_only_with_trigger.py
[2023-07-27T12:28:16.705+0000] {processor.py:836} INFO - DAG(s) dict_keys(['latest_only_with_trigger']) retrieved from /home/airflow/.local/lib/python3.7/site-packages/airflow/example_dags/example_latest_only_with_trigger.py
[2023-07-27T12:28:16.809+0000] {logging_mixin.py:149} INFO - [2023-07-27T12:28:16.809+0000] {dag.py:2726} INFO - Sync 1 DAGs
[2023-07-27T12:28:16.921+0000] {logging_mixin.py:149} INFO - [2023-07-27T12:28:16.920+0000] {dag.py:3490} INFO - Setting next_dagrun for latest_only_with_trigger to 2023-07-27T08:28:16.920022+00:00, run_after=2023-07-27T12:28:16.920022+00:00
[2023-07-27T12:28:17.015+0000] {processor.py:179} INFO - Processing /home/airflow/.local/lib/python3.7/site-packages/airflow/example_dags/example_latest_only_with_trigger.py took 0.367 seconds
[2023-07-27T12:28:49.242+0000] {processor.py:157} INFO - Started process (PID=1116) to work on /home/airflow/.local/lib/python3.7/site-packages/airflow/example_dags/example_latest_only_with_trigger.py
[2023-07-27T12:28:49.255+0000] {processor.py:826} INFO - Processing file /home/airflow/.local/lib/python3.7/site-packages/airflow/example_dags/example_latest_only_with_trigger.py for tasks to queue
[2023-07-27T12:28:49.265+0000] {logging_mixin.py:149} INFO - [2023-07-27T12:28:49.265+0000] {dagbag.py:541} INFO - Filling up the DagBag from /home/airflow/.local/lib/python3.7/site-packages/airflow/example_dags/example_latest_only_with_trigger.py
[2023-07-27T12:28:49.312+0000] {processor.py:836} INFO - DAG(s) dict_keys(['latest_only_with_trigger']) retrieved from /home/airflow/.local/lib/python3.7/site-packages/airflow/example_dags/example_latest_only_with_trigger.py
[2023-07-27T12:28:49.440+0000] {logging_mixin.py:149} INFO - [2023-07-27T12:28:49.439+0000] {dag.py:2726} INFO - Sync 1 DAGs
[2023-07-27T12:28:49.641+0000] {logging_mixin.py:149} INFO - [2023-07-27T12:28:49.641+0000] {dag.py:3490} INFO - Setting next_dagrun for latest_only_with_trigger to 2023-07-27T08:28:49.641035+00:00, run_after=2023-07-27T12:28:49.641035+00:00
[2023-07-27T12:28:49.806+0000] {processor.py:179} INFO - Processing /home/airflow/.local/lib/python3.7/site-packages/airflow/example_dags/example_latest_only_with_trigger.py took 0.578 seconds
[2023-07-27T12:29:20.161+0000] {processor.py:157} INFO - Started process (PID=1174) to work on /home/airflow/.local/lib/python3.7/site-packages/airflow/example_dags/example_latest_only_with_trigger.py
[2023-07-27T12:29:20.169+0000] {processor.py:826} INFO - Processing file /home/airflow/.local/lib/python3.7/site-packages/airflow/example_dags/example_latest_only_with_trigger.py for tasks to queue
[2023-07-27T12:29:20.174+0000] {logging_mixin.py:149} INFO - [2023-07-27T12:29:20.173+0000] {dagbag.py:541} INFO - Filling up the DagBag from /home/airflow/.local/lib/python3.7/site-packages/airflow/example_dags/example_latest_only_with_trigger.py
[2023-07-27T12:29:20.197+0000] {processor.py:836} INFO - DAG(s) dict_keys(['latest_only_with_trigger']) retrieved from /home/airflow/.local/lib/python3.7/site-packages/airflow/example_dags/example_latest_only_with_trigger.py
[2023-07-27T12:29:20.370+0000] {logging_mixin.py:149} INFO - [2023-07-27T12:29:20.370+0000] {dag.py:2726} INFO - Sync 1 DAGs
[2023-07-27T12:29:20.528+0000] {logging_mixin.py:149} INFO - [2023-07-27T12:29:20.527+0000] {dag.py:3490} INFO - Setting next_dagrun for latest_only_with_trigger to 2023-07-27T08:29:20.527542+00:00, run_after=2023-07-27T12:29:20.527542+00:00
[2023-07-27T12:29:20.634+0000] {processor.py:179} INFO - Processing /home/airflow/.local/lib/python3.7/site-packages/airflow/example_dags/example_latest_only_with_trigger.py took 0.486 seconds
[2023-07-27T12:29:51.054+0000] {processor.py:157} INFO - Started process (PID=1231) to work on /home/airflow/.local/lib/python3.7/site-packages/airflow/example_dags/example_latest_only_with_trigger.py
[2023-07-27T12:29:51.058+0000] {processor.py:826} INFO - Processing file /home/airflow/.local/lib/python3.7/site-packages/airflow/example_dags/example_latest_only_with_trigger.py for tasks to queue
[2023-07-27T12:29:51.062+0000] {logging_mixin.py:149} INFO - [2023-07-27T12:29:51.061+0000] {dagbag.py:541} INFO - Filling up the DagBag from /home/airflow/.local/lib/python3.7/site-packages/airflow/example_dags/example_latest_only_with_trigger.py
[2023-07-27T12:29:51.084+0000] {processor.py:836} INFO - DAG(s) dict_keys(['latest_only_with_trigger']) retrieved from /home/airflow/.local/lib/python3.7/site-packages/airflow/example_dags/example_latest_only_with_trigger.py
[2023-07-27T12:29:51.138+0000] {logging_mixin.py:149} INFO - [2023-07-27T12:29:51.137+0000] {dag.py:2726} INFO - Sync 1 DAGs
[2023-07-27T12:29:51.195+0000] {logging_mixin.py:149} INFO - [2023-07-27T12:29:51.195+0000] {dag.py:3490} INFO - Setting next_dagrun for latest_only_with_trigger to 2023-07-27T08:29:51.195181+00:00, run_after=2023-07-27T12:29:51.195181+00:00
[2023-07-27T12:29:51.246+0000] {processor.py:179} INFO - Processing /home/airflow/.local/lib/python3.7/site-packages/airflow/example_dags/example_latest_only_with_trigger.py took 0.198 seconds
[2023-07-27T12:30:25.470+0000] {processor.py:157} INFO - Started process (PID=1284) to work on /home/airflow/.local/lib/python3.7/site-packages/airflow/example_dags/example_latest_only_with_trigger.py
[2023-07-27T12:30:25.474+0000] {processor.py:826} INFO - Processing file /home/airflow/.local/lib/python3.7/site-packages/airflow/example_dags/example_latest_only_with_trigger.py for tasks to queue
[2023-07-27T12:30:25.478+0000] {logging_mixin.py:149} INFO - [2023-07-27T12:30:25.478+0000] {dagbag.py:541} INFO - Filling up the DagBag from /home/airflow/.local/lib/python3.7/site-packages/airflow/example_dags/example_latest_only_with_trigger.py
[2023-07-27T12:30:25.502+0000] {processor.py:836} INFO - DAG(s) dict_keys(['latest_only_with_trigger']) retrieved from /home/airflow/.local/lib/python3.7/site-packages/airflow/example_dags/example_latest_only_with_trigger.py
[2023-07-27T12:30:25.617+0000] {logging_mixin.py:149} INFO - [2023-07-27T12:30:25.617+0000] {dag.py:2726} INFO - Sync 1 DAGs
[2023-07-27T12:30:25.867+0000] {logging_mixin.py:149} INFO - [2023-07-27T12:30:25.865+0000] {dag.py:3490} INFO - Setting next_dagrun for latest_only_with_trigger to 2023-07-27T08:30:25.863443+00:00, run_after=2023-07-27T12:30:25.863443+00:00
[2023-07-27T12:30:25.956+0000] {processor.py:179} INFO - Processing /home/airflow/.local/lib/python3.7/site-packages/airflow/example_dags/example_latest_only_with_trigger.py took 0.497 seconds
[2023-07-27T12:30:57.645+0000] {processor.py:157} INFO - Started process (PID=1341) to work on /home/airflow/.local/lib/python3.7/site-packages/airflow/example_dags/example_latest_only_with_trigger.py
[2023-07-27T12:30:57.649+0000] {processor.py:826} INFO - Processing file /home/airflow/.local/lib/python3.7/site-packages/airflow/example_dags/example_latest_only_with_trigger.py for tasks to queue
[2023-07-27T12:30:57.653+0000] {logging_mixin.py:149} INFO - [2023-07-27T12:30:57.652+0000] {dagbag.py:541} INFO - Filling up the DagBag from /home/airflow/.local/lib/python3.7/site-packages/airflow/example_dags/example_latest_only_with_trigger.py
[2023-07-27T12:30:57.669+0000] {processor.py:836} INFO - DAG(s) dict_keys(['latest_only_with_trigger']) retrieved from /home/airflow/.local/lib/python3.7/site-packages/airflow/example_dags/example_latest_only_with_trigger.py
[2023-07-27T12:30:57.721+0000] {logging_mixin.py:149} INFO - [2023-07-27T12:30:57.721+0000] {dag.py:2726} INFO - Sync 1 DAGs
[2023-07-27T12:30:57.774+0000] {logging_mixin.py:149} INFO - [2023-07-27T12:30:57.774+0000] {dag.py:3490} INFO - Setting next_dagrun for latest_only_with_trigger to 2023-07-27T08:30:57.773649+00:00, run_after=2023-07-27T12:30:57.773649+00:00
[2023-07-27T12:30:57.828+0000] {processor.py:179} INFO - Processing /home/airflow/.local/lib/python3.7/site-packages/airflow/example_dags/example_latest_only_with_trigger.py took 0.194 seconds
[2023-07-27T12:31:28.801+0000] {processor.py:157} INFO - Started process (PID=1399) to work on /home/airflow/.local/lib/python3.7/site-packages/airflow/example_dags/example_latest_only_with_trigger.py
[2023-07-27T12:31:28.806+0000] {processor.py:826} INFO - Processing file /home/airflow/.local/lib/python3.7/site-packages/airflow/example_dags/example_latest_only_with_trigger.py for tasks to queue
[2023-07-27T12:31:28.808+0000] {logging_mixin.py:149} INFO - [2023-07-27T12:31:28.808+0000] {dagbag.py:541} INFO - Filling up the DagBag from /home/airflow/.local/lib/python3.7/site-packages/airflow/example_dags/example_latest_only_with_trigger.py
[2023-07-27T12:31:28.821+0000] {processor.py:836} INFO - DAG(s) dict_keys(['latest_only_with_trigger']) retrieved from /home/airflow/.local/lib/python3.7/site-packages/airflow/example_dags/example_latest_only_with_trigger.py
[2023-07-27T12:31:28.879+0000] {logging_mixin.py:149} INFO - [2023-07-27T12:31:28.879+0000] {dag.py:2726} INFO - Sync 1 DAGs
[2023-07-27T12:31:29.049+0000] {logging_mixin.py:149} INFO - [2023-07-27T12:31:29.049+0000] {dag.py:3490} INFO - Setting next_dagrun for latest_only_with_trigger to 2023-07-27T08:31:29.048501+00:00, run_after=2023-07-27T12:31:29.048501+00:00
[2023-07-27T12:31:29.107+0000] {processor.py:179} INFO - Processing /home/airflow/.local/lib/python3.7/site-packages/airflow/example_dags/example_latest_only_with_trigger.py took 0.311 seconds
[2023-07-27T12:32:01.682+0000] {processor.py:157} INFO - Started process (PID=1457) to work on /home/airflow/.local/lib/python3.7/site-packages/airflow/example_dags/example_latest_only_with_trigger.py
[2023-07-27T12:32:01.687+0000] {processor.py:826} INFO - Processing file /home/airflow/.local/lib/python3.7/site-packages/airflow/example_dags/example_latest_only_with_trigger.py for tasks to queue
[2023-07-27T12:32:01.693+0000] {logging_mixin.py:149} INFO - [2023-07-27T12:32:01.692+0000] {dagbag.py:541} INFO - Filling up the DagBag from /home/airflow/.local/lib/python3.7/site-packages/airflow/example_dags/example_latest_only_with_trigger.py
[2023-07-27T12:32:01.733+0000] {processor.py:836} INFO - DAG(s) dict_keys(['latest_only_with_trigger']) retrieved from /home/airflow/.local/lib/python3.7/site-packages/airflow/example_dags/example_latest_only_with_trigger.py
[2023-07-27T12:32:01.812+0000] {logging_mixin.py:149} INFO - [2023-07-27T12:32:01.812+0000] {dag.py:2726} INFO - Sync 1 DAGs
[2023-07-27T12:32:02.030+0000] {logging_mixin.py:149} INFO - [2023-07-27T12:32:02.030+0000] {dag.py:3490} INFO - Setting next_dagrun for latest_only_with_trigger to 2023-07-27T08:32:02.030251+00:00, run_after=2023-07-27T12:32:02.030251+00:00
[2023-07-27T12:32:02.113+0000] {processor.py:179} INFO - Processing /home/airflow/.local/lib/python3.7/site-packages/airflow/example_dags/example_latest_only_with_trigger.py took 0.450 seconds
[2023-07-27T12:32:32.947+0000] {processor.py:157} INFO - Started process (PID=1513) to work on /home/airflow/.local/lib/python3.7/site-packages/airflow/example_dags/example_latest_only_with_trigger.py
[2023-07-27T12:32:32.950+0000] {processor.py:826} INFO - Processing file /home/airflow/.local/lib/python3.7/site-packages/airflow/example_dags/example_latest_only_with_trigger.py for tasks to queue
[2023-07-27T12:32:32.954+0000] {logging_mixin.py:149} INFO - [2023-07-27T12:32:32.954+0000] {dagbag.py:541} INFO - Filling up the DagBag from /home/airflow/.local/lib/python3.7/site-packages/airflow/example_dags/example_latest_only_with_trigger.py
[2023-07-27T12:32:32.979+0000] {processor.py:836} INFO - DAG(s) dict_keys(['latest_only_with_trigger']) retrieved from /home/airflow/.local/lib/python3.7/site-packages/airflow/example_dags/example_latest_only_with_trigger.py
[2023-07-27T12:32:33.059+0000] {logging_mixin.py:149} INFO - [2023-07-27T12:32:33.058+0000] {dag.py:2726} INFO - Sync 1 DAGs
[2023-07-27T12:32:33.180+0000] {logging_mixin.py:149} INFO - [2023-07-27T12:32:33.177+0000] {dag.py:3490} INFO - Setting next_dagrun for latest_only_with_trigger to 2023-07-27T08:32:33.177421+00:00, run_after=2023-07-27T12:32:33.177421+00:00
[2023-07-27T12:32:33.454+0000] {processor.py:179} INFO - Processing /home/airflow/.local/lib/python3.7/site-packages/airflow/example_dags/example_latest_only_with_trigger.py took 0.517 seconds
[2023-07-27T12:33:09.183+0000] {processor.py:157} INFO - Started process (PID=1574) to work on /home/airflow/.local/lib/python3.7/site-packages/airflow/example_dags/example_latest_only_with_trigger.py
[2023-07-27T12:33:09.236+0000] {processor.py:826} INFO - Processing file /home/airflow/.local/lib/python3.7/site-packages/airflow/example_dags/example_latest_only_with_trigger.py for tasks to queue
[2023-07-27T12:33:09.300+0000] {logging_mixin.py:149} INFO - [2023-07-27T12:33:09.294+0000] {dagbag.py:541} INFO - Filling up the DagBag from /home/airflow/.local/lib/python3.7/site-packages/airflow/example_dags/example_latest_only_with_trigger.py
[2023-07-27T12:33:09.342+0000] {processor.py:836} INFO - DAG(s) dict_keys(['latest_only_with_trigger']) retrieved from /home/airflow/.local/lib/python3.7/site-packages/airflow/example_dags/example_latest_only_with_trigger.py
[2023-07-27T12:33:09.389+0000] {logging_mixin.py:149} INFO - [2023-07-27T12:33:09.389+0000] {dag.py:2726} INFO - Sync 1 DAGs
[2023-07-27T12:33:09.479+0000] {logging_mixin.py:149} INFO - [2023-07-27T12:33:09.469+0000] {dag.py:3490} INFO - Setting next_dagrun for latest_only_with_trigger to 2023-07-27T08:33:09.466822+00:00, run_after=2023-07-27T12:33:09.466822+00:00
[2023-07-27T12:33:09.590+0000] {processor.py:179} INFO - Processing /home/airflow/.local/lib/python3.7/site-packages/airflow/example_dags/example_latest_only_with_trigger.py took 0.434 seconds
[2023-07-27T12:33:40.053+0000] {processor.py:157} INFO - Started process (PID=1629) to work on /home/airflow/.local/lib/python3.7/site-packages/airflow/example_dags/example_latest_only_with_trigger.py
[2023-07-27T12:33:40.069+0000] {processor.py:826} INFO - Processing file /home/airflow/.local/lib/python3.7/site-packages/airflow/example_dags/example_latest_only_with_trigger.py for tasks to queue
[2023-07-27T12:33:40.093+0000] {logging_mixin.py:149} INFO - [2023-07-27T12:33:40.093+0000] {dagbag.py:541} INFO - Filling up the DagBag from /home/airflow/.local/lib/python3.7/site-packages/airflow/example_dags/example_latest_only_with_trigger.py
[2023-07-27T12:33:40.127+0000] {processor.py:836} INFO - DAG(s) dict_keys(['latest_only_with_trigger']) retrieved from /home/airflow/.local/lib/python3.7/site-packages/airflow/example_dags/example_latest_only_with_trigger.py
[2023-07-27T12:33:40.274+0000] {logging_mixin.py:149} INFO - [2023-07-27T12:33:40.273+0000] {dag.py:2726} INFO - Sync 1 DAGs
[2023-07-27T12:33:40.387+0000] {logging_mixin.py:149} INFO - [2023-07-27T12:33:40.387+0000] {dag.py:3490} INFO - Setting next_dagrun for latest_only_with_trigger to 2023-07-27T08:33:40.386436+00:00, run_after=2023-07-27T12:33:40.386436+00:00
[2023-07-27T12:33:40.512+0000] {processor.py:179} INFO - Processing /home/airflow/.local/lib/python3.7/site-packages/airflow/example_dags/example_latest_only_with_trigger.py took 0.471 seconds
[2023-07-27T12:34:10.706+0000] {processor.py:157} INFO - Started process (PID=1687) to work on /home/airflow/.local/lib/python3.7/site-packages/airflow/example_dags/example_latest_only_with_trigger.py
[2023-07-27T12:34:10.710+0000] {processor.py:826} INFO - Processing file /home/airflow/.local/lib/python3.7/site-packages/airflow/example_dags/example_latest_only_with_trigger.py for tasks to queue
[2023-07-27T12:34:10.715+0000] {logging_mixin.py:149} INFO - [2023-07-27T12:34:10.715+0000] {dagbag.py:541} INFO - Filling up the DagBag from /home/airflow/.local/lib/python3.7/site-packages/airflow/example_dags/example_latest_only_with_trigger.py
[2023-07-27T12:34:10.781+0000] {processor.py:836} INFO - DAG(s) dict_keys(['latest_only_with_trigger']) retrieved from /home/airflow/.local/lib/python3.7/site-packages/airflow/example_dags/example_latest_only_with_trigger.py
[2023-07-27T12:34:10.896+0000] {logging_mixin.py:149} INFO - [2023-07-27T12:34:10.895+0000] {dag.py:2726} INFO - Sync 1 DAGs
[2023-07-27T12:34:11.041+0000] {logging_mixin.py:149} INFO - [2023-07-27T12:34:11.041+0000] {dag.py:3490} INFO - Setting next_dagrun for latest_only_with_trigger to 2023-07-27T08:34:11.040493+00:00, run_after=2023-07-27T12:34:11.040493+00:00
[2023-07-27T12:34:11.090+0000] {processor.py:179} INFO - Processing /home/airflow/.local/lib/python3.7/site-packages/airflow/example_dags/example_latest_only_with_trigger.py took 0.401 seconds
[2023-07-27T12:34:41.176+0000] {processor.py:157} INFO - Started process (PID=1745) to work on /home/airflow/.local/lib/python3.7/site-packages/airflow/example_dags/example_latest_only_with_trigger.py
[2023-07-27T12:34:41.178+0000] {processor.py:826} INFO - Processing file /home/airflow/.local/lib/python3.7/site-packages/airflow/example_dags/example_latest_only_with_trigger.py for tasks to queue
[2023-07-27T12:34:41.181+0000] {logging_mixin.py:149} INFO - [2023-07-27T12:34:41.181+0000] {dagbag.py:541} INFO - Filling up the DagBag from /home/airflow/.local/lib/python3.7/site-packages/airflow/example_dags/example_latest_only_with_trigger.py
[2023-07-27T12:34:41.195+0000] {processor.py:836} INFO - DAG(s) dict_keys(['latest_only_with_trigger']) retrieved from /home/airflow/.local/lib/python3.7/site-packages/airflow/example_dags/example_latest_only_with_trigger.py
[2023-07-27T12:34:41.247+0000] {logging_mixin.py:149} INFO - [2023-07-27T12:34:41.245+0000] {dag.py:2726} INFO - Sync 1 DAGs
[2023-07-27T12:34:41.480+0000] {logging_mixin.py:149} INFO - [2023-07-27T12:34:41.480+0000] {dag.py:3490} INFO - Setting next_dagrun for latest_only_with_trigger to 2023-07-27T08:34:41.478827+00:00, run_after=2023-07-27T12:34:41.478827+00:00
[2023-07-27T12:34:41.530+0000] {processor.py:179} INFO - Processing /home/airflow/.local/lib/python3.7/site-packages/airflow/example_dags/example_latest_only_with_trigger.py took 0.361 seconds
[2023-07-27T12:35:12.452+0000] {processor.py:157} INFO - Started process (PID=1803) to work on /home/airflow/.local/lib/python3.7/site-packages/airflow/example_dags/example_latest_only_with_trigger.py
[2023-07-27T12:35:12.457+0000] {processor.py:826} INFO - Processing file /home/airflow/.local/lib/python3.7/site-packages/airflow/example_dags/example_latest_only_with_trigger.py for tasks to queue
[2023-07-27T12:35:12.464+0000] {logging_mixin.py:149} INFO - [2023-07-27T12:35:12.461+0000] {dagbag.py:541} INFO - Filling up the DagBag from /home/airflow/.local/lib/python3.7/site-packages/airflow/example_dags/example_latest_only_with_trigger.py
[2023-07-27T12:35:12.531+0000] {processor.py:836} INFO - DAG(s) dict_keys(['latest_only_with_trigger']) retrieved from /home/airflow/.local/lib/python3.7/site-packages/airflow/example_dags/example_latest_only_with_trigger.py
[2023-07-27T12:35:12.887+0000] {logging_mixin.py:149} INFO - [2023-07-27T12:35:12.887+0000] {dag.py:2726} INFO - Sync 1 DAGs
[2023-07-27T12:35:13.763+0000] {logging_mixin.py:149} INFO - [2023-07-27T12:35:13.761+0000] {dag.py:3490} INFO - Setting next_dagrun for latest_only_with_trigger to 2023-07-27T08:35:13.760395+00:00, run_after=2023-07-27T12:35:13.760395+00:00
[2023-07-27T12:35:14.001+0000] {processor.py:179} INFO - Processing /home/airflow/.local/lib/python3.7/site-packages/airflow/example_dags/example_latest_only_with_trigger.py took 1.562 seconds
[2023-07-27T12:35:44.592+0000] {processor.py:157} INFO - Started process (PID=1867) to work on /home/airflow/.local/lib/python3.7/site-packages/airflow/example_dags/example_latest_only_with_trigger.py
[2023-07-27T12:35:44.597+0000] {processor.py:826} INFO - Processing file /home/airflow/.local/lib/python3.7/site-packages/airflow/example_dags/example_latest_only_with_trigger.py for tasks to queue
[2023-07-27T12:35:44.611+0000] {logging_mixin.py:149} INFO - [2023-07-27T12:35:44.609+0000] {dagbag.py:541} INFO - Filling up the DagBag from /home/airflow/.local/lib/python3.7/site-packages/airflow/example_dags/example_latest_only_with_trigger.py
[2023-07-27T12:35:44.634+0000] {processor.py:836} INFO - DAG(s) dict_keys(['latest_only_with_trigger']) retrieved from /home/airflow/.local/lib/python3.7/site-packages/airflow/example_dags/example_latest_only_with_trigger.py
[2023-07-27T12:35:44.713+0000] {logging_mixin.py:149} INFO - [2023-07-27T12:35:44.713+0000] {dag.py:2726} INFO - Sync 1 DAGs
[2023-07-27T12:35:44.824+0000] {logging_mixin.py:149} INFO - [2023-07-27T12:35:44.824+0000] {dag.py:3490} INFO - Setting next_dagrun for latest_only_with_trigger to 2023-07-27T08:35:44.820532+00:00, run_after=2023-07-27T12:35:44.820532+00:00
[2023-07-27T12:35:44.908+0000] {processor.py:179} INFO - Processing /home/airflow/.local/lib/python3.7/site-packages/airflow/example_dags/example_latest_only_with_trigger.py took 0.327 seconds
[2023-07-27T12:36:15.384+0000] {processor.py:157} INFO - Started process (PID=1924) to work on /home/airflow/.local/lib/python3.7/site-packages/airflow/example_dags/example_latest_only_with_trigger.py
[2023-07-27T12:36:15.394+0000] {processor.py:826} INFO - Processing file /home/airflow/.local/lib/python3.7/site-packages/airflow/example_dags/example_latest_only_with_trigger.py for tasks to queue
[2023-07-27T12:36:15.404+0000] {logging_mixin.py:149} INFO - [2023-07-27T12:36:15.404+0000] {dagbag.py:541} INFO - Filling up the DagBag from /home/airflow/.local/lib/python3.7/site-packages/airflow/example_dags/example_latest_only_with_trigger.py
[2023-07-27T12:36:15.422+0000] {processor.py:836} INFO - DAG(s) dict_keys(['latest_only_with_trigger']) retrieved from /home/airflow/.local/lib/python3.7/site-packages/airflow/example_dags/example_latest_only_with_trigger.py
[2023-07-27T12:36:15.471+0000] {logging_mixin.py:149} INFO - [2023-07-27T12:36:15.471+0000] {dag.py:2726} INFO - Sync 1 DAGs
[2023-07-27T12:36:15.589+0000] {logging_mixin.py:149} INFO - [2023-07-27T12:36:15.588+0000] {dag.py:3490} INFO - Setting next_dagrun for latest_only_with_trigger to 2023-07-27T08:36:15.588390+00:00, run_after=2023-07-27T12:36:15.588390+00:00
[2023-07-27T12:36:15.648+0000] {processor.py:179} INFO - Processing /home/airflow/.local/lib/python3.7/site-packages/airflow/example_dags/example_latest_only_with_trigger.py took 0.274 seconds
[2023-07-27T12:36:46.129+0000] {processor.py:157} INFO - Started process (PID=1981) to work on /home/airflow/.local/lib/python3.7/site-packages/airflow/example_dags/example_latest_only_with_trigger.py
[2023-07-27T12:36:46.135+0000] {processor.py:826} INFO - Processing file /home/airflow/.local/lib/python3.7/site-packages/airflow/example_dags/example_latest_only_with_trigger.py for tasks to queue
[2023-07-27T12:36:46.138+0000] {logging_mixin.py:149} INFO - [2023-07-27T12:36:46.138+0000] {dagbag.py:541} INFO - Filling up the DagBag from /home/airflow/.local/lib/python3.7/site-packages/airflow/example_dags/example_latest_only_with_trigger.py
[2023-07-27T12:36:46.171+0000] {processor.py:836} INFO - DAG(s) dict_keys(['latest_only_with_trigger']) retrieved from /home/airflow/.local/lib/python3.7/site-packages/airflow/example_dags/example_latest_only_with_trigger.py
[2023-07-27T12:36:46.517+0000] {logging_mixin.py:149} INFO - [2023-07-27T12:36:46.516+0000] {dag.py:2726} INFO - Sync 1 DAGs
[2023-07-27T12:36:46.650+0000] {logging_mixin.py:149} INFO - [2023-07-27T12:36:46.650+0000] {dag.py:3490} INFO - Setting next_dagrun for latest_only_with_trigger to 2023-07-27T08:36:46.649208+00:00, run_after=2023-07-27T12:36:46.649208+00:00
[2023-07-27T12:36:46.700+0000] {processor.py:179} INFO - Processing /home/airflow/.local/lib/python3.7/site-packages/airflow/example_dags/example_latest_only_with_trigger.py took 0.581 seconds
[2023-07-27T12:37:17.250+0000] {processor.py:157} INFO - Started process (PID=2039) to work on /home/airflow/.local/lib/python3.7/site-packages/airflow/example_dags/example_latest_only_with_trigger.py
[2023-07-27T12:37:17.254+0000] {processor.py:826} INFO - Processing file /home/airflow/.local/lib/python3.7/site-packages/airflow/example_dags/example_latest_only_with_trigger.py for tasks to queue
[2023-07-27T12:37:17.257+0000] {logging_mixin.py:149} INFO - [2023-07-27T12:37:17.256+0000] {dagbag.py:541} INFO - Filling up the DagBag from /home/airflow/.local/lib/python3.7/site-packages/airflow/example_dags/example_latest_only_with_trigger.py
[2023-07-27T12:37:17.269+0000] {processor.py:836} INFO - DAG(s) dict_keys(['latest_only_with_trigger']) retrieved from /home/airflow/.local/lib/python3.7/site-packages/airflow/example_dags/example_latest_only_with_trigger.py
[2023-07-27T12:37:17.324+0000] {logging_mixin.py:149} INFO - [2023-07-27T12:37:17.324+0000] {dag.py:2726} INFO - Sync 1 DAGs
[2023-07-27T12:37:17.400+0000] {logging_mixin.py:149} INFO - [2023-07-27T12:37:17.400+0000] {dag.py:3490} INFO - Setting next_dagrun for latest_only_with_trigger to 2023-07-27T08:37:17.400011+00:00, run_after=2023-07-27T12:37:17.400011+00:00
[2023-07-27T12:37:17.505+0000] {processor.py:179} INFO - Processing /home/airflow/.local/lib/python3.7/site-packages/airflow/example_dags/example_latest_only_with_trigger.py took 0.263 seconds
[2023-07-27T12:37:48.126+0000] {processor.py:157} INFO - Started process (PID=2097) to work on /home/airflow/.local/lib/python3.7/site-packages/airflow/example_dags/example_latest_only_with_trigger.py
[2023-07-27T12:37:48.130+0000] {processor.py:826} INFO - Processing file /home/airflow/.local/lib/python3.7/site-packages/airflow/example_dags/example_latest_only_with_trigger.py for tasks to queue
[2023-07-27T12:37:48.133+0000] {logging_mixin.py:149} INFO - [2023-07-27T12:37:48.133+0000] {dagbag.py:541} INFO - Filling up the DagBag from /home/airflow/.local/lib/python3.7/site-packages/airflow/example_dags/example_latest_only_with_trigger.py
[2023-07-27T12:37:48.147+0000] {processor.py:836} INFO - DAG(s) dict_keys(['latest_only_with_trigger']) retrieved from /home/airflow/.local/lib/python3.7/site-packages/airflow/example_dags/example_latest_only_with_trigger.py
[2023-07-27T12:37:48.197+0000] {logging_mixin.py:149} INFO - [2023-07-27T12:37:48.197+0000] {dag.py:2726} INFO - Sync 1 DAGs
[2023-07-27T12:37:48.259+0000] {logging_mixin.py:149} INFO - [2023-07-27T12:37:48.259+0000] {dag.py:3490} INFO - Setting next_dagrun for latest_only_with_trigger to 2023-07-27T08:37:48.258916+00:00, run_after=2023-07-27T12:37:48.258916+00:00
[2023-07-27T12:37:48.318+0000] {processor.py:179} INFO - Processing /home/airflow/.local/lib/python3.7/site-packages/airflow/example_dags/example_latest_only_with_trigger.py took 0.199 seconds
[2023-07-27T12:38:18.576+0000] {processor.py:157} INFO - Started process (PID=2155) to work on /home/airflow/.local/lib/python3.7/site-packages/airflow/example_dags/example_latest_only_with_trigger.py
[2023-07-27T12:38:18.580+0000] {processor.py:826} INFO - Processing file /home/airflow/.local/lib/python3.7/site-packages/airflow/example_dags/example_latest_only_with_trigger.py for tasks to queue
[2023-07-27T12:38:18.583+0000] {logging_mixin.py:149} INFO - [2023-07-27T12:38:18.582+0000] {dagbag.py:541} INFO - Filling up the DagBag from /home/airflow/.local/lib/python3.7/site-packages/airflow/example_dags/example_latest_only_with_trigger.py
[2023-07-27T12:38:18.595+0000] {processor.py:836} INFO - DAG(s) dict_keys(['latest_only_with_trigger']) retrieved from /home/airflow/.local/lib/python3.7/site-packages/airflow/example_dags/example_latest_only_with_trigger.py
[2023-07-27T12:38:18.653+0000] {logging_mixin.py:149} INFO - [2023-07-27T12:38:18.652+0000] {dag.py:2726} INFO - Sync 1 DAGs
[2023-07-27T12:38:18.751+0000] {logging_mixin.py:149} INFO - [2023-07-27T12:38:18.751+0000] {dag.py:3490} INFO - Setting next_dagrun for latest_only_with_trigger to 2023-07-27T08:38:18.750271+00:00, run_after=2023-07-27T12:38:18.750271+00:00
[2023-07-27T12:38:18.807+0000] {processor.py:179} INFO - Processing /home/airflow/.local/lib/python3.7/site-packages/airflow/example_dags/example_latest_only_with_trigger.py took 0.236 seconds
[2023-07-27T12:38:49.417+0000] {processor.py:157} INFO - Started process (PID=2214) to work on /home/airflow/.local/lib/python3.7/site-packages/airflow/example_dags/example_latest_only_with_trigger.py
[2023-07-27T12:38:49.434+0000] {processor.py:826} INFO - Processing file /home/airflow/.local/lib/python3.7/site-packages/airflow/example_dags/example_latest_only_with_trigger.py for tasks to queue
[2023-07-27T12:38:49.446+0000] {logging_mixin.py:149} INFO - [2023-07-27T12:38:49.444+0000] {dagbag.py:541} INFO - Filling up the DagBag from /home/airflow/.local/lib/python3.7/site-packages/airflow/example_dags/example_latest_only_with_trigger.py
[2023-07-27T12:38:49.516+0000] {processor.py:836} INFO - DAG(s) dict_keys(['latest_only_with_trigger']) retrieved from /home/airflow/.local/lib/python3.7/site-packages/airflow/example_dags/example_latest_only_with_trigger.py
[2023-07-27T12:38:49.627+0000] {logging_mixin.py:149} INFO - [2023-07-27T12:38:49.627+0000] {dag.py:2726} INFO - Sync 1 DAGs
[2023-07-27T12:38:49.792+0000] {logging_mixin.py:149} INFO - [2023-07-27T12:38:49.789+0000] {dag.py:3490} INFO - Setting next_dagrun for latest_only_with_trigger to 2023-07-27T08:38:49.788520+00:00, run_after=2023-07-27T12:38:49.788520+00:00
[2023-07-27T12:38:49.895+0000] {processor.py:179} INFO - Processing /home/airflow/.local/lib/python3.7/site-packages/airflow/example_dags/example_latest_only_with_trigger.py took 0.495 seconds
[2023-07-27T12:39:20.397+0000] {processor.py:157} INFO - Started process (PID=2272) to work on /home/airflow/.local/lib/python3.7/site-packages/airflow/example_dags/example_latest_only_with_trigger.py
[2023-07-27T12:39:20.402+0000] {processor.py:826} INFO - Processing file /home/airflow/.local/lib/python3.7/site-packages/airflow/example_dags/example_latest_only_with_trigger.py for tasks to queue
[2023-07-27T12:39:20.406+0000] {logging_mixin.py:149} INFO - [2023-07-27T12:39:20.405+0000] {dagbag.py:541} INFO - Filling up the DagBag from /home/airflow/.local/lib/python3.7/site-packages/airflow/example_dags/example_latest_only_with_trigger.py
[2023-07-27T12:39:20.443+0000] {processor.py:836} INFO - DAG(s) dict_keys(['latest_only_with_trigger']) retrieved from /home/airflow/.local/lib/python3.7/site-packages/airflow/example_dags/example_latest_only_with_trigger.py
[2023-07-27T12:39:20.517+0000] {logging_mixin.py:149} INFO - [2023-07-27T12:39:20.517+0000] {dag.py:2726} INFO - Sync 1 DAGs
[2023-07-27T12:39:20.591+0000] {logging_mixin.py:149} INFO - [2023-07-27T12:39:20.591+0000] {dag.py:3490} INFO - Setting next_dagrun for latest_only_with_trigger to 2023-07-27T08:39:20.590902+00:00, run_after=2023-07-27T12:39:20.590902+00:00
[2023-07-27T12:39:20.669+0000] {processor.py:179} INFO - Processing /home/airflow/.local/lib/python3.7/site-packages/airflow/example_dags/example_latest_only_with_trigger.py took 0.284 seconds
