[2023-07-27T12:25:52.859+0000] {processor.py:157} INFO - Started process (PID=814) to work on /home/airflow/.local/lib/python3.7/site-packages/airflow/example_dags/example_trigger_target_dag.py
[2023-07-27T12:25:52.868+0000] {processor.py:826} INFO - Processing file /home/airflow/.local/lib/python3.7/site-packages/airflow/example_dags/example_trigger_target_dag.py for tasks to queue
[2023-07-27T12:25:52.882+0000] {logging_mixin.py:149} INFO - [2023-07-27T12:25:52.880+0000] {dagbag.py:541} INFO - Filling up the DagBag from /home/airflow/.local/lib/python3.7/site-packages/airflow/example_dags/example_trigger_target_dag.py
[2023-07-27T12:25:52.909+0000] {processor.py:836} INFO - DAG(s) dict_keys(['example_trigger_target_dag']) retrieved from /home/airflow/.local/lib/python3.7/site-packages/airflow/example_dags/example_trigger_target_dag.py
[2023-07-27T12:25:52.996+0000] {logging_mixin.py:149} INFO - [2023-07-27T12:25:52.996+0000] {dag.py:2726} INFO - Sync 1 DAGs
[2023-07-27T12:25:53.298+0000] {logging_mixin.py:149} INFO - [2023-07-27T12:25:53.260+0000] {dag.py:3490} INFO - Setting next_dagrun for example_trigger_target_dag to None, run_after=None
[2023-07-27T12:25:53.796+0000] {processor.py:179} INFO - Processing /home/airflow/.local/lib/python3.7/site-packages/airflow/example_dags/example_trigger_target_dag.py took 0.951 seconds
[2023-07-27T12:26:24.249+0000] {processor.py:157} INFO - Started process (PID=872) to work on /home/airflow/.local/lib/python3.7/site-packages/airflow/example_dags/example_trigger_target_dag.py
[2023-07-27T12:26:24.253+0000] {processor.py:826} INFO - Processing file /home/airflow/.local/lib/python3.7/site-packages/airflow/example_dags/example_trigger_target_dag.py for tasks to queue
[2023-07-27T12:26:24.260+0000] {logging_mixin.py:149} INFO - [2023-07-27T12:26:24.259+0000] {dagbag.py:541} INFO - Filling up the DagBag from /home/airflow/.local/lib/python3.7/site-packages/airflow/example_dags/example_trigger_target_dag.py
[2023-07-27T12:26:24.282+0000] {processor.py:836} INFO - DAG(s) dict_keys(['example_trigger_target_dag']) retrieved from /home/airflow/.local/lib/python3.7/site-packages/airflow/example_dags/example_trigger_target_dag.py
[2023-07-27T12:26:24.343+0000] {logging_mixin.py:149} INFO - [2023-07-27T12:26:24.343+0000] {dag.py:2726} INFO - Sync 1 DAGs
[2023-07-27T12:26:24.420+0000] {logging_mixin.py:149} INFO - [2023-07-27T12:26:24.419+0000] {dag.py:3490} INFO - Setting next_dagrun for example_trigger_target_dag to None, run_after=None
[2023-07-27T12:26:24.486+0000] {processor.py:179} INFO - Processing /home/airflow/.local/lib/python3.7/site-packages/airflow/example_dags/example_trigger_target_dag.py took 0.248 seconds
[2023-07-27T12:27:02.110+0000] {processor.py:157} INFO - Started process (PID=930) to work on /home/airflow/.local/lib/python3.7/site-packages/airflow/example_dags/example_trigger_target_dag.py
[2023-07-27T12:27:02.130+0000] {processor.py:826} INFO - Processing file /home/airflow/.local/lib/python3.7/site-packages/airflow/example_dags/example_trigger_target_dag.py for tasks to queue
[2023-07-27T12:27:02.144+0000] {logging_mixin.py:149} INFO - [2023-07-27T12:27:02.143+0000] {dagbag.py:541} INFO - Filling up the DagBag from /home/airflow/.local/lib/python3.7/site-packages/airflow/example_dags/example_trigger_target_dag.py
[2023-07-27T12:27:02.215+0000] {processor.py:836} INFO - DAG(s) dict_keys(['example_trigger_target_dag']) retrieved from /home/airflow/.local/lib/python3.7/site-packages/airflow/example_dags/example_trigger_target_dag.py
[2023-07-27T12:27:02.347+0000] {logging_mixin.py:149} INFO - [2023-07-27T12:27:02.347+0000] {dag.py:2726} INFO - Sync 1 DAGs
[2023-07-27T12:27:02.548+0000] {logging_mixin.py:149} INFO - [2023-07-27T12:27:02.548+0000] {dag.py:3490} INFO - Setting next_dagrun for example_trigger_target_dag to None, run_after=None
[2023-07-27T12:27:02.777+0000] {processor.py:179} INFO - Processing /home/airflow/.local/lib/python3.7/site-packages/airflow/example_dags/example_trigger_target_dag.py took 0.712 seconds
[2023-07-27T12:27:35.828+0000] {processor.py:157} INFO - Started process (PID=985) to work on /home/airflow/.local/lib/python3.7/site-packages/airflow/example_dags/example_trigger_target_dag.py
[2023-07-27T12:27:35.834+0000] {processor.py:826} INFO - Processing file /home/airflow/.local/lib/python3.7/site-packages/airflow/example_dags/example_trigger_target_dag.py for tasks to queue
[2023-07-27T12:27:35.840+0000] {logging_mixin.py:149} INFO - [2023-07-27T12:27:35.839+0000] {dagbag.py:541} INFO - Filling up the DagBag from /home/airflow/.local/lib/python3.7/site-packages/airflow/example_dags/example_trigger_target_dag.py
[2023-07-27T12:27:35.861+0000] {processor.py:836} INFO - DAG(s) dict_keys(['example_trigger_target_dag']) retrieved from /home/airflow/.local/lib/python3.7/site-packages/airflow/example_dags/example_trigger_target_dag.py
[2023-07-27T12:27:35.976+0000] {logging_mixin.py:149} INFO - [2023-07-27T12:27:35.976+0000] {dag.py:2726} INFO - Sync 1 DAGs
[2023-07-27T12:27:36.200+0000] {logging_mixin.py:149} INFO - [2023-07-27T12:27:36.200+0000] {dag.py:3490} INFO - Setting next_dagrun for example_trigger_target_dag to None, run_after=None
[2023-07-27T12:27:36.525+0000] {processor.py:179} INFO - Processing /home/airflow/.local/lib/python3.7/site-packages/airflow/example_dags/example_trigger_target_dag.py took 0.707 seconds
[2023-07-27T12:28:12.589+0000] {processor.py:157} INFO - Started process (PID=1045) to work on /home/airflow/.local/lib/python3.7/site-packages/airflow/example_dags/example_trigger_target_dag.py
[2023-07-27T12:28:12.594+0000] {processor.py:826} INFO - Processing file /home/airflow/.local/lib/python3.7/site-packages/airflow/example_dags/example_trigger_target_dag.py for tasks to queue
[2023-07-27T12:28:12.614+0000] {logging_mixin.py:149} INFO - [2023-07-27T12:28:12.614+0000] {dagbag.py:541} INFO - Filling up the DagBag from /home/airflow/.local/lib/python3.7/site-packages/airflow/example_dags/example_trigger_target_dag.py
[2023-07-27T12:28:12.655+0000] {processor.py:836} INFO - DAG(s) dict_keys(['example_trigger_target_dag']) retrieved from /home/airflow/.local/lib/python3.7/site-packages/airflow/example_dags/example_trigger_target_dag.py
[2023-07-27T12:28:12.760+0000] {logging_mixin.py:149} INFO - [2023-07-27T12:28:12.759+0000] {dag.py:2726} INFO - Sync 1 DAGs
[2023-07-27T12:28:12.852+0000] {logging_mixin.py:149} INFO - [2023-07-27T12:28:12.852+0000] {dag.py:3490} INFO - Setting next_dagrun for example_trigger_target_dag to None, run_after=None
[2023-07-27T12:28:12.909+0000] {processor.py:179} INFO - Processing /home/airflow/.local/lib/python3.7/site-packages/airflow/example_dags/example_trigger_target_dag.py took 0.351 seconds
[2023-07-27T12:28:44.361+0000] {processor.py:157} INFO - Started process (PID=1103) to work on /home/airflow/.local/lib/python3.7/site-packages/airflow/example_dags/example_trigger_target_dag.py
[2023-07-27T12:28:44.378+0000] {processor.py:826} INFO - Processing file /home/airflow/.local/lib/python3.7/site-packages/airflow/example_dags/example_trigger_target_dag.py for tasks to queue
[2023-07-27T12:28:44.386+0000] {logging_mixin.py:149} INFO - [2023-07-27T12:28:44.385+0000] {dagbag.py:541} INFO - Filling up the DagBag from /home/airflow/.local/lib/python3.7/site-packages/airflow/example_dags/example_trigger_target_dag.py
[2023-07-27T12:28:44.443+0000] {processor.py:836} INFO - DAG(s) dict_keys(['example_trigger_target_dag']) retrieved from /home/airflow/.local/lib/python3.7/site-packages/airflow/example_dags/example_trigger_target_dag.py
[2023-07-27T12:28:44.520+0000] {logging_mixin.py:149} INFO - [2023-07-27T12:28:44.520+0000] {dag.py:2726} INFO - Sync 1 DAGs
[2023-07-27T12:28:44.619+0000] {logging_mixin.py:149} INFO - [2023-07-27T12:28:44.618+0000] {dag.py:3490} INFO - Setting next_dagrun for example_trigger_target_dag to None, run_after=None
[2023-07-27T12:28:44.800+0000] {processor.py:179} INFO - Processing /home/airflow/.local/lib/python3.7/site-packages/airflow/example_dags/example_trigger_target_dag.py took 0.459 seconds
[2023-07-27T12:29:15.753+0000] {processor.py:157} INFO - Started process (PID=1160) to work on /home/airflow/.local/lib/python3.7/site-packages/airflow/example_dags/example_trigger_target_dag.py
[2023-07-27T12:29:15.766+0000] {processor.py:826} INFO - Processing file /home/airflow/.local/lib/python3.7/site-packages/airflow/example_dags/example_trigger_target_dag.py for tasks to queue
[2023-07-27T12:29:15.810+0000] {logging_mixin.py:149} INFO - [2023-07-27T12:29:15.809+0000] {dagbag.py:541} INFO - Filling up the DagBag from /home/airflow/.local/lib/python3.7/site-packages/airflow/example_dags/example_trigger_target_dag.py
[2023-07-27T12:29:16.209+0000] {processor.py:836} INFO - DAG(s) dict_keys(['example_trigger_target_dag']) retrieved from /home/airflow/.local/lib/python3.7/site-packages/airflow/example_dags/example_trigger_target_dag.py
[2023-07-27T12:29:16.756+0000] {logging_mixin.py:149} INFO - [2023-07-27T12:29:16.756+0000] {dag.py:2726} INFO - Sync 1 DAGs
[2023-07-27T12:29:16.998+0000] {logging_mixin.py:149} INFO - [2023-07-27T12:29:16.998+0000] {dag.py:3490} INFO - Setting next_dagrun for example_trigger_target_dag to None, run_after=None
[2023-07-27T12:29:17.126+0000] {processor.py:179} INFO - Processing /home/airflow/.local/lib/python3.7/site-packages/airflow/example_dags/example_trigger_target_dag.py took 1.413 seconds
[2023-07-27T12:29:47.390+0000] {processor.py:157} INFO - Started process (PID=1218) to work on /home/airflow/.local/lib/python3.7/site-packages/airflow/example_dags/example_trigger_target_dag.py
[2023-07-27T12:29:47.395+0000] {processor.py:826} INFO - Processing file /home/airflow/.local/lib/python3.7/site-packages/airflow/example_dags/example_trigger_target_dag.py for tasks to queue
[2023-07-27T12:29:47.398+0000] {logging_mixin.py:149} INFO - [2023-07-27T12:29:47.398+0000] {dagbag.py:541} INFO - Filling up the DagBag from /home/airflow/.local/lib/python3.7/site-packages/airflow/example_dags/example_trigger_target_dag.py
[2023-07-27T12:29:47.412+0000] {processor.py:836} INFO - DAG(s) dict_keys(['example_trigger_target_dag']) retrieved from /home/airflow/.local/lib/python3.7/site-packages/airflow/example_dags/example_trigger_target_dag.py
[2023-07-27T12:29:47.459+0000] {logging_mixin.py:149} INFO - [2023-07-27T12:29:47.459+0000] {dag.py:2726} INFO - Sync 1 DAGs
[2023-07-27T12:29:47.512+0000] {logging_mixin.py:149} INFO - [2023-07-27T12:29:47.512+0000] {dag.py:3490} INFO - Setting next_dagrun for example_trigger_target_dag to None, run_after=None
[2023-07-27T12:29:47.556+0000] {processor.py:179} INFO - Processing /home/airflow/.local/lib/python3.7/site-packages/airflow/example_dags/example_trigger_target_dag.py took 0.176 seconds
[2023-07-27T12:30:23.245+0000] {processor.py:157} INFO - Started process (PID=1276) to work on /home/airflow/.local/lib/python3.7/site-packages/airflow/example_dags/example_trigger_target_dag.py
[2023-07-27T12:30:23.252+0000] {processor.py:826} INFO - Processing file /home/airflow/.local/lib/python3.7/site-packages/airflow/example_dags/example_trigger_target_dag.py for tasks to queue
[2023-07-27T12:30:23.258+0000] {logging_mixin.py:149} INFO - [2023-07-27T12:30:23.257+0000] {dagbag.py:541} INFO - Filling up the DagBag from /home/airflow/.local/lib/python3.7/site-packages/airflow/example_dags/example_trigger_target_dag.py
[2023-07-27T12:30:23.291+0000] {processor.py:836} INFO - DAG(s) dict_keys(['example_trigger_target_dag']) retrieved from /home/airflow/.local/lib/python3.7/site-packages/airflow/example_dags/example_trigger_target_dag.py
[2023-07-27T12:30:23.369+0000] {logging_mixin.py:149} INFO - [2023-07-27T12:30:23.369+0000] {dag.py:2726} INFO - Sync 1 DAGs
[2023-07-27T12:30:23.477+0000] {logging_mixin.py:149} INFO - [2023-07-27T12:30:23.476+0000] {dag.py:3490} INFO - Setting next_dagrun for example_trigger_target_dag to None, run_after=None
[2023-07-27T12:30:23.570+0000] {processor.py:179} INFO - Processing /home/airflow/.local/lib/python3.7/site-packages/airflow/example_dags/example_trigger_target_dag.py took 0.352 seconds
[2023-07-27T12:30:56.001+0000] {processor.py:157} INFO - Started process (PID=1333) to work on /home/airflow/.local/lib/python3.7/site-packages/airflow/example_dags/example_trigger_target_dag.py
[2023-07-27T12:30:56.006+0000] {processor.py:826} INFO - Processing file /home/airflow/.local/lib/python3.7/site-packages/airflow/example_dags/example_trigger_target_dag.py for tasks to queue
[2023-07-27T12:30:56.008+0000] {logging_mixin.py:149} INFO - [2023-07-27T12:30:56.008+0000] {dagbag.py:541} INFO - Filling up the DagBag from /home/airflow/.local/lib/python3.7/site-packages/airflow/example_dags/example_trigger_target_dag.py
[2023-07-27T12:30:56.022+0000] {processor.py:836} INFO - DAG(s) dict_keys(['example_trigger_target_dag']) retrieved from /home/airflow/.local/lib/python3.7/site-packages/airflow/example_dags/example_trigger_target_dag.py
[2023-07-27T12:30:56.066+0000] {logging_mixin.py:149} INFO - [2023-07-27T12:30:56.066+0000] {dag.py:2726} INFO - Sync 1 DAGs
[2023-07-27T12:30:56.121+0000] {logging_mixin.py:149} INFO - [2023-07-27T12:30:56.121+0000] {dag.py:3490} INFO - Setting next_dagrun for example_trigger_target_dag to None, run_after=None
[2023-07-27T12:30:56.199+0000] {processor.py:179} INFO - Processing /home/airflow/.local/lib/python3.7/site-packages/airflow/example_dags/example_trigger_target_dag.py took 0.207 seconds
[2023-07-27T12:31:26.709+0000] {processor.py:157} INFO - Started process (PID=1391) to work on /home/airflow/.local/lib/python3.7/site-packages/airflow/example_dags/example_trigger_target_dag.py
[2023-07-27T12:31:26.713+0000] {processor.py:826} INFO - Processing file /home/airflow/.local/lib/python3.7/site-packages/airflow/example_dags/example_trigger_target_dag.py for tasks to queue
[2023-07-27T12:31:26.720+0000] {logging_mixin.py:149} INFO - [2023-07-27T12:31:26.718+0000] {dagbag.py:541} INFO - Filling up the DagBag from /home/airflow/.local/lib/python3.7/site-packages/airflow/example_dags/example_trigger_target_dag.py
[2023-07-27T12:31:26.737+0000] {processor.py:836} INFO - DAG(s) dict_keys(['example_trigger_target_dag']) retrieved from /home/airflow/.local/lib/python3.7/site-packages/airflow/example_dags/example_trigger_target_dag.py
[2023-07-27T12:31:26.788+0000] {logging_mixin.py:149} INFO - [2023-07-27T12:31:26.787+0000] {dag.py:2726} INFO - Sync 1 DAGs
[2023-07-27T12:31:26.845+0000] {logging_mixin.py:149} INFO - [2023-07-27T12:31:26.845+0000] {dag.py:3490} INFO - Setting next_dagrun for example_trigger_target_dag to None, run_after=None
[2023-07-27T12:31:26.905+0000] {processor.py:179} INFO - Processing /home/airflow/.local/lib/python3.7/site-packages/airflow/example_dags/example_trigger_target_dag.py took 0.205 seconds
[2023-07-27T12:31:57.122+0000] {processor.py:157} INFO - Started process (PID=1446) to work on /home/airflow/.local/lib/python3.7/site-packages/airflow/example_dags/example_trigger_target_dag.py
[2023-07-27T12:31:57.131+0000] {processor.py:826} INFO - Processing file /home/airflow/.local/lib/python3.7/site-packages/airflow/example_dags/example_trigger_target_dag.py for tasks to queue
[2023-07-27T12:31:57.142+0000] {logging_mixin.py:149} INFO - [2023-07-27T12:31:57.140+0000] {dagbag.py:541} INFO - Filling up the DagBag from /home/airflow/.local/lib/python3.7/site-packages/airflow/example_dags/example_trigger_target_dag.py
[2023-07-27T12:31:57.190+0000] {processor.py:836} INFO - DAG(s) dict_keys(['example_trigger_target_dag']) retrieved from /home/airflow/.local/lib/python3.7/site-packages/airflow/example_dags/example_trigger_target_dag.py
[2023-07-27T12:31:57.252+0000] {logging_mixin.py:149} INFO - [2023-07-27T12:31:57.251+0000] {dag.py:2726} INFO - Sync 1 DAGs
[2023-07-27T12:31:57.311+0000] {logging_mixin.py:149} INFO - [2023-07-27T12:31:57.311+0000] {dag.py:3490} INFO - Setting next_dagrun for example_trigger_target_dag to None, run_after=None
[2023-07-27T12:31:57.357+0000] {processor.py:179} INFO - Processing /home/airflow/.local/lib/python3.7/site-packages/airflow/example_dags/example_trigger_target_dag.py took 0.252 seconds
[2023-07-27T12:32:29.509+0000] {processor.py:157} INFO - Started process (PID=1504) to work on /home/airflow/.local/lib/python3.7/site-packages/airflow/example_dags/example_trigger_target_dag.py
[2023-07-27T12:32:29.515+0000] {processor.py:826} INFO - Processing file /home/airflow/.local/lib/python3.7/site-packages/airflow/example_dags/example_trigger_target_dag.py for tasks to queue
[2023-07-27T12:32:29.518+0000] {logging_mixin.py:149} INFO - [2023-07-27T12:32:29.517+0000] {dagbag.py:541} INFO - Filling up the DagBag from /home/airflow/.local/lib/python3.7/site-packages/airflow/example_dags/example_trigger_target_dag.py
[2023-07-27T12:32:29.547+0000] {processor.py:836} INFO - DAG(s) dict_keys(['example_trigger_target_dag']) retrieved from /home/airflow/.local/lib/python3.7/site-packages/airflow/example_dags/example_trigger_target_dag.py
[2023-07-27T12:32:29.684+0000] {logging_mixin.py:149} INFO - [2023-07-27T12:32:29.682+0000] {dag.py:2726} INFO - Sync 1 DAGs
[2023-07-27T12:32:29.863+0000] {logging_mixin.py:149} INFO - [2023-07-27T12:32:29.862+0000] {dag.py:3490} INFO - Setting next_dagrun for example_trigger_target_dag to None, run_after=None
[2023-07-27T12:32:30.010+0000] {processor.py:179} INFO - Processing /home/airflow/.local/lib/python3.7/site-packages/airflow/example_dags/example_trigger_target_dag.py took 0.537 seconds
[2023-07-27T12:33:00.106+0000] {processor.py:157} INFO - Started process (PID=1561) to work on /home/airflow/.local/lib/python3.7/site-packages/airflow/example_dags/example_trigger_target_dag.py
[2023-07-27T12:33:00.110+0000] {processor.py:826} INFO - Processing file /home/airflow/.local/lib/python3.7/site-packages/airflow/example_dags/example_trigger_target_dag.py for tasks to queue
[2023-07-27T12:33:00.114+0000] {logging_mixin.py:149} INFO - [2023-07-27T12:33:00.114+0000] {dagbag.py:541} INFO - Filling up the DagBag from /home/airflow/.local/lib/python3.7/site-packages/airflow/example_dags/example_trigger_target_dag.py
[2023-07-27T12:33:00.133+0000] {processor.py:836} INFO - DAG(s) dict_keys(['example_trigger_target_dag']) retrieved from /home/airflow/.local/lib/python3.7/site-packages/airflow/example_dags/example_trigger_target_dag.py
[2023-07-27T12:33:00.188+0000] {logging_mixin.py:149} INFO - [2023-07-27T12:33:00.188+0000] {dag.py:2726} INFO - Sync 1 DAGs
[2023-07-27T12:33:00.248+0000] {logging_mixin.py:149} INFO - [2023-07-27T12:33:00.248+0000] {dag.py:3490} INFO - Setting next_dagrun for example_trigger_target_dag to None, run_after=None
[2023-07-27T12:33:00.319+0000] {processor.py:179} INFO - Processing /home/airflow/.local/lib/python3.7/site-packages/airflow/example_dags/example_trigger_target_dag.py took 0.228 seconds
[2023-07-27T12:33:31.977+0000] {processor.py:157} INFO - Started process (PID=1619) to work on /home/airflow/.local/lib/python3.7/site-packages/airflow/example_dags/example_trigger_target_dag.py
[2023-07-27T12:33:31.986+0000] {processor.py:826} INFO - Processing file /home/airflow/.local/lib/python3.7/site-packages/airflow/example_dags/example_trigger_target_dag.py for tasks to queue
[2023-07-27T12:33:31.994+0000] {logging_mixin.py:149} INFO - [2023-07-27T12:33:31.993+0000] {dagbag.py:541} INFO - Filling up the DagBag from /home/airflow/.local/lib/python3.7/site-packages/airflow/example_dags/example_trigger_target_dag.py
[2023-07-27T12:33:32.012+0000] {processor.py:836} INFO - DAG(s) dict_keys(['example_trigger_target_dag']) retrieved from /home/airflow/.local/lib/python3.7/site-packages/airflow/example_dags/example_trigger_target_dag.py
[2023-07-27T12:33:32.145+0000] {logging_mixin.py:149} INFO - [2023-07-27T12:33:32.145+0000] {dag.py:2726} INFO - Sync 1 DAGs
[2023-07-27T12:33:32.229+0000] {logging_mixin.py:149} INFO - [2023-07-27T12:33:32.228+0000] {dag.py:3490} INFO - Setting next_dagrun for example_trigger_target_dag to None, run_after=None
[2023-07-27T12:33:32.296+0000] {processor.py:179} INFO - Processing /home/airflow/.local/lib/python3.7/site-packages/airflow/example_dags/example_trigger_target_dag.py took 0.328 seconds
[2023-07-27T12:34:02.456+0000] {processor.py:157} INFO - Started process (PID=1677) to work on /home/airflow/.local/lib/python3.7/site-packages/airflow/example_dags/example_trigger_target_dag.py
[2023-07-27T12:34:02.460+0000] {processor.py:826} INFO - Processing file /home/airflow/.local/lib/python3.7/site-packages/airflow/example_dags/example_trigger_target_dag.py for tasks to queue
[2023-07-27T12:34:02.465+0000] {logging_mixin.py:149} INFO - [2023-07-27T12:34:02.465+0000] {dagbag.py:541} INFO - Filling up the DagBag from /home/airflow/.local/lib/python3.7/site-packages/airflow/example_dags/example_trigger_target_dag.py
[2023-07-27T12:34:02.487+0000] {processor.py:836} INFO - DAG(s) dict_keys(['example_trigger_target_dag']) retrieved from /home/airflow/.local/lib/python3.7/site-packages/airflow/example_dags/example_trigger_target_dag.py
[2023-07-27T12:34:02.573+0000] {logging_mixin.py:149} INFO - [2023-07-27T12:34:02.573+0000] {dag.py:2726} INFO - Sync 1 DAGs
[2023-07-27T12:34:02.627+0000] {logging_mixin.py:149} INFO - [2023-07-27T12:34:02.627+0000] {dag.py:3490} INFO - Setting next_dagrun for example_trigger_target_dag to None, run_after=None
[2023-07-27T12:34:02.668+0000] {processor.py:179} INFO - Processing /home/airflow/.local/lib/python3.7/site-packages/airflow/example_dags/example_trigger_target_dag.py took 0.225 seconds
[2023-07-27T12:34:32.860+0000] {processor.py:157} INFO - Started process (PID=1735) to work on /home/airflow/.local/lib/python3.7/site-packages/airflow/example_dags/example_trigger_target_dag.py
[2023-07-27T12:34:32.864+0000] {processor.py:826} INFO - Processing file /home/airflow/.local/lib/python3.7/site-packages/airflow/example_dags/example_trigger_target_dag.py for tasks to queue
[2023-07-27T12:34:32.866+0000] {logging_mixin.py:149} INFO - [2023-07-27T12:34:32.866+0000] {dagbag.py:541} INFO - Filling up the DagBag from /home/airflow/.local/lib/python3.7/site-packages/airflow/example_dags/example_trigger_target_dag.py
[2023-07-27T12:34:32.878+0000] {processor.py:836} INFO - DAG(s) dict_keys(['example_trigger_target_dag']) retrieved from /home/airflow/.local/lib/python3.7/site-packages/airflow/example_dags/example_trigger_target_dag.py
[2023-07-27T12:34:32.947+0000] {logging_mixin.py:149} INFO - [2023-07-27T12:34:32.946+0000] {dag.py:2726} INFO - Sync 1 DAGs
[2023-07-27T12:34:32.999+0000] {logging_mixin.py:149} INFO - [2023-07-27T12:34:32.999+0000] {dag.py:3490} INFO - Setting next_dagrun for example_trigger_target_dag to None, run_after=None
[2023-07-27T12:34:33.042+0000] {processor.py:179} INFO - Processing /home/airflow/.local/lib/python3.7/site-packages/airflow/example_dags/example_trigger_target_dag.py took 0.190 seconds
[2023-07-27T12:35:04.148+0000] {processor.py:157} INFO - Started process (PID=1793) to work on /home/airflow/.local/lib/python3.7/site-packages/airflow/example_dags/example_trigger_target_dag.py
[2023-07-27T12:35:04.155+0000] {processor.py:826} INFO - Processing file /home/airflow/.local/lib/python3.7/site-packages/airflow/example_dags/example_trigger_target_dag.py for tasks to queue
[2023-07-27T12:35:04.165+0000] {logging_mixin.py:149} INFO - [2023-07-27T12:35:04.164+0000] {dagbag.py:541} INFO - Filling up the DagBag from /home/airflow/.local/lib/python3.7/site-packages/airflow/example_dags/example_trigger_target_dag.py
[2023-07-27T12:35:04.201+0000] {processor.py:836} INFO - DAG(s) dict_keys(['example_trigger_target_dag']) retrieved from /home/airflow/.local/lib/python3.7/site-packages/airflow/example_dags/example_trigger_target_dag.py
[2023-07-27T12:35:04.365+0000] {logging_mixin.py:149} INFO - [2023-07-27T12:35:04.365+0000] {dag.py:2726} INFO - Sync 1 DAGs
[2023-07-27T12:35:04.985+0000] {logging_mixin.py:149} INFO - [2023-07-27T12:35:04.984+0000] {dag.py:3490} INFO - Setting next_dagrun for example_trigger_target_dag to None, run_after=None
[2023-07-27T12:35:05.040+0000] {processor.py:179} INFO - Processing /home/airflow/.local/lib/python3.7/site-packages/airflow/example_dags/example_trigger_target_dag.py took 0.925 seconds
[2023-07-27T12:35:35.935+0000] {processor.py:157} INFO - Started process (PID=1852) to work on /home/airflow/.local/lib/python3.7/site-packages/airflow/example_dags/example_trigger_target_dag.py
[2023-07-27T12:35:35.940+0000] {processor.py:826} INFO - Processing file /home/airflow/.local/lib/python3.7/site-packages/airflow/example_dags/example_trigger_target_dag.py for tasks to queue
[2023-07-27T12:35:35.947+0000] {logging_mixin.py:149} INFO - [2023-07-27T12:35:35.946+0000] {dagbag.py:541} INFO - Filling up the DagBag from /home/airflow/.local/lib/python3.7/site-packages/airflow/example_dags/example_trigger_target_dag.py
[2023-07-27T12:35:35.976+0000] {processor.py:836} INFO - DAG(s) dict_keys(['example_trigger_target_dag']) retrieved from /home/airflow/.local/lib/python3.7/site-packages/airflow/example_dags/example_trigger_target_dag.py
[2023-07-27T12:35:36.080+0000] {logging_mixin.py:149} INFO - [2023-07-27T12:35:36.080+0000] {dag.py:2726} INFO - Sync 1 DAGs
[2023-07-27T12:35:36.138+0000] {logging_mixin.py:149} INFO - [2023-07-27T12:35:36.137+0000] {dag.py:3490} INFO - Setting next_dagrun for example_trigger_target_dag to None, run_after=None
[2023-07-27T12:35:36.180+0000] {processor.py:179} INFO - Processing /home/airflow/.local/lib/python3.7/site-packages/airflow/example_dags/example_trigger_target_dag.py took 0.251 seconds
[2023-07-27T12:36:06.246+0000] {processor.py:157} INFO - Started process (PID=1909) to work on /home/airflow/.local/lib/python3.7/site-packages/airflow/example_dags/example_trigger_target_dag.py
[2023-07-27T12:36:06.249+0000] {processor.py:826} INFO - Processing file /home/airflow/.local/lib/python3.7/site-packages/airflow/example_dags/example_trigger_target_dag.py for tasks to queue
[2023-07-27T12:36:06.252+0000] {logging_mixin.py:149} INFO - [2023-07-27T12:36:06.252+0000] {dagbag.py:541} INFO - Filling up the DagBag from /home/airflow/.local/lib/python3.7/site-packages/airflow/example_dags/example_trigger_target_dag.py
[2023-07-27T12:36:06.270+0000] {processor.py:836} INFO - DAG(s) dict_keys(['example_trigger_target_dag']) retrieved from /home/airflow/.local/lib/python3.7/site-packages/airflow/example_dags/example_trigger_target_dag.py
[2023-07-27T12:36:06.321+0000] {logging_mixin.py:149} INFO - [2023-07-27T12:36:06.320+0000] {dag.py:2726} INFO - Sync 1 DAGs
[2023-07-27T12:36:06.415+0000] {logging_mixin.py:149} INFO - [2023-07-27T12:36:06.415+0000] {dag.py:3490} INFO - Setting next_dagrun for example_trigger_target_dag to None, run_after=None
[2023-07-27T12:36:06.463+0000] {processor.py:179} INFO - Processing /home/airflow/.local/lib/python3.7/site-packages/airflow/example_dags/example_trigger_target_dag.py took 0.225 seconds
[2023-07-27T12:36:37.492+0000] {processor.py:157} INFO - Started process (PID=1966) to work on /home/airflow/.local/lib/python3.7/site-packages/airflow/example_dags/example_trigger_target_dag.py
[2023-07-27T12:36:37.496+0000] {processor.py:826} INFO - Processing file /home/airflow/.local/lib/python3.7/site-packages/airflow/example_dags/example_trigger_target_dag.py for tasks to queue
[2023-07-27T12:36:37.503+0000] {logging_mixin.py:149} INFO - [2023-07-27T12:36:37.503+0000] {dagbag.py:541} INFO - Filling up the DagBag from /home/airflow/.local/lib/python3.7/site-packages/airflow/example_dags/example_trigger_target_dag.py
[2023-07-27T12:36:37.518+0000] {processor.py:836} INFO - DAG(s) dict_keys(['example_trigger_target_dag']) retrieved from /home/airflow/.local/lib/python3.7/site-packages/airflow/example_dags/example_trigger_target_dag.py
[2023-07-27T12:36:37.565+0000] {logging_mixin.py:149} INFO - [2023-07-27T12:36:37.564+0000] {dag.py:2726} INFO - Sync 1 DAGs
[2023-07-27T12:36:37.621+0000] {logging_mixin.py:149} INFO - [2023-07-27T12:36:37.621+0000] {dag.py:3490} INFO - Setting next_dagrun for example_trigger_target_dag to None, run_after=None
[2023-07-27T12:36:37.693+0000] {processor.py:179} INFO - Processing /home/airflow/.local/lib/python3.7/site-packages/airflow/example_dags/example_trigger_target_dag.py took 0.209 seconds
[2023-07-27T12:37:08.414+0000] {processor.py:157} INFO - Started process (PID=2023) to work on /home/airflow/.local/lib/python3.7/site-packages/airflow/example_dags/example_trigger_target_dag.py
[2023-07-27T12:37:08.418+0000] {processor.py:826} INFO - Processing file /home/airflow/.local/lib/python3.7/site-packages/airflow/example_dags/example_trigger_target_dag.py for tasks to queue
[2023-07-27T12:37:08.425+0000] {logging_mixin.py:149} INFO - [2023-07-27T12:37:08.425+0000] {dagbag.py:541} INFO - Filling up the DagBag from /home/airflow/.local/lib/python3.7/site-packages/airflow/example_dags/example_trigger_target_dag.py
[2023-07-27T12:37:08.444+0000] {processor.py:836} INFO - DAG(s) dict_keys(['example_trigger_target_dag']) retrieved from /home/airflow/.local/lib/python3.7/site-packages/airflow/example_dags/example_trigger_target_dag.py
[2023-07-27T12:37:08.504+0000] {logging_mixin.py:149} INFO - [2023-07-27T12:37:08.504+0000] {dag.py:2726} INFO - Sync 1 DAGs
[2023-07-27T12:37:08.567+0000] {logging_mixin.py:149} INFO - [2023-07-27T12:37:08.567+0000] {dag.py:3490} INFO - Setting next_dagrun for example_trigger_target_dag to None, run_after=None
[2023-07-27T12:37:08.619+0000] {processor.py:179} INFO - Processing /home/airflow/.local/lib/python3.7/site-packages/airflow/example_dags/example_trigger_target_dag.py took 0.214 seconds
[2023-07-27T12:37:40.350+0000] {processor.py:157} INFO - Started process (PID=2081) to work on /home/airflow/.local/lib/python3.7/site-packages/airflow/example_dags/example_trigger_target_dag.py
[2023-07-27T12:37:40.359+0000] {processor.py:826} INFO - Processing file /home/airflow/.local/lib/python3.7/site-packages/airflow/example_dags/example_trigger_target_dag.py for tasks to queue
[2023-07-27T12:37:40.363+0000] {logging_mixin.py:149} INFO - [2023-07-27T12:37:40.363+0000] {dagbag.py:541} INFO - Filling up the DagBag from /home/airflow/.local/lib/python3.7/site-packages/airflow/example_dags/example_trigger_target_dag.py
[2023-07-27T12:37:40.406+0000] {processor.py:836} INFO - DAG(s) dict_keys(['example_trigger_target_dag']) retrieved from /home/airflow/.local/lib/python3.7/site-packages/airflow/example_dags/example_trigger_target_dag.py
[2023-07-27T12:37:40.582+0000] {logging_mixin.py:149} INFO - [2023-07-27T12:37:40.582+0000] {dag.py:2726} INFO - Sync 1 DAGs
[2023-07-27T12:37:40.725+0000] {logging_mixin.py:149} INFO - [2023-07-27T12:37:40.724+0000] {dag.py:3490} INFO - Setting next_dagrun for example_trigger_target_dag to None, run_after=None
[2023-07-27T12:37:40.847+0000] {processor.py:179} INFO - Processing /home/airflow/.local/lib/python3.7/site-packages/airflow/example_dags/example_trigger_target_dag.py took 0.530 seconds
[2023-07-27T12:38:11.387+0000] {processor.py:157} INFO - Started process (PID=2137) to work on /home/airflow/.local/lib/python3.7/site-packages/airflow/example_dags/example_trigger_target_dag.py
[2023-07-27T12:38:11.392+0000] {processor.py:826} INFO - Processing file /home/airflow/.local/lib/python3.7/site-packages/airflow/example_dags/example_trigger_target_dag.py for tasks to queue
[2023-07-27T12:38:11.396+0000] {logging_mixin.py:149} INFO - [2023-07-27T12:38:11.396+0000] {dagbag.py:541} INFO - Filling up the DagBag from /home/airflow/.local/lib/python3.7/site-packages/airflow/example_dags/example_trigger_target_dag.py
[2023-07-27T12:38:11.417+0000] {processor.py:836} INFO - DAG(s) dict_keys(['example_trigger_target_dag']) retrieved from /home/airflow/.local/lib/python3.7/site-packages/airflow/example_dags/example_trigger_target_dag.py
[2023-07-27T12:38:11.483+0000] {logging_mixin.py:149} INFO - [2023-07-27T12:38:11.483+0000] {dag.py:2726} INFO - Sync 1 DAGs
[2023-07-27T12:38:11.549+0000] {logging_mixin.py:149} INFO - [2023-07-27T12:38:11.548+0000] {dag.py:3490} INFO - Setting next_dagrun for example_trigger_target_dag to None, run_after=None
[2023-07-27T12:38:11.596+0000] {processor.py:179} INFO - Processing /home/airflow/.local/lib/python3.7/site-packages/airflow/example_dags/example_trigger_target_dag.py took 0.216 seconds
[2023-07-27T12:38:42.190+0000] {processor.py:157} INFO - Started process (PID=2194) to work on /home/airflow/.local/lib/python3.7/site-packages/airflow/example_dags/example_trigger_target_dag.py
[2023-07-27T12:38:42.198+0000] {processor.py:826} INFO - Processing file /home/airflow/.local/lib/python3.7/site-packages/airflow/example_dags/example_trigger_target_dag.py for tasks to queue
[2023-07-27T12:38:42.209+0000] {logging_mixin.py:149} INFO - [2023-07-27T12:38:42.209+0000] {dagbag.py:541} INFO - Filling up the DagBag from /home/airflow/.local/lib/python3.7/site-packages/airflow/example_dags/example_trigger_target_dag.py
[2023-07-27T12:38:42.233+0000] {processor.py:836} INFO - DAG(s) dict_keys(['example_trigger_target_dag']) retrieved from /home/airflow/.local/lib/python3.7/site-packages/airflow/example_dags/example_trigger_target_dag.py
[2023-07-27T12:38:42.351+0000] {logging_mixin.py:149} INFO - [2023-07-27T12:38:42.351+0000] {dag.py:2726} INFO - Sync 1 DAGs
[2023-07-27T12:38:42.450+0000] {logging_mixin.py:149} INFO - [2023-07-27T12:38:42.450+0000] {dag.py:3490} INFO - Setting next_dagrun for example_trigger_target_dag to None, run_after=None
[2023-07-27T12:38:42.529+0000] {processor.py:179} INFO - Processing /home/airflow/.local/lib/python3.7/site-packages/airflow/example_dags/example_trigger_target_dag.py took 0.360 seconds
[2023-07-27T12:39:13.147+0000] {processor.py:157} INFO - Started process (PID=2250) to work on /home/airflow/.local/lib/python3.7/site-packages/airflow/example_dags/example_trigger_target_dag.py
[2023-07-27T12:39:13.161+0000] {processor.py:826} INFO - Processing file /home/airflow/.local/lib/python3.7/site-packages/airflow/example_dags/example_trigger_target_dag.py for tasks to queue
[2023-07-27T12:39:13.166+0000] {logging_mixin.py:149} INFO - [2023-07-27T12:39:13.166+0000] {dagbag.py:541} INFO - Filling up the DagBag from /home/airflow/.local/lib/python3.7/site-packages/airflow/example_dags/example_trigger_target_dag.py
[2023-07-27T12:39:13.251+0000] {processor.py:836} INFO - DAG(s) dict_keys(['example_trigger_target_dag']) retrieved from /home/airflow/.local/lib/python3.7/site-packages/airflow/example_dags/example_trigger_target_dag.py
[2023-07-27T12:39:13.453+0000] {logging_mixin.py:149} INFO - [2023-07-27T12:39:13.452+0000] {dag.py:2726} INFO - Sync 1 DAGs
[2023-07-27T12:39:13.682+0000] {logging_mixin.py:149} INFO - [2023-07-27T12:39:13.682+0000] {dag.py:3490} INFO - Setting next_dagrun for example_trigger_target_dag to None, run_after=None
[2023-07-27T12:39:13.808+0000] {processor.py:179} INFO - Processing /home/airflow/.local/lib/python3.7/site-packages/airflow/example_dags/example_trigger_target_dag.py took 0.695 seconds
