[2023-07-27T12:26:01.501+0000] {processor.py:157} INFO - Started process (PID=826) to work on /home/airflow/.local/lib/python3.7/site-packages/airflow/example_dags/example_datasets.py
[2023-07-27T12:26:01.510+0000] {processor.py:826} INFO - Processing file /home/airflow/.local/lib/python3.7/site-packages/airflow/example_dags/example_datasets.py for tasks to queue
[2023-07-27T12:26:01.513+0000] {logging_mixin.py:149} INFO - [2023-07-27T12:26:01.512+0000] {dagbag.py:541} INFO - Filling up the DagBag from /home/airflow/.local/lib/python3.7/site-packages/airflow/example_dags/example_datasets.py
[2023-07-27T12:26:01.580+0000] {processor.py:836} INFO - DAG(s) dict_keys(['dataset_consumes_1_and_2', 'dataset_produces_2', 'dataset_consumes_1', 'dataset_produces_1', 'dataset_consumes_unknown_never_scheduled', 'dataset_consumes_1_never_scheduled']) retrieved from /home/airflow/.local/lib/python3.7/site-packages/airflow/example_dags/example_datasets.py
[2023-07-27T12:26:01.872+0000] {logging_mixin.py:149} INFO - [2023-07-27T12:26:01.871+0000] {dag.py:2726} INFO - Sync 6 DAGs
[2023-07-27T12:26:01.997+0000] {logging_mixin.py:149} INFO - [2023-07-27T12:26:01.990+0000] {dag.py:3490} INFO - Setting next_dagrun for dataset_consumes_1 to None, run_after=None
[2023-07-27T12:26:02.025+0000] {logging_mixin.py:149} INFO - [2023-07-27T12:26:02.024+0000] {dag.py:3490} INFO - Setting next_dagrun for dataset_consumes_1_and_2 to None, run_after=None
[2023-07-27T12:26:02.038+0000] {logging_mixin.py:149} INFO - [2023-07-27T12:26:02.038+0000] {dag.py:3490} INFO - Setting next_dagrun for dataset_consumes_1_never_scheduled to None, run_after=None
[2023-07-27T12:26:02.047+0000] {logging_mixin.py:149} INFO - [2023-07-27T12:26:02.047+0000] {dag.py:3490} INFO - Setting next_dagrun for dataset_consumes_unknown_never_scheduled to None, run_after=None
[2023-07-27T12:26:02.086+0000] {logging_mixin.py:149} INFO - [2023-07-27T12:26:02.086+0000] {dag.py:3490} INFO - Setting next_dagrun for dataset_produces_1 to 2023-07-26T00:00:00+00:00, run_after=2023-07-27T00:00:00+00:00
[2023-07-27T12:26:02.128+0000] {logging_mixin.py:149} INFO - [2023-07-27T12:26:02.126+0000] {dag.py:3490} INFO - Setting next_dagrun for dataset_produces_2 to None, run_after=None
[2023-07-27T12:26:02.555+0000] {processor.py:179} INFO - Processing /home/airflow/.local/lib/python3.7/site-packages/airflow/example_dags/example_datasets.py took 1.072 seconds
[2023-07-27T12:26:32.907+0000] {processor.py:157} INFO - Started process (PID=882) to work on /home/airflow/.local/lib/python3.7/site-packages/airflow/example_dags/example_datasets.py
[2023-07-27T12:26:32.921+0000] {processor.py:826} INFO - Processing file /home/airflow/.local/lib/python3.7/site-packages/airflow/example_dags/example_datasets.py for tasks to queue
[2023-07-27T12:26:32.930+0000] {logging_mixin.py:149} INFO - [2023-07-27T12:26:32.927+0000] {dagbag.py:541} INFO - Filling up the DagBag from /home/airflow/.local/lib/python3.7/site-packages/airflow/example_dags/example_datasets.py
[2023-07-27T12:26:32.987+0000] {processor.py:836} INFO - DAG(s) dict_keys(['dataset_produces_1', 'dataset_consumes_1_and_2', 'dataset_consumes_unknown_never_scheduled', 'dataset_produces_2', 'dataset_consumes_1', 'dataset_consumes_1_never_scheduled']) retrieved from /home/airflow/.local/lib/python3.7/site-packages/airflow/example_dags/example_datasets.py
[2023-07-27T12:26:33.187+0000] {logging_mixin.py:149} INFO - [2023-07-27T12:26:33.186+0000] {dag.py:2726} INFO - Sync 6 DAGs
[2023-07-27T12:26:33.340+0000] {logging_mixin.py:149} INFO - [2023-07-27T12:26:33.340+0000] {dag.py:3490} INFO - Setting next_dagrun for dataset_consumes_1 to None, run_after=None
[2023-07-27T12:26:33.363+0000] {logging_mixin.py:149} INFO - [2023-07-27T12:26:33.362+0000] {dag.py:3490} INFO - Setting next_dagrun for dataset_consumes_1_and_2 to None, run_after=None
[2023-07-27T12:26:33.373+0000] {logging_mixin.py:149} INFO - [2023-07-27T12:26:33.373+0000] {dag.py:3490} INFO - Setting next_dagrun for dataset_consumes_1_never_scheduled to None, run_after=None
[2023-07-27T12:26:33.383+0000] {logging_mixin.py:149} INFO - [2023-07-27T12:26:33.383+0000] {dag.py:3490} INFO - Setting next_dagrun for dataset_consumes_unknown_never_scheduled to None, run_after=None
[2023-07-27T12:26:33.453+0000] {logging_mixin.py:149} INFO - [2023-07-27T12:26:33.421+0000] {dag.py:3490} INFO - Setting next_dagrun for dataset_produces_1 to 2023-07-26T00:00:00+00:00, run_after=2023-07-27T00:00:00+00:00
[2023-07-27T12:26:33.465+0000] {logging_mixin.py:149} INFO - [2023-07-27T12:26:33.464+0000] {dag.py:3490} INFO - Setting next_dagrun for dataset_produces_2 to None, run_after=None
[2023-07-27T12:26:33.954+0000] {processor.py:179} INFO - Processing /home/airflow/.local/lib/python3.7/site-packages/airflow/example_dags/example_datasets.py took 1.064 seconds
[2023-07-27T12:27:05.682+0000] {processor.py:157} INFO - Started process (PID=940) to work on /home/airflow/.local/lib/python3.7/site-packages/airflow/example_dags/example_datasets.py
[2023-07-27T12:27:05.689+0000] {processor.py:826} INFO - Processing file /home/airflow/.local/lib/python3.7/site-packages/airflow/example_dags/example_datasets.py for tasks to queue
[2023-07-27T12:27:05.708+0000] {logging_mixin.py:149} INFO - [2023-07-27T12:27:05.704+0000] {dagbag.py:541} INFO - Filling up the DagBag from /home/airflow/.local/lib/python3.7/site-packages/airflow/example_dags/example_datasets.py
[2023-07-27T12:27:05.793+0000] {processor.py:836} INFO - DAG(s) dict_keys(['dataset_consumes_1', 'dataset_consumes_unknown_never_scheduled', 'dataset_produces_2', 'dataset_consumes_1_and_2', 'dataset_consumes_1_never_scheduled', 'dataset_produces_1']) retrieved from /home/airflow/.local/lib/python3.7/site-packages/airflow/example_dags/example_datasets.py
[2023-07-27T12:27:05.932+0000] {logging_mixin.py:149} INFO - [2023-07-27T12:27:05.932+0000] {dag.py:2726} INFO - Sync 6 DAGs
[2023-07-27T12:27:06.109+0000] {logging_mixin.py:149} INFO - [2023-07-27T12:27:06.108+0000] {dag.py:3490} INFO - Setting next_dagrun for dataset_consumes_1 to None, run_after=None
[2023-07-27T12:27:06.161+0000] {logging_mixin.py:149} INFO - [2023-07-27T12:27:06.157+0000] {dag.py:3490} INFO - Setting next_dagrun for dataset_consumes_1_and_2 to None, run_after=None
[2023-07-27T12:27:06.176+0000] {logging_mixin.py:149} INFO - [2023-07-27T12:27:06.176+0000] {dag.py:3490} INFO - Setting next_dagrun for dataset_consumes_1_never_scheduled to None, run_after=None
[2023-07-27T12:27:06.185+0000] {logging_mixin.py:149} INFO - [2023-07-27T12:27:06.185+0000] {dag.py:3490} INFO - Setting next_dagrun for dataset_consumes_unknown_never_scheduled to None, run_after=None
[2023-07-27T12:27:06.213+0000] {logging_mixin.py:149} INFO - [2023-07-27T12:27:06.211+0000] {dag.py:3490} INFO - Setting next_dagrun for dataset_produces_1 to 2023-07-26T00:00:00+00:00, run_after=2023-07-27T00:00:00+00:00
[2023-07-27T12:27:06.229+0000] {logging_mixin.py:149} INFO - [2023-07-27T12:27:06.229+0000] {dag.py:3490} INFO - Setting next_dagrun for dataset_produces_2 to None, run_after=None
[2023-07-27T12:27:06.605+0000] {processor.py:179} INFO - Processing /home/airflow/.local/lib/python3.7/site-packages/airflow/example_dags/example_datasets.py took 0.955 seconds
[2023-07-27T12:27:41.350+0000] {processor.py:157} INFO - Started process (PID=1005) to work on /home/airflow/.local/lib/python3.7/site-packages/airflow/example_dags/example_datasets.py
[2023-07-27T12:27:41.356+0000] {processor.py:826} INFO - Processing file /home/airflow/.local/lib/python3.7/site-packages/airflow/example_dags/example_datasets.py for tasks to queue
[2023-07-27T12:27:41.365+0000] {logging_mixin.py:149} INFO - [2023-07-27T12:27:41.363+0000] {dagbag.py:541} INFO - Filling up the DagBag from /home/airflow/.local/lib/python3.7/site-packages/airflow/example_dags/example_datasets.py
[2023-07-27T12:27:41.399+0000] {processor.py:836} INFO - DAG(s) dict_keys(['dataset_consumes_1_and_2', 'dataset_consumes_1', 'dataset_consumes_unknown_never_scheduled', 'dataset_produces_1', 'dataset_consumes_1_never_scheduled', 'dataset_produces_2']) retrieved from /home/airflow/.local/lib/python3.7/site-packages/airflow/example_dags/example_datasets.py
[2023-07-27T12:27:41.593+0000] {logging_mixin.py:149} INFO - [2023-07-27T12:27:41.593+0000] {dag.py:2726} INFO - Sync 6 DAGs
[2023-07-27T12:27:41.733+0000] {logging_mixin.py:149} INFO - [2023-07-27T12:27:41.732+0000] {dag.py:3490} INFO - Setting next_dagrun for dataset_consumes_1 to None, run_after=None
[2023-07-27T12:27:41.743+0000] {logging_mixin.py:149} INFO - [2023-07-27T12:27:41.743+0000] {dag.py:3490} INFO - Setting next_dagrun for dataset_consumes_1_and_2 to None, run_after=None
[2023-07-27T12:27:41.747+0000] {logging_mixin.py:149} INFO - [2023-07-27T12:27:41.747+0000] {dag.py:3490} INFO - Setting next_dagrun for dataset_consumes_1_never_scheduled to None, run_after=None
[2023-07-27T12:27:41.751+0000] {logging_mixin.py:149} INFO - [2023-07-27T12:27:41.751+0000] {dag.py:3490} INFO - Setting next_dagrun for dataset_consumes_unknown_never_scheduled to None, run_after=None
[2023-07-27T12:27:41.761+0000] {logging_mixin.py:149} INFO - [2023-07-27T12:27:41.761+0000] {dag.py:3490} INFO - Setting next_dagrun for dataset_produces_1 to 2023-07-26T00:00:00+00:00, run_after=2023-07-27T00:00:00+00:00
[2023-07-27T12:27:41.767+0000] {logging_mixin.py:149} INFO - [2023-07-27T12:27:41.767+0000] {dag.py:3490} INFO - Setting next_dagrun for dataset_produces_2 to None, run_after=None
[2023-07-27T12:27:41.903+0000] {processor.py:179} INFO - Processing /home/airflow/.local/lib/python3.7/site-packages/airflow/example_dags/example_datasets.py took 0.571 seconds
[2023-07-27T12:28:16.768+0000] {processor.py:157} INFO - Started process (PID=1059) to work on /home/airflow/.local/lib/python3.7/site-packages/airflow/example_dags/example_datasets.py
[2023-07-27T12:28:16.772+0000] {processor.py:826} INFO - Processing file /home/airflow/.local/lib/python3.7/site-packages/airflow/example_dags/example_datasets.py for tasks to queue
[2023-07-27T12:28:16.776+0000] {logging_mixin.py:149} INFO - [2023-07-27T12:28:16.776+0000] {dagbag.py:541} INFO - Filling up the DagBag from /home/airflow/.local/lib/python3.7/site-packages/airflow/example_dags/example_datasets.py
[2023-07-27T12:28:16.826+0000] {processor.py:836} INFO - DAG(s) dict_keys(['dataset_consumes_1_and_2', 'dataset_produces_2', 'dataset_consumes_1', 'dataset_produces_1', 'dataset_consumes_unknown_never_scheduled', 'dataset_consumes_1_never_scheduled']) retrieved from /home/airflow/.local/lib/python3.7/site-packages/airflow/example_dags/example_datasets.py
[2023-07-27T12:28:17.015+0000] {logging_mixin.py:149} INFO - [2023-07-27T12:28:17.015+0000] {dag.py:2726} INFO - Sync 6 DAGs
[2023-07-27T12:28:17.168+0000] {logging_mixin.py:149} INFO - [2023-07-27T12:28:17.168+0000] {dag.py:3490} INFO - Setting next_dagrun for dataset_consumes_1 to None, run_after=None
[2023-07-27T12:28:17.180+0000] {logging_mixin.py:149} INFO - [2023-07-27T12:28:17.180+0000] {dag.py:3490} INFO - Setting next_dagrun for dataset_consumes_1_and_2 to None, run_after=None
[2023-07-27T12:28:17.187+0000] {logging_mixin.py:149} INFO - [2023-07-27T12:28:17.186+0000] {dag.py:3490} INFO - Setting next_dagrun for dataset_consumes_1_never_scheduled to None, run_after=None
[2023-07-27T12:28:17.192+0000] {logging_mixin.py:149} INFO - [2023-07-27T12:28:17.191+0000] {dag.py:3490} INFO - Setting next_dagrun for dataset_consumes_unknown_never_scheduled to None, run_after=None
[2023-07-27T12:28:17.201+0000] {logging_mixin.py:149} INFO - [2023-07-27T12:28:17.200+0000] {dag.py:3490} INFO - Setting next_dagrun for dataset_produces_1 to 2023-07-26T00:00:00+00:00, run_after=2023-07-27T00:00:00+00:00
[2023-07-27T12:28:17.206+0000] {logging_mixin.py:149} INFO - [2023-07-27T12:28:17.206+0000] {dag.py:3490} INFO - Setting next_dagrun for dataset_produces_2 to None, run_after=None
[2023-07-27T12:28:17.328+0000] {processor.py:179} INFO - Processing /home/airflow/.local/lib/python3.7/site-packages/airflow/example_dags/example_datasets.py took 0.578 seconds
[2023-07-27T12:28:49.296+0000] {processor.py:157} INFO - Started process (PID=1117) to work on /home/airflow/.local/lib/python3.7/site-packages/airflow/example_dags/example_datasets.py
[2023-07-27T12:28:49.304+0000] {processor.py:826} INFO - Processing file /home/airflow/.local/lib/python3.7/site-packages/airflow/example_dags/example_datasets.py for tasks to queue
[2023-07-27T12:28:49.312+0000] {logging_mixin.py:149} INFO - [2023-07-27T12:28:49.311+0000] {dagbag.py:541} INFO - Filling up the DagBag from /home/airflow/.local/lib/python3.7/site-packages/airflow/example_dags/example_datasets.py
[2023-07-27T12:28:49.377+0000] {processor.py:836} INFO - DAG(s) dict_keys(['dataset_produces_2', 'dataset_consumes_unknown_never_scheduled', 'dataset_consumes_1_never_scheduled', 'dataset_consumes_1', 'dataset_produces_1', 'dataset_consumes_1_and_2']) retrieved from /home/airflow/.local/lib/python3.7/site-packages/airflow/example_dags/example_datasets.py
[2023-07-27T12:28:49.605+0000] {logging_mixin.py:149} INFO - [2023-07-27T12:28:49.604+0000] {dag.py:2726} INFO - Sync 6 DAGs
[2023-07-27T12:28:49.839+0000] {logging_mixin.py:149} INFO - [2023-07-27T12:28:49.838+0000] {dag.py:3490} INFO - Setting next_dagrun for dataset_consumes_1 to None, run_after=None
[2023-07-27T12:28:49.868+0000] {logging_mixin.py:149} INFO - [2023-07-27T12:28:49.867+0000] {dag.py:3490} INFO - Setting next_dagrun for dataset_consumes_1_and_2 to None, run_after=None
[2023-07-27T12:28:49.883+0000] {logging_mixin.py:149} INFO - [2023-07-27T12:28:49.883+0000] {dag.py:3490} INFO - Setting next_dagrun for dataset_consumes_1_never_scheduled to None, run_after=None
[2023-07-27T12:28:49.901+0000] {logging_mixin.py:149} INFO - [2023-07-27T12:28:49.900+0000] {dag.py:3490} INFO - Setting next_dagrun for dataset_consumes_unknown_never_scheduled to None, run_after=None
[2023-07-27T12:28:49.943+0000] {logging_mixin.py:149} INFO - [2023-07-27T12:28:49.943+0000] {dag.py:3490} INFO - Setting next_dagrun for dataset_produces_1 to 2023-07-26T00:00:00+00:00, run_after=2023-07-27T00:00:00+00:00
[2023-07-27T12:28:49.971+0000] {logging_mixin.py:149} INFO - [2023-07-27T12:28:49.971+0000] {dag.py:3490} INFO - Setting next_dagrun for dataset_produces_2 to None, run_after=None
[2023-07-27T12:28:50.261+0000] {processor.py:179} INFO - Processing /home/airflow/.local/lib/python3.7/site-packages/airflow/example_dags/example_datasets.py took 0.990 seconds
[2023-07-27T12:29:20.689+0000] {processor.py:157} INFO - Started process (PID=1175) to work on /home/airflow/.local/lib/python3.7/site-packages/airflow/example_dags/example_datasets.py
[2023-07-27T12:29:20.693+0000] {processor.py:826} INFO - Processing file /home/airflow/.local/lib/python3.7/site-packages/airflow/example_dags/example_datasets.py for tasks to queue
[2023-07-27T12:29:20.696+0000] {logging_mixin.py:149} INFO - [2023-07-27T12:29:20.695+0000] {dagbag.py:541} INFO - Filling up the DagBag from /home/airflow/.local/lib/python3.7/site-packages/airflow/example_dags/example_datasets.py
[2023-07-27T12:29:20.715+0000] {processor.py:836} INFO - DAG(s) dict_keys(['dataset_produces_2', 'dataset_consumes_1_never_scheduled', 'dataset_consumes_unknown_never_scheduled', 'dataset_produces_1', 'dataset_consumes_1', 'dataset_consumes_1_and_2']) retrieved from /home/airflow/.local/lib/python3.7/site-packages/airflow/example_dags/example_datasets.py
[2023-07-27T12:29:20.801+0000] {logging_mixin.py:149} INFO - [2023-07-27T12:29:20.800+0000] {dag.py:2726} INFO - Sync 6 DAGs
[2023-07-27T12:29:20.881+0000] {logging_mixin.py:149} INFO - [2023-07-27T12:29:20.881+0000] {dag.py:3490} INFO - Setting next_dagrun for dataset_consumes_1 to None, run_after=None
[2023-07-27T12:29:20.894+0000] {logging_mixin.py:149} INFO - [2023-07-27T12:29:20.893+0000] {dag.py:3490} INFO - Setting next_dagrun for dataset_consumes_1_and_2 to None, run_after=None
[2023-07-27T12:29:20.904+0000] {logging_mixin.py:149} INFO - [2023-07-27T12:29:20.903+0000] {dag.py:3490} INFO - Setting next_dagrun for dataset_consumes_1_never_scheduled to None, run_after=None
[2023-07-27T12:29:20.918+0000] {logging_mixin.py:149} INFO - [2023-07-27T12:29:20.915+0000] {dag.py:3490} INFO - Setting next_dagrun for dataset_consumes_unknown_never_scheduled to None, run_after=None
[2023-07-27T12:29:20.942+0000] {logging_mixin.py:149} INFO - [2023-07-27T12:29:20.941+0000] {dag.py:3490} INFO - Setting next_dagrun for dataset_produces_1 to 2023-07-26T00:00:00+00:00, run_after=2023-07-27T00:00:00+00:00
[2023-07-27T12:29:20.954+0000] {logging_mixin.py:149} INFO - [2023-07-27T12:29:20.953+0000] {dag.py:3490} INFO - Setting next_dagrun for dataset_produces_2 to None, run_after=None
[2023-07-27T12:29:21.064+0000] {processor.py:179} INFO - Processing /home/airflow/.local/lib/python3.7/site-packages/airflow/example_dags/example_datasets.py took 0.385 seconds
[2023-07-27T12:29:51.443+0000] {processor.py:157} INFO - Started process (PID=1233) to work on /home/airflow/.local/lib/python3.7/site-packages/airflow/example_dags/example_datasets.py
[2023-07-27T12:29:51.448+0000] {processor.py:826} INFO - Processing file /home/airflow/.local/lib/python3.7/site-packages/airflow/example_dags/example_datasets.py for tasks to queue
[2023-07-27T12:29:51.452+0000] {logging_mixin.py:149} INFO - [2023-07-27T12:29:51.452+0000] {dagbag.py:541} INFO - Filling up the DagBag from /home/airflow/.local/lib/python3.7/site-packages/airflow/example_dags/example_datasets.py
[2023-07-27T12:29:51.476+0000] {processor.py:836} INFO - DAG(s) dict_keys(['dataset_produces_2', 'dataset_produces_1', 'dataset_consumes_unknown_never_scheduled', 'dataset_consumes_1', 'dataset_consumes_1_never_scheduled', 'dataset_consumes_1_and_2']) retrieved from /home/airflow/.local/lib/python3.7/site-packages/airflow/example_dags/example_datasets.py
[2023-07-27T12:29:51.584+0000] {logging_mixin.py:149} INFO - [2023-07-27T12:29:51.584+0000] {dag.py:2726} INFO - Sync 6 DAGs
[2023-07-27T12:29:51.677+0000] {logging_mixin.py:149} INFO - [2023-07-27T12:29:51.677+0000] {dag.py:3490} INFO - Setting next_dagrun for dataset_consumes_1 to None, run_after=None
[2023-07-27T12:29:51.687+0000] {logging_mixin.py:149} INFO - [2023-07-27T12:29:51.686+0000] {dag.py:3490} INFO - Setting next_dagrun for dataset_consumes_1_and_2 to None, run_after=None
[2023-07-27T12:29:51.692+0000] {logging_mixin.py:149} INFO - [2023-07-27T12:29:51.692+0000] {dag.py:3490} INFO - Setting next_dagrun for dataset_consumes_1_never_scheduled to None, run_after=None
[2023-07-27T12:29:51.698+0000] {logging_mixin.py:149} INFO - [2023-07-27T12:29:51.697+0000] {dag.py:3490} INFO - Setting next_dagrun for dataset_consumes_unknown_never_scheduled to None, run_after=None
[2023-07-27T12:29:51.707+0000] {logging_mixin.py:149} INFO - [2023-07-27T12:29:51.707+0000] {dag.py:3490} INFO - Setting next_dagrun for dataset_produces_1 to 2023-07-26T00:00:00+00:00, run_after=2023-07-27T00:00:00+00:00
[2023-07-27T12:29:51.714+0000] {logging_mixin.py:149} INFO - [2023-07-27T12:29:51.714+0000] {dag.py:3490} INFO - Setting next_dagrun for dataset_produces_2 to None, run_after=None
[2023-07-27T12:29:51.833+0000] {processor.py:179} INFO - Processing /home/airflow/.local/lib/python3.7/site-packages/airflow/example_dags/example_datasets.py took 0.400 seconds
[2023-07-27T12:30:25.793+0000] {processor.py:157} INFO - Started process (PID=1285) to work on /home/airflow/.local/lib/python3.7/site-packages/airflow/example_dags/example_datasets.py
[2023-07-27T12:30:25.807+0000] {processor.py:826} INFO - Processing file /home/airflow/.local/lib/python3.7/site-packages/airflow/example_dags/example_datasets.py for tasks to queue
[2023-07-27T12:30:25.821+0000] {logging_mixin.py:149} INFO - [2023-07-27T12:30:25.821+0000] {dagbag.py:541} INFO - Filling up the DagBag from /home/airflow/.local/lib/python3.7/site-packages/airflow/example_dags/example_datasets.py
[2023-07-27T12:30:25.873+0000] {processor.py:836} INFO - DAG(s) dict_keys(['dataset_produces_2', 'dataset_produces_1', 'dataset_consumes_unknown_never_scheduled', 'dataset_consumes_1_never_scheduled', 'dataset_consumes_1', 'dataset_consumes_1_and_2']) retrieved from /home/airflow/.local/lib/python3.7/site-packages/airflow/example_dags/example_datasets.py
[2023-07-27T12:30:26.065+0000] {logging_mixin.py:149} INFO - [2023-07-27T12:30:26.063+0000] {dag.py:2726} INFO - Sync 6 DAGs
[2023-07-27T12:30:26.331+0000] {logging_mixin.py:149} INFO - [2023-07-27T12:30:26.331+0000] {dag.py:3490} INFO - Setting next_dagrun for dataset_consumes_1 to None, run_after=None
[2023-07-27T12:30:26.463+0000] {logging_mixin.py:149} INFO - [2023-07-27T12:30:26.463+0000] {dag.py:3490} INFO - Setting next_dagrun for dataset_consumes_1_and_2 to None, run_after=None
[2023-07-27T12:30:26.504+0000] {logging_mixin.py:149} INFO - [2023-07-27T12:30:26.503+0000] {dag.py:3490} INFO - Setting next_dagrun for dataset_consumes_1_never_scheduled to None, run_after=None
[2023-07-27T12:30:26.520+0000] {logging_mixin.py:149} INFO - [2023-07-27T12:30:26.520+0000] {dag.py:3490} INFO - Setting next_dagrun for dataset_consumes_unknown_never_scheduled to None, run_after=None
[2023-07-27T12:30:26.546+0000] {logging_mixin.py:149} INFO - [2023-07-27T12:30:26.546+0000] {dag.py:3490} INFO - Setting next_dagrun for dataset_produces_1 to 2023-07-26T00:00:00+00:00, run_after=2023-07-27T00:00:00+00:00
[2023-07-27T12:30:26.561+0000] {logging_mixin.py:149} INFO - [2023-07-27T12:30:26.560+0000] {dag.py:3490} INFO - Setting next_dagrun for dataset_produces_2 to None, run_after=None
[2023-07-27T12:30:26.741+0000] {processor.py:179} INFO - Processing /home/airflow/.local/lib/python3.7/site-packages/airflow/example_dags/example_datasets.py took 0.979 seconds
[2023-07-27T12:30:57.921+0000] {processor.py:157} INFO - Started process (PID=1342) to work on /home/airflow/.local/lib/python3.7/site-packages/airflow/example_dags/example_datasets.py
[2023-07-27T12:30:57.925+0000] {processor.py:826} INFO - Processing file /home/airflow/.local/lib/python3.7/site-packages/airflow/example_dags/example_datasets.py for tasks to queue
[2023-07-27T12:30:57.929+0000] {logging_mixin.py:149} INFO - [2023-07-27T12:30:57.929+0000] {dagbag.py:541} INFO - Filling up the DagBag from /home/airflow/.local/lib/python3.7/site-packages/airflow/example_dags/example_datasets.py
[2023-07-27T12:30:57.958+0000] {processor.py:836} INFO - DAG(s) dict_keys(['dataset_consumes_unknown_never_scheduled', 'dataset_produces_2', 'dataset_consumes_1', 'dataset_consumes_1_and_2', 'dataset_produces_1', 'dataset_consumes_1_never_scheduled']) retrieved from /home/airflow/.local/lib/python3.7/site-packages/airflow/example_dags/example_datasets.py
[2023-07-27T12:30:58.073+0000] {logging_mixin.py:149} INFO - [2023-07-27T12:30:58.073+0000] {dag.py:2726} INFO - Sync 6 DAGs
[2023-07-27T12:30:58.157+0000] {logging_mixin.py:149} INFO - [2023-07-27T12:30:58.156+0000] {dag.py:3490} INFO - Setting next_dagrun for dataset_consumes_1 to None, run_after=None
[2023-07-27T12:30:58.170+0000] {logging_mixin.py:149} INFO - [2023-07-27T12:30:58.169+0000] {dag.py:3490} INFO - Setting next_dagrun for dataset_consumes_1_and_2 to None, run_after=None
[2023-07-27T12:30:58.175+0000] {logging_mixin.py:149} INFO - [2023-07-27T12:30:58.174+0000] {dag.py:3490} INFO - Setting next_dagrun for dataset_consumes_1_never_scheduled to None, run_after=None
[2023-07-27T12:30:58.179+0000] {logging_mixin.py:149} INFO - [2023-07-27T12:30:58.179+0000] {dag.py:3490} INFO - Setting next_dagrun for dataset_consumes_unknown_never_scheduled to None, run_after=None
[2023-07-27T12:30:58.195+0000] {logging_mixin.py:149} INFO - [2023-07-27T12:30:58.195+0000] {dag.py:3490} INFO - Setting next_dagrun for dataset_produces_1 to 2023-07-26T00:00:00+00:00, run_after=2023-07-27T00:00:00+00:00
[2023-07-27T12:30:58.205+0000] {logging_mixin.py:149} INFO - [2023-07-27T12:30:58.205+0000] {dag.py:3490} INFO - Setting next_dagrun for dataset_produces_2 to None, run_after=None
[2023-07-27T12:30:58.382+0000] {processor.py:179} INFO - Processing /home/airflow/.local/lib/python3.7/site-packages/airflow/example_dags/example_datasets.py took 0.471 seconds
[2023-07-27T12:31:28.896+0000] {processor.py:157} INFO - Started process (PID=1400) to work on /home/airflow/.local/lib/python3.7/site-packages/airflow/example_dags/example_datasets.py
[2023-07-27T12:31:28.900+0000] {processor.py:826} INFO - Processing file /home/airflow/.local/lib/python3.7/site-packages/airflow/example_dags/example_datasets.py for tasks to queue
[2023-07-27T12:31:28.907+0000] {logging_mixin.py:149} INFO - [2023-07-27T12:31:28.907+0000] {dagbag.py:541} INFO - Filling up the DagBag from /home/airflow/.local/lib/python3.7/site-packages/airflow/example_dags/example_datasets.py
[2023-07-27T12:31:28.929+0000] {processor.py:836} INFO - DAG(s) dict_keys(['dataset_consumes_unknown_never_scheduled', 'dataset_consumes_1', 'dataset_produces_2', 'dataset_consumes_1_never_scheduled', 'dataset_consumes_1_and_2', 'dataset_produces_1']) retrieved from /home/airflow/.local/lib/python3.7/site-packages/airflow/example_dags/example_datasets.py
[2023-07-27T12:31:29.121+0000] {logging_mixin.py:149} INFO - [2023-07-27T12:31:29.121+0000] {dag.py:2726} INFO - Sync 6 DAGs
[2023-07-27T12:31:29.234+0000] {logging_mixin.py:149} INFO - [2023-07-27T12:31:29.234+0000] {dag.py:3490} INFO - Setting next_dagrun for dataset_consumes_1 to None, run_after=None
[2023-07-27T12:31:29.244+0000] {logging_mixin.py:149} INFO - [2023-07-27T12:31:29.243+0000] {dag.py:3490} INFO - Setting next_dagrun for dataset_consumes_1_and_2 to None, run_after=None
[2023-07-27T12:31:29.247+0000] {logging_mixin.py:149} INFO - [2023-07-27T12:31:29.247+0000] {dag.py:3490} INFO - Setting next_dagrun for dataset_consumes_1_never_scheduled to None, run_after=None
[2023-07-27T12:31:29.251+0000] {logging_mixin.py:149} INFO - [2023-07-27T12:31:29.251+0000] {dag.py:3490} INFO - Setting next_dagrun for dataset_consumes_unknown_never_scheduled to None, run_after=None
[2023-07-27T12:31:29.257+0000] {logging_mixin.py:149} INFO - [2023-07-27T12:31:29.257+0000] {dag.py:3490} INFO - Setting next_dagrun for dataset_produces_1 to 2023-07-26T00:00:00+00:00, run_after=2023-07-27T00:00:00+00:00
[2023-07-27T12:31:29.261+0000] {logging_mixin.py:149} INFO - [2023-07-27T12:31:29.261+0000] {dag.py:3490} INFO - Setting next_dagrun for dataset_produces_2 to None, run_after=None
[2023-07-27T12:31:29.402+0000] {processor.py:179} INFO - Processing /home/airflow/.local/lib/python3.7/site-packages/airflow/example_dags/example_datasets.py took 0.513 seconds
[2023-07-27T12:32:02.202+0000] {processor.py:157} INFO - Started process (PID=1458) to work on /home/airflow/.local/lib/python3.7/site-packages/airflow/example_dags/example_datasets.py
[2023-07-27T12:32:02.208+0000] {processor.py:826} INFO - Processing file /home/airflow/.local/lib/python3.7/site-packages/airflow/example_dags/example_datasets.py for tasks to queue
[2023-07-27T12:32:02.213+0000] {logging_mixin.py:149} INFO - [2023-07-27T12:32:02.212+0000] {dagbag.py:541} INFO - Filling up the DagBag from /home/airflow/.local/lib/python3.7/site-packages/airflow/example_dags/example_datasets.py
[2023-07-27T12:32:02.258+0000] {processor.py:836} INFO - DAG(s) dict_keys(['dataset_consumes_1_never_scheduled', 'dataset_produces_1', 'dataset_consumes_unknown_never_scheduled', 'dataset_consumes_1', 'dataset_produces_2', 'dataset_consumes_1_and_2']) retrieved from /home/airflow/.local/lib/python3.7/site-packages/airflow/example_dags/example_datasets.py
[2023-07-27T12:32:02.399+0000] {logging_mixin.py:149} INFO - [2023-07-27T12:32:02.398+0000] {dag.py:2726} INFO - Sync 6 DAGs
[2023-07-27T12:32:02.551+0000] {logging_mixin.py:149} INFO - [2023-07-27T12:32:02.551+0000] {dag.py:3490} INFO - Setting next_dagrun for dataset_consumes_1 to None, run_after=None
[2023-07-27T12:32:02.562+0000] {logging_mixin.py:149} INFO - [2023-07-27T12:32:02.561+0000] {dag.py:3490} INFO - Setting next_dagrun for dataset_consumes_1_and_2 to None, run_after=None
[2023-07-27T12:32:02.567+0000] {logging_mixin.py:149} INFO - [2023-07-27T12:32:02.566+0000] {dag.py:3490} INFO - Setting next_dagrun for dataset_consumes_1_never_scheduled to None, run_after=None
[2023-07-27T12:32:02.574+0000] {logging_mixin.py:149} INFO - [2023-07-27T12:32:02.574+0000] {dag.py:3490} INFO - Setting next_dagrun for dataset_consumes_unknown_never_scheduled to None, run_after=None
[2023-07-27T12:32:02.583+0000] {logging_mixin.py:149} INFO - [2023-07-27T12:32:02.583+0000] {dag.py:3490} INFO - Setting next_dagrun for dataset_produces_1 to 2023-07-26T00:00:00+00:00, run_after=2023-07-27T00:00:00+00:00
[2023-07-27T12:32:02.592+0000] {logging_mixin.py:149} INFO - [2023-07-27T12:32:02.592+0000] {dag.py:3490} INFO - Setting next_dagrun for dataset_produces_2 to None, run_after=None
[2023-07-27T12:32:02.695+0000] {processor.py:179} INFO - Processing /home/airflow/.local/lib/python3.7/site-packages/airflow/example_dags/example_datasets.py took 0.501 seconds
[2023-07-27T12:32:33.541+0000] {processor.py:157} INFO - Started process (PID=1515) to work on /home/airflow/.local/lib/python3.7/site-packages/airflow/example_dags/example_datasets.py
[2023-07-27T12:32:33.548+0000] {processor.py:826} INFO - Processing file /home/airflow/.local/lib/python3.7/site-packages/airflow/example_dags/example_datasets.py for tasks to queue
[2023-07-27T12:32:33.553+0000] {logging_mixin.py:149} INFO - [2023-07-27T12:32:33.552+0000] {dagbag.py:541} INFO - Filling up the DagBag from /home/airflow/.local/lib/python3.7/site-packages/airflow/example_dags/example_datasets.py
[2023-07-27T12:32:33.595+0000] {processor.py:836} INFO - DAG(s) dict_keys(['dataset_consumes_unknown_never_scheduled', 'dataset_produces_2', 'dataset_consumes_1_never_scheduled', 'dataset_produces_1', 'dataset_consumes_1', 'dataset_consumes_1_and_2']) retrieved from /home/airflow/.local/lib/python3.7/site-packages/airflow/example_dags/example_datasets.py
[2023-07-27T12:32:33.738+0000] {logging_mixin.py:149} INFO - [2023-07-27T12:32:33.738+0000] {dag.py:2726} INFO - Sync 6 DAGs
[2023-07-27T12:32:33.878+0000] {logging_mixin.py:149} INFO - [2023-07-27T12:32:33.877+0000] {dag.py:3490} INFO - Setting next_dagrun for dataset_consumes_1 to None, run_after=None
[2023-07-27T12:32:33.910+0000] {logging_mixin.py:149} INFO - [2023-07-27T12:32:33.909+0000] {dag.py:3490} INFO - Setting next_dagrun for dataset_consumes_1_and_2 to None, run_after=None
[2023-07-27T12:32:33.950+0000] {logging_mixin.py:149} INFO - [2023-07-27T12:32:33.950+0000] {dag.py:3490} INFO - Setting next_dagrun for dataset_consumes_1_never_scheduled to None, run_after=None
[2023-07-27T12:32:34.013+0000] {logging_mixin.py:149} INFO - [2023-07-27T12:32:34.013+0000] {dag.py:3490} INFO - Setting next_dagrun for dataset_consumes_unknown_never_scheduled to None, run_after=None
[2023-07-27T12:32:34.035+0000] {logging_mixin.py:149} INFO - [2023-07-27T12:32:34.034+0000] {dag.py:3490} INFO - Setting next_dagrun for dataset_produces_1 to 2023-07-26T00:00:00+00:00, run_after=2023-07-27T00:00:00+00:00
[2023-07-27T12:32:34.050+0000] {logging_mixin.py:149} INFO - [2023-07-27T12:32:34.050+0000] {dag.py:3490} INFO - Setting next_dagrun for dataset_produces_2 to None, run_after=None
[2023-07-27T12:32:34.283+0000] {processor.py:179} INFO - Processing /home/airflow/.local/lib/python3.7/site-packages/airflow/example_dags/example_datasets.py took 0.755 seconds
[2023-07-27T12:33:09.740+0000] {processor.py:157} INFO - Started process (PID=1575) to work on /home/airflow/.local/lib/python3.7/site-packages/airflow/example_dags/example_datasets.py
[2023-07-27T12:33:09.751+0000] {processor.py:826} INFO - Processing file /home/airflow/.local/lib/python3.7/site-packages/airflow/example_dags/example_datasets.py for tasks to queue
[2023-07-27T12:33:09.755+0000] {logging_mixin.py:149} INFO - [2023-07-27T12:33:09.754+0000] {dagbag.py:541} INFO - Filling up the DagBag from /home/airflow/.local/lib/python3.7/site-packages/airflow/example_dags/example_datasets.py
[2023-07-27T12:33:09.841+0000] {processor.py:836} INFO - DAG(s) dict_keys(['dataset_consumes_1_never_scheduled', 'dataset_consumes_1', 'dataset_produces_2', 'dataset_consumes_1_and_2', 'dataset_produces_1', 'dataset_consumes_unknown_never_scheduled']) retrieved from /home/airflow/.local/lib/python3.7/site-packages/airflow/example_dags/example_datasets.py
[2023-07-27T12:33:10.257+0000] {logging_mixin.py:149} INFO - [2023-07-27T12:33:10.257+0000] {dag.py:2726} INFO - Sync 6 DAGs
[2023-07-27T12:33:10.625+0000] {logging_mixin.py:149} INFO - [2023-07-27T12:33:10.624+0000] {dag.py:3490} INFO - Setting next_dagrun for dataset_consumes_1 to None, run_after=None
[2023-07-27T12:33:10.654+0000] {logging_mixin.py:149} INFO - [2023-07-27T12:33:10.654+0000] {dag.py:3490} INFO - Setting next_dagrun for dataset_consumes_1_and_2 to None, run_after=None
[2023-07-27T12:33:10.663+0000] {logging_mixin.py:149} INFO - [2023-07-27T12:33:10.663+0000] {dag.py:3490} INFO - Setting next_dagrun for dataset_consumes_1_never_scheduled to None, run_after=None
[2023-07-27T12:33:10.671+0000] {logging_mixin.py:149} INFO - [2023-07-27T12:33:10.670+0000] {dag.py:3490} INFO - Setting next_dagrun for dataset_consumes_unknown_never_scheduled to None, run_after=None
[2023-07-27T12:33:10.682+0000] {logging_mixin.py:149} INFO - [2023-07-27T12:33:10.681+0000] {dag.py:3490} INFO - Setting next_dagrun for dataset_produces_1 to 2023-07-26T00:00:00+00:00, run_after=2023-07-27T00:00:00+00:00
[2023-07-27T12:33:10.690+0000] {logging_mixin.py:149} INFO - [2023-07-27T12:33:10.690+0000] {dag.py:3490} INFO - Setting next_dagrun for dataset_produces_2 to None, run_after=None
[2023-07-27T12:33:10.829+0000] {processor.py:179} INFO - Processing /home/airflow/.local/lib/python3.7/site-packages/airflow/example_dags/example_datasets.py took 1.106 seconds
[2023-07-27T12:33:41.051+0000] {processor.py:157} INFO - Started process (PID=1630) to work on /home/airflow/.local/lib/python3.7/site-packages/airflow/example_dags/example_datasets.py
[2023-07-27T12:33:41.056+0000] {processor.py:826} INFO - Processing file /home/airflow/.local/lib/python3.7/site-packages/airflow/example_dags/example_datasets.py for tasks to queue
[2023-07-27T12:33:41.060+0000] {logging_mixin.py:149} INFO - [2023-07-27T12:33:41.059+0000] {dagbag.py:541} INFO - Filling up the DagBag from /home/airflow/.local/lib/python3.7/site-packages/airflow/example_dags/example_datasets.py
[2023-07-27T12:33:41.085+0000] {processor.py:836} INFO - DAG(s) dict_keys(['dataset_consumes_1', 'dataset_consumes_1_and_2', 'dataset_consumes_unknown_never_scheduled', 'dataset_consumes_1_never_scheduled', 'dataset_produces_1', 'dataset_produces_2']) retrieved from /home/airflow/.local/lib/python3.7/site-packages/airflow/example_dags/example_datasets.py
[2023-07-27T12:33:41.227+0000] {logging_mixin.py:149} INFO - [2023-07-27T12:33:41.227+0000] {dag.py:2726} INFO - Sync 6 DAGs
[2023-07-27T12:33:41.314+0000] {logging_mixin.py:149} INFO - [2023-07-27T12:33:41.314+0000] {dag.py:3490} INFO - Setting next_dagrun for dataset_consumes_1 to None, run_after=None
[2023-07-27T12:33:41.326+0000] {logging_mixin.py:149} INFO - [2023-07-27T12:33:41.326+0000] {dag.py:3490} INFO - Setting next_dagrun for dataset_consumes_1_and_2 to None, run_after=None
[2023-07-27T12:33:41.332+0000] {logging_mixin.py:149} INFO - [2023-07-27T12:33:41.331+0000] {dag.py:3490} INFO - Setting next_dagrun for dataset_consumes_1_never_scheduled to None, run_after=None
[2023-07-27T12:33:41.337+0000] {logging_mixin.py:149} INFO - [2023-07-27T12:33:41.337+0000] {dag.py:3490} INFO - Setting next_dagrun for dataset_consumes_unknown_never_scheduled to None, run_after=None
[2023-07-27T12:33:41.348+0000] {logging_mixin.py:149} INFO - [2023-07-27T12:33:41.348+0000] {dag.py:3490} INFO - Setting next_dagrun for dataset_produces_1 to 2023-07-26T00:00:00+00:00, run_after=2023-07-27T00:00:00+00:00
[2023-07-27T12:33:41.354+0000] {logging_mixin.py:149} INFO - [2023-07-27T12:33:41.353+0000] {dag.py:3490} INFO - Setting next_dagrun for dataset_produces_2 to None, run_after=None
[2023-07-27T12:33:41.429+0000] {processor.py:179} INFO - Processing /home/airflow/.local/lib/python3.7/site-packages/airflow/example_dags/example_datasets.py took 0.388 seconds
[2023-07-27T12:34:11.850+0000] {processor.py:157} INFO - Started process (PID=1688) to work on /home/airflow/.local/lib/python3.7/site-packages/airflow/example_dags/example_datasets.py
[2023-07-27T12:34:11.854+0000] {processor.py:826} INFO - Processing file /home/airflow/.local/lib/python3.7/site-packages/airflow/example_dags/example_datasets.py for tasks to queue
[2023-07-27T12:34:11.858+0000] {logging_mixin.py:149} INFO - [2023-07-27T12:34:11.857+0000] {dagbag.py:541} INFO - Filling up the DagBag from /home/airflow/.local/lib/python3.7/site-packages/airflow/example_dags/example_datasets.py
[2023-07-27T12:34:11.890+0000] {processor.py:836} INFO - DAG(s) dict_keys(['dataset_consumes_unknown_never_scheduled', 'dataset_produces_2', 'dataset_consumes_1', 'dataset_produces_1', 'dataset_consumes_1_and_2', 'dataset_consumes_1_never_scheduled']) retrieved from /home/airflow/.local/lib/python3.7/site-packages/airflow/example_dags/example_datasets.py
[2023-07-27T12:34:12.028+0000] {logging_mixin.py:149} INFO - [2023-07-27T12:34:12.028+0000] {dag.py:2726} INFO - Sync 6 DAGs
[2023-07-27T12:34:12.101+0000] {logging_mixin.py:149} INFO - [2023-07-27T12:34:12.101+0000] {dag.py:3490} INFO - Setting next_dagrun for dataset_consumes_1 to None, run_after=None
[2023-07-27T12:34:12.113+0000] {logging_mixin.py:149} INFO - [2023-07-27T12:34:12.113+0000] {dag.py:3490} INFO - Setting next_dagrun for dataset_consumes_1_and_2 to None, run_after=None
[2023-07-27T12:34:12.125+0000] {logging_mixin.py:149} INFO - [2023-07-27T12:34:12.124+0000] {dag.py:3490} INFO - Setting next_dagrun for dataset_consumes_1_never_scheduled to None, run_after=None
[2023-07-27T12:34:12.138+0000] {logging_mixin.py:149} INFO - [2023-07-27T12:34:12.137+0000] {dag.py:3490} INFO - Setting next_dagrun for dataset_consumes_unknown_never_scheduled to None, run_after=None
[2023-07-27T12:34:12.166+0000] {logging_mixin.py:149} INFO - [2023-07-27T12:34:12.166+0000] {dag.py:3490} INFO - Setting next_dagrun for dataset_produces_1 to 2023-07-26T00:00:00+00:00, run_after=2023-07-27T00:00:00+00:00
[2023-07-27T12:34:12.181+0000] {logging_mixin.py:149} INFO - [2023-07-27T12:34:12.181+0000] {dag.py:3490} INFO - Setting next_dagrun for dataset_produces_2 to None, run_after=None
[2023-07-27T12:34:12.352+0000] {processor.py:179} INFO - Processing /home/airflow/.local/lib/python3.7/site-packages/airflow/example_dags/example_datasets.py took 0.512 seconds
[2023-07-27T12:34:42.614+0000] {processor.py:157} INFO - Started process (PID=1747) to work on /home/airflow/.local/lib/python3.7/site-packages/airflow/example_dags/example_datasets.py
[2023-07-27T12:34:42.620+0000] {processor.py:826} INFO - Processing file /home/airflow/.local/lib/python3.7/site-packages/airflow/example_dags/example_datasets.py for tasks to queue
[2023-07-27T12:34:42.624+0000] {logging_mixin.py:149} INFO - [2023-07-27T12:34:42.623+0000] {dagbag.py:541} INFO - Filling up the DagBag from /home/airflow/.local/lib/python3.7/site-packages/airflow/example_dags/example_datasets.py
[2023-07-27T12:34:42.672+0000] {processor.py:836} INFO - DAG(s) dict_keys(['dataset_consumes_unknown_never_scheduled', 'dataset_produces_1', 'dataset_consumes_1_and_2', 'dataset_consumes_1_never_scheduled', 'dataset_consumes_1', 'dataset_produces_2']) retrieved from /home/airflow/.local/lib/python3.7/site-packages/airflow/example_dags/example_datasets.py
[2023-07-27T12:34:42.835+0000] {logging_mixin.py:149} INFO - [2023-07-27T12:34:42.834+0000] {dag.py:2726} INFO - Sync 6 DAGs
[2023-07-27T12:34:42.918+0000] {logging_mixin.py:149} INFO - [2023-07-27T12:34:42.918+0000] {dag.py:3490} INFO - Setting next_dagrun for dataset_consumes_1 to None, run_after=None
[2023-07-27T12:34:42.936+0000] {logging_mixin.py:149} INFO - [2023-07-27T12:34:42.935+0000] {dag.py:3490} INFO - Setting next_dagrun for dataset_consumes_1_and_2 to None, run_after=None
[2023-07-27T12:34:42.948+0000] {logging_mixin.py:149} INFO - [2023-07-27T12:34:42.948+0000] {dag.py:3490} INFO - Setting next_dagrun for dataset_consumes_1_never_scheduled to None, run_after=None
[2023-07-27T12:34:42.956+0000] {logging_mixin.py:149} INFO - [2023-07-27T12:34:42.955+0000] {dag.py:3490} INFO - Setting next_dagrun for dataset_consumes_unknown_never_scheduled to None, run_after=None
[2023-07-27T12:34:42.994+0000] {logging_mixin.py:149} INFO - [2023-07-27T12:34:42.993+0000] {dag.py:3490} INFO - Setting next_dagrun for dataset_produces_1 to 2023-07-26T00:00:00+00:00, run_after=2023-07-27T00:00:00+00:00
[2023-07-27T12:34:43.002+0000] {logging_mixin.py:149} INFO - [2023-07-27T12:34:43.002+0000] {dag.py:3490} INFO - Setting next_dagrun for dataset_produces_2 to None, run_after=None
[2023-07-27T12:34:43.220+0000] {processor.py:179} INFO - Processing /home/airflow/.local/lib/python3.7/site-packages/airflow/example_dags/example_datasets.py took 0.618 seconds
[2023-07-27T12:35:14.788+0000] {processor.py:157} INFO - Started process (PID=1812) to work on /home/airflow/.local/lib/python3.7/site-packages/airflow/example_dags/example_datasets.py
[2023-07-27T12:35:14.792+0000] {processor.py:826} INFO - Processing file /home/airflow/.local/lib/python3.7/site-packages/airflow/example_dags/example_datasets.py for tasks to queue
[2023-07-27T12:35:14.799+0000] {logging_mixin.py:149} INFO - [2023-07-27T12:35:14.798+0000] {dagbag.py:541} INFO - Filling up the DagBag from /home/airflow/.local/lib/python3.7/site-packages/airflow/example_dags/example_datasets.py
[2023-07-27T12:35:14.838+0000] {processor.py:836} INFO - DAG(s) dict_keys(['dataset_consumes_unknown_never_scheduled', 'dataset_consumes_1_never_scheduled', 'dataset_consumes_1', 'dataset_produces_2', 'dataset_produces_1', 'dataset_consumes_1_and_2']) retrieved from /home/airflow/.local/lib/python3.7/site-packages/airflow/example_dags/example_datasets.py
[2023-07-27T12:35:14.983+0000] {logging_mixin.py:149} INFO - [2023-07-27T12:35:14.982+0000] {dag.py:2726} INFO - Sync 6 DAGs
[2023-07-27T12:35:15.147+0000] {logging_mixin.py:149} INFO - [2023-07-27T12:35:15.147+0000] {dag.py:3490} INFO - Setting next_dagrun for dataset_consumes_1 to None, run_after=None
[2023-07-27T12:35:15.187+0000] {logging_mixin.py:149} INFO - [2023-07-27T12:35:15.186+0000] {dag.py:3490} INFO - Setting next_dagrun for dataset_consumes_1_and_2 to None, run_after=None
[2023-07-27T12:35:15.204+0000] {logging_mixin.py:149} INFO - [2023-07-27T12:35:15.204+0000] {dag.py:3490} INFO - Setting next_dagrun for dataset_consumes_1_never_scheduled to None, run_after=None
[2023-07-27T12:35:15.211+0000] {logging_mixin.py:149} INFO - [2023-07-27T12:35:15.210+0000] {dag.py:3490} INFO - Setting next_dagrun for dataset_consumes_unknown_never_scheduled to None, run_after=None
[2023-07-27T12:35:15.230+0000] {logging_mixin.py:149} INFO - [2023-07-27T12:35:15.229+0000] {dag.py:3490} INFO - Setting next_dagrun for dataset_produces_1 to 2023-07-26T00:00:00+00:00, run_after=2023-07-27T00:00:00+00:00
[2023-07-27T12:35:15.242+0000] {logging_mixin.py:149} INFO - [2023-07-27T12:35:15.242+0000] {dag.py:3490} INFO - Setting next_dagrun for dataset_produces_2 to None, run_after=None
[2023-07-27T12:35:15.371+0000] {processor.py:179} INFO - Processing /home/airflow/.local/lib/python3.7/site-packages/airflow/example_dags/example_datasets.py took 0.599 seconds
[2023-07-27T12:35:45.611+0000] {processor.py:157} INFO - Started process (PID=1870) to work on /home/airflow/.local/lib/python3.7/site-packages/airflow/example_dags/example_datasets.py
[2023-07-27T12:35:45.617+0000] {processor.py:826} INFO - Processing file /home/airflow/.local/lib/python3.7/site-packages/airflow/example_dags/example_datasets.py for tasks to queue
[2023-07-27T12:35:45.622+0000] {logging_mixin.py:149} INFO - [2023-07-27T12:35:45.621+0000] {dagbag.py:541} INFO - Filling up the DagBag from /home/airflow/.local/lib/python3.7/site-packages/airflow/example_dags/example_datasets.py
[2023-07-27T12:35:45.648+0000] {processor.py:836} INFO - DAG(s) dict_keys(['dataset_consumes_1', 'dataset_consumes_1_never_scheduled', 'dataset_produces_2', 'dataset_consumes_1_and_2', 'dataset_consumes_unknown_never_scheduled', 'dataset_produces_1']) retrieved from /home/airflow/.local/lib/python3.7/site-packages/airflow/example_dags/example_datasets.py
[2023-07-27T12:35:45.772+0000] {logging_mixin.py:149} INFO - [2023-07-27T12:35:45.771+0000] {dag.py:2726} INFO - Sync 6 DAGs
[2023-07-27T12:35:45.878+0000] {logging_mixin.py:149} INFO - [2023-07-27T12:35:45.878+0000] {dag.py:3490} INFO - Setting next_dagrun for dataset_consumes_1 to None, run_after=None
[2023-07-27T12:35:45.889+0000] {logging_mixin.py:149} INFO - [2023-07-27T12:35:45.888+0000] {dag.py:3490} INFO - Setting next_dagrun for dataset_consumes_1_and_2 to None, run_after=None
[2023-07-27T12:35:45.899+0000] {logging_mixin.py:149} INFO - [2023-07-27T12:35:45.899+0000] {dag.py:3490} INFO - Setting next_dagrun for dataset_consumes_1_never_scheduled to None, run_after=None
[2023-07-27T12:35:45.906+0000] {logging_mixin.py:149} INFO - [2023-07-27T12:35:45.906+0000] {dag.py:3490} INFO - Setting next_dagrun for dataset_consumes_unknown_never_scheduled to None, run_after=None
[2023-07-27T12:35:45.921+0000] {logging_mixin.py:149} INFO - [2023-07-27T12:35:45.921+0000] {dag.py:3490} INFO - Setting next_dagrun for dataset_produces_1 to 2023-07-26T00:00:00+00:00, run_after=2023-07-27T00:00:00+00:00
[2023-07-27T12:35:45.936+0000] {logging_mixin.py:149} INFO - [2023-07-27T12:35:45.936+0000] {dag.py:3490} INFO - Setting next_dagrun for dataset_produces_2 to None, run_after=None
[2023-07-27T12:35:46.052+0000] {processor.py:179} INFO - Processing /home/airflow/.local/lib/python3.7/site-packages/airflow/example_dags/example_datasets.py took 0.453 seconds
[2023-07-27T12:36:16.371+0000] {processor.py:157} INFO - Started process (PID=1927) to work on /home/airflow/.local/lib/python3.7/site-packages/airflow/example_dags/example_datasets.py
[2023-07-27T12:36:16.377+0000] {processor.py:826} INFO - Processing file /home/airflow/.local/lib/python3.7/site-packages/airflow/example_dags/example_datasets.py for tasks to queue
[2023-07-27T12:36:16.381+0000] {logging_mixin.py:149} INFO - [2023-07-27T12:36:16.380+0000] {dagbag.py:541} INFO - Filling up the DagBag from /home/airflow/.local/lib/python3.7/site-packages/airflow/example_dags/example_datasets.py
[2023-07-27T12:36:16.408+0000] {processor.py:836} INFO - DAG(s) dict_keys(['dataset_consumes_1', 'dataset_produces_2', 'dataset_produces_1', 'dataset_consumes_unknown_never_scheduled', 'dataset_consumes_1_never_scheduled', 'dataset_consumes_1_and_2']) retrieved from /home/airflow/.local/lib/python3.7/site-packages/airflow/example_dags/example_datasets.py
[2023-07-27T12:36:16.516+0000] {logging_mixin.py:149} INFO - [2023-07-27T12:36:16.515+0000] {dag.py:2726} INFO - Sync 6 DAGs
[2023-07-27T12:36:16.608+0000] {logging_mixin.py:149} INFO - [2023-07-27T12:36:16.608+0000] {dag.py:3490} INFO - Setting next_dagrun for dataset_consumes_1 to None, run_after=None
[2023-07-27T12:36:16.634+0000] {logging_mixin.py:149} INFO - [2023-07-27T12:36:16.634+0000] {dag.py:3490} INFO - Setting next_dagrun for dataset_consumes_1_and_2 to None, run_after=None
[2023-07-27T12:36:16.661+0000] {logging_mixin.py:149} INFO - [2023-07-27T12:36:16.660+0000] {dag.py:3490} INFO - Setting next_dagrun for dataset_consumes_1_never_scheduled to None, run_after=None
[2023-07-27T12:36:16.678+0000] {logging_mixin.py:149} INFO - [2023-07-27T12:36:16.677+0000] {dag.py:3490} INFO - Setting next_dagrun for dataset_consumes_unknown_never_scheduled to None, run_after=None
[2023-07-27T12:36:16.710+0000] {logging_mixin.py:149} INFO - [2023-07-27T12:36:16.709+0000] {dag.py:3490} INFO - Setting next_dagrun for dataset_produces_1 to 2023-07-26T00:00:00+00:00, run_after=2023-07-27T00:00:00+00:00
[2023-07-27T12:36:16.723+0000] {logging_mixin.py:149} INFO - [2023-07-27T12:36:16.722+0000] {dag.py:3490} INFO - Setting next_dagrun for dataset_produces_2 to None, run_after=None
[2023-07-27T12:36:16.829+0000] {processor.py:179} INFO - Processing /home/airflow/.local/lib/python3.7/site-packages/airflow/example_dags/example_datasets.py took 0.469 seconds
[2023-07-27T12:36:47.477+0000] {processor.py:157} INFO - Started process (PID=1984) to work on /home/airflow/.local/lib/python3.7/site-packages/airflow/example_dags/example_datasets.py
[2023-07-27T12:36:47.483+0000] {processor.py:826} INFO - Processing file /home/airflow/.local/lib/python3.7/site-packages/airflow/example_dags/example_datasets.py for tasks to queue
[2023-07-27T12:36:47.490+0000] {logging_mixin.py:149} INFO - [2023-07-27T12:36:47.489+0000] {dagbag.py:541} INFO - Filling up the DagBag from /home/airflow/.local/lib/python3.7/site-packages/airflow/example_dags/example_datasets.py
[2023-07-27T12:36:47.520+0000] {processor.py:836} INFO - DAG(s) dict_keys(['dataset_consumes_unknown_never_scheduled', 'dataset_produces_2', 'dataset_consumes_1_never_scheduled', 'dataset_consumes_1', 'dataset_consumes_1_and_2', 'dataset_produces_1']) retrieved from /home/airflow/.local/lib/python3.7/site-packages/airflow/example_dags/example_datasets.py
[2023-07-27T12:36:47.663+0000] {logging_mixin.py:149} INFO - [2023-07-27T12:36:47.663+0000] {dag.py:2726} INFO - Sync 6 DAGs
[2023-07-27T12:36:47.751+0000] {logging_mixin.py:149} INFO - [2023-07-27T12:36:47.751+0000] {dag.py:3490} INFO - Setting next_dagrun for dataset_consumes_1 to None, run_after=None
[2023-07-27T12:36:47.767+0000] {logging_mixin.py:149} INFO - [2023-07-27T12:36:47.767+0000] {dag.py:3490} INFO - Setting next_dagrun for dataset_consumes_1_and_2 to None, run_after=None
[2023-07-27T12:36:47.772+0000] {logging_mixin.py:149} INFO - [2023-07-27T12:36:47.771+0000] {dag.py:3490} INFO - Setting next_dagrun for dataset_consumes_1_never_scheduled to None, run_after=None
[2023-07-27T12:36:47.783+0000] {logging_mixin.py:149} INFO - [2023-07-27T12:36:47.782+0000] {dag.py:3490} INFO - Setting next_dagrun for dataset_consumes_unknown_never_scheduled to None, run_after=None
[2023-07-27T12:36:47.799+0000] {logging_mixin.py:149} INFO - [2023-07-27T12:36:47.799+0000] {dag.py:3490} INFO - Setting next_dagrun for dataset_produces_1 to 2023-07-26T00:00:00+00:00, run_after=2023-07-27T00:00:00+00:00
[2023-07-27T12:36:47.813+0000] {logging_mixin.py:149} INFO - [2023-07-27T12:36:47.812+0000] {dag.py:3490} INFO - Setting next_dagrun for dataset_produces_2 to None, run_after=None
[2023-07-27T12:36:47.936+0000] {processor.py:179} INFO - Processing /home/airflow/.local/lib/python3.7/site-packages/airflow/example_dags/example_datasets.py took 0.468 seconds
[2023-07-27T12:37:18.312+0000] {processor.py:157} INFO - Started process (PID=2041) to work on /home/airflow/.local/lib/python3.7/site-packages/airflow/example_dags/example_datasets.py
[2023-07-27T12:37:18.320+0000] {processor.py:826} INFO - Processing file /home/airflow/.local/lib/python3.7/site-packages/airflow/example_dags/example_datasets.py for tasks to queue
[2023-07-27T12:37:18.325+0000] {logging_mixin.py:149} INFO - [2023-07-27T12:37:18.323+0000] {dagbag.py:541} INFO - Filling up the DagBag from /home/airflow/.local/lib/python3.7/site-packages/airflow/example_dags/example_datasets.py
[2023-07-27T12:37:18.394+0000] {processor.py:836} INFO - DAG(s) dict_keys(['dataset_consumes_unknown_never_scheduled', 'dataset_produces_2', 'dataset_consumes_1', 'dataset_consumes_1_never_scheduled', 'dataset_produces_1', 'dataset_consumes_1_and_2']) retrieved from /home/airflow/.local/lib/python3.7/site-packages/airflow/example_dags/example_datasets.py
[2023-07-27T12:37:18.499+0000] {logging_mixin.py:149} INFO - [2023-07-27T12:37:18.499+0000] {dag.py:2726} INFO - Sync 6 DAGs
[2023-07-27T12:37:18.632+0000] {logging_mixin.py:149} INFO - [2023-07-27T12:37:18.631+0000] {dag.py:3490} INFO - Setting next_dagrun for dataset_consumes_1 to None, run_after=None
[2023-07-27T12:37:18.648+0000] {logging_mixin.py:149} INFO - [2023-07-27T12:37:18.647+0000] {dag.py:3490} INFO - Setting next_dagrun for dataset_consumes_1_and_2 to None, run_after=None
[2023-07-27T12:37:18.654+0000] {logging_mixin.py:149} INFO - [2023-07-27T12:37:18.654+0000] {dag.py:3490} INFO - Setting next_dagrun for dataset_consumes_1_never_scheduled to None, run_after=None
[2023-07-27T12:37:18.661+0000] {logging_mixin.py:149} INFO - [2023-07-27T12:37:18.660+0000] {dag.py:3490} INFO - Setting next_dagrun for dataset_consumes_unknown_never_scheduled to None, run_after=None
[2023-07-27T12:37:18.670+0000] {logging_mixin.py:149} INFO - [2023-07-27T12:37:18.670+0000] {dag.py:3490} INFO - Setting next_dagrun for dataset_produces_1 to 2023-07-26T00:00:00+00:00, run_after=2023-07-27T00:00:00+00:00
[2023-07-27T12:37:18.676+0000] {logging_mixin.py:149} INFO - [2023-07-27T12:37:18.676+0000] {dag.py:3490} INFO - Setting next_dagrun for dataset_produces_2 to None, run_after=None
[2023-07-27T12:37:18.760+0000] {processor.py:179} INFO - Processing /home/airflow/.local/lib/python3.7/site-packages/airflow/example_dags/example_datasets.py took 0.467 seconds
[2023-07-27T12:37:49.294+0000] {processor.py:157} INFO - Started process (PID=2098) to work on /home/airflow/.local/lib/python3.7/site-packages/airflow/example_dags/example_datasets.py
[2023-07-27T12:37:49.298+0000] {processor.py:826} INFO - Processing file /home/airflow/.local/lib/python3.7/site-packages/airflow/example_dags/example_datasets.py for tasks to queue
[2023-07-27T12:37:49.303+0000] {logging_mixin.py:149} INFO - [2023-07-27T12:37:49.303+0000] {dagbag.py:541} INFO - Filling up the DagBag from /home/airflow/.local/lib/python3.7/site-packages/airflow/example_dags/example_datasets.py
[2023-07-27T12:37:49.365+0000] {processor.py:836} INFO - DAG(s) dict_keys(['dataset_consumes_1_and_2', 'dataset_produces_2', 'dataset_consumes_1_never_scheduled', 'dataset_produces_1', 'dataset_consumes_unknown_never_scheduled', 'dataset_consumes_1']) retrieved from /home/airflow/.local/lib/python3.7/site-packages/airflow/example_dags/example_datasets.py
[2023-07-27T12:37:49.471+0000] {logging_mixin.py:149} INFO - [2023-07-27T12:37:49.470+0000] {dag.py:2726} INFO - Sync 6 DAGs
[2023-07-27T12:37:49.553+0000] {logging_mixin.py:149} INFO - [2023-07-27T12:37:49.552+0000] {dag.py:3490} INFO - Setting next_dagrun for dataset_consumes_1 to None, run_after=None
[2023-07-27T12:37:49.567+0000] {logging_mixin.py:149} INFO - [2023-07-27T12:37:49.567+0000] {dag.py:3490} INFO - Setting next_dagrun for dataset_consumes_1_and_2 to None, run_after=None
[2023-07-27T12:37:49.572+0000] {logging_mixin.py:149} INFO - [2023-07-27T12:37:49.571+0000] {dag.py:3490} INFO - Setting next_dagrun for dataset_consumes_1_never_scheduled to None, run_after=None
[2023-07-27T12:37:49.577+0000] {logging_mixin.py:149} INFO - [2023-07-27T12:37:49.577+0000] {dag.py:3490} INFO - Setting next_dagrun for dataset_consumes_unknown_never_scheduled to None, run_after=None
[2023-07-27T12:37:49.589+0000] {logging_mixin.py:149} INFO - [2023-07-27T12:37:49.588+0000] {dag.py:3490} INFO - Setting next_dagrun for dataset_produces_1 to 2023-07-26T00:00:00+00:00, run_after=2023-07-27T00:00:00+00:00
[2023-07-27T12:37:49.594+0000] {logging_mixin.py:149} INFO - [2023-07-27T12:37:49.594+0000] {dag.py:3490} INFO - Setting next_dagrun for dataset_produces_2 to None, run_after=None
[2023-07-27T12:37:49.699+0000] {processor.py:179} INFO - Processing /home/airflow/.local/lib/python3.7/site-packages/airflow/example_dags/example_datasets.py took 0.411 seconds
[2023-07-27T12:38:20.122+0000] {processor.py:157} INFO - Started process (PID=2156) to work on /home/airflow/.local/lib/python3.7/site-packages/airflow/example_dags/example_datasets.py
[2023-07-27T12:38:20.127+0000] {processor.py:826} INFO - Processing file /home/airflow/.local/lib/python3.7/site-packages/airflow/example_dags/example_datasets.py for tasks to queue
[2023-07-27T12:38:20.130+0000] {logging_mixin.py:149} INFO - [2023-07-27T12:38:20.130+0000] {dagbag.py:541} INFO - Filling up the DagBag from /home/airflow/.local/lib/python3.7/site-packages/airflow/example_dags/example_datasets.py
[2023-07-27T12:38:20.173+0000] {processor.py:836} INFO - DAG(s) dict_keys(['dataset_produces_2', 'dataset_consumes_1_never_scheduled', 'dataset_produces_1', 'dataset_consumes_1', 'dataset_consumes_unknown_never_scheduled', 'dataset_consumes_1_and_2']) retrieved from /home/airflow/.local/lib/python3.7/site-packages/airflow/example_dags/example_datasets.py
[2023-07-27T12:38:20.597+0000] {logging_mixin.py:149} INFO - [2023-07-27T12:38:20.597+0000] {dag.py:2726} INFO - Sync 6 DAGs
[2023-07-27T12:38:20.829+0000] {logging_mixin.py:149} INFO - [2023-07-27T12:38:20.828+0000] {dag.py:3490} INFO - Setting next_dagrun for dataset_consumes_1 to None, run_after=None
[2023-07-27T12:38:20.842+0000] {logging_mixin.py:149} INFO - [2023-07-27T12:38:20.841+0000] {dag.py:3490} INFO - Setting next_dagrun for dataset_consumes_1_and_2 to None, run_after=None
[2023-07-27T12:38:20.848+0000] {logging_mixin.py:149} INFO - [2023-07-27T12:38:20.848+0000] {dag.py:3490} INFO - Setting next_dagrun for dataset_consumes_1_never_scheduled to None, run_after=None
[2023-07-27T12:38:20.866+0000] {logging_mixin.py:149} INFO - [2023-07-27T12:38:20.865+0000] {dag.py:3490} INFO - Setting next_dagrun for dataset_consumes_unknown_never_scheduled to None, run_after=None
[2023-07-27T12:38:20.888+0000] {logging_mixin.py:149} INFO - [2023-07-27T12:38:20.888+0000] {dag.py:3490} INFO - Setting next_dagrun for dataset_produces_1 to 2023-07-26T00:00:00+00:00, run_after=2023-07-27T00:00:00+00:00
[2023-07-27T12:38:20.901+0000] {logging_mixin.py:149} INFO - [2023-07-27T12:38:20.900+0000] {dag.py:3490} INFO - Setting next_dagrun for dataset_produces_2 to None, run_after=None
[2023-07-27T12:38:21.130+0000] {processor.py:179} INFO - Processing /home/airflow/.local/lib/python3.7/site-packages/airflow/example_dags/example_datasets.py took 1.032 seconds
[2023-07-27T12:38:51.693+0000] {processor.py:157} INFO - Started process (PID=2215) to work on /home/airflow/.local/lib/python3.7/site-packages/airflow/example_dags/example_datasets.py
[2023-07-27T12:38:51.711+0000] {processor.py:826} INFO - Processing file /home/airflow/.local/lib/python3.7/site-packages/airflow/example_dags/example_datasets.py for tasks to queue
[2023-07-27T12:38:51.733+0000] {logging_mixin.py:149} INFO - [2023-07-27T12:38:51.728+0000] {dagbag.py:541} INFO - Filling up the DagBag from /home/airflow/.local/lib/python3.7/site-packages/airflow/example_dags/example_datasets.py
[2023-07-27T12:38:51.890+0000] {processor.py:836} INFO - DAG(s) dict_keys(['dataset_produces_2', 'dataset_consumes_1_never_scheduled', 'dataset_consumes_1', 'dataset_consumes_1_and_2', 'dataset_produces_1', 'dataset_consumes_unknown_never_scheduled']) retrieved from /home/airflow/.local/lib/python3.7/site-packages/airflow/example_dags/example_datasets.py
[2023-07-27T12:38:52.183+0000] {logging_mixin.py:149} INFO - [2023-07-27T12:38:52.183+0000] {dag.py:2726} INFO - Sync 6 DAGs
[2023-07-27T12:38:52.470+0000] {logging_mixin.py:149} INFO - [2023-07-27T12:38:52.469+0000] {dag.py:3490} INFO - Setting next_dagrun for dataset_consumes_1 to None, run_after=None
[2023-07-27T12:38:52.491+0000] {logging_mixin.py:149} INFO - [2023-07-27T12:38:52.491+0000] {dag.py:3490} INFO - Setting next_dagrun for dataset_consumes_1_and_2 to None, run_after=None
[2023-07-27T12:38:52.500+0000] {logging_mixin.py:149} INFO - [2023-07-27T12:38:52.499+0000] {dag.py:3490} INFO - Setting next_dagrun for dataset_consumes_1_never_scheduled to None, run_after=None
[2023-07-27T12:38:52.512+0000] {logging_mixin.py:149} INFO - [2023-07-27T12:38:52.511+0000] {dag.py:3490} INFO - Setting next_dagrun for dataset_consumes_unknown_never_scheduled to None, run_after=None
[2023-07-27T12:38:52.619+0000] {logging_mixin.py:149} INFO - [2023-07-27T12:38:52.618+0000] {dag.py:3490} INFO - Setting next_dagrun for dataset_produces_1 to 2023-07-26T00:00:00+00:00, run_after=2023-07-27T00:00:00+00:00
[2023-07-27T12:38:52.657+0000] {logging_mixin.py:149} INFO - [2023-07-27T12:38:52.656+0000] {dag.py:3490} INFO - Setting next_dagrun for dataset_produces_2 to None, run_after=None
[2023-07-27T12:38:53.219+0000] {processor.py:179} INFO - Processing /home/airflow/.local/lib/python3.7/site-packages/airflow/example_dags/example_datasets.py took 1.568 seconds
[2023-07-27T12:39:23.698+0000] {processor.py:157} INFO - Started process (PID=2274) to work on /home/airflow/.local/lib/python3.7/site-packages/airflow/example_dags/example_datasets.py
[2023-07-27T12:39:23.702+0000] {processor.py:826} INFO - Processing file /home/airflow/.local/lib/python3.7/site-packages/airflow/example_dags/example_datasets.py for tasks to queue
[2023-07-27T12:39:23.706+0000] {logging_mixin.py:149} INFO - [2023-07-27T12:39:23.705+0000] {dagbag.py:541} INFO - Filling up the DagBag from /home/airflow/.local/lib/python3.7/site-packages/airflow/example_dags/example_datasets.py
[2023-07-27T12:39:23.765+0000] {processor.py:836} INFO - DAG(s) dict_keys(['dataset_produces_2', 'dataset_consumes_1_and_2', 'dataset_consumes_1', 'dataset_produces_1', 'dataset_consumes_unknown_never_scheduled', 'dataset_consumes_1_never_scheduled']) retrieved from /home/airflow/.local/lib/python3.7/site-packages/airflow/example_dags/example_datasets.py
[2023-07-27T12:39:23.982+0000] {logging_mixin.py:149} INFO - [2023-07-27T12:39:23.982+0000] {dag.py:2726} INFO - Sync 6 DAGs
[2023-07-27T12:39:24.236+0000] {logging_mixin.py:149} INFO - [2023-07-27T12:39:24.236+0000] {dag.py:3490} INFO - Setting next_dagrun for dataset_consumes_1 to None, run_after=None
[2023-07-27T12:39:24.249+0000] {logging_mixin.py:149} INFO - [2023-07-27T12:39:24.249+0000] {dag.py:3490} INFO - Setting next_dagrun for dataset_consumes_1_and_2 to None, run_after=None
[2023-07-27T12:39:24.255+0000] {logging_mixin.py:149} INFO - [2023-07-27T12:39:24.255+0000] {dag.py:3490} INFO - Setting next_dagrun for dataset_consumes_1_never_scheduled to None, run_after=None
[2023-07-27T12:39:24.262+0000] {logging_mixin.py:149} INFO - [2023-07-27T12:39:24.262+0000] {dag.py:3490} INFO - Setting next_dagrun for dataset_consumes_unknown_never_scheduled to None, run_after=None
[2023-07-27T12:39:24.286+0000] {logging_mixin.py:149} INFO - [2023-07-27T12:39:24.286+0000] {dag.py:3490} INFO - Setting next_dagrun for dataset_produces_1 to 2023-07-26T00:00:00+00:00, run_after=2023-07-27T00:00:00+00:00
[2023-07-27T12:39:24.297+0000] {logging_mixin.py:149} INFO - [2023-07-27T12:39:24.296+0000] {dag.py:3490} INFO - Setting next_dagrun for dataset_produces_2 to None, run_after=None
[2023-07-27T12:39:24.419+0000] {processor.py:179} INFO - Processing /home/airflow/.local/lib/python3.7/site-packages/airflow/example_dags/example_datasets.py took 0.744 seconds
