[2023-07-27T12:26:05.906+0000] {processor.py:157} INFO - Started process (PID=832) to work on /home/airflow/.local/lib/python3.7/site-packages/airflow/example_dags/example_python_operator.py
[2023-07-27T12:26:05.928+0000] {processor.py:826} INFO - Processing file /home/airflow/.local/lib/python3.7/site-packages/airflow/example_dags/example_python_operator.py for tasks to queue
[2023-07-27T12:26:05.942+0000] {logging_mixin.py:149} INFO - [2023-07-27T12:26:05.941+0000] {dagbag.py:541} INFO - Filling up the DagBag from /home/airflow/.local/lib/python3.7/site-packages/airflow/example_dags/example_python_operator.py
[2023-07-27T12:26:06.150+0000] {processor.py:836} INFO - DAG(s) dict_keys(['example_python_operator']) retrieved from /home/airflow/.local/lib/python3.7/site-packages/airflow/example_dags/example_python_operator.py
[2023-07-27T12:26:06.326+0000] {logging_mixin.py:149} INFO - [2023-07-27T12:26:06.325+0000] {dag.py:2726} INFO - Sync 1 DAGs
[2023-07-27T12:26:06.494+0000] {logging_mixin.py:149} INFO - [2023-07-27T12:26:06.493+0000] {dag.py:3490} INFO - Setting next_dagrun for example_python_operator to None, run_after=None
[2023-07-27T12:26:06.580+0000] {processor.py:179} INFO - Processing /home/airflow/.local/lib/python3.7/site-packages/airflow/example_dags/example_python_operator.py took 0.697 seconds
[2023-07-27T12:26:44.070+0000] {processor.py:157} INFO - Started process (PID=897) to work on /home/airflow/.local/lib/python3.7/site-packages/airflow/example_dags/example_python_operator.py
[2023-07-27T12:26:44.086+0000] {processor.py:826} INFO - Processing file /home/airflow/.local/lib/python3.7/site-packages/airflow/example_dags/example_python_operator.py for tasks to queue
[2023-07-27T12:26:44.102+0000] {logging_mixin.py:149} INFO - [2023-07-27T12:26:44.100+0000] {dagbag.py:541} INFO - Filling up the DagBag from /home/airflow/.local/lib/python3.7/site-packages/airflow/example_dags/example_python_operator.py
[2023-07-27T12:26:44.449+0000] {processor.py:836} INFO - DAG(s) dict_keys(['example_python_operator']) retrieved from /home/airflow/.local/lib/python3.7/site-packages/airflow/example_dags/example_python_operator.py
[2023-07-27T12:26:44.790+0000] {logging_mixin.py:149} INFO - [2023-07-27T12:26:44.790+0000] {dag.py:2726} INFO - Sync 1 DAGs
[2023-07-27T12:26:45.109+0000] {logging_mixin.py:149} INFO - [2023-07-27T12:26:45.109+0000] {dag.py:3490} INFO - Setting next_dagrun for example_python_operator to None, run_after=None
[2023-07-27T12:26:45.360+0000] {processor.py:179} INFO - Processing /home/airflow/.local/lib/python3.7/site-packages/airflow/example_dags/example_python_operator.py took 1.370 seconds
[2023-07-27T12:27:20.735+0000] {processor.py:157} INFO - Started process (PID=955) to work on /home/airflow/.local/lib/python3.7/site-packages/airflow/example_dags/example_python_operator.py
[2023-07-27T12:27:20.763+0000] {processor.py:826} INFO - Processing file /home/airflow/.local/lib/python3.7/site-packages/airflow/example_dags/example_python_operator.py for tasks to queue
[2023-07-27T12:27:20.768+0000] {logging_mixin.py:149} INFO - [2023-07-27T12:27:20.767+0000] {dagbag.py:541} INFO - Filling up the DagBag from /home/airflow/.local/lib/python3.7/site-packages/airflow/example_dags/example_python_operator.py
[2023-07-27T12:27:21.268+0000] {processor.py:836} INFO - DAG(s) dict_keys(['example_python_operator']) retrieved from /home/airflow/.local/lib/python3.7/site-packages/airflow/example_dags/example_python_operator.py
[2023-07-27T12:27:22.151+0000] {logging_mixin.py:149} INFO - [2023-07-27T12:27:22.151+0000] {dag.py:2726} INFO - Sync 1 DAGs
[2023-07-27T12:27:22.783+0000] {logging_mixin.py:149} INFO - [2023-07-27T12:27:22.782+0000] {dag.py:3490} INFO - Setting next_dagrun for example_python_operator to None, run_after=None
[2023-07-27T12:27:22.922+0000] {processor.py:179} INFO - Processing /home/airflow/.local/lib/python3.7/site-packages/airflow/example_dags/example_python_operator.py took 2.244 seconds
[2023-07-27T12:27:53.168+0000] {processor.py:157} INFO - Started process (PID=1010) to work on /home/airflow/.local/lib/python3.7/site-packages/airflow/example_dags/example_python_operator.py
[2023-07-27T12:27:53.181+0000] {processor.py:826} INFO - Processing file /home/airflow/.local/lib/python3.7/site-packages/airflow/example_dags/example_python_operator.py for tasks to queue
[2023-07-27T12:27:53.195+0000] {logging_mixin.py:149} INFO - [2023-07-27T12:27:53.192+0000] {dagbag.py:541} INFO - Filling up the DagBag from /home/airflow/.local/lib/python3.7/site-packages/airflow/example_dags/example_python_operator.py
[2023-07-27T12:27:53.246+0000] {processor.py:836} INFO - DAG(s) dict_keys(['example_python_operator']) retrieved from /home/airflow/.local/lib/python3.7/site-packages/airflow/example_dags/example_python_operator.py
[2023-07-27T12:27:53.425+0000] {logging_mixin.py:149} INFO - [2023-07-27T12:27:53.425+0000] {dag.py:2726} INFO - Sync 1 DAGs
[2023-07-27T12:27:53.816+0000] {logging_mixin.py:149} INFO - [2023-07-27T12:27:53.813+0000] {dag.py:3490} INFO - Setting next_dagrun for example_python_operator to None, run_after=None
[2023-07-27T12:27:54.191+0000] {processor.py:179} INFO - Processing /home/airflow/.local/lib/python3.7/site-packages/airflow/example_dags/example_python_operator.py took 1.043 seconds
[2023-07-27T12:28:24.757+0000] {processor.py:157} INFO - Started process (PID=1067) to work on /home/airflow/.local/lib/python3.7/site-packages/airflow/example_dags/example_python_operator.py
[2023-07-27T12:28:24.761+0000] {processor.py:826} INFO - Processing file /home/airflow/.local/lib/python3.7/site-packages/airflow/example_dags/example_python_operator.py for tasks to queue
[2023-07-27T12:28:24.769+0000] {logging_mixin.py:149} INFO - [2023-07-27T12:28:24.769+0000] {dagbag.py:541} INFO - Filling up the DagBag from /home/airflow/.local/lib/python3.7/site-packages/airflow/example_dags/example_python_operator.py
[2023-07-27T12:28:24.816+0000] {processor.py:836} INFO - DAG(s) dict_keys(['example_python_operator']) retrieved from /home/airflow/.local/lib/python3.7/site-packages/airflow/example_dags/example_python_operator.py
[2023-07-27T12:28:24.889+0000] {logging_mixin.py:149} INFO - [2023-07-27T12:28:24.888+0000] {dag.py:2726} INFO - Sync 1 DAGs
[2023-07-27T12:28:25.055+0000] {logging_mixin.py:149} INFO - [2023-07-27T12:28:25.055+0000] {dag.py:3490} INFO - Setting next_dagrun for example_python_operator to None, run_after=None
[2023-07-27T12:28:25.389+0000] {processor.py:179} INFO - Processing /home/airflow/.local/lib/python3.7/site-packages/airflow/example_dags/example_python_operator.py took 0.640 seconds
[2023-07-27T12:28:55.874+0000] {processor.py:157} INFO - Started process (PID=1125) to work on /home/airflow/.local/lib/python3.7/site-packages/airflow/example_dags/example_python_operator.py
[2023-07-27T12:28:55.880+0000] {processor.py:826} INFO - Processing file /home/airflow/.local/lib/python3.7/site-packages/airflow/example_dags/example_python_operator.py for tasks to queue
[2023-07-27T12:28:55.885+0000] {logging_mixin.py:149} INFO - [2023-07-27T12:28:55.885+0000] {dagbag.py:541} INFO - Filling up the DagBag from /home/airflow/.local/lib/python3.7/site-packages/airflow/example_dags/example_python_operator.py
[2023-07-27T12:28:55.915+0000] {processor.py:836} INFO - DAG(s) dict_keys(['example_python_operator']) retrieved from /home/airflow/.local/lib/python3.7/site-packages/airflow/example_dags/example_python_operator.py
[2023-07-27T12:28:55.983+0000] {logging_mixin.py:149} INFO - [2023-07-27T12:28:55.983+0000] {dag.py:2726} INFO - Sync 1 DAGs
[2023-07-27T12:28:56.048+0000] {logging_mixin.py:149} INFO - [2023-07-27T12:28:56.048+0000] {dag.py:3490} INFO - Setting next_dagrun for example_python_operator to None, run_after=None
[2023-07-27T12:28:56.105+0000] {processor.py:179} INFO - Processing /home/airflow/.local/lib/python3.7/site-packages/airflow/example_dags/example_python_operator.py took 0.241 seconds
[2023-07-27T12:29:26.740+0000] {processor.py:157} INFO - Started process (PID=1183) to work on /home/airflow/.local/lib/python3.7/site-packages/airflow/example_dags/example_python_operator.py
[2023-07-27T12:29:26.744+0000] {processor.py:826} INFO - Processing file /home/airflow/.local/lib/python3.7/site-packages/airflow/example_dags/example_python_operator.py for tasks to queue
[2023-07-27T12:29:26.750+0000] {logging_mixin.py:149} INFO - [2023-07-27T12:29:26.749+0000] {dagbag.py:541} INFO - Filling up the DagBag from /home/airflow/.local/lib/python3.7/site-packages/airflow/example_dags/example_python_operator.py
[2023-07-27T12:29:26.789+0000] {processor.py:836} INFO - DAG(s) dict_keys(['example_python_operator']) retrieved from /home/airflow/.local/lib/python3.7/site-packages/airflow/example_dags/example_python_operator.py
[2023-07-27T12:29:26.878+0000] {logging_mixin.py:149} INFO - [2023-07-27T12:29:26.878+0000] {dag.py:2726} INFO - Sync 1 DAGs
[2023-07-27T12:29:26.933+0000] {logging_mixin.py:149} INFO - [2023-07-27T12:29:26.933+0000] {dag.py:3490} INFO - Setting next_dagrun for example_python_operator to None, run_after=None
[2023-07-27T12:29:26.982+0000] {processor.py:179} INFO - Processing /home/airflow/.local/lib/python3.7/site-packages/airflow/example_dags/example_python_operator.py took 0.252 seconds
[2023-07-27T12:29:57.875+0000] {processor.py:157} INFO - Started process (PID=1241) to work on /home/airflow/.local/lib/python3.7/site-packages/airflow/example_dags/example_python_operator.py
[2023-07-27T12:29:57.883+0000] {processor.py:826} INFO - Processing file /home/airflow/.local/lib/python3.7/site-packages/airflow/example_dags/example_python_operator.py for tasks to queue
[2023-07-27T12:29:57.894+0000] {logging_mixin.py:149} INFO - [2023-07-27T12:29:57.892+0000] {dagbag.py:541} INFO - Filling up the DagBag from /home/airflow/.local/lib/python3.7/site-packages/airflow/example_dags/example_python_operator.py
[2023-07-27T12:29:57.941+0000] {processor.py:836} INFO - DAG(s) dict_keys(['example_python_operator']) retrieved from /home/airflow/.local/lib/python3.7/site-packages/airflow/example_dags/example_python_operator.py
[2023-07-27T12:29:58.154+0000] {logging_mixin.py:149} INFO - [2023-07-27T12:29:58.154+0000] {dag.py:2726} INFO - Sync 1 DAGs
[2023-07-27T12:29:58.260+0000] {logging_mixin.py:149} INFO - [2023-07-27T12:29:58.260+0000] {dag.py:3490} INFO - Setting next_dagrun for example_python_operator to None, run_after=None
[2023-07-27T12:29:58.310+0000] {processor.py:179} INFO - Processing /home/airflow/.local/lib/python3.7/site-packages/airflow/example_dags/example_python_operator.py took 0.456 seconds
[2023-07-27T12:30:30.251+0000] {processor.py:157} INFO - Started process (PID=1298) to work on /home/airflow/.local/lib/python3.7/site-packages/airflow/example_dags/example_python_operator.py
[2023-07-27T12:30:30.273+0000] {processor.py:826} INFO - Processing file /home/airflow/.local/lib/python3.7/site-packages/airflow/example_dags/example_python_operator.py for tasks to queue
[2023-07-27T12:30:30.291+0000] {logging_mixin.py:149} INFO - [2023-07-27T12:30:30.290+0000] {dagbag.py:541} INFO - Filling up the DagBag from /home/airflow/.local/lib/python3.7/site-packages/airflow/example_dags/example_python_operator.py
[2023-07-27T12:30:30.383+0000] {processor.py:836} INFO - DAG(s) dict_keys(['example_python_operator']) retrieved from /home/airflow/.local/lib/python3.7/site-packages/airflow/example_dags/example_python_operator.py
[2023-07-27T12:30:30.749+0000] {logging_mixin.py:149} INFO - [2023-07-27T12:30:30.748+0000] {dag.py:2726} INFO - Sync 1 DAGs
[2023-07-27T12:30:31.123+0000] {logging_mixin.py:149} INFO - [2023-07-27T12:30:31.123+0000] {dag.py:3490} INFO - Setting next_dagrun for example_python_operator to None, run_after=None
[2023-07-27T12:30:31.605+0000] {processor.py:179} INFO - Processing /home/airflow/.local/lib/python3.7/site-packages/airflow/example_dags/example_python_operator.py took 1.419 seconds
[2023-07-27T12:31:02.124+0000] {processor.py:157} INFO - Started process (PID=1353) to work on /home/airflow/.local/lib/python3.7/site-packages/airflow/example_dags/example_python_operator.py
[2023-07-27T12:31:02.129+0000] {processor.py:826} INFO - Processing file /home/airflow/.local/lib/python3.7/site-packages/airflow/example_dags/example_python_operator.py for tasks to queue
[2023-07-27T12:31:02.136+0000] {logging_mixin.py:149} INFO - [2023-07-27T12:31:02.136+0000] {dagbag.py:541} INFO - Filling up the DagBag from /home/airflow/.local/lib/python3.7/site-packages/airflow/example_dags/example_python_operator.py
[2023-07-27T12:31:02.168+0000] {processor.py:836} INFO - DAG(s) dict_keys(['example_python_operator']) retrieved from /home/airflow/.local/lib/python3.7/site-packages/airflow/example_dags/example_python_operator.py
[2023-07-27T12:31:02.237+0000] {logging_mixin.py:149} INFO - [2023-07-27T12:31:02.237+0000] {dag.py:2726} INFO - Sync 1 DAGs
[2023-07-27T12:31:02.304+0000] {logging_mixin.py:149} INFO - [2023-07-27T12:31:02.304+0000] {dag.py:3490} INFO - Setting next_dagrun for example_python_operator to None, run_after=None
[2023-07-27T12:31:02.480+0000] {processor.py:179} INFO - Processing /home/airflow/.local/lib/python3.7/site-packages/airflow/example_dags/example_python_operator.py took 0.364 seconds
[2023-07-27T12:31:32.546+0000] {processor.py:157} INFO - Started process (PID=1411) to work on /home/airflow/.local/lib/python3.7/site-packages/airflow/example_dags/example_python_operator.py
[2023-07-27T12:31:32.549+0000] {processor.py:826} INFO - Processing file /home/airflow/.local/lib/python3.7/site-packages/airflow/example_dags/example_python_operator.py for tasks to queue
[2023-07-27T12:31:32.551+0000] {logging_mixin.py:149} INFO - [2023-07-27T12:31:32.551+0000] {dagbag.py:541} INFO - Filling up the DagBag from /home/airflow/.local/lib/python3.7/site-packages/airflow/example_dags/example_python_operator.py
[2023-07-27T12:31:32.585+0000] {processor.py:836} INFO - DAG(s) dict_keys(['example_python_operator']) retrieved from /home/airflow/.local/lib/python3.7/site-packages/airflow/example_dags/example_python_operator.py
[2023-07-27T12:31:32.683+0000] {logging_mixin.py:149} INFO - [2023-07-27T12:31:32.682+0000] {dag.py:2726} INFO - Sync 1 DAGs
[2023-07-27T12:31:32.737+0000] {logging_mixin.py:149} INFO - [2023-07-27T12:31:32.737+0000] {dag.py:3490} INFO - Setting next_dagrun for example_python_operator to None, run_after=None
[2023-07-27T12:31:32.857+0000] {processor.py:179} INFO - Processing /home/airflow/.local/lib/python3.7/site-packages/airflow/example_dags/example_python_operator.py took 0.317 seconds
[2023-07-27T12:32:04.830+0000] {processor.py:157} INFO - Started process (PID=1469) to work on /home/airflow/.local/lib/python3.7/site-packages/airflow/example_dags/example_python_operator.py
[2023-07-27T12:32:04.840+0000] {processor.py:826} INFO - Processing file /home/airflow/.local/lib/python3.7/site-packages/airflow/example_dags/example_python_operator.py for tasks to queue
[2023-07-27T12:32:04.846+0000] {logging_mixin.py:149} INFO - [2023-07-27T12:32:04.846+0000] {dagbag.py:541} INFO - Filling up the DagBag from /home/airflow/.local/lib/python3.7/site-packages/airflow/example_dags/example_python_operator.py
[2023-07-27T12:32:04.887+0000] {processor.py:836} INFO - DAG(s) dict_keys(['example_python_operator']) retrieved from /home/airflow/.local/lib/python3.7/site-packages/airflow/example_dags/example_python_operator.py
[2023-07-27T12:32:04.975+0000] {logging_mixin.py:149} INFO - [2023-07-27T12:32:04.975+0000] {dag.py:2726} INFO - Sync 1 DAGs
[2023-07-27T12:32:05.033+0000] {logging_mixin.py:149} INFO - [2023-07-27T12:32:05.033+0000] {dag.py:3490} INFO - Setting next_dagrun for example_python_operator to None, run_after=None
[2023-07-27T12:32:05.090+0000] {processor.py:179} INFO - Processing /home/airflow/.local/lib/python3.7/site-packages/airflow/example_dags/example_python_operator.py took 0.273 seconds
[2023-07-27T12:32:36.223+0000] {processor.py:157} INFO - Started process (PID=1522) to work on /home/airflow/.local/lib/python3.7/site-packages/airflow/example_dags/example_python_operator.py
[2023-07-27T12:32:36.230+0000] {processor.py:826} INFO - Processing file /home/airflow/.local/lib/python3.7/site-packages/airflow/example_dags/example_python_operator.py for tasks to queue
[2023-07-27T12:32:36.248+0000] {logging_mixin.py:149} INFO - [2023-07-27T12:32:36.247+0000] {dagbag.py:541} INFO - Filling up the DagBag from /home/airflow/.local/lib/python3.7/site-packages/airflow/example_dags/example_python_operator.py
[2023-07-27T12:32:36.283+0000] {processor.py:836} INFO - DAG(s) dict_keys(['example_python_operator']) retrieved from /home/airflow/.local/lib/python3.7/site-packages/airflow/example_dags/example_python_operator.py
[2023-07-27T12:32:36.353+0000] {logging_mixin.py:149} INFO - [2023-07-27T12:32:36.353+0000] {dag.py:2726} INFO - Sync 1 DAGs
[2023-07-27T12:32:36.498+0000] {logging_mixin.py:149} INFO - [2023-07-27T12:32:36.497+0000] {dag.py:3490} INFO - Setting next_dagrun for example_python_operator to None, run_after=None
[2023-07-27T12:32:36.547+0000] {processor.py:179} INFO - Processing /home/airflow/.local/lib/python3.7/site-packages/airflow/example_dags/example_python_operator.py took 0.335 seconds
[2023-07-27T12:33:12.646+0000] {processor.py:157} INFO - Started process (PID=1590) to work on /home/airflow/.local/lib/python3.7/site-packages/airflow/example_dags/example_python_operator.py
[2023-07-27T12:33:12.651+0000] {processor.py:826} INFO - Processing file /home/airflow/.local/lib/python3.7/site-packages/airflow/example_dags/example_python_operator.py for tasks to queue
[2023-07-27T12:33:12.655+0000] {logging_mixin.py:149} INFO - [2023-07-27T12:33:12.654+0000] {dagbag.py:541} INFO - Filling up the DagBag from /home/airflow/.local/lib/python3.7/site-packages/airflow/example_dags/example_python_operator.py
[2023-07-27T12:33:12.685+0000] {processor.py:836} INFO - DAG(s) dict_keys(['example_python_operator']) retrieved from /home/airflow/.local/lib/python3.7/site-packages/airflow/example_dags/example_python_operator.py
[2023-07-27T12:33:12.758+0000] {logging_mixin.py:149} INFO - [2023-07-27T12:33:12.757+0000] {dag.py:2726} INFO - Sync 1 DAGs
[2023-07-27T12:33:12.843+0000] {logging_mixin.py:149} INFO - [2023-07-27T12:33:12.843+0000] {dag.py:3490} INFO - Setting next_dagrun for example_python_operator to None, run_after=None
[2023-07-27T12:33:12.918+0000] {processor.py:179} INFO - Processing /home/airflow/.local/lib/python3.7/site-packages/airflow/example_dags/example_python_operator.py took 0.282 seconds
[2023-07-27T12:33:45.409+0000] {processor.py:157} INFO - Started process (PID=1648) to work on /home/airflow/.local/lib/python3.7/site-packages/airflow/example_dags/example_python_operator.py
[2023-07-27T12:33:45.416+0000] {processor.py:826} INFO - Processing file /home/airflow/.local/lib/python3.7/site-packages/airflow/example_dags/example_python_operator.py for tasks to queue
[2023-07-27T12:33:45.430+0000] {logging_mixin.py:149} INFO - [2023-07-27T12:33:45.429+0000] {dagbag.py:541} INFO - Filling up the DagBag from /home/airflow/.local/lib/python3.7/site-packages/airflow/example_dags/example_python_operator.py
[2023-07-27T12:33:45.522+0000] {processor.py:836} INFO - DAG(s) dict_keys(['example_python_operator']) retrieved from /home/airflow/.local/lib/python3.7/site-packages/airflow/example_dags/example_python_operator.py
[2023-07-27T12:33:45.648+0000] {logging_mixin.py:149} INFO - [2023-07-27T12:33:45.647+0000] {dag.py:2726} INFO - Sync 1 DAGs
[2023-07-27T12:33:45.830+0000] {logging_mixin.py:149} INFO - [2023-07-27T12:33:45.829+0000] {dag.py:3490} INFO - Setting next_dagrun for example_python_operator to None, run_after=None
[2023-07-27T12:33:45.909+0000] {processor.py:179} INFO - Processing /home/airflow/.local/lib/python3.7/site-packages/airflow/example_dags/example_python_operator.py took 0.522 seconds
[2023-07-27T12:34:16.393+0000] {processor.py:157} INFO - Started process (PID=1707) to work on /home/airflow/.local/lib/python3.7/site-packages/airflow/example_dags/example_python_operator.py
[2023-07-27T12:34:16.399+0000] {processor.py:826} INFO - Processing file /home/airflow/.local/lib/python3.7/site-packages/airflow/example_dags/example_python_operator.py for tasks to queue
[2023-07-27T12:34:16.403+0000] {logging_mixin.py:149} INFO - [2023-07-27T12:34:16.403+0000] {dagbag.py:541} INFO - Filling up the DagBag from /home/airflow/.local/lib/python3.7/site-packages/airflow/example_dags/example_python_operator.py
[2023-07-27T12:34:16.447+0000] {processor.py:836} INFO - DAG(s) dict_keys(['example_python_operator']) retrieved from /home/airflow/.local/lib/python3.7/site-packages/airflow/example_dags/example_python_operator.py
[2023-07-27T12:34:16.516+0000] {logging_mixin.py:149} INFO - [2023-07-27T12:34:16.515+0000] {dag.py:2726} INFO - Sync 1 DAGs
[2023-07-27T12:34:16.588+0000] {logging_mixin.py:149} INFO - [2023-07-27T12:34:16.588+0000] {dag.py:3490} INFO - Setting next_dagrun for example_python_operator to None, run_after=None
[2023-07-27T12:34:16.641+0000] {processor.py:179} INFO - Processing /home/airflow/.local/lib/python3.7/site-packages/airflow/example_dags/example_python_operator.py took 0.254 seconds
[2023-07-27T12:34:46.746+0000] {processor.py:157} INFO - Started process (PID=1762) to work on /home/airflow/.local/lib/python3.7/site-packages/airflow/example_dags/example_python_operator.py
[2023-07-27T12:34:46.750+0000] {processor.py:826} INFO - Processing file /home/airflow/.local/lib/python3.7/site-packages/airflow/example_dags/example_python_operator.py for tasks to queue
[2023-07-27T12:34:46.759+0000] {logging_mixin.py:149} INFO - [2023-07-27T12:34:46.758+0000] {dagbag.py:541} INFO - Filling up the DagBag from /home/airflow/.local/lib/python3.7/site-packages/airflow/example_dags/example_python_operator.py
[2023-07-27T12:34:46.792+0000] {processor.py:836} INFO - DAG(s) dict_keys(['example_python_operator']) retrieved from /home/airflow/.local/lib/python3.7/site-packages/airflow/example_dags/example_python_operator.py
[2023-07-27T12:34:46.880+0000] {logging_mixin.py:149} INFO - [2023-07-27T12:34:46.879+0000] {dag.py:2726} INFO - Sync 1 DAGs
[2023-07-27T12:34:46.928+0000] {logging_mixin.py:149} INFO - [2023-07-27T12:34:46.928+0000] {dag.py:3490} INFO - Setting next_dagrun for example_python_operator to None, run_after=None
[2023-07-27T12:34:46.981+0000] {processor.py:179} INFO - Processing /home/airflow/.local/lib/python3.7/site-packages/airflow/example_dags/example_python_operator.py took 0.246 seconds
[2023-07-27T12:35:18.089+0000] {processor.py:157} INFO - Started process (PID=1820) to work on /home/airflow/.local/lib/python3.7/site-packages/airflow/example_dags/example_python_operator.py
[2023-07-27T12:35:18.095+0000] {processor.py:826} INFO - Processing file /home/airflow/.local/lib/python3.7/site-packages/airflow/example_dags/example_python_operator.py for tasks to queue
[2023-07-27T12:35:18.107+0000] {logging_mixin.py:149} INFO - [2023-07-27T12:35:18.105+0000] {dagbag.py:541} INFO - Filling up the DagBag from /home/airflow/.local/lib/python3.7/site-packages/airflow/example_dags/example_python_operator.py
[2023-07-27T12:35:18.208+0000] {processor.py:836} INFO - DAG(s) dict_keys(['example_python_operator']) retrieved from /home/airflow/.local/lib/python3.7/site-packages/airflow/example_dags/example_python_operator.py
[2023-07-27T12:35:19.031+0000] {logging_mixin.py:149} INFO - [2023-07-27T12:35:19.030+0000] {dag.py:2726} INFO - Sync 1 DAGs
[2023-07-27T12:35:19.826+0000] {logging_mixin.py:149} INFO - [2023-07-27T12:35:19.826+0000] {dag.py:3490} INFO - Setting next_dagrun for example_python_operator to None, run_after=None
[2023-07-27T12:35:19.962+0000] {processor.py:179} INFO - Processing /home/airflow/.local/lib/python3.7/site-packages/airflow/example_dags/example_python_operator.py took 1.889 seconds
[2023-07-27T12:35:50.191+0000] {processor.py:157} INFO - Started process (PID=1878) to work on /home/airflow/.local/lib/python3.7/site-packages/airflow/example_dags/example_python_operator.py
[2023-07-27T12:35:50.197+0000] {processor.py:826} INFO - Processing file /home/airflow/.local/lib/python3.7/site-packages/airflow/example_dags/example_python_operator.py for tasks to queue
[2023-07-27T12:35:50.200+0000] {logging_mixin.py:149} INFO - [2023-07-27T12:35:50.200+0000] {dagbag.py:541} INFO - Filling up the DagBag from /home/airflow/.local/lib/python3.7/site-packages/airflow/example_dags/example_python_operator.py
[2023-07-27T12:35:50.230+0000] {processor.py:836} INFO - DAG(s) dict_keys(['example_python_operator']) retrieved from /home/airflow/.local/lib/python3.7/site-packages/airflow/example_dags/example_python_operator.py
[2023-07-27T12:35:50.289+0000] {logging_mixin.py:149} INFO - [2023-07-27T12:35:50.289+0000] {dag.py:2726} INFO - Sync 1 DAGs
[2023-07-27T12:35:50.367+0000] {logging_mixin.py:149} INFO - [2023-07-27T12:35:50.367+0000] {dag.py:3490} INFO - Setting next_dagrun for example_python_operator to None, run_after=None
[2023-07-27T12:35:50.429+0000] {processor.py:179} INFO - Processing /home/airflow/.local/lib/python3.7/site-packages/airflow/example_dags/example_python_operator.py took 0.247 seconds
[2023-07-27T12:36:20.590+0000] {processor.py:157} INFO - Started process (PID=1935) to work on /home/airflow/.local/lib/python3.7/site-packages/airflow/example_dags/example_python_operator.py
[2023-07-27T12:36:20.595+0000] {processor.py:826} INFO - Processing file /home/airflow/.local/lib/python3.7/site-packages/airflow/example_dags/example_python_operator.py for tasks to queue
[2023-07-27T12:36:20.599+0000] {logging_mixin.py:149} INFO - [2023-07-27T12:36:20.598+0000] {dagbag.py:541} INFO - Filling up the DagBag from /home/airflow/.local/lib/python3.7/site-packages/airflow/example_dags/example_python_operator.py
[2023-07-27T12:36:20.627+0000] {processor.py:836} INFO - DAG(s) dict_keys(['example_python_operator']) retrieved from /home/airflow/.local/lib/python3.7/site-packages/airflow/example_dags/example_python_operator.py
[2023-07-27T12:36:20.686+0000] {logging_mixin.py:149} INFO - [2023-07-27T12:36:20.686+0000] {dag.py:2726} INFO - Sync 1 DAGs
[2023-07-27T12:36:20.780+0000] {logging_mixin.py:149} INFO - [2023-07-27T12:36:20.779+0000] {dag.py:3490} INFO - Setting next_dagrun for example_python_operator to None, run_after=None
[2023-07-27T12:36:20.830+0000] {processor.py:179} INFO - Processing /home/airflow/.local/lib/python3.7/site-packages/airflow/example_dags/example_python_operator.py took 0.249 seconds
[2023-07-27T12:36:51.416+0000] {processor.py:157} INFO - Started process (PID=1992) to work on /home/airflow/.local/lib/python3.7/site-packages/airflow/example_dags/example_python_operator.py
[2023-07-27T12:36:51.424+0000] {processor.py:826} INFO - Processing file /home/airflow/.local/lib/python3.7/site-packages/airflow/example_dags/example_python_operator.py for tasks to queue
[2023-07-27T12:36:51.440+0000] {logging_mixin.py:149} INFO - [2023-07-27T12:36:51.439+0000] {dagbag.py:541} INFO - Filling up the DagBag from /home/airflow/.local/lib/python3.7/site-packages/airflow/example_dags/example_python_operator.py
[2023-07-27T12:36:51.483+0000] {processor.py:836} INFO - DAG(s) dict_keys(['example_python_operator']) retrieved from /home/airflow/.local/lib/python3.7/site-packages/airflow/example_dags/example_python_operator.py
[2023-07-27T12:36:51.631+0000] {logging_mixin.py:149} INFO - [2023-07-27T12:36:51.631+0000] {dag.py:2726} INFO - Sync 1 DAGs
[2023-07-27T12:36:51.900+0000] {logging_mixin.py:149} INFO - [2023-07-27T12:36:51.900+0000] {dag.py:3490} INFO - Setting next_dagrun for example_python_operator to None, run_after=None
[2023-07-27T12:36:52.186+0000] {processor.py:179} INFO - Processing /home/airflow/.local/lib/python3.7/site-packages/airflow/example_dags/example_python_operator.py took 0.785 seconds
[2023-07-27T12:37:22.396+0000] {processor.py:157} INFO - Started process (PID=2050) to work on /home/airflow/.local/lib/python3.7/site-packages/airflow/example_dags/example_python_operator.py
[2023-07-27T12:37:22.400+0000] {processor.py:826} INFO - Processing file /home/airflow/.local/lib/python3.7/site-packages/airflow/example_dags/example_python_operator.py for tasks to queue
[2023-07-27T12:37:22.404+0000] {logging_mixin.py:149} INFO - [2023-07-27T12:37:22.403+0000] {dagbag.py:541} INFO - Filling up the DagBag from /home/airflow/.local/lib/python3.7/site-packages/airflow/example_dags/example_python_operator.py
[2023-07-27T12:37:22.442+0000] {processor.py:836} INFO - DAG(s) dict_keys(['example_python_operator']) retrieved from /home/airflow/.local/lib/python3.7/site-packages/airflow/example_dags/example_python_operator.py
[2023-07-27T12:37:22.499+0000] {logging_mixin.py:149} INFO - [2023-07-27T12:37:22.499+0000] {dag.py:2726} INFO - Sync 1 DAGs
[2023-07-27T12:37:22.559+0000] {logging_mixin.py:149} INFO - [2023-07-27T12:37:22.558+0000] {dag.py:3490} INFO - Setting next_dagrun for example_python_operator to None, run_after=None
[2023-07-27T12:37:22.623+0000] {processor.py:179} INFO - Processing /home/airflow/.local/lib/python3.7/site-packages/airflow/example_dags/example_python_operator.py took 0.236 seconds
[2023-07-27T12:37:53.198+0000] {processor.py:157} INFO - Started process (PID=2108) to work on /home/airflow/.local/lib/python3.7/site-packages/airflow/example_dags/example_python_operator.py
[2023-07-27T12:37:53.211+0000] {processor.py:826} INFO - Processing file /home/airflow/.local/lib/python3.7/site-packages/airflow/example_dags/example_python_operator.py for tasks to queue
[2023-07-27T12:37:53.214+0000] {logging_mixin.py:149} INFO - [2023-07-27T12:37:53.214+0000] {dagbag.py:541} INFO - Filling up the DagBag from /home/airflow/.local/lib/python3.7/site-packages/airflow/example_dags/example_python_operator.py
[2023-07-27T12:37:53.306+0000] {processor.py:836} INFO - DAG(s) dict_keys(['example_python_operator']) retrieved from /home/airflow/.local/lib/python3.7/site-packages/airflow/example_dags/example_python_operator.py
[2023-07-27T12:37:53.393+0000] {logging_mixin.py:149} INFO - [2023-07-27T12:37:53.393+0000] {dag.py:2726} INFO - Sync 1 DAGs
[2023-07-27T12:37:53.515+0000] {logging_mixin.py:149} INFO - [2023-07-27T12:37:53.515+0000] {dag.py:3490} INFO - Setting next_dagrun for example_python_operator to None, run_after=None
[2023-07-27T12:37:53.663+0000] {processor.py:179} INFO - Processing /home/airflow/.local/lib/python3.7/site-packages/airflow/example_dags/example_python_operator.py took 0.505 seconds
[2023-07-27T12:38:24.108+0000] {processor.py:157} INFO - Started process (PID=2166) to work on /home/airflow/.local/lib/python3.7/site-packages/airflow/example_dags/example_python_operator.py
[2023-07-27T12:38:24.112+0000] {processor.py:826} INFO - Processing file /home/airflow/.local/lib/python3.7/site-packages/airflow/example_dags/example_python_operator.py for tasks to queue
[2023-07-27T12:38:24.114+0000] {logging_mixin.py:149} INFO - [2023-07-27T12:38:24.114+0000] {dagbag.py:541} INFO - Filling up the DagBag from /home/airflow/.local/lib/python3.7/site-packages/airflow/example_dags/example_python_operator.py
[2023-07-27T12:38:24.142+0000] {processor.py:836} INFO - DAG(s) dict_keys(['example_python_operator']) retrieved from /home/airflow/.local/lib/python3.7/site-packages/airflow/example_dags/example_python_operator.py
[2023-07-27T12:38:24.198+0000] {logging_mixin.py:149} INFO - [2023-07-27T12:38:24.198+0000] {dag.py:2726} INFO - Sync 1 DAGs
[2023-07-27T12:38:24.273+0000] {logging_mixin.py:149} INFO - [2023-07-27T12:38:24.273+0000] {dag.py:3490} INFO - Setting next_dagrun for example_python_operator to None, run_after=None
[2023-07-27T12:38:24.335+0000] {processor.py:179} INFO - Processing /home/airflow/.local/lib/python3.7/site-packages/airflow/example_dags/example_python_operator.py took 0.234 seconds
[2023-07-27T12:38:56.374+0000] {processor.py:157} INFO - Started process (PID=2224) to work on /home/airflow/.local/lib/python3.7/site-packages/airflow/example_dags/example_python_operator.py
[2023-07-27T12:38:56.383+0000] {processor.py:826} INFO - Processing file /home/airflow/.local/lib/python3.7/site-packages/airflow/example_dags/example_python_operator.py for tasks to queue
[2023-07-27T12:38:56.395+0000] {logging_mixin.py:149} INFO - [2023-07-27T12:38:56.393+0000] {dagbag.py:541} INFO - Filling up the DagBag from /home/airflow/.local/lib/python3.7/site-packages/airflow/example_dags/example_python_operator.py
[2023-07-27T12:38:56.486+0000] {processor.py:836} INFO - DAG(s) dict_keys(['example_python_operator']) retrieved from /home/airflow/.local/lib/python3.7/site-packages/airflow/example_dags/example_python_operator.py
[2023-07-27T12:38:56.739+0000] {logging_mixin.py:149} INFO - [2023-07-27T12:38:56.738+0000] {dag.py:2726} INFO - Sync 1 DAGs
[2023-07-27T12:38:57.074+0000] {logging_mixin.py:149} INFO - [2023-07-27T12:38:57.071+0000] {dag.py:3490} INFO - Setting next_dagrun for example_python_operator to None, run_after=None
[2023-07-27T12:38:57.385+0000] {processor.py:179} INFO - Processing /home/airflow/.local/lib/python3.7/site-packages/airflow/example_dags/example_python_operator.py took 1.021 seconds
[2023-07-27T12:39:27.505+0000] {processor.py:157} INFO - Started process (PID=2281) to work on /home/airflow/.local/lib/python3.7/site-packages/airflow/example_dags/example_python_operator.py
[2023-07-27T12:39:27.508+0000] {processor.py:826} INFO - Processing file /home/airflow/.local/lib/python3.7/site-packages/airflow/example_dags/example_python_operator.py for tasks to queue
[2023-07-27T12:39:27.510+0000] {logging_mixin.py:149} INFO - [2023-07-27T12:39:27.510+0000] {dagbag.py:541} INFO - Filling up the DagBag from /home/airflow/.local/lib/python3.7/site-packages/airflow/example_dags/example_python_operator.py
[2023-07-27T12:39:27.541+0000] {processor.py:836} INFO - DAG(s) dict_keys(['example_python_operator']) retrieved from /home/airflow/.local/lib/python3.7/site-packages/airflow/example_dags/example_python_operator.py
[2023-07-27T12:39:27.596+0000] {logging_mixin.py:149} INFO - [2023-07-27T12:39:27.596+0000] {dag.py:2726} INFO - Sync 1 DAGs
[2023-07-27T12:39:27.685+0000] {logging_mixin.py:149} INFO - [2023-07-27T12:39:27.684+0000] {dag.py:3490} INFO - Setting next_dagrun for example_python_operator to None, run_after=None
[2023-07-27T12:39:27.727+0000] {processor.py:179} INFO - Processing /home/airflow/.local/lib/python3.7/site-packages/airflow/example_dags/example_python_operator.py took 0.230 seconds
