[2023-07-27T12:25:54.101+0000] {processor.py:157} INFO - Started process (PID=816) to work on /home/airflow/.local/lib/python3.7/site-packages/airflow/example_dags/example_dynamic_task_mapping_with_no_taskflow_operators.py
[2023-07-27T12:25:54.113+0000] {processor.py:826} INFO - Processing file /home/airflow/.local/lib/python3.7/site-packages/airflow/example_dags/example_dynamic_task_mapping_with_no_taskflow_operators.py for tasks to queue
[2023-07-27T12:25:54.118+0000] {logging_mixin.py:149} INFO - [2023-07-27T12:25:54.117+0000] {dagbag.py:541} INFO - Filling up the DagBag from /home/airflow/.local/lib/python3.7/site-packages/airflow/example_dags/example_dynamic_task_mapping_with_no_taskflow_operators.py
[2023-07-27T12:25:54.299+0000] {processor.py:836} INFO - DAG(s) dict_keys(['example_dynamic_task_mapping_with_no_taskflow_operators']) retrieved from /home/airflow/.local/lib/python3.7/site-packages/airflow/example_dags/example_dynamic_task_mapping_with_no_taskflow_operators.py
[2023-07-27T12:25:54.501+0000] {logging_mixin.py:149} INFO - [2023-07-27T12:25:54.501+0000] {dag.py:2726} INFO - Sync 1 DAGs
[2023-07-27T12:25:54.898+0000] {logging_mixin.py:149} INFO - [2023-07-27T12:25:54.898+0000] {dag.py:3490} INFO - Setting next_dagrun for example_dynamic_task_mapping_with_no_taskflow_operators to 2023-07-26T12:25:54.897920+00:00, run_after=2023-07-27T12:25:54.897920+00:00
[2023-07-27T12:25:55.001+0000] {processor.py:179} INFO - Processing /home/airflow/.local/lib/python3.7/site-packages/airflow/example_dags/example_dynamic_task_mapping_with_no_taskflow_operators.py took 0.917 seconds
[2023-07-27T12:26:25.399+0000] {processor.py:157} INFO - Started process (PID=874) to work on /home/airflow/.local/lib/python3.7/site-packages/airflow/example_dags/example_dynamic_task_mapping_with_no_taskflow_operators.py
[2023-07-27T12:26:25.415+0000] {processor.py:826} INFO - Processing file /home/airflow/.local/lib/python3.7/site-packages/airflow/example_dags/example_dynamic_task_mapping_with_no_taskflow_operators.py for tasks to queue
[2023-07-27T12:26:25.437+0000] {logging_mixin.py:149} INFO - [2023-07-27T12:26:25.437+0000] {dagbag.py:541} INFO - Filling up the DagBag from /home/airflow/.local/lib/python3.7/site-packages/airflow/example_dags/example_dynamic_task_mapping_with_no_taskflow_operators.py
[2023-07-27T12:26:25.477+0000] {processor.py:836} INFO - DAG(s) dict_keys(['example_dynamic_task_mapping_with_no_taskflow_operators']) retrieved from /home/airflow/.local/lib/python3.7/site-packages/airflow/example_dags/example_dynamic_task_mapping_with_no_taskflow_operators.py
[2023-07-27T12:26:25.769+0000] {logging_mixin.py:149} INFO - [2023-07-27T12:26:25.769+0000] {dag.py:2726} INFO - Sync 1 DAGs
[2023-07-27T12:26:26.104+0000] {logging_mixin.py:149} INFO - [2023-07-27T12:26:26.103+0000] {dag.py:3490} INFO - Setting next_dagrun for example_dynamic_task_mapping_with_no_taskflow_operators to 2023-07-26T12:26:26.100804+00:00, run_after=2023-07-27T12:26:26.100804+00:00
[2023-07-27T12:26:26.204+0000] {processor.py:179} INFO - Processing /home/airflow/.local/lib/python3.7/site-packages/airflow/example_dags/example_dynamic_task_mapping_with_no_taskflow_operators.py took 0.837 seconds
[2023-07-27T12:27:02.909+0000] {processor.py:157} INFO - Started process (PID=932) to work on /home/airflow/.local/lib/python3.7/site-packages/airflow/example_dags/example_dynamic_task_mapping_with_no_taskflow_operators.py
[2023-07-27T12:27:02.918+0000] {processor.py:826} INFO - Processing file /home/airflow/.local/lib/python3.7/site-packages/airflow/example_dags/example_dynamic_task_mapping_with_no_taskflow_operators.py for tasks to queue
[2023-07-27T12:27:02.922+0000] {logging_mixin.py:149} INFO - [2023-07-27T12:27:02.921+0000] {dagbag.py:541} INFO - Filling up the DagBag from /home/airflow/.local/lib/python3.7/site-packages/airflow/example_dags/example_dynamic_task_mapping_with_no_taskflow_operators.py
[2023-07-27T12:27:02.956+0000] {processor.py:836} INFO - DAG(s) dict_keys(['example_dynamic_task_mapping_with_no_taskflow_operators']) retrieved from /home/airflow/.local/lib/python3.7/site-packages/airflow/example_dags/example_dynamic_task_mapping_with_no_taskflow_operators.py
[2023-07-27T12:27:03.089+0000] {logging_mixin.py:149} INFO - [2023-07-27T12:27:03.089+0000] {dag.py:2726} INFO - Sync 1 DAGs
[2023-07-27T12:27:03.206+0000] {logging_mixin.py:149} INFO - [2023-07-27T12:27:03.205+0000] {dag.py:3490} INFO - Setting next_dagrun for example_dynamic_task_mapping_with_no_taskflow_operators to 2023-07-26T12:27:03.205451+00:00, run_after=2023-07-27T12:27:03.205451+00:00
[2023-07-27T12:27:03.305+0000] {processor.py:179} INFO - Processing /home/airflow/.local/lib/python3.7/site-packages/airflow/example_dags/example_dynamic_task_mapping_with_no_taskflow_operators.py took 0.415 seconds
[2023-07-27T12:27:36.943+0000] {processor.py:157} INFO - Started process (PID=987) to work on /home/airflow/.local/lib/python3.7/site-packages/airflow/example_dags/example_dynamic_task_mapping_with_no_taskflow_operators.py
[2023-07-27T12:27:36.963+0000] {processor.py:826} INFO - Processing file /home/airflow/.local/lib/python3.7/site-packages/airflow/example_dags/example_dynamic_task_mapping_with_no_taskflow_operators.py for tasks to queue
[2023-07-27T12:27:36.971+0000] {logging_mixin.py:149} INFO - [2023-07-27T12:27:36.971+0000] {dagbag.py:541} INFO - Filling up the DagBag from /home/airflow/.local/lib/python3.7/site-packages/airflow/example_dags/example_dynamic_task_mapping_with_no_taskflow_operators.py
[2023-07-27T12:27:37.112+0000] {processor.py:836} INFO - DAG(s) dict_keys(['example_dynamic_task_mapping_with_no_taskflow_operators']) retrieved from /home/airflow/.local/lib/python3.7/site-packages/airflow/example_dags/example_dynamic_task_mapping_with_no_taskflow_operators.py
[2023-07-27T12:27:37.290+0000] {logging_mixin.py:149} INFO - [2023-07-27T12:27:37.289+0000] {dag.py:2726} INFO - Sync 1 DAGs
[2023-07-27T12:27:37.391+0000] {logging_mixin.py:149} INFO - [2023-07-27T12:27:37.391+0000] {dag.py:3490} INFO - Setting next_dagrun for example_dynamic_task_mapping_with_no_taskflow_operators to 2023-07-26T12:27:37.390607+00:00, run_after=2023-07-27T12:27:37.390607+00:00
[2023-07-27T12:27:37.472+0000] {processor.py:179} INFO - Processing /home/airflow/.local/lib/python3.7/site-packages/airflow/example_dags/example_dynamic_task_mapping_with_no_taskflow_operators.py took 0.580 seconds
[2023-07-27T12:28:12.985+0000] {processor.py:157} INFO - Started process (PID=1047) to work on /home/airflow/.local/lib/python3.7/site-packages/airflow/example_dags/example_dynamic_task_mapping_with_no_taskflow_operators.py
[2023-07-27T12:28:12.991+0000] {processor.py:826} INFO - Processing file /home/airflow/.local/lib/python3.7/site-packages/airflow/example_dags/example_dynamic_task_mapping_with_no_taskflow_operators.py for tasks to queue
[2023-07-27T12:28:12.999+0000] {logging_mixin.py:149} INFO - [2023-07-27T12:28:12.998+0000] {dagbag.py:541} INFO - Filling up the DagBag from /home/airflow/.local/lib/python3.7/site-packages/airflow/example_dags/example_dynamic_task_mapping_with_no_taskflow_operators.py
[2023-07-27T12:28:13.029+0000] {processor.py:836} INFO - DAG(s) dict_keys(['example_dynamic_task_mapping_with_no_taskflow_operators']) retrieved from /home/airflow/.local/lib/python3.7/site-packages/airflow/example_dags/example_dynamic_task_mapping_with_no_taskflow_operators.py
[2023-07-27T12:28:13.091+0000] {logging_mixin.py:149} INFO - [2023-07-27T12:28:13.091+0000] {dag.py:2726} INFO - Sync 1 DAGs
[2023-07-27T12:28:13.156+0000] {logging_mixin.py:149} INFO - [2023-07-27T12:28:13.156+0000] {dag.py:3490} INFO - Setting next_dagrun for example_dynamic_task_mapping_with_no_taskflow_operators to 2023-07-26T12:28:13.155929+00:00, run_after=2023-07-27T12:28:13.155929+00:00
[2023-07-27T12:28:13.263+0000] {processor.py:179} INFO - Processing /home/airflow/.local/lib/python3.7/site-packages/airflow/example_dags/example_dynamic_task_mapping_with_no_taskflow_operators.py took 0.290 seconds
[2023-07-27T12:28:45.437+0000] {processor.py:157} INFO - Started process (PID=1105) to work on /home/airflow/.local/lib/python3.7/site-packages/airflow/example_dags/example_dynamic_task_mapping_with_no_taskflow_operators.py
[2023-07-27T12:28:45.454+0000] {processor.py:826} INFO - Processing file /home/airflow/.local/lib/python3.7/site-packages/airflow/example_dags/example_dynamic_task_mapping_with_no_taskflow_operators.py for tasks to queue
[2023-07-27T12:28:45.458+0000] {logging_mixin.py:149} INFO - [2023-07-27T12:28:45.457+0000] {dagbag.py:541} INFO - Filling up the DagBag from /home/airflow/.local/lib/python3.7/site-packages/airflow/example_dags/example_dynamic_task_mapping_with_no_taskflow_operators.py
[2023-07-27T12:28:45.502+0000] {processor.py:836} INFO - DAG(s) dict_keys(['example_dynamic_task_mapping_with_no_taskflow_operators']) retrieved from /home/airflow/.local/lib/python3.7/site-packages/airflow/example_dags/example_dynamic_task_mapping_with_no_taskflow_operators.py
[2023-07-27T12:28:45.694+0000] {logging_mixin.py:149} INFO - [2023-07-27T12:28:45.693+0000] {dag.py:2726} INFO - Sync 1 DAGs
[2023-07-27T12:28:45.830+0000] {logging_mixin.py:149} INFO - [2023-07-27T12:28:45.829+0000] {dag.py:3490} INFO - Setting next_dagrun for example_dynamic_task_mapping_with_no_taskflow_operators to 2023-07-26T12:28:45.827951+00:00, run_after=2023-07-27T12:28:45.827951+00:00
[2023-07-27T12:28:45.895+0000] {processor.py:179} INFO - Processing /home/airflow/.local/lib/python3.7/site-packages/airflow/example_dags/example_dynamic_task_mapping_with_no_taskflow_operators.py took 0.483 seconds
[2023-07-27T12:29:17.676+0000] {processor.py:157} INFO - Started process (PID=1163) to work on /home/airflow/.local/lib/python3.7/site-packages/airflow/example_dags/example_dynamic_task_mapping_with_no_taskflow_operators.py
[2023-07-27T12:29:17.684+0000] {processor.py:826} INFO - Processing file /home/airflow/.local/lib/python3.7/site-packages/airflow/example_dags/example_dynamic_task_mapping_with_no_taskflow_operators.py for tasks to queue
[2023-07-27T12:29:17.696+0000] {logging_mixin.py:149} INFO - [2023-07-27T12:29:17.694+0000] {dagbag.py:541} INFO - Filling up the DagBag from /home/airflow/.local/lib/python3.7/site-packages/airflow/example_dags/example_dynamic_task_mapping_with_no_taskflow_operators.py
[2023-07-27T12:29:17.733+0000] {processor.py:836} INFO - DAG(s) dict_keys(['example_dynamic_task_mapping_with_no_taskflow_operators']) retrieved from /home/airflow/.local/lib/python3.7/site-packages/airflow/example_dags/example_dynamic_task_mapping_with_no_taskflow_operators.py
[2023-07-27T12:29:17.797+0000] {logging_mixin.py:149} INFO - [2023-07-27T12:29:17.797+0000] {dag.py:2726} INFO - Sync 1 DAGs
[2023-07-27T12:29:17.897+0000] {logging_mixin.py:149} INFO - [2023-07-27T12:29:17.897+0000] {dag.py:3490} INFO - Setting next_dagrun for example_dynamic_task_mapping_with_no_taskflow_operators to 2023-07-26T12:29:17.896650+00:00, run_after=2023-07-27T12:29:17.896650+00:00
[2023-07-27T12:29:17.963+0000] {processor.py:179} INFO - Processing /home/airflow/.local/lib/python3.7/site-packages/airflow/example_dags/example_dynamic_task_mapping_with_no_taskflow_operators.py took 0.315 seconds
[2023-07-27T12:29:48.687+0000] {processor.py:157} INFO - Started process (PID=1221) to work on /home/airflow/.local/lib/python3.7/site-packages/airflow/example_dags/example_dynamic_task_mapping_with_no_taskflow_operators.py
[2023-07-27T12:29:48.692+0000] {processor.py:826} INFO - Processing file /home/airflow/.local/lib/python3.7/site-packages/airflow/example_dags/example_dynamic_task_mapping_with_no_taskflow_operators.py for tasks to queue
[2023-07-27T12:29:48.700+0000] {logging_mixin.py:149} INFO - [2023-07-27T12:29:48.699+0000] {dagbag.py:541} INFO - Filling up the DagBag from /home/airflow/.local/lib/python3.7/site-packages/airflow/example_dags/example_dynamic_task_mapping_with_no_taskflow_operators.py
[2023-07-27T12:29:48.728+0000] {processor.py:836} INFO - DAG(s) dict_keys(['example_dynamic_task_mapping_with_no_taskflow_operators']) retrieved from /home/airflow/.local/lib/python3.7/site-packages/airflow/example_dags/example_dynamic_task_mapping_with_no_taskflow_operators.py
[2023-07-27T12:29:48.795+0000] {logging_mixin.py:149} INFO - [2023-07-27T12:29:48.795+0000] {dag.py:2726} INFO - Sync 1 DAGs
[2023-07-27T12:29:48.874+0000] {logging_mixin.py:149} INFO - [2023-07-27T12:29:48.873+0000] {dag.py:3490} INFO - Setting next_dagrun for example_dynamic_task_mapping_with_no_taskflow_operators to 2023-07-26T12:29:48.870732+00:00, run_after=2023-07-27T12:29:48.870732+00:00
[2023-07-27T12:29:48.931+0000] {processor.py:179} INFO - Processing /home/airflow/.local/lib/python3.7/site-packages/airflow/example_dags/example_dynamic_task_mapping_with_no_taskflow_operators.py took 0.262 seconds
[2023-07-27T12:30:23.674+0000] {processor.py:157} INFO - Started process (PID=1278) to work on /home/airflow/.local/lib/python3.7/site-packages/airflow/example_dags/example_dynamic_task_mapping_with_no_taskflow_operators.py
[2023-07-27T12:30:23.679+0000] {processor.py:826} INFO - Processing file /home/airflow/.local/lib/python3.7/site-packages/airflow/example_dags/example_dynamic_task_mapping_with_no_taskflow_operators.py for tasks to queue
[2023-07-27T12:30:23.683+0000] {logging_mixin.py:149} INFO - [2023-07-27T12:30:23.683+0000] {dagbag.py:541} INFO - Filling up the DagBag from /home/airflow/.local/lib/python3.7/site-packages/airflow/example_dags/example_dynamic_task_mapping_with_no_taskflow_operators.py
[2023-07-27T12:30:23.711+0000] {processor.py:836} INFO - DAG(s) dict_keys(['example_dynamic_task_mapping_with_no_taskflow_operators']) retrieved from /home/airflow/.local/lib/python3.7/site-packages/airflow/example_dags/example_dynamic_task_mapping_with_no_taskflow_operators.py
[2023-07-27T12:30:23.796+0000] {logging_mixin.py:149} INFO - [2023-07-27T12:30:23.795+0000] {dag.py:2726} INFO - Sync 1 DAGs
[2023-07-27T12:30:23.898+0000] {logging_mixin.py:149} INFO - [2023-07-27T12:30:23.898+0000] {dag.py:3490} INFO - Setting next_dagrun for example_dynamic_task_mapping_with_no_taskflow_operators to 2023-07-26T12:30:23.896983+00:00, run_after=2023-07-27T12:30:23.896983+00:00
[2023-07-27T12:30:23.976+0000] {processor.py:179} INFO - Processing /home/airflow/.local/lib/python3.7/site-packages/airflow/example_dags/example_dynamic_task_mapping_with_no_taskflow_operators.py took 0.311 seconds
[2023-07-27T12:30:56.299+0000] {processor.py:157} INFO - Started process (PID=1335) to work on /home/airflow/.local/lib/python3.7/site-packages/airflow/example_dags/example_dynamic_task_mapping_with_no_taskflow_operators.py
[2023-07-27T12:30:56.303+0000] {processor.py:826} INFO - Processing file /home/airflow/.local/lib/python3.7/site-packages/airflow/example_dags/example_dynamic_task_mapping_with_no_taskflow_operators.py for tasks to queue
[2023-07-27T12:30:56.307+0000] {logging_mixin.py:149} INFO - [2023-07-27T12:30:56.306+0000] {dagbag.py:541} INFO - Filling up the DagBag from /home/airflow/.local/lib/python3.7/site-packages/airflow/example_dags/example_dynamic_task_mapping_with_no_taskflow_operators.py
[2023-07-27T12:30:56.330+0000] {processor.py:836} INFO - DAG(s) dict_keys(['example_dynamic_task_mapping_with_no_taskflow_operators']) retrieved from /home/airflow/.local/lib/python3.7/site-packages/airflow/example_dags/example_dynamic_task_mapping_with_no_taskflow_operators.py
[2023-07-27T12:30:56.384+0000] {logging_mixin.py:149} INFO - [2023-07-27T12:30:56.384+0000] {dag.py:2726} INFO - Sync 1 DAGs
[2023-07-27T12:30:56.448+0000] {logging_mixin.py:149} INFO - [2023-07-27T12:30:56.447+0000] {dag.py:3490} INFO - Setting next_dagrun for example_dynamic_task_mapping_with_no_taskflow_operators to 2023-07-26T12:30:56.446791+00:00, run_after=2023-07-27T12:30:56.446791+00:00
[2023-07-27T12:30:56.537+0000] {processor.py:179} INFO - Processing /home/airflow/.local/lib/python3.7/site-packages/airflow/example_dags/example_dynamic_task_mapping_with_no_taskflow_operators.py took 0.265 seconds
[2023-07-27T12:31:27.099+0000] {processor.py:157} INFO - Started process (PID=1392) to work on /home/airflow/.local/lib/python3.7/site-packages/airflow/example_dags/example_dynamic_task_mapping_with_no_taskflow_operators.py
[2023-07-27T12:31:27.104+0000] {processor.py:826} INFO - Processing file /home/airflow/.local/lib/python3.7/site-packages/airflow/example_dags/example_dynamic_task_mapping_with_no_taskflow_operators.py for tasks to queue
[2023-07-27T12:31:27.108+0000] {logging_mixin.py:149} INFO - [2023-07-27T12:31:27.108+0000] {dagbag.py:541} INFO - Filling up the DagBag from /home/airflow/.local/lib/python3.7/site-packages/airflow/example_dags/example_dynamic_task_mapping_with_no_taskflow_operators.py
[2023-07-27T12:31:27.136+0000] {processor.py:836} INFO - DAG(s) dict_keys(['example_dynamic_task_mapping_with_no_taskflow_operators']) retrieved from /home/airflow/.local/lib/python3.7/site-packages/airflow/example_dags/example_dynamic_task_mapping_with_no_taskflow_operators.py
[2023-07-27T12:31:27.239+0000] {logging_mixin.py:149} INFO - [2023-07-27T12:31:27.239+0000] {dag.py:2726} INFO - Sync 1 DAGs
[2023-07-27T12:31:27.305+0000] {logging_mixin.py:149} INFO - [2023-07-27T12:31:27.304+0000] {dag.py:3490} INFO - Setting next_dagrun for example_dynamic_task_mapping_with_no_taskflow_operators to 2023-07-26T12:31:27.304466+00:00, run_after=2023-07-27T12:31:27.304466+00:00
[2023-07-27T12:31:27.343+0000] {processor.py:179} INFO - Processing /home/airflow/.local/lib/python3.7/site-packages/airflow/example_dags/example_dynamic_task_mapping_with_no_taskflow_operators.py took 0.254 seconds
[2023-07-27T12:31:57.406+0000] {processor.py:157} INFO - Started process (PID=1447) to work on /home/airflow/.local/lib/python3.7/site-packages/airflow/example_dags/example_dynamic_task_mapping_with_no_taskflow_operators.py
[2023-07-27T12:31:57.409+0000] {processor.py:826} INFO - Processing file /home/airflow/.local/lib/python3.7/site-packages/airflow/example_dags/example_dynamic_task_mapping_with_no_taskflow_operators.py for tasks to queue
[2023-07-27T12:31:57.413+0000] {logging_mixin.py:149} INFO - [2023-07-27T12:31:57.412+0000] {dagbag.py:541} INFO - Filling up the DagBag from /home/airflow/.local/lib/python3.7/site-packages/airflow/example_dags/example_dynamic_task_mapping_with_no_taskflow_operators.py
[2023-07-27T12:31:57.432+0000] {processor.py:836} INFO - DAG(s) dict_keys(['example_dynamic_task_mapping_with_no_taskflow_operators']) retrieved from /home/airflow/.local/lib/python3.7/site-packages/airflow/example_dags/example_dynamic_task_mapping_with_no_taskflow_operators.py
[2023-07-27T12:31:57.484+0000] {logging_mixin.py:149} INFO - [2023-07-27T12:31:57.484+0000] {dag.py:2726} INFO - Sync 1 DAGs
[2023-07-27T12:31:57.531+0000] {logging_mixin.py:149} INFO - [2023-07-27T12:31:57.531+0000] {dag.py:3490} INFO - Setting next_dagrun for example_dynamic_task_mapping_with_no_taskflow_operators to 2023-07-26T12:31:57.531137+00:00, run_after=2023-07-27T12:31:57.531137+00:00
[2023-07-27T12:31:57.577+0000] {processor.py:179} INFO - Processing /home/airflow/.local/lib/python3.7/site-packages/airflow/example_dags/example_dynamic_task_mapping_with_no_taskflow_operators.py took 0.181 seconds
[2023-07-27T12:32:30.596+0000] {processor.py:157} INFO - Started process (PID=1506) to work on /home/airflow/.local/lib/python3.7/site-packages/airflow/example_dags/example_dynamic_task_mapping_with_no_taskflow_operators.py
[2023-07-27T12:32:30.600+0000] {processor.py:826} INFO - Processing file /home/airflow/.local/lib/python3.7/site-packages/airflow/example_dags/example_dynamic_task_mapping_with_no_taskflow_operators.py for tasks to queue
[2023-07-27T12:32:30.605+0000] {logging_mixin.py:149} INFO - [2023-07-27T12:32:30.605+0000] {dagbag.py:541} INFO - Filling up the DagBag from /home/airflow/.local/lib/python3.7/site-packages/airflow/example_dags/example_dynamic_task_mapping_with_no_taskflow_operators.py
[2023-07-27T12:32:30.628+0000] {processor.py:836} INFO - DAG(s) dict_keys(['example_dynamic_task_mapping_with_no_taskflow_operators']) retrieved from /home/airflow/.local/lib/python3.7/site-packages/airflow/example_dags/example_dynamic_task_mapping_with_no_taskflow_operators.py
[2023-07-27T12:32:30.690+0000] {logging_mixin.py:149} INFO - [2023-07-27T12:32:30.690+0000] {dag.py:2726} INFO - Sync 1 DAGs
[2023-07-27T12:32:30.750+0000] {logging_mixin.py:149} INFO - [2023-07-27T12:32:30.750+0000] {dag.py:3490} INFO - Setting next_dagrun for example_dynamic_task_mapping_with_no_taskflow_operators to 2023-07-26T12:32:30.749628+00:00, run_after=2023-07-27T12:32:30.749628+00:00
[2023-07-27T12:32:30.843+0000] {processor.py:179} INFO - Processing /home/airflow/.local/lib/python3.7/site-packages/airflow/example_dags/example_dynamic_task_mapping_with_no_taskflow_operators.py took 0.254 seconds
[2023-07-27T12:33:01.369+0000] {processor.py:157} INFO - Started process (PID=1563) to work on /home/airflow/.local/lib/python3.7/site-packages/airflow/example_dags/example_dynamic_task_mapping_with_no_taskflow_operators.py
[2023-07-27T12:33:01.377+0000] {processor.py:826} INFO - Processing file /home/airflow/.local/lib/python3.7/site-packages/airflow/example_dags/example_dynamic_task_mapping_with_no_taskflow_operators.py for tasks to queue
[2023-07-27T12:33:01.388+0000] {logging_mixin.py:149} INFO - [2023-07-27T12:33:01.388+0000] {dagbag.py:541} INFO - Filling up the DagBag from /home/airflow/.local/lib/python3.7/site-packages/airflow/example_dags/example_dynamic_task_mapping_with_no_taskflow_operators.py
[2023-07-27T12:33:02.039+0000] {processor.py:836} INFO - DAG(s) dict_keys(['example_dynamic_task_mapping_with_no_taskflow_operators']) retrieved from /home/airflow/.local/lib/python3.7/site-packages/airflow/example_dags/example_dynamic_task_mapping_with_no_taskflow_operators.py
[2023-07-27T12:33:02.438+0000] {logging_mixin.py:149} INFO - [2023-07-27T12:33:02.435+0000] {dag.py:2726} INFO - Sync 1 DAGs
[2023-07-27T12:33:02.650+0000] {logging_mixin.py:149} INFO - [2023-07-27T12:33:02.650+0000] {dag.py:3490} INFO - Setting next_dagrun for example_dynamic_task_mapping_with_no_taskflow_operators to 2023-07-26T12:33:02.649609+00:00, run_after=2023-07-27T12:33:02.649609+00:00
[2023-07-27T12:33:02.801+0000] {processor.py:179} INFO - Processing /home/airflow/.local/lib/python3.7/site-packages/airflow/example_dags/example_dynamic_task_mapping_with_no_taskflow_operators.py took 1.567 seconds
[2023-07-27T12:33:33.285+0000] {processor.py:157} INFO - Started process (PID=1621) to work on /home/airflow/.local/lib/python3.7/site-packages/airflow/example_dags/example_dynamic_task_mapping_with_no_taskflow_operators.py
[2023-07-27T12:33:33.292+0000] {processor.py:826} INFO - Processing file /home/airflow/.local/lib/python3.7/site-packages/airflow/example_dags/example_dynamic_task_mapping_with_no_taskflow_operators.py for tasks to queue
[2023-07-27T12:33:33.295+0000] {logging_mixin.py:149} INFO - [2023-07-27T12:33:33.294+0000] {dagbag.py:541} INFO - Filling up the DagBag from /home/airflow/.local/lib/python3.7/site-packages/airflow/example_dags/example_dynamic_task_mapping_with_no_taskflow_operators.py
[2023-07-27T12:33:33.309+0000] {processor.py:836} INFO - DAG(s) dict_keys(['example_dynamic_task_mapping_with_no_taskflow_operators']) retrieved from /home/airflow/.local/lib/python3.7/site-packages/airflow/example_dags/example_dynamic_task_mapping_with_no_taskflow_operators.py
[2023-07-27T12:33:33.372+0000] {logging_mixin.py:149} INFO - [2023-07-27T12:33:33.372+0000] {dag.py:2726} INFO - Sync 1 DAGs
[2023-07-27T12:33:33.441+0000] {logging_mixin.py:149} INFO - [2023-07-27T12:33:33.441+0000] {dag.py:3490} INFO - Setting next_dagrun for example_dynamic_task_mapping_with_no_taskflow_operators to 2023-07-26T12:33:33.440795+00:00, run_after=2023-07-27T12:33:33.440795+00:00
[2023-07-27T12:33:33.504+0000] {processor.py:179} INFO - Processing /home/airflow/.local/lib/python3.7/site-packages/airflow/example_dags/example_dynamic_task_mapping_with_no_taskflow_operators.py took 0.225 seconds
[2023-07-27T12:34:03.884+0000] {processor.py:157} INFO - Started process (PID=1679) to work on /home/airflow/.local/lib/python3.7/site-packages/airflow/example_dags/example_dynamic_task_mapping_with_no_taskflow_operators.py
[2023-07-27T12:34:03.898+0000] {processor.py:826} INFO - Processing file /home/airflow/.local/lib/python3.7/site-packages/airflow/example_dags/example_dynamic_task_mapping_with_no_taskflow_operators.py for tasks to queue
[2023-07-27T12:34:03.910+0000] {logging_mixin.py:149} INFO - [2023-07-27T12:34:03.909+0000] {dagbag.py:541} INFO - Filling up the DagBag from /home/airflow/.local/lib/python3.7/site-packages/airflow/example_dags/example_dynamic_task_mapping_with_no_taskflow_operators.py
[2023-07-27T12:34:04.156+0000] {processor.py:836} INFO - DAG(s) dict_keys(['example_dynamic_task_mapping_with_no_taskflow_operators']) retrieved from /home/airflow/.local/lib/python3.7/site-packages/airflow/example_dags/example_dynamic_task_mapping_with_no_taskflow_operators.py
[2023-07-27T12:34:04.294+0000] {logging_mixin.py:149} INFO - [2023-07-27T12:34:04.293+0000] {dag.py:2726} INFO - Sync 1 DAGs
[2023-07-27T12:34:04.503+0000] {logging_mixin.py:149} INFO - [2023-07-27T12:34:04.503+0000] {dag.py:3490} INFO - Setting next_dagrun for example_dynamic_task_mapping_with_no_taskflow_operators to 2023-07-26T12:34:04.502388+00:00, run_after=2023-07-27T12:34:04.502388+00:00
[2023-07-27T12:34:04.622+0000] {processor.py:179} INFO - Processing /home/airflow/.local/lib/python3.7/site-packages/airflow/example_dags/example_dynamic_task_mapping_with_no_taskflow_operators.py took 0.769 seconds
[2023-07-27T12:34:34.885+0000] {processor.py:157} INFO - Started process (PID=1738) to work on /home/airflow/.local/lib/python3.7/site-packages/airflow/example_dags/example_dynamic_task_mapping_with_no_taskflow_operators.py
[2023-07-27T12:34:34.889+0000] {processor.py:826} INFO - Processing file /home/airflow/.local/lib/python3.7/site-packages/airflow/example_dags/example_dynamic_task_mapping_with_no_taskflow_operators.py for tasks to queue
[2023-07-27T12:34:34.894+0000] {logging_mixin.py:149} INFO - [2023-07-27T12:34:34.893+0000] {dagbag.py:541} INFO - Filling up the DagBag from /home/airflow/.local/lib/python3.7/site-packages/airflow/example_dags/example_dynamic_task_mapping_with_no_taskflow_operators.py
[2023-07-27T12:34:34.923+0000] {processor.py:836} INFO - DAG(s) dict_keys(['example_dynamic_task_mapping_with_no_taskflow_operators']) retrieved from /home/airflow/.local/lib/python3.7/site-packages/airflow/example_dags/example_dynamic_task_mapping_with_no_taskflow_operators.py
[2023-07-27T12:34:34.990+0000] {logging_mixin.py:149} INFO - [2023-07-27T12:34:34.990+0000] {dag.py:2726} INFO - Sync 1 DAGs
[2023-07-27T12:34:35.073+0000] {logging_mixin.py:149} INFO - [2023-07-27T12:34:35.073+0000] {dag.py:3490} INFO - Setting next_dagrun for example_dynamic_task_mapping_with_no_taskflow_operators to 2023-07-26T12:34:35.072717+00:00, run_after=2023-07-27T12:34:35.072717+00:00
[2023-07-27T12:34:35.137+0000] {processor.py:179} INFO - Processing /home/airflow/.local/lib/python3.7/site-packages/airflow/example_dags/example_dynamic_task_mapping_with_no_taskflow_operators.py took 0.266 seconds
[2023-07-27T12:35:05.652+0000] {processor.py:157} INFO - Started process (PID=1796) to work on /home/airflow/.local/lib/python3.7/site-packages/airflow/example_dags/example_dynamic_task_mapping_with_no_taskflow_operators.py
[2023-07-27T12:35:05.656+0000] {processor.py:826} INFO - Processing file /home/airflow/.local/lib/python3.7/site-packages/airflow/example_dags/example_dynamic_task_mapping_with_no_taskflow_operators.py for tasks to queue
[2023-07-27T12:35:05.663+0000] {logging_mixin.py:149} INFO - [2023-07-27T12:35:05.663+0000] {dagbag.py:541} INFO - Filling up the DagBag from /home/airflow/.local/lib/python3.7/site-packages/airflow/example_dags/example_dynamic_task_mapping_with_no_taskflow_operators.py
[2023-07-27T12:35:05.696+0000] {processor.py:836} INFO - DAG(s) dict_keys(['example_dynamic_task_mapping_with_no_taskflow_operators']) retrieved from /home/airflow/.local/lib/python3.7/site-packages/airflow/example_dags/example_dynamic_task_mapping_with_no_taskflow_operators.py
[2023-07-27T12:35:05.864+0000] {logging_mixin.py:149} INFO - [2023-07-27T12:35:05.853+0000] {dag.py:2726} INFO - Sync 1 DAGs
[2023-07-27T12:35:06.030+0000] {logging_mixin.py:149} INFO - [2023-07-27T12:35:06.030+0000] {dag.py:3490} INFO - Setting next_dagrun for example_dynamic_task_mapping_with_no_taskflow_operators to 2023-07-26T12:35:06.029515+00:00, run_after=2023-07-27T12:35:06.029515+00:00
[2023-07-27T12:35:06.110+0000] {processor.py:179} INFO - Processing /home/airflow/.local/lib/python3.7/site-packages/airflow/example_dags/example_dynamic_task_mapping_with_no_taskflow_operators.py took 0.474 seconds
[2023-07-27T12:35:36.606+0000] {processor.py:157} INFO - Started process (PID=1854) to work on /home/airflow/.local/lib/python3.7/site-packages/airflow/example_dags/example_dynamic_task_mapping_with_no_taskflow_operators.py
[2023-07-27T12:35:36.610+0000] {processor.py:826} INFO - Processing file /home/airflow/.local/lib/python3.7/site-packages/airflow/example_dags/example_dynamic_task_mapping_with_no_taskflow_operators.py for tasks to queue
[2023-07-27T12:35:36.614+0000] {logging_mixin.py:149} INFO - [2023-07-27T12:35:36.614+0000] {dagbag.py:541} INFO - Filling up the DagBag from /home/airflow/.local/lib/python3.7/site-packages/airflow/example_dags/example_dynamic_task_mapping_with_no_taskflow_operators.py
[2023-07-27T12:35:36.646+0000] {processor.py:836} INFO - DAG(s) dict_keys(['example_dynamic_task_mapping_with_no_taskflow_operators']) retrieved from /home/airflow/.local/lib/python3.7/site-packages/airflow/example_dags/example_dynamic_task_mapping_with_no_taskflow_operators.py
[2023-07-27T12:35:36.698+0000] {logging_mixin.py:149} INFO - [2023-07-27T12:35:36.697+0000] {dag.py:2726} INFO - Sync 1 DAGs
[2023-07-27T12:35:36.757+0000] {logging_mixin.py:149} INFO - [2023-07-27T12:35:36.757+0000] {dag.py:3490} INFO - Setting next_dagrun for example_dynamic_task_mapping_with_no_taskflow_operators to 2023-07-26T12:35:36.756530+00:00, run_after=2023-07-27T12:35:36.756530+00:00
[2023-07-27T12:35:36.806+0000] {processor.py:179} INFO - Processing /home/airflow/.local/lib/python3.7/site-packages/airflow/example_dags/example_dynamic_task_mapping_with_no_taskflow_operators.py took 0.210 seconds
[2023-07-27T12:36:08.050+0000] {processor.py:157} INFO - Started process (PID=1912) to work on /home/airflow/.local/lib/python3.7/site-packages/airflow/example_dags/example_dynamic_task_mapping_with_no_taskflow_operators.py
[2023-07-27T12:36:08.064+0000] {processor.py:826} INFO - Processing file /home/airflow/.local/lib/python3.7/site-packages/airflow/example_dags/example_dynamic_task_mapping_with_no_taskflow_operators.py for tasks to queue
[2023-07-27T12:36:08.071+0000] {logging_mixin.py:149} INFO - [2023-07-27T12:36:08.071+0000] {dagbag.py:541} INFO - Filling up the DagBag from /home/airflow/.local/lib/python3.7/site-packages/airflow/example_dags/example_dynamic_task_mapping_with_no_taskflow_operators.py
[2023-07-27T12:36:08.138+0000] {processor.py:836} INFO - DAG(s) dict_keys(['example_dynamic_task_mapping_with_no_taskflow_operators']) retrieved from /home/airflow/.local/lib/python3.7/site-packages/airflow/example_dags/example_dynamic_task_mapping_with_no_taskflow_operators.py
[2023-07-27T12:36:08.276+0000] {logging_mixin.py:149} INFO - [2023-07-27T12:36:08.276+0000] {dag.py:2726} INFO - Sync 1 DAGs
[2023-07-27T12:36:08.445+0000] {logging_mixin.py:149} INFO - [2023-07-27T12:36:08.444+0000] {dag.py:3490} INFO - Setting next_dagrun for example_dynamic_task_mapping_with_no_taskflow_operators to 2023-07-26T12:36:08.444231+00:00, run_after=2023-07-27T12:36:08.444231+00:00
[2023-07-27T12:36:08.537+0000] {processor.py:179} INFO - Processing /home/airflow/.local/lib/python3.7/site-packages/airflow/example_dags/example_dynamic_task_mapping_with_no_taskflow_operators.py took 0.537 seconds
[2023-07-27T12:36:39.274+0000] {processor.py:157} INFO - Started process (PID=1969) to work on /home/airflow/.local/lib/python3.7/site-packages/airflow/example_dags/example_dynamic_task_mapping_with_no_taskflow_operators.py
[2023-07-27T12:36:39.302+0000] {processor.py:826} INFO - Processing file /home/airflow/.local/lib/python3.7/site-packages/airflow/example_dags/example_dynamic_task_mapping_with_no_taskflow_operators.py for tasks to queue
[2023-07-27T12:36:39.308+0000] {logging_mixin.py:149} INFO - [2023-07-27T12:36:39.308+0000] {dagbag.py:541} INFO - Filling up the DagBag from /home/airflow/.local/lib/python3.7/site-packages/airflow/example_dags/example_dynamic_task_mapping_with_no_taskflow_operators.py
[2023-07-27T12:36:39.326+0000] {processor.py:836} INFO - DAG(s) dict_keys(['example_dynamic_task_mapping_with_no_taskflow_operators']) retrieved from /home/airflow/.local/lib/python3.7/site-packages/airflow/example_dags/example_dynamic_task_mapping_with_no_taskflow_operators.py
[2023-07-27T12:36:39.375+0000] {logging_mixin.py:149} INFO - [2023-07-27T12:36:39.375+0000] {dag.py:2726} INFO - Sync 1 DAGs
[2023-07-27T12:36:39.525+0000] {logging_mixin.py:149} INFO - [2023-07-27T12:36:39.525+0000] {dag.py:3490} INFO - Setting next_dagrun for example_dynamic_task_mapping_with_no_taskflow_operators to 2023-07-26T12:36:39.525074+00:00, run_after=2023-07-27T12:36:39.525074+00:00
[2023-07-27T12:36:39.746+0000] {processor.py:179} INFO - Processing /home/airflow/.local/lib/python3.7/site-packages/airflow/example_dags/example_dynamic_task_mapping_with_no_taskflow_operators.py took 0.490 seconds
[2023-07-27T12:37:10.207+0000] {processor.py:157} INFO - Started process (PID=2026) to work on /home/airflow/.local/lib/python3.7/site-packages/airflow/example_dags/example_dynamic_task_mapping_with_no_taskflow_operators.py
[2023-07-27T12:37:10.212+0000] {processor.py:826} INFO - Processing file /home/airflow/.local/lib/python3.7/site-packages/airflow/example_dags/example_dynamic_task_mapping_with_no_taskflow_operators.py for tasks to queue
[2023-07-27T12:37:10.216+0000] {logging_mixin.py:149} INFO - [2023-07-27T12:37:10.215+0000] {dagbag.py:541} INFO - Filling up the DagBag from /home/airflow/.local/lib/python3.7/site-packages/airflow/example_dags/example_dynamic_task_mapping_with_no_taskflow_operators.py
[2023-07-27T12:37:10.236+0000] {processor.py:836} INFO - DAG(s) dict_keys(['example_dynamic_task_mapping_with_no_taskflow_operators']) retrieved from /home/airflow/.local/lib/python3.7/site-packages/airflow/example_dags/example_dynamic_task_mapping_with_no_taskflow_operators.py
[2023-07-27T12:37:10.287+0000] {logging_mixin.py:149} INFO - [2023-07-27T12:37:10.287+0000] {dag.py:2726} INFO - Sync 1 DAGs
[2023-07-27T12:37:10.345+0000] {logging_mixin.py:149} INFO - [2023-07-27T12:37:10.345+0000] {dag.py:3490} INFO - Setting next_dagrun for example_dynamic_task_mapping_with_no_taskflow_operators to 2023-07-26T12:37:10.344864+00:00, run_after=2023-07-27T12:37:10.344864+00:00
[2023-07-27T12:37:10.385+0000] {processor.py:179} INFO - Processing /home/airflow/.local/lib/python3.7/site-packages/airflow/example_dags/example_dynamic_task_mapping_with_no_taskflow_operators.py took 0.188 seconds
[2023-07-27T12:37:41.588+0000] {processor.py:157} INFO - Started process (PID=2084) to work on /home/airflow/.local/lib/python3.7/site-packages/airflow/example_dags/example_dynamic_task_mapping_with_no_taskflow_operators.py
[2023-07-27T12:37:41.597+0000] {processor.py:826} INFO - Processing file /home/airflow/.local/lib/python3.7/site-packages/airflow/example_dags/example_dynamic_task_mapping_with_no_taskflow_operators.py for tasks to queue
[2023-07-27T12:37:41.603+0000] {logging_mixin.py:149} INFO - [2023-07-27T12:37:41.602+0000] {dagbag.py:541} INFO - Filling up the DagBag from /home/airflow/.local/lib/python3.7/site-packages/airflow/example_dags/example_dynamic_task_mapping_with_no_taskflow_operators.py
[2023-07-27T12:37:41.629+0000] {processor.py:836} INFO - DAG(s) dict_keys(['example_dynamic_task_mapping_with_no_taskflow_operators']) retrieved from /home/airflow/.local/lib/python3.7/site-packages/airflow/example_dags/example_dynamic_task_mapping_with_no_taskflow_operators.py
[2023-07-27T12:37:41.740+0000] {logging_mixin.py:149} INFO - [2023-07-27T12:37:41.740+0000] {dag.py:2726} INFO - Sync 1 DAGs
[2023-07-27T12:37:41.861+0000] {logging_mixin.py:149} INFO - [2023-07-27T12:37:41.861+0000] {dag.py:3490} INFO - Setting next_dagrun for example_dynamic_task_mapping_with_no_taskflow_operators to 2023-07-26T12:37:41.860663+00:00, run_after=2023-07-27T12:37:41.860663+00:00
[2023-07-27T12:37:41.955+0000] {processor.py:179} INFO - Processing /home/airflow/.local/lib/python3.7/site-packages/airflow/example_dags/example_dynamic_task_mapping_with_no_taskflow_operators.py took 0.385 seconds
[2023-07-27T12:38:12.148+0000] {processor.py:157} INFO - Started process (PID=2141) to work on /home/airflow/.local/lib/python3.7/site-packages/airflow/example_dags/example_dynamic_task_mapping_with_no_taskflow_operators.py
[2023-07-27T12:38:12.152+0000] {processor.py:826} INFO - Processing file /home/airflow/.local/lib/python3.7/site-packages/airflow/example_dags/example_dynamic_task_mapping_with_no_taskflow_operators.py for tasks to queue
[2023-07-27T12:38:12.156+0000] {logging_mixin.py:149} INFO - [2023-07-27T12:38:12.156+0000] {dagbag.py:541} INFO - Filling up the DagBag from /home/airflow/.local/lib/python3.7/site-packages/airflow/example_dags/example_dynamic_task_mapping_with_no_taskflow_operators.py
[2023-07-27T12:38:12.175+0000] {processor.py:836} INFO - DAG(s) dict_keys(['example_dynamic_task_mapping_with_no_taskflow_operators']) retrieved from /home/airflow/.local/lib/python3.7/site-packages/airflow/example_dags/example_dynamic_task_mapping_with_no_taskflow_operators.py
[2023-07-27T12:38:12.227+0000] {logging_mixin.py:149} INFO - [2023-07-27T12:38:12.226+0000] {dag.py:2726} INFO - Sync 1 DAGs
[2023-07-27T12:38:12.332+0000] {logging_mixin.py:149} INFO - [2023-07-27T12:38:12.331+0000] {dag.py:3490} INFO - Setting next_dagrun for example_dynamic_task_mapping_with_no_taskflow_operators to 2023-07-26T12:38:12.331009+00:00, run_after=2023-07-27T12:38:12.331009+00:00
[2023-07-27T12:38:12.451+0000] {processor.py:179} INFO - Processing /home/airflow/.local/lib/python3.7/site-packages/airflow/example_dags/example_dynamic_task_mapping_with_no_taskflow_operators.py took 0.313 seconds
[2023-07-27T12:38:42.646+0000] {processor.py:157} INFO - Started process (PID=2196) to work on /home/airflow/.local/lib/python3.7/site-packages/airflow/example_dags/example_dynamic_task_mapping_with_no_taskflow_operators.py
[2023-07-27T12:38:42.657+0000] {processor.py:826} INFO - Processing file /home/airflow/.local/lib/python3.7/site-packages/airflow/example_dags/example_dynamic_task_mapping_with_no_taskflow_operators.py for tasks to queue
[2023-07-27T12:38:42.664+0000] {logging_mixin.py:149} INFO - [2023-07-27T12:38:42.663+0000] {dagbag.py:541} INFO - Filling up the DagBag from /home/airflow/.local/lib/python3.7/site-packages/airflow/example_dags/example_dynamic_task_mapping_with_no_taskflow_operators.py
[2023-07-27T12:38:42.748+0000] {processor.py:836} INFO - DAG(s) dict_keys(['example_dynamic_task_mapping_with_no_taskflow_operators']) retrieved from /home/airflow/.local/lib/python3.7/site-packages/airflow/example_dags/example_dynamic_task_mapping_with_no_taskflow_operators.py
[2023-07-27T12:38:42.964+0000] {logging_mixin.py:149} INFO - [2023-07-27T12:38:42.964+0000] {dag.py:2726} INFO - Sync 1 DAGs
[2023-07-27T12:38:43.063+0000] {logging_mixin.py:149} INFO - [2023-07-27T12:38:43.062+0000] {dag.py:3490} INFO - Setting next_dagrun for example_dynamic_task_mapping_with_no_taskflow_operators to 2023-07-26T12:38:43.061515+00:00, run_after=2023-07-27T12:38:43.061515+00:00
[2023-07-27T12:38:43.122+0000] {processor.py:179} INFO - Processing /home/airflow/.local/lib/python3.7/site-packages/airflow/example_dags/example_dynamic_task_mapping_with_no_taskflow_operators.py took 0.518 seconds
[2023-07-27T12:39:16.858+0000] {processor.py:157} INFO - Started process (PID=2263) to work on /home/airflow/.local/lib/python3.7/site-packages/airflow/example_dags/example_dynamic_task_mapping_with_no_taskflow_operators.py
[2023-07-27T12:39:16.866+0000] {processor.py:826} INFO - Processing file /home/airflow/.local/lib/python3.7/site-packages/airflow/example_dags/example_dynamic_task_mapping_with_no_taskflow_operators.py for tasks to queue
[2023-07-27T12:39:16.880+0000] {logging_mixin.py:149} INFO - [2023-07-27T12:39:16.879+0000] {dagbag.py:541} INFO - Filling up the DagBag from /home/airflow/.local/lib/python3.7/site-packages/airflow/example_dags/example_dynamic_task_mapping_with_no_taskflow_operators.py
[2023-07-27T12:39:16.986+0000] {processor.py:836} INFO - DAG(s) dict_keys(['example_dynamic_task_mapping_with_no_taskflow_operators']) retrieved from /home/airflow/.local/lib/python3.7/site-packages/airflow/example_dags/example_dynamic_task_mapping_with_no_taskflow_operators.py
[2023-07-27T12:39:17.136+0000] {logging_mixin.py:149} INFO - [2023-07-27T12:39:17.134+0000] {dag.py:2726} INFO - Sync 1 DAGs
[2023-07-27T12:39:17.438+0000] {logging_mixin.py:149} INFO - [2023-07-27T12:39:17.438+0000] {dag.py:3490} INFO - Setting next_dagrun for example_dynamic_task_mapping_with_no_taskflow_operators to 2023-07-26T12:39:17.433149+00:00, run_after=2023-07-27T12:39:17.433149+00:00
[2023-07-27T12:39:17.597+0000] {processor.py:179} INFO - Processing /home/airflow/.local/lib/python3.7/site-packages/airflow/example_dags/example_dynamic_task_mapping_with_no_taskflow_operators.py took 0.795 seconds
