[2023-07-27T12:26:04.217+0000] {processor.py:157} INFO - Started process (PID=830) to work on /home/airflow/.local/lib/python3.7/site-packages/airflow/example_dags/example_bash_operator.py
[2023-07-27T12:26:04.233+0000] {processor.py:826} INFO - Processing file /home/airflow/.local/lib/python3.7/site-packages/airflow/example_dags/example_bash_operator.py for tasks to queue
[2023-07-27T12:26:04.248+0000] {logging_mixin.py:149} INFO - [2023-07-27T12:26:04.248+0000] {dagbag.py:541} INFO - Filling up the DagBag from /home/airflow/.local/lib/python3.7/site-packages/airflow/example_dags/example_bash_operator.py
[2023-07-27T12:26:04.368+0000] {processor.py:836} INFO - DAG(s) dict_keys(['example_bash_operator']) retrieved from /home/airflow/.local/lib/python3.7/site-packages/airflow/example_dags/example_bash_operator.py
[2023-07-27T12:26:04.871+0000] {logging_mixin.py:149} INFO - [2023-07-27T12:26:04.871+0000] {dag.py:2726} INFO - Sync 1 DAGs
[2023-07-27T12:26:05.183+0000] {logging_mixin.py:149} INFO - [2023-07-27T12:26:05.182+0000] {dag.py:3490} INFO - Setting next_dagrun for example_bash_operator to 2023-07-26T00:00:00+00:00, run_after=2023-07-27T00:00:00+00:00
[2023-07-27T12:26:05.272+0000] {processor.py:179} INFO - Processing /home/airflow/.local/lib/python3.7/site-packages/airflow/example_dags/example_bash_operator.py took 1.104 seconds
[2023-07-27T12:26:35.939+0000] {processor.py:157} INFO - Started process (PID=887) to work on /home/airflow/.local/lib/python3.7/site-packages/airflow/example_dags/example_bash_operator.py
[2023-07-27T12:26:35.957+0000] {processor.py:826} INFO - Processing file /home/airflow/.local/lib/python3.7/site-packages/airflow/example_dags/example_bash_operator.py for tasks to queue
[2023-07-27T12:26:35.977+0000] {logging_mixin.py:149} INFO - [2023-07-27T12:26:35.977+0000] {dagbag.py:541} INFO - Filling up the DagBag from /home/airflow/.local/lib/python3.7/site-packages/airflow/example_dags/example_bash_operator.py
[2023-07-27T12:26:36.438+0000] {processor.py:836} INFO - DAG(s) dict_keys(['example_bash_operator']) retrieved from /home/airflow/.local/lib/python3.7/site-packages/airflow/example_dags/example_bash_operator.py
[2023-07-27T12:26:36.930+0000] {logging_mixin.py:149} INFO - [2023-07-27T12:26:36.930+0000] {dag.py:2726} INFO - Sync 1 DAGs
[2023-07-27T12:26:37.397+0000] {logging_mixin.py:149} INFO - [2023-07-27T12:26:37.397+0000] {dag.py:3490} INFO - Setting next_dagrun for example_bash_operator to 2023-07-26T00:00:00+00:00, run_after=2023-07-27T00:00:00+00:00
[2023-07-27T12:26:37.768+0000] {processor.py:179} INFO - Processing /home/airflow/.local/lib/python3.7/site-packages/airflow/example_dags/example_bash_operator.py took 1.869 seconds
[2023-07-27T12:27:08.737+0000] {processor.py:157} INFO - Started process (PID=949) to work on /home/airflow/.local/lib/python3.7/site-packages/airflow/example_dags/example_bash_operator.py
[2023-07-27T12:27:08.746+0000] {processor.py:826} INFO - Processing file /home/airflow/.local/lib/python3.7/site-packages/airflow/example_dags/example_bash_operator.py for tasks to queue
[2023-07-27T12:27:08.757+0000] {logging_mixin.py:149} INFO - [2023-07-27T12:27:08.756+0000] {dagbag.py:541} INFO - Filling up the DagBag from /home/airflow/.local/lib/python3.7/site-packages/airflow/example_dags/example_bash_operator.py
[2023-07-27T12:27:08.810+0000] {processor.py:836} INFO - DAG(s) dict_keys(['example_bash_operator']) retrieved from /home/airflow/.local/lib/python3.7/site-packages/airflow/example_dags/example_bash_operator.py
[2023-07-27T12:27:08.947+0000] {logging_mixin.py:149} INFO - [2023-07-27T12:27:08.946+0000] {dag.py:2726} INFO - Sync 1 DAGs
[2023-07-27T12:27:09.029+0000] {logging_mixin.py:149} INFO - [2023-07-27T12:27:09.028+0000] {dag.py:3490} INFO - Setting next_dagrun for example_bash_operator to 2023-07-26T00:00:00+00:00, run_after=2023-07-27T00:00:00+00:00
[2023-07-27T12:27:09.095+0000] {processor.py:179} INFO - Processing /home/airflow/.local/lib/python3.7/site-packages/airflow/example_dags/example_bash_operator.py took 0.374 seconds
[2023-07-27T12:27:42.210+0000] {processor.py:157} INFO - Started process (PID=1007) to work on /home/airflow/.local/lib/python3.7/site-packages/airflow/example_dags/example_bash_operator.py
[2023-07-27T12:27:42.217+0000] {processor.py:826} INFO - Processing file /home/airflow/.local/lib/python3.7/site-packages/airflow/example_dags/example_bash_operator.py for tasks to queue
[2023-07-27T12:27:42.225+0000] {logging_mixin.py:149} INFO - [2023-07-27T12:27:42.222+0000] {dagbag.py:541} INFO - Filling up the DagBag from /home/airflow/.local/lib/python3.7/site-packages/airflow/example_dags/example_bash_operator.py
[2023-07-27T12:27:42.327+0000] {processor.py:836} INFO - DAG(s) dict_keys(['example_bash_operator']) retrieved from /home/airflow/.local/lib/python3.7/site-packages/airflow/example_dags/example_bash_operator.py
[2023-07-27T12:27:42.535+0000] {logging_mixin.py:149} INFO - [2023-07-27T12:27:42.534+0000] {dag.py:2726} INFO - Sync 1 DAGs
[2023-07-27T12:27:42.647+0000] {logging_mixin.py:149} INFO - [2023-07-27T12:27:42.646+0000] {dag.py:3490} INFO - Setting next_dagrun for example_bash_operator to 2023-07-26T00:00:00+00:00, run_after=2023-07-27T00:00:00+00:00
[2023-07-27T12:27:42.718+0000] {processor.py:179} INFO - Processing /home/airflow/.local/lib/python3.7/site-packages/airflow/example_dags/example_bash_operator.py took 0.537 seconds
[2023-07-27T12:28:17.409+0000] {processor.py:157} INFO - Started process (PID=1061) to work on /home/airflow/.local/lib/python3.7/site-packages/airflow/example_dags/example_bash_operator.py
[2023-07-27T12:28:17.415+0000] {processor.py:826} INFO - Processing file /home/airflow/.local/lib/python3.7/site-packages/airflow/example_dags/example_bash_operator.py for tasks to queue
[2023-07-27T12:28:17.418+0000] {logging_mixin.py:149} INFO - [2023-07-27T12:28:17.418+0000] {dagbag.py:541} INFO - Filling up the DagBag from /home/airflow/.local/lib/python3.7/site-packages/airflow/example_dags/example_bash_operator.py
[2023-07-27T12:28:17.466+0000] {processor.py:836} INFO - DAG(s) dict_keys(['example_bash_operator']) retrieved from /home/airflow/.local/lib/python3.7/site-packages/airflow/example_dags/example_bash_operator.py
[2023-07-27T12:28:17.638+0000] {logging_mixin.py:149} INFO - [2023-07-27T12:28:17.638+0000] {dag.py:2726} INFO - Sync 1 DAGs
[2023-07-27T12:28:17.733+0000] {logging_mixin.py:149} INFO - [2023-07-27T12:28:17.733+0000] {dag.py:3490} INFO - Setting next_dagrun for example_bash_operator to 2023-07-26T00:00:00+00:00, run_after=2023-07-27T00:00:00+00:00
[2023-07-27T12:28:17.776+0000] {processor.py:179} INFO - Processing /home/airflow/.local/lib/python3.7/site-packages/airflow/example_dags/example_bash_operator.py took 0.382 seconds
[2023-07-27T12:28:50.412+0000] {processor.py:157} INFO - Started process (PID=1119) to work on /home/airflow/.local/lib/python3.7/site-packages/airflow/example_dags/example_bash_operator.py
[2023-07-27T12:28:50.426+0000] {processor.py:826} INFO - Processing file /home/airflow/.local/lib/python3.7/site-packages/airflow/example_dags/example_bash_operator.py for tasks to queue
[2023-07-27T12:28:50.429+0000] {logging_mixin.py:149} INFO - [2023-07-27T12:28:50.428+0000] {dagbag.py:541} INFO - Filling up the DagBag from /home/airflow/.local/lib/python3.7/site-packages/airflow/example_dags/example_bash_operator.py
[2023-07-27T12:28:50.534+0000] {processor.py:836} INFO - DAG(s) dict_keys(['example_bash_operator']) retrieved from /home/airflow/.local/lib/python3.7/site-packages/airflow/example_dags/example_bash_operator.py
[2023-07-27T12:28:50.779+0000] {logging_mixin.py:149} INFO - [2023-07-27T12:28:50.778+0000] {dag.py:2726} INFO - Sync 1 DAGs
[2023-07-27T12:28:50.898+0000] {logging_mixin.py:149} INFO - [2023-07-27T12:28:50.898+0000] {dag.py:3490} INFO - Setting next_dagrun for example_bash_operator to 2023-07-26T00:00:00+00:00, run_after=2023-07-27T00:00:00+00:00
[2023-07-27T12:28:50.986+0000] {processor.py:179} INFO - Processing /home/airflow/.local/lib/python3.7/site-packages/airflow/example_dags/example_bash_operator.py took 0.587 seconds
[2023-07-27T12:29:21.231+0000] {processor.py:157} INFO - Started process (PID=1177) to work on /home/airflow/.local/lib/python3.7/site-packages/airflow/example_dags/example_bash_operator.py
[2023-07-27T12:29:21.261+0000] {processor.py:826} INFO - Processing file /home/airflow/.local/lib/python3.7/site-packages/airflow/example_dags/example_bash_operator.py for tasks to queue
[2023-07-27T12:29:21.296+0000] {logging_mixin.py:149} INFO - [2023-07-27T12:29:21.296+0000] {dagbag.py:541} INFO - Filling up the DagBag from /home/airflow/.local/lib/python3.7/site-packages/airflow/example_dags/example_bash_operator.py
[2023-07-27T12:29:21.533+0000] {processor.py:836} INFO - DAG(s) dict_keys(['example_bash_operator']) retrieved from /home/airflow/.local/lib/python3.7/site-packages/airflow/example_dags/example_bash_operator.py
[2023-07-27T12:29:21.724+0000] {logging_mixin.py:149} INFO - [2023-07-27T12:29:21.723+0000] {dag.py:2726} INFO - Sync 1 DAGs
[2023-07-27T12:29:21.903+0000] {logging_mixin.py:149} INFO - [2023-07-27T12:29:21.902+0000] {dag.py:3490} INFO - Setting next_dagrun for example_bash_operator to 2023-07-26T00:00:00+00:00, run_after=2023-07-27T00:00:00+00:00
[2023-07-27T12:29:22.243+0000] {processor.py:179} INFO - Processing /home/airflow/.local/lib/python3.7/site-packages/airflow/example_dags/example_bash_operator.py took 1.023 seconds
[2023-07-27T12:29:52.911+0000] {processor.py:157} INFO - Started process (PID=1235) to work on /home/airflow/.local/lib/python3.7/site-packages/airflow/example_dags/example_bash_operator.py
[2023-07-27T12:29:52.915+0000] {processor.py:826} INFO - Processing file /home/airflow/.local/lib/python3.7/site-packages/airflow/example_dags/example_bash_operator.py for tasks to queue
[2023-07-27T12:29:52.918+0000] {logging_mixin.py:149} INFO - [2023-07-27T12:29:52.918+0000] {dagbag.py:541} INFO - Filling up the DagBag from /home/airflow/.local/lib/python3.7/site-packages/airflow/example_dags/example_bash_operator.py
[2023-07-27T12:29:52.947+0000] {processor.py:836} INFO - DAG(s) dict_keys(['example_bash_operator']) retrieved from /home/airflow/.local/lib/python3.7/site-packages/airflow/example_dags/example_bash_operator.py
[2023-07-27T12:29:53.017+0000] {logging_mixin.py:149} INFO - [2023-07-27T12:29:53.017+0000] {dag.py:2726} INFO - Sync 1 DAGs
[2023-07-27T12:29:53.071+0000] {logging_mixin.py:149} INFO - [2023-07-27T12:29:53.071+0000] {dag.py:3490} INFO - Setting next_dagrun for example_bash_operator to 2023-07-26T00:00:00+00:00, run_after=2023-07-27T00:00:00+00:00
[2023-07-27T12:29:53.118+0000] {processor.py:179} INFO - Processing /home/airflow/.local/lib/python3.7/site-packages/airflow/example_dags/example_bash_operator.py took 0.213 seconds
[2023-07-27T12:30:28.434+0000] {processor.py:157} INFO - Started process (PID=1294) to work on /home/airflow/.local/lib/python3.7/site-packages/airflow/example_dags/example_bash_operator.py
[2023-07-27T12:30:28.437+0000] {processor.py:826} INFO - Processing file /home/airflow/.local/lib/python3.7/site-packages/airflow/example_dags/example_bash_operator.py for tasks to queue
[2023-07-27T12:30:28.444+0000] {logging_mixin.py:149} INFO - [2023-07-27T12:30:28.443+0000] {dagbag.py:541} INFO - Filling up the DagBag from /home/airflow/.local/lib/python3.7/site-packages/airflow/example_dags/example_bash_operator.py
[2023-07-27T12:30:28.493+0000] {processor.py:836} INFO - DAG(s) dict_keys(['example_bash_operator']) retrieved from /home/airflow/.local/lib/python3.7/site-packages/airflow/example_dags/example_bash_operator.py
[2023-07-27T12:30:28.592+0000] {logging_mixin.py:149} INFO - [2023-07-27T12:30:28.592+0000] {dag.py:2726} INFO - Sync 1 DAGs
[2023-07-27T12:30:28.701+0000] {logging_mixin.py:149} INFO - [2023-07-27T12:30:28.701+0000] {dag.py:3490} INFO - Setting next_dagrun for example_bash_operator to 2023-07-26T00:00:00+00:00, run_after=2023-07-27T00:00:00+00:00
[2023-07-27T12:30:28.779+0000] {processor.py:179} INFO - Processing /home/airflow/.local/lib/python3.7/site-packages/airflow/example_dags/example_bash_operator.py took 0.358 seconds
[2023-07-27T12:30:59.068+0000] {processor.py:157} INFO - Started process (PID=1350) to work on /home/airflow/.local/lib/python3.7/site-packages/airflow/example_dags/example_bash_operator.py
[2023-07-27T12:30:59.073+0000] {processor.py:826} INFO - Processing file /home/airflow/.local/lib/python3.7/site-packages/airflow/example_dags/example_bash_operator.py for tasks to queue
[2023-07-27T12:30:59.076+0000] {logging_mixin.py:149} INFO - [2023-07-27T12:30:59.075+0000] {dagbag.py:541} INFO - Filling up the DagBag from /home/airflow/.local/lib/python3.7/site-packages/airflow/example_dags/example_bash_operator.py
[2023-07-27T12:30:59.109+0000] {processor.py:836} INFO - DAG(s) dict_keys(['example_bash_operator']) retrieved from /home/airflow/.local/lib/python3.7/site-packages/airflow/example_dags/example_bash_operator.py
[2023-07-27T12:30:59.201+0000] {logging_mixin.py:149} INFO - [2023-07-27T12:30:59.200+0000] {dag.py:2726} INFO - Sync 1 DAGs
[2023-07-27T12:30:59.316+0000] {logging_mixin.py:149} INFO - [2023-07-27T12:30:59.315+0000] {dag.py:3490} INFO - Setting next_dagrun for example_bash_operator to 2023-07-26T00:00:00+00:00, run_after=2023-07-27T00:00:00+00:00
[2023-07-27T12:30:59.375+0000] {processor.py:179} INFO - Processing /home/airflow/.local/lib/python3.7/site-packages/airflow/example_dags/example_bash_operator.py took 0.313 seconds
[2023-07-27T12:31:29.995+0000] {processor.py:157} INFO - Started process (PID=1406) to work on /home/airflow/.local/lib/python3.7/site-packages/airflow/example_dags/example_bash_operator.py
[2023-07-27T12:31:29.998+0000] {processor.py:826} INFO - Processing file /home/airflow/.local/lib/python3.7/site-packages/airflow/example_dags/example_bash_operator.py for tasks to queue
[2023-07-27T12:31:30.001+0000] {logging_mixin.py:149} INFO - [2023-07-27T12:31:30.001+0000] {dagbag.py:541} INFO - Filling up the DagBag from /home/airflow/.local/lib/python3.7/site-packages/airflow/example_dags/example_bash_operator.py
[2023-07-27T12:31:30.034+0000] {processor.py:836} INFO - DAG(s) dict_keys(['example_bash_operator']) retrieved from /home/airflow/.local/lib/python3.7/site-packages/airflow/example_dags/example_bash_operator.py
[2023-07-27T12:31:30.108+0000] {logging_mixin.py:149} INFO - [2023-07-27T12:31:30.108+0000] {dag.py:2726} INFO - Sync 1 DAGs
[2023-07-27T12:31:30.171+0000] {logging_mixin.py:149} INFO - [2023-07-27T12:31:30.171+0000] {dag.py:3490} INFO - Setting next_dagrun for example_bash_operator to 2023-07-26T00:00:00+00:00, run_after=2023-07-27T00:00:00+00:00
[2023-07-27T12:31:30.222+0000] {processor.py:179} INFO - Processing /home/airflow/.local/lib/python3.7/site-packages/airflow/example_dags/example_bash_operator.py took 0.254 seconds
[2023-07-27T12:32:03.052+0000] {processor.py:157} INFO - Started process (PID=1462) to work on /home/airflow/.local/lib/python3.7/site-packages/airflow/example_dags/example_bash_operator.py
[2023-07-27T12:32:03.056+0000] {processor.py:826} INFO - Processing file /home/airflow/.local/lib/python3.7/site-packages/airflow/example_dags/example_bash_operator.py for tasks to queue
[2023-07-27T12:32:03.060+0000] {logging_mixin.py:149} INFO - [2023-07-27T12:32:03.059+0000] {dagbag.py:541} INFO - Filling up the DagBag from /home/airflow/.local/lib/python3.7/site-packages/airflow/example_dags/example_bash_operator.py
[2023-07-27T12:32:03.093+0000] {processor.py:836} INFO - DAG(s) dict_keys(['example_bash_operator']) retrieved from /home/airflow/.local/lib/python3.7/site-packages/airflow/example_dags/example_bash_operator.py
[2023-07-27T12:32:03.172+0000] {logging_mixin.py:149} INFO - [2023-07-27T12:32:03.172+0000] {dag.py:2726} INFO - Sync 1 DAGs
[2023-07-27T12:32:03.240+0000] {logging_mixin.py:149} INFO - [2023-07-27T12:32:03.239+0000] {dag.py:3490} INFO - Setting next_dagrun for example_bash_operator to 2023-07-26T00:00:00+00:00, run_after=2023-07-27T00:00:00+00:00
[2023-07-27T12:32:03.285+0000] {processor.py:179} INFO - Processing /home/airflow/.local/lib/python3.7/site-packages/airflow/example_dags/example_bash_operator.py took 0.242 seconds
[2023-07-27T12:32:34.793+0000] {processor.py:157} INFO - Started process (PID=1518) to work on /home/airflow/.local/lib/python3.7/site-packages/airflow/example_dags/example_bash_operator.py
[2023-07-27T12:32:34.801+0000] {processor.py:826} INFO - Processing file /home/airflow/.local/lib/python3.7/site-packages/airflow/example_dags/example_bash_operator.py for tasks to queue
[2023-07-27T12:32:34.806+0000] {logging_mixin.py:149} INFO - [2023-07-27T12:32:34.806+0000] {dagbag.py:541} INFO - Filling up the DagBag from /home/airflow/.local/lib/python3.7/site-packages/airflow/example_dags/example_bash_operator.py
[2023-07-27T12:32:34.845+0000] {processor.py:836} INFO - DAG(s) dict_keys(['example_bash_operator']) retrieved from /home/airflow/.local/lib/python3.7/site-packages/airflow/example_dags/example_bash_operator.py
[2023-07-27T12:32:34.934+0000] {logging_mixin.py:149} INFO - [2023-07-27T12:32:34.933+0000] {dag.py:2726} INFO - Sync 1 DAGs
[2023-07-27T12:32:35.061+0000] {logging_mixin.py:149} INFO - [2023-07-27T12:32:35.060+0000] {dag.py:3490} INFO - Setting next_dagrun for example_bash_operator to 2023-07-26T00:00:00+00:00, run_after=2023-07-27T00:00:00+00:00
[2023-07-27T12:32:35.112+0000] {processor.py:179} INFO - Processing /home/airflow/.local/lib/python3.7/site-packages/airflow/example_dags/example_bash_operator.py took 0.329 seconds
[2023-07-27T12:33:11.247+0000] {processor.py:157} INFO - Started process (PID=1577) to work on /home/airflow/.local/lib/python3.7/site-packages/airflow/example_dags/example_bash_operator.py
[2023-07-27T12:33:11.258+0000] {processor.py:826} INFO - Processing file /home/airflow/.local/lib/python3.7/site-packages/airflow/example_dags/example_bash_operator.py for tasks to queue
[2023-07-27T12:33:11.277+0000] {logging_mixin.py:149} INFO - [2023-07-27T12:33:11.277+0000] {dagbag.py:541} INFO - Filling up the DagBag from /home/airflow/.local/lib/python3.7/site-packages/airflow/example_dags/example_bash_operator.py
[2023-07-27T12:33:11.367+0000] {processor.py:836} INFO - DAG(s) dict_keys(['example_bash_operator']) retrieved from /home/airflow/.local/lib/python3.7/site-packages/airflow/example_dags/example_bash_operator.py
[2023-07-27T12:33:11.467+0000] {logging_mixin.py:149} INFO - [2023-07-27T12:33:11.466+0000] {dag.py:2726} INFO - Sync 1 DAGs
[2023-07-27T12:33:11.533+0000] {logging_mixin.py:149} INFO - [2023-07-27T12:33:11.533+0000] {dag.py:3490} INFO - Setting next_dagrun for example_bash_operator to 2023-07-26T00:00:00+00:00, run_after=2023-07-27T00:00:00+00:00
[2023-07-27T12:33:11.611+0000] {processor.py:179} INFO - Processing /home/airflow/.local/lib/python3.7/site-packages/airflow/example_dags/example_bash_operator.py took 0.375 seconds
[2023-07-27T12:33:42.148+0000] {processor.py:157} INFO - Started process (PID=1634) to work on /home/airflow/.local/lib/python3.7/site-packages/airflow/example_dags/example_bash_operator.py
[2023-07-27T12:33:42.158+0000] {processor.py:826} INFO - Processing file /home/airflow/.local/lib/python3.7/site-packages/airflow/example_dags/example_bash_operator.py for tasks to queue
[2023-07-27T12:33:42.164+0000] {logging_mixin.py:149} INFO - [2023-07-27T12:33:42.164+0000] {dagbag.py:541} INFO - Filling up the DagBag from /home/airflow/.local/lib/python3.7/site-packages/airflow/example_dags/example_bash_operator.py
[2023-07-27T12:33:42.291+0000] {processor.py:836} INFO - DAG(s) dict_keys(['example_bash_operator']) retrieved from /home/airflow/.local/lib/python3.7/site-packages/airflow/example_dags/example_bash_operator.py
[2023-07-27T12:33:42.536+0000] {logging_mixin.py:149} INFO - [2023-07-27T12:33:42.536+0000] {dag.py:2726} INFO - Sync 1 DAGs
[2023-07-27T12:33:42.685+0000] {logging_mixin.py:149} INFO - [2023-07-27T12:33:42.685+0000] {dag.py:3490} INFO - Setting next_dagrun for example_bash_operator to 2023-07-26T00:00:00+00:00, run_after=2023-07-27T00:00:00+00:00
[2023-07-27T12:33:42.779+0000] {processor.py:179} INFO - Processing /home/airflow/.local/lib/python3.7/site-packages/airflow/example_dags/example_bash_operator.py took 0.645 seconds
[2023-07-27T12:34:13.451+0000] {processor.py:157} INFO - Started process (PID=1698) to work on /home/airflow/.local/lib/python3.7/site-packages/airflow/example_dags/example_bash_operator.py
[2023-07-27T12:34:13.457+0000] {processor.py:826} INFO - Processing file /home/airflow/.local/lib/python3.7/site-packages/airflow/example_dags/example_bash_operator.py for tasks to queue
[2023-07-27T12:34:13.461+0000] {logging_mixin.py:149} INFO - [2023-07-27T12:34:13.460+0000] {dagbag.py:541} INFO - Filling up the DagBag from /home/airflow/.local/lib/python3.7/site-packages/airflow/example_dags/example_bash_operator.py
[2023-07-27T12:34:13.530+0000] {processor.py:836} INFO - DAG(s) dict_keys(['example_bash_operator']) retrieved from /home/airflow/.local/lib/python3.7/site-packages/airflow/example_dags/example_bash_operator.py
[2023-07-27T12:34:13.659+0000] {logging_mixin.py:149} INFO - [2023-07-27T12:34:13.658+0000] {dag.py:2726} INFO - Sync 1 DAGs
[2023-07-27T12:34:13.739+0000] {logging_mixin.py:149} INFO - [2023-07-27T12:34:13.739+0000] {dag.py:3490} INFO - Setting next_dagrun for example_bash_operator to 2023-07-26T00:00:00+00:00, run_after=2023-07-27T00:00:00+00:00
[2023-07-27T12:34:13.836+0000] {processor.py:179} INFO - Processing /home/airflow/.local/lib/python3.7/site-packages/airflow/example_dags/example_bash_operator.py took 0.400 seconds
[2023-07-27T12:34:44.321+0000] {processor.py:157} INFO - Started process (PID=1756) to work on /home/airflow/.local/lib/python3.7/site-packages/airflow/example_dags/example_bash_operator.py
[2023-07-27T12:34:44.324+0000] {processor.py:826} INFO - Processing file /home/airflow/.local/lib/python3.7/site-packages/airflow/example_dags/example_bash_operator.py for tasks to queue
[2023-07-27T12:34:44.337+0000] {logging_mixin.py:149} INFO - [2023-07-27T12:34:44.336+0000] {dagbag.py:541} INFO - Filling up the DagBag from /home/airflow/.local/lib/python3.7/site-packages/airflow/example_dags/example_bash_operator.py
[2023-07-27T12:34:44.438+0000] {processor.py:836} INFO - DAG(s) dict_keys(['example_bash_operator']) retrieved from /home/airflow/.local/lib/python3.7/site-packages/airflow/example_dags/example_bash_operator.py
[2023-07-27T12:34:44.673+0000] {logging_mixin.py:149} INFO - [2023-07-27T12:34:44.673+0000] {dag.py:2726} INFO - Sync 1 DAGs
[2023-07-27T12:34:44.808+0000] {logging_mixin.py:149} INFO - [2023-07-27T12:34:44.808+0000] {dag.py:3490} INFO - Setting next_dagrun for example_bash_operator to 2023-07-26T00:00:00+00:00, run_after=2023-07-27T00:00:00+00:00
[2023-07-27T12:34:44.908+0000] {processor.py:179} INFO - Processing /home/airflow/.local/lib/python3.7/site-packages/airflow/example_dags/example_bash_operator.py took 0.602 seconds
[2023-07-27T12:35:15.450+0000] {processor.py:157} INFO - Started process (PID=1814) to work on /home/airflow/.local/lib/python3.7/site-packages/airflow/example_dags/example_bash_operator.py
[2023-07-27T12:35:15.454+0000] {processor.py:826} INFO - Processing file /home/airflow/.local/lib/python3.7/site-packages/airflow/example_dags/example_bash_operator.py for tasks to queue
[2023-07-27T12:35:15.459+0000] {logging_mixin.py:149} INFO - [2023-07-27T12:35:15.459+0000] {dagbag.py:541} INFO - Filling up the DagBag from /home/airflow/.local/lib/python3.7/site-packages/airflow/example_dags/example_bash_operator.py
[2023-07-27T12:35:15.500+0000] {processor.py:836} INFO - DAG(s) dict_keys(['example_bash_operator']) retrieved from /home/airflow/.local/lib/python3.7/site-packages/airflow/example_dags/example_bash_operator.py
[2023-07-27T12:35:15.593+0000] {logging_mixin.py:149} INFO - [2023-07-27T12:35:15.593+0000] {dag.py:2726} INFO - Sync 1 DAGs
[2023-07-27T12:35:15.655+0000] {logging_mixin.py:149} INFO - [2023-07-27T12:35:15.655+0000] {dag.py:3490} INFO - Setting next_dagrun for example_bash_operator to 2023-07-26T00:00:00+00:00, run_after=2023-07-27T00:00:00+00:00
[2023-07-27T12:35:15.697+0000] {processor.py:179} INFO - Processing /home/airflow/.local/lib/python3.7/site-packages/airflow/example_dags/example_bash_operator.py took 0.261 seconds
[2023-07-27T12:35:46.124+0000] {processor.py:157} INFO - Started process (PID=1872) to work on /home/airflow/.local/lib/python3.7/site-packages/airflow/example_dags/example_bash_operator.py
[2023-07-27T12:35:46.130+0000] {processor.py:826} INFO - Processing file /home/airflow/.local/lib/python3.7/site-packages/airflow/example_dags/example_bash_operator.py for tasks to queue
[2023-07-27T12:35:46.133+0000] {logging_mixin.py:149} INFO - [2023-07-27T12:35:46.133+0000] {dagbag.py:541} INFO - Filling up the DagBag from /home/airflow/.local/lib/python3.7/site-packages/airflow/example_dags/example_bash_operator.py
[2023-07-27T12:35:46.166+0000] {processor.py:836} INFO - DAG(s) dict_keys(['example_bash_operator']) retrieved from /home/airflow/.local/lib/python3.7/site-packages/airflow/example_dags/example_bash_operator.py
[2023-07-27T12:35:46.250+0000] {logging_mixin.py:149} INFO - [2023-07-27T12:35:46.250+0000] {dag.py:2726} INFO - Sync 1 DAGs
[2023-07-27T12:35:46.322+0000] {logging_mixin.py:149} INFO - [2023-07-27T12:35:46.321+0000] {dag.py:3490} INFO - Setting next_dagrun for example_bash_operator to 2023-07-26T00:00:00+00:00, run_after=2023-07-27T00:00:00+00:00
[2023-07-27T12:35:46.364+0000] {processor.py:179} INFO - Processing /home/airflow/.local/lib/python3.7/site-packages/airflow/example_dags/example_bash_operator.py took 0.253 seconds
[2023-07-27T12:36:17.296+0000] {processor.py:157} INFO - Started process (PID=1929) to work on /home/airflow/.local/lib/python3.7/site-packages/airflow/example_dags/example_bash_operator.py
[2023-07-27T12:36:17.300+0000] {processor.py:826} INFO - Processing file /home/airflow/.local/lib/python3.7/site-packages/airflow/example_dags/example_bash_operator.py for tasks to queue
[2023-07-27T12:36:17.302+0000] {logging_mixin.py:149} INFO - [2023-07-27T12:36:17.302+0000] {dagbag.py:541} INFO - Filling up the DagBag from /home/airflow/.local/lib/python3.7/site-packages/airflow/example_dags/example_bash_operator.py
[2023-07-27T12:36:17.343+0000] {processor.py:836} INFO - DAG(s) dict_keys(['example_bash_operator']) retrieved from /home/airflow/.local/lib/python3.7/site-packages/airflow/example_dags/example_bash_operator.py
[2023-07-27T12:36:17.471+0000] {logging_mixin.py:149} INFO - [2023-07-27T12:36:17.470+0000] {dag.py:2726} INFO - Sync 1 DAGs
[2023-07-27T12:36:17.543+0000] {logging_mixin.py:149} INFO - [2023-07-27T12:36:17.542+0000] {dag.py:3490} INFO - Setting next_dagrun for example_bash_operator to 2023-07-26T00:00:00+00:00, run_after=2023-07-27T00:00:00+00:00
[2023-07-27T12:36:17.596+0000] {processor.py:179} INFO - Processing /home/airflow/.local/lib/python3.7/site-packages/airflow/example_dags/example_bash_operator.py took 0.307 seconds
[2023-07-27T12:36:48.336+0000] {processor.py:157} INFO - Started process (PID=1986) to work on /home/airflow/.local/lib/python3.7/site-packages/airflow/example_dags/example_bash_operator.py
[2023-07-27T12:36:48.343+0000] {processor.py:826} INFO - Processing file /home/airflow/.local/lib/python3.7/site-packages/airflow/example_dags/example_bash_operator.py for tasks to queue
[2023-07-27T12:36:48.352+0000] {logging_mixin.py:149} INFO - [2023-07-27T12:36:48.351+0000] {dagbag.py:541} INFO - Filling up the DagBag from /home/airflow/.local/lib/python3.7/site-packages/airflow/example_dags/example_bash_operator.py
[2023-07-27T12:36:48.421+0000] {processor.py:836} INFO - DAG(s) dict_keys(['example_bash_operator']) retrieved from /home/airflow/.local/lib/python3.7/site-packages/airflow/example_dags/example_bash_operator.py
[2023-07-27T12:36:48.539+0000] {logging_mixin.py:149} INFO - [2023-07-27T12:36:48.539+0000] {dag.py:2726} INFO - Sync 1 DAGs
[2023-07-27T12:36:48.682+0000] {logging_mixin.py:149} INFO - [2023-07-27T12:36:48.680+0000] {dag.py:3490} INFO - Setting next_dagrun for example_bash_operator to 2023-07-26T00:00:00+00:00, run_after=2023-07-27T00:00:00+00:00
[2023-07-27T12:36:48.749+0000] {processor.py:179} INFO - Processing /home/airflow/.local/lib/python3.7/site-packages/airflow/example_dags/example_bash_operator.py took 0.431 seconds
[2023-07-27T12:37:19.400+0000] {processor.py:157} INFO - Started process (PID=2044) to work on /home/airflow/.local/lib/python3.7/site-packages/airflow/example_dags/example_bash_operator.py
[2023-07-27T12:37:19.413+0000] {processor.py:826} INFO - Processing file /home/airflow/.local/lib/python3.7/site-packages/airflow/example_dags/example_bash_operator.py for tasks to queue
[2023-07-27T12:37:19.426+0000] {logging_mixin.py:149} INFO - [2023-07-27T12:37:19.426+0000] {dagbag.py:541} INFO - Filling up the DagBag from /home/airflow/.local/lib/python3.7/site-packages/airflow/example_dags/example_bash_operator.py
[2023-07-27T12:37:19.524+0000] {processor.py:836} INFO - DAG(s) dict_keys(['example_bash_operator']) retrieved from /home/airflow/.local/lib/python3.7/site-packages/airflow/example_dags/example_bash_operator.py
[2023-07-27T12:37:19.788+0000] {logging_mixin.py:149} INFO - [2023-07-27T12:37:19.787+0000] {dag.py:2726} INFO - Sync 1 DAGs
[2023-07-27T12:37:19.905+0000] {logging_mixin.py:149} INFO - [2023-07-27T12:37:19.905+0000] {dag.py:3490} INFO - Setting next_dagrun for example_bash_operator to 2023-07-26T00:00:00+00:00, run_after=2023-07-27T00:00:00+00:00
[2023-07-27T12:37:19.993+0000] {processor.py:179} INFO - Processing /home/airflow/.local/lib/python3.7/site-packages/airflow/example_dags/example_bash_operator.py took 0.608 seconds
[2023-07-27T12:37:50.147+0000] {processor.py:157} INFO - Started process (PID=2101) to work on /home/airflow/.local/lib/python3.7/site-packages/airflow/example_dags/example_bash_operator.py
[2023-07-27T12:37:50.151+0000] {processor.py:826} INFO - Processing file /home/airflow/.local/lib/python3.7/site-packages/airflow/example_dags/example_bash_operator.py for tasks to queue
[2023-07-27T12:37:50.154+0000] {logging_mixin.py:149} INFO - [2023-07-27T12:37:50.154+0000] {dagbag.py:541} INFO - Filling up the DagBag from /home/airflow/.local/lib/python3.7/site-packages/airflow/example_dags/example_bash_operator.py
[2023-07-27T12:37:50.209+0000] {processor.py:836} INFO - DAG(s) dict_keys(['example_bash_operator']) retrieved from /home/airflow/.local/lib/python3.7/site-packages/airflow/example_dags/example_bash_operator.py
[2023-07-27T12:37:50.316+0000] {logging_mixin.py:149} INFO - [2023-07-27T12:37:50.314+0000] {dag.py:2726} INFO - Sync 1 DAGs
[2023-07-27T12:37:50.379+0000] {logging_mixin.py:149} INFO - [2023-07-27T12:37:50.379+0000] {dag.py:3490} INFO - Setting next_dagrun for example_bash_operator to 2023-07-26T00:00:00+00:00, run_after=2023-07-27T00:00:00+00:00
[2023-07-27T12:37:50.414+0000] {processor.py:179} INFO - Processing /home/airflow/.local/lib/python3.7/site-packages/airflow/example_dags/example_bash_operator.py took 0.272 seconds
[2023-07-27T12:38:21.092+0000] {processor.py:157} INFO - Started process (PID=2158) to work on /home/airflow/.local/lib/python3.7/site-packages/airflow/example_dags/example_bash_operator.py
[2023-07-27T12:38:21.096+0000] {processor.py:826} INFO - Processing file /home/airflow/.local/lib/python3.7/site-packages/airflow/example_dags/example_bash_operator.py for tasks to queue
[2023-07-27T12:38:21.099+0000] {logging_mixin.py:149} INFO - [2023-07-27T12:38:21.099+0000] {dagbag.py:541} INFO - Filling up the DagBag from /home/airflow/.local/lib/python3.7/site-packages/airflow/example_dags/example_bash_operator.py
[2023-07-27T12:38:21.156+0000] {processor.py:836} INFO - DAG(s) dict_keys(['example_bash_operator']) retrieved from /home/airflow/.local/lib/python3.7/site-packages/airflow/example_dags/example_bash_operator.py
[2023-07-27T12:38:21.309+0000] {logging_mixin.py:149} INFO - [2023-07-27T12:38:21.309+0000] {dag.py:2726} INFO - Sync 1 DAGs
[2023-07-27T12:38:21.402+0000] {logging_mixin.py:149} INFO - [2023-07-27T12:38:21.402+0000] {dag.py:3490} INFO - Setting next_dagrun for example_bash_operator to 2023-07-26T00:00:00+00:00, run_after=2023-07-27T00:00:00+00:00
[2023-07-27T12:38:21.462+0000] {processor.py:179} INFO - Processing /home/airflow/.local/lib/python3.7/site-packages/airflow/example_dags/example_bash_operator.py took 0.379 seconds
[2023-07-27T12:38:52.677+0000] {processor.py:157} INFO - Started process (PID=2217) to work on /home/airflow/.local/lib/python3.7/site-packages/airflow/example_dags/example_bash_operator.py
[2023-07-27T12:38:52.683+0000] {processor.py:826} INFO - Processing file /home/airflow/.local/lib/python3.7/site-packages/airflow/example_dags/example_bash_operator.py for tasks to queue
[2023-07-27T12:38:52.703+0000] {logging_mixin.py:149} INFO - [2023-07-27T12:38:52.703+0000] {dagbag.py:541} INFO - Filling up the DagBag from /home/airflow/.local/lib/python3.7/site-packages/airflow/example_dags/example_bash_operator.py
[2023-07-27T12:38:52.881+0000] {processor.py:836} INFO - DAG(s) dict_keys(['example_bash_operator']) retrieved from /home/airflow/.local/lib/python3.7/site-packages/airflow/example_dags/example_bash_operator.py
[2023-07-27T12:38:53.234+0000] {logging_mixin.py:149} INFO - [2023-07-27T12:38:53.234+0000] {dag.py:2726} INFO - Sync 1 DAGs
[2023-07-27T12:38:53.349+0000] {logging_mixin.py:149} INFO - [2023-07-27T12:38:53.349+0000] {dag.py:3490} INFO - Setting next_dagrun for example_bash_operator to 2023-07-26T00:00:00+00:00, run_after=2023-07-27T00:00:00+00:00
[2023-07-27T12:38:53.459+0000] {processor.py:179} INFO - Processing /home/airflow/.local/lib/python3.7/site-packages/airflow/example_dags/example_bash_operator.py took 0.805 seconds
[2023-07-27T12:39:23.719+0000] {processor.py:157} INFO - Started process (PID=2275) to work on /home/airflow/.local/lib/python3.7/site-packages/airflow/example_dags/example_bash_operator.py
[2023-07-27T12:39:23.722+0000] {processor.py:826} INFO - Processing file /home/airflow/.local/lib/python3.7/site-packages/airflow/example_dags/example_bash_operator.py for tasks to queue
[2023-07-27T12:39:23.725+0000] {logging_mixin.py:149} INFO - [2023-07-27T12:39:23.725+0000] {dagbag.py:541} INFO - Filling up the DagBag from /home/airflow/.local/lib/python3.7/site-packages/airflow/example_dags/example_bash_operator.py
[2023-07-27T12:39:23.808+0000] {processor.py:836} INFO - DAG(s) dict_keys(['example_bash_operator']) retrieved from /home/airflow/.local/lib/python3.7/site-packages/airflow/example_dags/example_bash_operator.py
[2023-07-27T12:39:24.198+0000] {logging_mixin.py:149} INFO - [2023-07-27T12:39:24.198+0000] {dag.py:2726} INFO - Sync 1 DAGs
[2023-07-27T12:39:24.391+0000] {logging_mixin.py:149} INFO - [2023-07-27T12:39:24.391+0000] {dag.py:3490} INFO - Setting next_dagrun for example_bash_operator to 2023-07-26T00:00:00+00:00, run_after=2023-07-27T00:00:00+00:00
[2023-07-27T12:39:24.524+0000] {processor.py:179} INFO - Processing /home/airflow/.local/lib/python3.7/site-packages/airflow/example_dags/example_bash_operator.py took 0.829 seconds
