[2023-07-27T12:26:02.659+0000] {processor.py:157} INFO - Started process (PID=827) to work on /home/airflow/.local/lib/python3.7/site-packages/airflow/example_dags/example_sensors.py
[2023-07-27T12:26:02.669+0000] {processor.py:826} INFO - Processing file /home/airflow/.local/lib/python3.7/site-packages/airflow/example_dags/example_sensors.py for tasks to queue
[2023-07-27T12:26:02.681+0000] {logging_mixin.py:149} INFO - [2023-07-27T12:26:02.678+0000] {dagbag.py:541} INFO - Filling up the DagBag from /home/airflow/.local/lib/python3.7/site-packages/airflow/example_dags/example_sensors.py
[2023-07-27T12:26:02.778+0000] {processor.py:836} INFO - DAG(s) dict_keys(['example_sensors']) retrieved from /home/airflow/.local/lib/python3.7/site-packages/airflow/example_dags/example_sensors.py
[2023-07-27T12:26:02.965+0000] {logging_mixin.py:149} INFO - [2023-07-27T12:26:02.964+0000] {dag.py:2726} INFO - Sync 1 DAGs
[2023-07-27T12:26:03.142+0000] {logging_mixin.py:149} INFO - [2023-07-27T12:26:03.141+0000] {dag.py:3490} INFO - Setting next_dagrun for example_sensors to None, run_after=None
[2023-07-27T12:26:03.287+0000] {processor.py:179} INFO - Processing /home/airflow/.local/lib/python3.7/site-packages/airflow/example_dags/example_sensors.py took 0.646 seconds
[2023-07-27T12:26:34.191+0000] {processor.py:157} INFO - Started process (PID=884) to work on /home/airflow/.local/lib/python3.7/site-packages/airflow/example_dags/example_sensors.py
[2023-07-27T12:26:34.235+0000] {processor.py:826} INFO - Processing file /home/airflow/.local/lib/python3.7/site-packages/airflow/example_dags/example_sensors.py for tasks to queue
[2023-07-27T12:26:34.256+0000] {logging_mixin.py:149} INFO - [2023-07-27T12:26:34.255+0000] {dagbag.py:541} INFO - Filling up the DagBag from /home/airflow/.local/lib/python3.7/site-packages/airflow/example_dags/example_sensors.py
[2023-07-27T12:26:34.445+0000] {processor.py:836} INFO - DAG(s) dict_keys(['example_sensors']) retrieved from /home/airflow/.local/lib/python3.7/site-packages/airflow/example_dags/example_sensors.py
[2023-07-27T12:26:34.630+0000] {logging_mixin.py:149} INFO - [2023-07-27T12:26:34.630+0000] {dag.py:2726} INFO - Sync 1 DAGs
[2023-07-27T12:26:34.787+0000] {logging_mixin.py:149} INFO - [2023-07-27T12:26:34.787+0000] {dag.py:3490} INFO - Setting next_dagrun for example_sensors to None, run_after=None
[2023-07-27T12:26:34.904+0000] {processor.py:179} INFO - Processing /home/airflow/.local/lib/python3.7/site-packages/airflow/example_dags/example_sensors.py took 0.838 seconds
[2023-07-27T12:27:05.614+0000] {processor.py:157} INFO - Started process (PID=939) to work on /home/airflow/.local/lib/python3.7/site-packages/airflow/example_dags/example_sensors.py
[2023-07-27T12:27:05.621+0000] {processor.py:826} INFO - Processing file /home/airflow/.local/lib/python3.7/site-packages/airflow/example_dags/example_sensors.py for tasks to queue
[2023-07-27T12:27:05.638+0000] {logging_mixin.py:149} INFO - [2023-07-27T12:27:05.635+0000] {dagbag.py:541} INFO - Filling up the DagBag from /home/airflow/.local/lib/python3.7/site-packages/airflow/example_dags/example_sensors.py
[2023-07-27T12:27:05.689+0000] {processor.py:836} INFO - DAG(s) dict_keys(['example_sensors']) retrieved from /home/airflow/.local/lib/python3.7/site-packages/airflow/example_dags/example_sensors.py
[2023-07-27T12:27:05.832+0000] {logging_mixin.py:149} INFO - [2023-07-27T12:27:05.832+0000] {dag.py:2726} INFO - Sync 1 DAGs
[2023-07-27T12:27:05.977+0000] {logging_mixin.py:149} INFO - [2023-07-27T12:27:05.976+0000] {dag.py:3490} INFO - Setting next_dagrun for example_sensors to None, run_after=None
[2023-07-27T12:27:06.052+0000] {processor.py:179} INFO - Processing /home/airflow/.local/lib/python3.7/site-packages/airflow/example_dags/example_sensors.py took 0.464 seconds
[2023-07-27T12:27:37.707+0000] {processor.py:157} INFO - Started process (PID=989) to work on /home/airflow/.local/lib/python3.7/site-packages/airflow/example_dags/example_sensors.py
[2023-07-27T12:27:37.717+0000] {processor.py:826} INFO - Processing file /home/airflow/.local/lib/python3.7/site-packages/airflow/example_dags/example_sensors.py for tasks to queue
[2023-07-27T12:27:37.731+0000] {logging_mixin.py:149} INFO - [2023-07-27T12:27:37.730+0000] {dagbag.py:541} INFO - Filling up the DagBag from /home/airflow/.local/lib/python3.7/site-packages/airflow/example_dags/example_sensors.py
[2023-07-27T12:27:37.799+0000] {processor.py:836} INFO - DAG(s) dict_keys(['example_sensors']) retrieved from /home/airflow/.local/lib/python3.7/site-packages/airflow/example_dags/example_sensors.py
[2023-07-27T12:27:37.898+0000] {logging_mixin.py:149} INFO - [2023-07-27T12:27:37.898+0000] {dag.py:2726} INFO - Sync 1 DAGs
[2023-07-27T12:27:37.988+0000] {logging_mixin.py:149} INFO - [2023-07-27T12:27:37.988+0000] {dag.py:3490} INFO - Setting next_dagrun for example_sensors to None, run_after=None
[2023-07-27T12:27:38.075+0000] {processor.py:179} INFO - Processing /home/airflow/.local/lib/python3.7/site-packages/airflow/example_dags/example_sensors.py took 0.377 seconds
[2023-07-27T12:28:08.277+0000] {processor.py:157} INFO - Started process (PID=1032) to work on /home/airflow/.local/lib/python3.7/site-packages/airflow/example_dags/example_sensors.py
[2023-07-27T12:28:08.291+0000] {processor.py:826} INFO - Processing file /home/airflow/.local/lib/python3.7/site-packages/airflow/example_dags/example_sensors.py for tasks to queue
[2023-07-27T12:28:08.310+0000] {logging_mixin.py:149} INFO - [2023-07-27T12:28:08.302+0000] {dagbag.py:541} INFO - Filling up the DagBag from /home/airflow/.local/lib/python3.7/site-packages/airflow/example_dags/example_sensors.py
[2023-07-27T12:28:08.748+0000] {processor.py:836} INFO - DAG(s) dict_keys(['example_sensors']) retrieved from /home/airflow/.local/lib/python3.7/site-packages/airflow/example_dags/example_sensors.py
[2023-07-27T12:28:09.382+0000] {logging_mixin.py:149} INFO - [2023-07-27T12:28:09.382+0000] {dag.py:2726} INFO - Sync 1 DAGs
[2023-07-27T12:28:09.850+0000] {logging_mixin.py:149} INFO - [2023-07-27T12:28:09.849+0000] {dag.py:3490} INFO - Setting next_dagrun for example_sensors to None, run_after=None
[2023-07-27T12:28:09.996+0000] {processor.py:179} INFO - Processing /home/airflow/.local/lib/python3.7/site-packages/airflow/example_dags/example_sensors.py took 1.789 seconds
[2023-07-27T12:28:40.927+0000] {processor.py:157} INFO - Started process (PID=1095) to work on /home/airflow/.local/lib/python3.7/site-packages/airflow/example_dags/example_sensors.py
[2023-07-27T12:28:40.936+0000] {processor.py:826} INFO - Processing file /home/airflow/.local/lib/python3.7/site-packages/airflow/example_dags/example_sensors.py for tasks to queue
[2023-07-27T12:28:40.951+0000] {logging_mixin.py:149} INFO - [2023-07-27T12:28:40.951+0000] {dagbag.py:541} INFO - Filling up the DagBag from /home/airflow/.local/lib/python3.7/site-packages/airflow/example_dags/example_sensors.py
[2023-07-27T12:28:41.038+0000] {processor.py:836} INFO - DAG(s) dict_keys(['example_sensors']) retrieved from /home/airflow/.local/lib/python3.7/site-packages/airflow/example_dags/example_sensors.py
[2023-07-27T12:28:41.206+0000] {logging_mixin.py:149} INFO - [2023-07-27T12:28:41.206+0000] {dag.py:2726} INFO - Sync 1 DAGs
[2023-07-27T12:28:41.430+0000] {logging_mixin.py:149} INFO - [2023-07-27T12:28:41.424+0000] {dag.py:3490} INFO - Setting next_dagrun for example_sensors to None, run_after=None
[2023-07-27T12:28:41.597+0000] {processor.py:179} INFO - Processing /home/airflow/.local/lib/python3.7/site-packages/airflow/example_dags/example_sensors.py took 0.702 seconds
[2023-07-27T12:29:12.860+0000] {processor.py:157} INFO - Started process (PID=1153) to work on /home/airflow/.local/lib/python3.7/site-packages/airflow/example_dags/example_sensors.py
[2023-07-27T12:29:12.866+0000] {processor.py:826} INFO - Processing file /home/airflow/.local/lib/python3.7/site-packages/airflow/example_dags/example_sensors.py for tasks to queue
[2023-07-27T12:29:12.877+0000] {logging_mixin.py:149} INFO - [2023-07-27T12:29:12.876+0000] {dagbag.py:541} INFO - Filling up the DagBag from /home/airflow/.local/lib/python3.7/site-packages/airflow/example_dags/example_sensors.py
[2023-07-27T12:29:12.932+0000] {processor.py:836} INFO - DAG(s) dict_keys(['example_sensors']) retrieved from /home/airflow/.local/lib/python3.7/site-packages/airflow/example_dags/example_sensors.py
[2023-07-27T12:29:13.069+0000] {logging_mixin.py:149} INFO - [2023-07-27T12:29:13.068+0000] {dag.py:2726} INFO - Sync 1 DAGs
[2023-07-27T12:29:13.203+0000] {logging_mixin.py:149} INFO - [2023-07-27T12:29:13.203+0000] {dag.py:3490} INFO - Setting next_dagrun for example_sensors to None, run_after=None
[2023-07-27T12:29:13.295+0000] {processor.py:179} INFO - Processing /home/airflow/.local/lib/python3.7/site-packages/airflow/example_dags/example_sensors.py took 0.447 seconds
[2023-07-27T12:29:43.695+0000] {processor.py:157} INFO - Started process (PID=1208) to work on /home/airflow/.local/lib/python3.7/site-packages/airflow/example_dags/example_sensors.py
[2023-07-27T12:29:43.706+0000] {processor.py:826} INFO - Processing file /home/airflow/.local/lib/python3.7/site-packages/airflow/example_dags/example_sensors.py for tasks to queue
[2023-07-27T12:29:43.710+0000] {logging_mixin.py:149} INFO - [2023-07-27T12:29:43.709+0000] {dagbag.py:541} INFO - Filling up the DagBag from /home/airflow/.local/lib/python3.7/site-packages/airflow/example_dags/example_sensors.py
[2023-07-27T12:29:43.748+0000] {processor.py:836} INFO - DAG(s) dict_keys(['example_sensors']) retrieved from /home/airflow/.local/lib/python3.7/site-packages/airflow/example_dags/example_sensors.py
[2023-07-27T12:29:43.832+0000] {logging_mixin.py:149} INFO - [2023-07-27T12:29:43.831+0000] {dag.py:2726} INFO - Sync 1 DAGs
[2023-07-27T12:29:43.949+0000] {logging_mixin.py:149} INFO - [2023-07-27T12:29:43.948+0000] {dag.py:3490} INFO - Setting next_dagrun for example_sensors to None, run_after=None
[2023-07-27T12:29:44.050+0000] {processor.py:179} INFO - Processing /home/airflow/.local/lib/python3.7/site-packages/airflow/example_dags/example_sensors.py took 0.361 seconds
[2023-07-27T12:30:15.294+0000] {processor.py:157} INFO - Started process (PID=1264) to work on /home/airflow/.local/lib/python3.7/site-packages/airflow/example_dags/example_sensors.py
[2023-07-27T12:30:15.299+0000] {processor.py:826} INFO - Processing file /home/airflow/.local/lib/python3.7/site-packages/airflow/example_dags/example_sensors.py for tasks to queue
[2023-07-27T12:30:15.306+0000] {logging_mixin.py:149} INFO - [2023-07-27T12:30:15.305+0000] {dagbag.py:541} INFO - Filling up the DagBag from /home/airflow/.local/lib/python3.7/site-packages/airflow/example_dags/example_sensors.py
[2023-07-27T12:30:15.350+0000] {processor.py:836} INFO - DAG(s) dict_keys(['example_sensors']) retrieved from /home/airflow/.local/lib/python3.7/site-packages/airflow/example_dags/example_sensors.py
[2023-07-27T12:30:15.631+0000] {logging_mixin.py:149} INFO - [2023-07-27T12:30:15.630+0000] {dag.py:2726} INFO - Sync 1 DAGs
[2023-07-27T12:30:15.725+0000] {logging_mixin.py:149} INFO - [2023-07-27T12:30:15.725+0000] {dag.py:3490} INFO - Setting next_dagrun for example_sensors to None, run_after=None
[2023-07-27T12:30:15.980+0000] {processor.py:179} INFO - Processing /home/airflow/.local/lib/python3.7/site-packages/airflow/example_dags/example_sensors.py took 0.696 seconds
[2023-07-27T12:30:46.636+0000] {processor.py:157} INFO - Started process (PID=1320) to work on /home/airflow/.local/lib/python3.7/site-packages/airflow/example_dags/example_sensors.py
[2023-07-27T12:30:46.645+0000] {processor.py:826} INFO - Processing file /home/airflow/.local/lib/python3.7/site-packages/airflow/example_dags/example_sensors.py for tasks to queue
[2023-07-27T12:30:46.652+0000] {logging_mixin.py:149} INFO - [2023-07-27T12:30:46.651+0000] {dagbag.py:541} INFO - Filling up the DagBag from /home/airflow/.local/lib/python3.7/site-packages/airflow/example_dags/example_sensors.py
[2023-07-27T12:30:46.701+0000] {processor.py:836} INFO - DAG(s) dict_keys(['example_sensors']) retrieved from /home/airflow/.local/lib/python3.7/site-packages/airflow/example_dags/example_sensors.py
[2023-07-27T12:30:46.861+0000] {logging_mixin.py:149} INFO - [2023-07-27T12:30:46.861+0000] {dag.py:2726} INFO - Sync 1 DAGs
[2023-07-27T12:30:47.301+0000] {logging_mixin.py:149} INFO - [2023-07-27T12:30:47.300+0000] {dag.py:3490} INFO - Setting next_dagrun for example_sensors to None, run_after=None
[2023-07-27T12:30:47.419+0000] {processor.py:179} INFO - Processing /home/airflow/.local/lib/python3.7/site-packages/airflow/example_dags/example_sensors.py took 0.797 seconds
[2023-07-27T12:31:17.545+0000] {processor.py:157} INFO - Started process (PID=1376) to work on /home/airflow/.local/lib/python3.7/site-packages/airflow/example_dags/example_sensors.py
[2023-07-27T12:31:17.555+0000] {processor.py:826} INFO - Processing file /home/airflow/.local/lib/python3.7/site-packages/airflow/example_dags/example_sensors.py for tasks to queue
[2023-07-27T12:31:17.557+0000] {logging_mixin.py:149} INFO - [2023-07-27T12:31:17.557+0000] {dagbag.py:541} INFO - Filling up the DagBag from /home/airflow/.local/lib/python3.7/site-packages/airflow/example_dags/example_sensors.py
[2023-07-27T12:31:17.593+0000] {processor.py:836} INFO - DAG(s) dict_keys(['example_sensors']) retrieved from /home/airflow/.local/lib/python3.7/site-packages/airflow/example_dags/example_sensors.py
[2023-07-27T12:31:17.675+0000] {logging_mixin.py:149} INFO - [2023-07-27T12:31:17.675+0000] {dag.py:2726} INFO - Sync 1 DAGs
[2023-07-27T12:31:17.741+0000] {logging_mixin.py:149} INFO - [2023-07-27T12:31:17.740+0000] {dag.py:3490} INFO - Setting next_dagrun for example_sensors to None, run_after=None
[2023-07-27T12:31:17.790+0000] {processor.py:179} INFO - Processing /home/airflow/.local/lib/python3.7/site-packages/airflow/example_dags/example_sensors.py took 0.257 seconds
[2023-07-27T12:31:48.187+0000] {processor.py:157} INFO - Started process (PID=1434) to work on /home/airflow/.local/lib/python3.7/site-packages/airflow/example_dags/example_sensors.py
[2023-07-27T12:31:48.191+0000] {processor.py:826} INFO - Processing file /home/airflow/.local/lib/python3.7/site-packages/airflow/example_dags/example_sensors.py for tasks to queue
[2023-07-27T12:31:48.194+0000] {logging_mixin.py:149} INFO - [2023-07-27T12:31:48.194+0000] {dagbag.py:541} INFO - Filling up the DagBag from /home/airflow/.local/lib/python3.7/site-packages/airflow/example_dags/example_sensors.py
[2023-07-27T12:31:48.264+0000] {processor.py:836} INFO - DAG(s) dict_keys(['example_sensors']) retrieved from /home/airflow/.local/lib/python3.7/site-packages/airflow/example_dags/example_sensors.py
[2023-07-27T12:31:48.567+0000] {logging_mixin.py:149} INFO - [2023-07-27T12:31:48.566+0000] {dag.py:2726} INFO - Sync 1 DAGs
[2023-07-27T12:31:48.777+0000] {logging_mixin.py:149} INFO - [2023-07-27T12:31:48.777+0000] {dag.py:3490} INFO - Setting next_dagrun for example_sensors to None, run_after=None
[2023-07-27T12:31:48.993+0000] {processor.py:179} INFO - Processing /home/airflow/.local/lib/python3.7/site-packages/airflow/example_dags/example_sensors.py took 0.831 seconds
[2023-07-27T12:32:19.514+0000] {processor.py:157} INFO - Started process (PID=1492) to work on /home/airflow/.local/lib/python3.7/site-packages/airflow/example_dags/example_sensors.py
[2023-07-27T12:32:19.524+0000] {processor.py:826} INFO - Processing file /home/airflow/.local/lib/python3.7/site-packages/airflow/example_dags/example_sensors.py for tasks to queue
[2023-07-27T12:32:19.526+0000] {logging_mixin.py:149} INFO - [2023-07-27T12:32:19.526+0000] {dagbag.py:541} INFO - Filling up the DagBag from /home/airflow/.local/lib/python3.7/site-packages/airflow/example_dags/example_sensors.py
[2023-07-27T12:32:19.598+0000] {processor.py:836} INFO - DAG(s) dict_keys(['example_sensors']) retrieved from /home/airflow/.local/lib/python3.7/site-packages/airflow/example_dags/example_sensors.py
[2023-07-27T12:32:19.704+0000] {logging_mixin.py:149} INFO - [2023-07-27T12:32:19.704+0000] {dag.py:2726} INFO - Sync 1 DAGs
[2023-07-27T12:32:19.854+0000] {logging_mixin.py:149} INFO - [2023-07-27T12:32:19.854+0000] {dag.py:3490} INFO - Setting next_dagrun for example_sensors to None, run_after=None
[2023-07-27T12:32:20.041+0000] {processor.py:179} INFO - Processing /home/airflow/.local/lib/python3.7/site-packages/airflow/example_dags/example_sensors.py took 0.538 seconds
[2023-07-27T12:32:50.900+0000] {processor.py:157} INFO - Started process (PID=1550) to work on /home/airflow/.local/lib/python3.7/site-packages/airflow/example_dags/example_sensors.py
[2023-07-27T12:32:50.903+0000] {processor.py:826} INFO - Processing file /home/airflow/.local/lib/python3.7/site-packages/airflow/example_dags/example_sensors.py for tasks to queue
[2023-07-27T12:32:50.910+0000] {logging_mixin.py:149} INFO - [2023-07-27T12:32:50.909+0000] {dagbag.py:541} INFO - Filling up the DagBag from /home/airflow/.local/lib/python3.7/site-packages/airflow/example_dags/example_sensors.py
[2023-07-27T12:32:50.955+0000] {processor.py:836} INFO - DAG(s) dict_keys(['example_sensors']) retrieved from /home/airflow/.local/lib/python3.7/site-packages/airflow/example_dags/example_sensors.py
[2023-07-27T12:32:51.064+0000] {logging_mixin.py:149} INFO - [2023-07-27T12:32:51.064+0000] {dag.py:2726} INFO - Sync 1 DAGs
[2023-07-27T12:32:51.132+0000] {logging_mixin.py:149} INFO - [2023-07-27T12:32:51.131+0000] {dag.py:3490} INFO - Setting next_dagrun for example_sensors to None, run_after=None
[2023-07-27T12:32:51.178+0000] {processor.py:179} INFO - Processing /home/airflow/.local/lib/python3.7/site-packages/airflow/example_dags/example_sensors.py took 0.284 seconds
[2023-07-27T12:33:21.463+0000] {processor.py:157} INFO - Started process (PID=1608) to work on /home/airflow/.local/lib/python3.7/site-packages/airflow/example_dags/example_sensors.py
[2023-07-27T12:33:21.471+0000] {processor.py:826} INFO - Processing file /home/airflow/.local/lib/python3.7/site-packages/airflow/example_dags/example_sensors.py for tasks to queue
[2023-07-27T12:33:21.520+0000] {logging_mixin.py:149} INFO - [2023-07-27T12:33:21.519+0000] {dagbag.py:541} INFO - Filling up the DagBag from /home/airflow/.local/lib/python3.7/site-packages/airflow/example_dags/example_sensors.py
[2023-07-27T12:33:21.718+0000] {processor.py:836} INFO - DAG(s) dict_keys(['example_sensors']) retrieved from /home/airflow/.local/lib/python3.7/site-packages/airflow/example_dags/example_sensors.py
[2023-07-27T12:33:22.054+0000] {logging_mixin.py:149} INFO - [2023-07-27T12:33:22.053+0000] {dag.py:2726} INFO - Sync 1 DAGs
[2023-07-27T12:33:22.258+0000] {logging_mixin.py:149} INFO - [2023-07-27T12:33:22.258+0000] {dag.py:3490} INFO - Setting next_dagrun for example_sensors to None, run_after=None
[2023-07-27T12:33:22.339+0000] {processor.py:179} INFO - Processing /home/airflow/.local/lib/python3.7/site-packages/airflow/example_dags/example_sensors.py took 0.928 seconds
[2023-07-27T12:33:52.728+0000] {processor.py:157} INFO - Started process (PID=1666) to work on /home/airflow/.local/lib/python3.7/site-packages/airflow/example_dags/example_sensors.py
[2023-07-27T12:33:52.733+0000] {processor.py:826} INFO - Processing file /home/airflow/.local/lib/python3.7/site-packages/airflow/example_dags/example_sensors.py for tasks to queue
[2023-07-27T12:33:52.735+0000] {logging_mixin.py:149} INFO - [2023-07-27T12:33:52.735+0000] {dagbag.py:541} INFO - Filling up the DagBag from /home/airflow/.local/lib/python3.7/site-packages/airflow/example_dags/example_sensors.py
[2023-07-27T12:33:52.772+0000] {processor.py:836} INFO - DAG(s) dict_keys(['example_sensors']) retrieved from /home/airflow/.local/lib/python3.7/site-packages/airflow/example_dags/example_sensors.py
[2023-07-27T12:33:52.882+0000] {logging_mixin.py:149} INFO - [2023-07-27T12:33:52.882+0000] {dag.py:2726} INFO - Sync 1 DAGs
[2023-07-27T12:33:52.990+0000] {logging_mixin.py:149} INFO - [2023-07-27T12:33:52.989+0000] {dag.py:3490} INFO - Setting next_dagrun for example_sensors to None, run_after=None
[2023-07-27T12:33:53.046+0000] {processor.py:179} INFO - Processing /home/airflow/.local/lib/python3.7/site-packages/airflow/example_dags/example_sensors.py took 0.332 seconds
[2023-07-27T12:34:23.249+0000] {processor.py:157} INFO - Started process (PID=1725) to work on /home/airflow/.local/lib/python3.7/site-packages/airflow/example_dags/example_sensors.py
[2023-07-27T12:34:23.254+0000] {processor.py:826} INFO - Processing file /home/airflow/.local/lib/python3.7/site-packages/airflow/example_dags/example_sensors.py for tasks to queue
[2023-07-27T12:34:23.257+0000] {logging_mixin.py:149} INFO - [2023-07-27T12:34:23.256+0000] {dagbag.py:541} INFO - Filling up the DagBag from /home/airflow/.local/lib/python3.7/site-packages/airflow/example_dags/example_sensors.py
[2023-07-27T12:34:23.282+0000] {processor.py:836} INFO - DAG(s) dict_keys(['example_sensors']) retrieved from /home/airflow/.local/lib/python3.7/site-packages/airflow/example_dags/example_sensors.py
[2023-07-27T12:34:23.350+0000] {logging_mixin.py:149} INFO - [2023-07-27T12:34:23.349+0000] {dag.py:2726} INFO - Sync 1 DAGs
[2023-07-27T12:34:23.415+0000] {logging_mixin.py:149} INFO - [2023-07-27T12:34:23.415+0000] {dag.py:3490} INFO - Setting next_dagrun for example_sensors to None, run_after=None
[2023-07-27T12:34:23.459+0000] {processor.py:179} INFO - Processing /home/airflow/.local/lib/python3.7/site-packages/airflow/example_dags/example_sensors.py took 0.217 seconds
[2023-07-27T12:34:53.580+0000] {processor.py:157} INFO - Started process (PID=1783) to work on /home/airflow/.local/lib/python3.7/site-packages/airflow/example_dags/example_sensors.py
[2023-07-27T12:34:53.594+0000] {processor.py:826} INFO - Processing file /home/airflow/.local/lib/python3.7/site-packages/airflow/example_dags/example_sensors.py for tasks to queue
[2023-07-27T12:34:53.605+0000] {logging_mixin.py:149} INFO - [2023-07-27T12:34:53.603+0000] {dagbag.py:541} INFO - Filling up the DagBag from /home/airflow/.local/lib/python3.7/site-packages/airflow/example_dags/example_sensors.py
[2023-07-27T12:34:53.670+0000] {processor.py:836} INFO - DAG(s) dict_keys(['example_sensors']) retrieved from /home/airflow/.local/lib/python3.7/site-packages/airflow/example_dags/example_sensors.py
[2023-07-27T12:34:53.826+0000] {logging_mixin.py:149} INFO - [2023-07-27T12:34:53.818+0000] {dag.py:2726} INFO - Sync 1 DAGs
[2023-07-27T12:34:53.995+0000] {logging_mixin.py:149} INFO - [2023-07-27T12:34:53.995+0000] {dag.py:3490} INFO - Setting next_dagrun for example_sensors to None, run_after=None
[2023-07-27T12:34:54.091+0000] {processor.py:179} INFO - Processing /home/airflow/.local/lib/python3.7/site-packages/airflow/example_dags/example_sensors.py took 0.528 seconds
[2023-07-27T12:35:24.888+0000] {processor.py:157} INFO - Started process (PID=1832) to work on /home/airflow/.local/lib/python3.7/site-packages/airflow/example_dags/example_sensors.py
[2023-07-27T12:35:24.901+0000] {processor.py:826} INFO - Processing file /home/airflow/.local/lib/python3.7/site-packages/airflow/example_dags/example_sensors.py for tasks to queue
[2023-07-27T12:35:24.907+0000] {logging_mixin.py:149} INFO - [2023-07-27T12:35:24.907+0000] {dagbag.py:541} INFO - Filling up the DagBag from /home/airflow/.local/lib/python3.7/site-packages/airflow/example_dags/example_sensors.py
[2023-07-27T12:35:24.944+0000] {processor.py:836} INFO - DAG(s) dict_keys(['example_sensors']) retrieved from /home/airflow/.local/lib/python3.7/site-packages/airflow/example_dags/example_sensors.py
[2023-07-27T12:35:25.064+0000] {logging_mixin.py:149} INFO - [2023-07-27T12:35:25.063+0000] {dag.py:2726} INFO - Sync 1 DAGs
[2023-07-27T12:35:25.249+0000] {logging_mixin.py:149} INFO - [2023-07-27T12:35:25.249+0000] {dag.py:3490} INFO - Setting next_dagrun for example_sensors to None, run_after=None
[2023-07-27T12:35:25.369+0000] {processor.py:179} INFO - Processing /home/airflow/.local/lib/python3.7/site-packages/airflow/example_dags/example_sensors.py took 0.491 seconds
[2023-07-27T12:35:56.126+0000] {processor.py:157} INFO - Started process (PID=1889) to work on /home/airflow/.local/lib/python3.7/site-packages/airflow/example_dags/example_sensors.py
[2023-07-27T12:35:56.142+0000] {processor.py:826} INFO - Processing file /home/airflow/.local/lib/python3.7/site-packages/airflow/example_dags/example_sensors.py for tasks to queue
[2023-07-27T12:35:56.149+0000] {logging_mixin.py:149} INFO - [2023-07-27T12:35:56.149+0000] {dagbag.py:541} INFO - Filling up the DagBag from /home/airflow/.local/lib/python3.7/site-packages/airflow/example_dags/example_sensors.py
[2023-07-27T12:35:56.212+0000] {processor.py:836} INFO - DAG(s) dict_keys(['example_sensors']) retrieved from /home/airflow/.local/lib/python3.7/site-packages/airflow/example_dags/example_sensors.py
[2023-07-27T12:35:56.360+0000] {logging_mixin.py:149} INFO - [2023-07-27T12:35:56.359+0000] {dag.py:2726} INFO - Sync 1 DAGs
[2023-07-27T12:35:56.532+0000] {logging_mixin.py:149} INFO - [2023-07-27T12:35:56.532+0000] {dag.py:3490} INFO - Setting next_dagrun for example_sensors to None, run_after=None
[2023-07-27T12:35:56.608+0000] {processor.py:179} INFO - Processing /home/airflow/.local/lib/python3.7/site-packages/airflow/example_dags/example_sensors.py took 0.518 seconds
[2023-07-27T12:36:27.317+0000] {processor.py:157} INFO - Started process (PID=1944) to work on /home/airflow/.local/lib/python3.7/site-packages/airflow/example_dags/example_sensors.py
[2023-07-27T12:36:27.322+0000] {processor.py:826} INFO - Processing file /home/airflow/.local/lib/python3.7/site-packages/airflow/example_dags/example_sensors.py for tasks to queue
[2023-07-27T12:36:27.327+0000] {logging_mixin.py:149} INFO - [2023-07-27T12:36:27.326+0000] {dagbag.py:541} INFO - Filling up the DagBag from /home/airflow/.local/lib/python3.7/site-packages/airflow/example_dags/example_sensors.py
[2023-07-27T12:36:27.352+0000] {processor.py:836} INFO - DAG(s) dict_keys(['example_sensors']) retrieved from /home/airflow/.local/lib/python3.7/site-packages/airflow/example_dags/example_sensors.py
[2023-07-27T12:36:27.432+0000] {logging_mixin.py:149} INFO - [2023-07-27T12:36:27.432+0000] {dag.py:2726} INFO - Sync 1 DAGs
[2023-07-27T12:36:27.491+0000] {logging_mixin.py:149} INFO - [2023-07-27T12:36:27.490+0000] {dag.py:3490} INFO - Setting next_dagrun for example_sensors to None, run_after=None
[2023-07-27T12:36:27.542+0000] {processor.py:179} INFO - Processing /home/airflow/.local/lib/python3.7/site-packages/airflow/example_dags/example_sensors.py took 0.233 seconds
[2023-07-27T12:36:58.192+0000] {processor.py:157} INFO - Started process (PID=2001) to work on /home/airflow/.local/lib/python3.7/site-packages/airflow/example_dags/example_sensors.py
[2023-07-27T12:36:58.196+0000] {processor.py:826} INFO - Processing file /home/airflow/.local/lib/python3.7/site-packages/airflow/example_dags/example_sensors.py for tasks to queue
[2023-07-27T12:36:58.204+0000] {logging_mixin.py:149} INFO - [2023-07-27T12:36:58.201+0000] {dagbag.py:541} INFO - Filling up the DagBag from /home/airflow/.local/lib/python3.7/site-packages/airflow/example_dags/example_sensors.py
[2023-07-27T12:36:58.238+0000] {processor.py:836} INFO - DAG(s) dict_keys(['example_sensors']) retrieved from /home/airflow/.local/lib/python3.7/site-packages/airflow/example_dags/example_sensors.py
[2023-07-27T12:36:58.294+0000] {logging_mixin.py:149} INFO - [2023-07-27T12:36:58.293+0000] {dag.py:2726} INFO - Sync 1 DAGs
[2023-07-27T12:36:58.368+0000] {logging_mixin.py:149} INFO - [2023-07-27T12:36:58.367+0000] {dag.py:3490} INFO - Setting next_dagrun for example_sensors to None, run_after=None
[2023-07-27T12:36:58.446+0000] {processor.py:179} INFO - Processing /home/airflow/.local/lib/python3.7/site-packages/airflow/example_dags/example_sensors.py took 0.260 seconds
[2023-07-27T12:37:28.713+0000] {processor.py:157} INFO - Started process (PID=2059) to work on /home/airflow/.local/lib/python3.7/site-packages/airflow/example_dags/example_sensors.py
[2023-07-27T12:37:28.717+0000] {processor.py:826} INFO - Processing file /home/airflow/.local/lib/python3.7/site-packages/airflow/example_dags/example_sensors.py for tasks to queue
[2023-07-27T12:37:28.720+0000] {logging_mixin.py:149} INFO - [2023-07-27T12:37:28.720+0000] {dagbag.py:541} INFO - Filling up the DagBag from /home/airflow/.local/lib/python3.7/site-packages/airflow/example_dags/example_sensors.py
[2023-07-27T12:37:28.741+0000] {processor.py:836} INFO - DAG(s) dict_keys(['example_sensors']) retrieved from /home/airflow/.local/lib/python3.7/site-packages/airflow/example_dags/example_sensors.py
[2023-07-27T12:37:28.824+0000] {logging_mixin.py:149} INFO - [2023-07-27T12:37:28.823+0000] {dag.py:2726} INFO - Sync 1 DAGs
[2023-07-27T12:37:28.878+0000] {logging_mixin.py:149} INFO - [2023-07-27T12:37:28.878+0000] {dag.py:3490} INFO - Setting next_dagrun for example_sensors to None, run_after=None
[2023-07-27T12:37:28.922+0000] {processor.py:179} INFO - Processing /home/airflow/.local/lib/python3.7/site-packages/airflow/example_dags/example_sensors.py took 0.217 seconds
[2023-07-27T12:37:59.427+0000] {processor.py:157} INFO - Started process (PID=2117) to work on /home/airflow/.local/lib/python3.7/site-packages/airflow/example_dags/example_sensors.py
[2023-07-27T12:37:59.432+0000] {processor.py:826} INFO - Processing file /home/airflow/.local/lib/python3.7/site-packages/airflow/example_dags/example_sensors.py for tasks to queue
[2023-07-27T12:37:59.436+0000] {logging_mixin.py:149} INFO - [2023-07-27T12:37:59.436+0000] {dagbag.py:541} INFO - Filling up the DagBag from /home/airflow/.local/lib/python3.7/site-packages/airflow/example_dags/example_sensors.py
[2023-07-27T12:37:59.470+0000] {processor.py:836} INFO - DAG(s) dict_keys(['example_sensors']) retrieved from /home/airflow/.local/lib/python3.7/site-packages/airflow/example_dags/example_sensors.py
[2023-07-27T12:37:59.538+0000] {logging_mixin.py:149} INFO - [2023-07-27T12:37:59.538+0000] {dag.py:2726} INFO - Sync 1 DAGs
[2023-07-27T12:37:59.614+0000] {logging_mixin.py:149} INFO - [2023-07-27T12:37:59.613+0000] {dag.py:3490} INFO - Setting next_dagrun for example_sensors to None, run_after=None
[2023-07-27T12:37:59.686+0000] {processor.py:179} INFO - Processing /home/airflow/.local/lib/python3.7/site-packages/airflow/example_dags/example_sensors.py took 0.288 seconds
[2023-07-27T12:38:30.429+0000] {processor.py:157} INFO - Started process (PID=2175) to work on /home/airflow/.local/lib/python3.7/site-packages/airflow/example_dags/example_sensors.py
[2023-07-27T12:38:30.433+0000] {processor.py:826} INFO - Processing file /home/airflow/.local/lib/python3.7/site-packages/airflow/example_dags/example_sensors.py for tasks to queue
[2023-07-27T12:38:30.439+0000] {logging_mixin.py:149} INFO - [2023-07-27T12:38:30.438+0000] {dagbag.py:541} INFO - Filling up the DagBag from /home/airflow/.local/lib/python3.7/site-packages/airflow/example_dags/example_sensors.py
[2023-07-27T12:38:30.473+0000] {processor.py:836} INFO - DAG(s) dict_keys(['example_sensors']) retrieved from /home/airflow/.local/lib/python3.7/site-packages/airflow/example_dags/example_sensors.py
[2023-07-27T12:38:30.632+0000] {logging_mixin.py:149} INFO - [2023-07-27T12:38:30.631+0000] {dag.py:2726} INFO - Sync 1 DAGs
[2023-07-27T12:38:30.746+0000] {logging_mixin.py:149} INFO - [2023-07-27T12:38:30.745+0000] {dag.py:3490} INFO - Setting next_dagrun for example_sensors to None, run_after=None
[2023-07-27T12:38:30.821+0000] {processor.py:179} INFO - Processing /home/airflow/.local/lib/python3.7/site-packages/airflow/example_dags/example_sensors.py took 0.405 seconds
[2023-07-27T12:39:01.597+0000] {processor.py:157} INFO - Started process (PID=2234) to work on /home/airflow/.local/lib/python3.7/site-packages/airflow/example_dags/example_sensors.py
[2023-07-27T12:39:01.603+0000] {processor.py:826} INFO - Processing file /home/airflow/.local/lib/python3.7/site-packages/airflow/example_dags/example_sensors.py for tasks to queue
[2023-07-27T12:39:01.610+0000] {logging_mixin.py:149} INFO - [2023-07-27T12:39:01.609+0000] {dagbag.py:541} INFO - Filling up the DagBag from /home/airflow/.local/lib/python3.7/site-packages/airflow/example_dags/example_sensors.py
[2023-07-27T12:39:01.653+0000] {processor.py:836} INFO - DAG(s) dict_keys(['example_sensors']) retrieved from /home/airflow/.local/lib/python3.7/site-packages/airflow/example_dags/example_sensors.py
[2023-07-27T12:39:01.791+0000] {logging_mixin.py:149} INFO - [2023-07-27T12:39:01.790+0000] {dag.py:2726} INFO - Sync 1 DAGs
[2023-07-27T12:39:01.899+0000] {logging_mixin.py:149} INFO - [2023-07-27T12:39:01.899+0000] {dag.py:3490} INFO - Setting next_dagrun for example_sensors to None, run_after=None
[2023-07-27T12:39:01.981+0000] {processor.py:179} INFO - Processing /home/airflow/.local/lib/python3.7/site-packages/airflow/example_dags/example_sensors.py took 0.396 seconds
