[2023-07-27T12:25:50.476+0000] {processor.py:157} INFO - Started process (PID=810) to work on /home/airflow/.local/lib/python3.7/site-packages/airflow/example_dags/tutorial_dag.py
[2023-07-27T12:25:50.479+0000] {processor.py:826} INFO - Processing file /home/airflow/.local/lib/python3.7/site-packages/airflow/example_dags/tutorial_dag.py for tasks to queue
[2023-07-27T12:25:50.484+0000] {logging_mixin.py:149} INFO - [2023-07-27T12:25:50.483+0000] {dagbag.py:541} INFO - Filling up the DagBag from /home/airflow/.local/lib/python3.7/site-packages/airflow/example_dags/tutorial_dag.py
[2023-07-27T12:25:50.502+0000] {processor.py:836} INFO - DAG(s) dict_keys(['tutorial_dag']) retrieved from /home/airflow/.local/lib/python3.7/site-packages/airflow/example_dags/tutorial_dag.py
[2023-07-27T12:25:50.558+0000] {logging_mixin.py:149} INFO - [2023-07-27T12:25:50.558+0000] {dag.py:2726} INFO - Sync 1 DAGs
[2023-07-27T12:25:50.640+0000] {logging_mixin.py:149} INFO - [2023-07-27T12:25:50.640+0000] {dag.py:3490} INFO - Setting next_dagrun for tutorial_dag to None, run_after=None
[2023-07-27T12:25:50.696+0000] {processor.py:179} INFO - Processing /home/airflow/.local/lib/python3.7/site-packages/airflow/example_dags/tutorial_dag.py took 0.232 seconds
[2023-07-27T12:26:22.002+0000] {processor.py:157} INFO - Started process (PID=868) to work on /home/airflow/.local/lib/python3.7/site-packages/airflow/example_dags/tutorial_dag.py
[2023-07-27T12:26:22.009+0000] {processor.py:826} INFO - Processing file /home/airflow/.local/lib/python3.7/site-packages/airflow/example_dags/tutorial_dag.py for tasks to queue
[2023-07-27T12:26:22.017+0000] {logging_mixin.py:149} INFO - [2023-07-27T12:26:22.017+0000] {dagbag.py:541} INFO - Filling up the DagBag from /home/airflow/.local/lib/python3.7/site-packages/airflow/example_dags/tutorial_dag.py
[2023-07-27T12:26:22.046+0000] {processor.py:836} INFO - DAG(s) dict_keys(['tutorial_dag']) retrieved from /home/airflow/.local/lib/python3.7/site-packages/airflow/example_dags/tutorial_dag.py
[2023-07-27T12:26:22.185+0000] {logging_mixin.py:149} INFO - [2023-07-27T12:26:22.184+0000] {dag.py:2726} INFO - Sync 1 DAGs
[2023-07-27T12:26:22.360+0000] {logging_mixin.py:149} INFO - [2023-07-27T12:26:22.360+0000] {dag.py:3490} INFO - Setting next_dagrun for tutorial_dag to None, run_after=None
[2023-07-27T12:26:22.469+0000] {processor.py:179} INFO - Processing /home/airflow/.local/lib/python3.7/site-packages/airflow/example_dags/tutorial_dag.py took 0.483 seconds
[2023-07-27T12:27:00.250+0000] {processor.py:157} INFO - Started process (PID=926) to work on /home/airflow/.local/lib/python3.7/site-packages/airflow/example_dags/tutorial_dag.py
[2023-07-27T12:27:00.258+0000] {processor.py:826} INFO - Processing file /home/airflow/.local/lib/python3.7/site-packages/airflow/example_dags/tutorial_dag.py for tasks to queue
[2023-07-27T12:27:00.264+0000] {logging_mixin.py:149} INFO - [2023-07-27T12:27:00.263+0000] {dagbag.py:541} INFO - Filling up the DagBag from /home/airflow/.local/lib/python3.7/site-packages/airflow/example_dags/tutorial_dag.py
[2023-07-27T12:27:00.323+0000] {processor.py:836} INFO - DAG(s) dict_keys(['tutorial_dag']) retrieved from /home/airflow/.local/lib/python3.7/site-packages/airflow/example_dags/tutorial_dag.py
[2023-07-27T12:27:00.424+0000] {logging_mixin.py:149} INFO - [2023-07-27T12:27:00.424+0000] {dag.py:2726} INFO - Sync 1 DAGs
[2023-07-27T12:27:00.626+0000] {logging_mixin.py:149} INFO - [2023-07-27T12:27:00.625+0000] {dag.py:3490} INFO - Setting next_dagrun for tutorial_dag to None, run_after=None
[2023-07-27T12:27:00.910+0000] {processor.py:179} INFO - Processing /home/airflow/.local/lib/python3.7/site-packages/airflow/example_dags/tutorial_dag.py took 0.679 seconds
[2023-07-27T12:27:34.788+0000] {processor.py:157} INFO - Started process (PID=981) to work on /home/airflow/.local/lib/python3.7/site-packages/airflow/example_dags/tutorial_dag.py
[2023-07-27T12:27:34.791+0000] {processor.py:826} INFO - Processing file /home/airflow/.local/lib/python3.7/site-packages/airflow/example_dags/tutorial_dag.py for tasks to queue
[2023-07-27T12:27:34.796+0000] {logging_mixin.py:149} INFO - [2023-07-27T12:27:34.796+0000] {dagbag.py:541} INFO - Filling up the DagBag from /home/airflow/.local/lib/python3.7/site-packages/airflow/example_dags/tutorial_dag.py
[2023-07-27T12:27:34.827+0000] {processor.py:836} INFO - DAG(s) dict_keys(['tutorial_dag']) retrieved from /home/airflow/.local/lib/python3.7/site-packages/airflow/example_dags/tutorial_dag.py
[2023-07-27T12:27:34.958+0000] {logging_mixin.py:149} INFO - [2023-07-27T12:27:34.957+0000] {dag.py:2726} INFO - Sync 1 DAGs
[2023-07-27T12:27:35.107+0000] {logging_mixin.py:149} INFO - [2023-07-27T12:27:35.107+0000] {dag.py:3490} INFO - Setting next_dagrun for tutorial_dag to None, run_after=None
[2023-07-27T12:27:35.175+0000] {processor.py:179} INFO - Processing /home/airflow/.local/lib/python3.7/site-packages/airflow/example_dags/tutorial_dag.py took 0.402 seconds
[2023-07-27T12:28:11.274+0000] {processor.py:157} INFO - Started process (PID=1041) to work on /home/airflow/.local/lib/python3.7/site-packages/airflow/example_dags/tutorial_dag.py
[2023-07-27T12:28:11.291+0000] {processor.py:826} INFO - Processing file /home/airflow/.local/lib/python3.7/site-packages/airflow/example_dags/tutorial_dag.py for tasks to queue
[2023-07-27T12:28:11.312+0000] {logging_mixin.py:149} INFO - [2023-07-27T12:28:11.312+0000] {dagbag.py:541} INFO - Filling up the DagBag from /home/airflow/.local/lib/python3.7/site-packages/airflow/example_dags/tutorial_dag.py
[2023-07-27T12:28:11.341+0000] {processor.py:836} INFO - DAG(s) dict_keys(['tutorial_dag']) retrieved from /home/airflow/.local/lib/python3.7/site-packages/airflow/example_dags/tutorial_dag.py
[2023-07-27T12:28:11.505+0000] {logging_mixin.py:149} INFO - [2023-07-27T12:28:11.505+0000] {dag.py:2726} INFO - Sync 1 DAGs
[2023-07-27T12:28:11.743+0000] {logging_mixin.py:149} INFO - [2023-07-27T12:28:11.743+0000] {dag.py:3490} INFO - Setting next_dagrun for tutorial_dag to None, run_after=None
[2023-07-27T12:28:11.832+0000] {processor.py:179} INFO - Processing /home/airflow/.local/lib/python3.7/site-packages/airflow/example_dags/tutorial_dag.py took 0.628 seconds
[2023-07-27T12:28:42.625+0000] {processor.py:157} INFO - Started process (PID=1099) to work on /home/airflow/.local/lib/python3.7/site-packages/airflow/example_dags/tutorial_dag.py
[2023-07-27T12:28:42.634+0000] {processor.py:826} INFO - Processing file /home/airflow/.local/lib/python3.7/site-packages/airflow/example_dags/tutorial_dag.py for tasks to queue
[2023-07-27T12:28:42.638+0000] {logging_mixin.py:149} INFO - [2023-07-27T12:28:42.638+0000] {dagbag.py:541} INFO - Filling up the DagBag from /home/airflow/.local/lib/python3.7/site-packages/airflow/example_dags/tutorial_dag.py
[2023-07-27T12:28:42.703+0000] {processor.py:836} INFO - DAG(s) dict_keys(['tutorial_dag']) retrieved from /home/airflow/.local/lib/python3.7/site-packages/airflow/example_dags/tutorial_dag.py
[2023-07-27T12:28:42.876+0000] {logging_mixin.py:149} INFO - [2023-07-27T12:28:42.876+0000] {dag.py:2726} INFO - Sync 1 DAGs
[2023-07-27T12:28:43.127+0000] {logging_mixin.py:149} INFO - [2023-07-27T12:28:43.127+0000] {dag.py:3490} INFO - Setting next_dagrun for tutorial_dag to None, run_after=None
[2023-07-27T12:28:43.270+0000] {processor.py:179} INFO - Processing /home/airflow/.local/lib/python3.7/site-packages/airflow/example_dags/tutorial_dag.py took 0.684 seconds
[2023-07-27T12:29:14.678+0000] {processor.py:157} INFO - Started process (PID=1157) to work on /home/airflow/.local/lib/python3.7/site-packages/airflow/example_dags/tutorial_dag.py
[2023-07-27T12:29:14.691+0000] {processor.py:826} INFO - Processing file /home/airflow/.local/lib/python3.7/site-packages/airflow/example_dags/tutorial_dag.py for tasks to queue
[2023-07-27T12:29:14.741+0000] {logging_mixin.py:149} INFO - [2023-07-27T12:29:14.741+0000] {dagbag.py:541} INFO - Filling up the DagBag from /home/airflow/.local/lib/python3.7/site-packages/airflow/example_dags/tutorial_dag.py
[2023-07-27T12:29:14.776+0000] {processor.py:836} INFO - DAG(s) dict_keys(['tutorial_dag']) retrieved from /home/airflow/.local/lib/python3.7/site-packages/airflow/example_dags/tutorial_dag.py
[2023-07-27T12:29:14.845+0000] {logging_mixin.py:149} INFO - [2023-07-27T12:29:14.844+0000] {dag.py:2726} INFO - Sync 1 DAGs
[2023-07-27T12:29:15.010+0000] {logging_mixin.py:149} INFO - [2023-07-27T12:29:15.010+0000] {dag.py:3490} INFO - Setting next_dagrun for tutorial_dag to None, run_after=None
[2023-07-27T12:29:15.082+0000] {processor.py:179} INFO - Processing /home/airflow/.local/lib/python3.7/site-packages/airflow/example_dags/tutorial_dag.py took 0.422 seconds
[2023-07-27T12:29:45.210+0000] {processor.py:157} INFO - Started process (PID=1213) to work on /home/airflow/.local/lib/python3.7/site-packages/airflow/example_dags/tutorial_dag.py
[2023-07-27T12:29:45.216+0000] {processor.py:826} INFO - Processing file /home/airflow/.local/lib/python3.7/site-packages/airflow/example_dags/tutorial_dag.py for tasks to queue
[2023-07-27T12:29:45.223+0000] {logging_mixin.py:149} INFO - [2023-07-27T12:29:45.222+0000] {dagbag.py:541} INFO - Filling up the DagBag from /home/airflow/.local/lib/python3.7/site-packages/airflow/example_dags/tutorial_dag.py
[2023-07-27T12:29:45.242+0000] {processor.py:836} INFO - DAG(s) dict_keys(['tutorial_dag']) retrieved from /home/airflow/.local/lib/python3.7/site-packages/airflow/example_dags/tutorial_dag.py
[2023-07-27T12:29:45.310+0000] {logging_mixin.py:149} INFO - [2023-07-27T12:29:45.310+0000] {dag.py:2726} INFO - Sync 1 DAGs
[2023-07-27T12:29:45.397+0000] {logging_mixin.py:149} INFO - [2023-07-27T12:29:45.396+0000] {dag.py:3490} INFO - Setting next_dagrun for tutorial_dag to None, run_after=None
[2023-07-27T12:29:45.467+0000] {processor.py:179} INFO - Processing /home/airflow/.local/lib/python3.7/site-packages/airflow/example_dags/tutorial_dag.py took 0.269 seconds
[2023-07-27T12:30:16.900+0000] {processor.py:157} INFO - Started process (PID=1268) to work on /home/airflow/.local/lib/python3.7/site-packages/airflow/example_dags/tutorial_dag.py
[2023-07-27T12:30:16.931+0000] {processor.py:826} INFO - Processing file /home/airflow/.local/lib/python3.7/site-packages/airflow/example_dags/tutorial_dag.py for tasks to queue
[2023-07-27T12:30:17.115+0000] {logging_mixin.py:149} INFO - [2023-07-27T12:30:17.058+0000] {dagbag.py:541} INFO - Filling up the DagBag from /home/airflow/.local/lib/python3.7/site-packages/airflow/example_dags/tutorial_dag.py
[2023-07-27T12:30:17.147+0000] {processor.py:836} INFO - DAG(s) dict_keys(['tutorial_dag']) retrieved from /home/airflow/.local/lib/python3.7/site-packages/airflow/example_dags/tutorial_dag.py
[2023-07-27T12:30:17.283+0000] {logging_mixin.py:149} INFO - [2023-07-27T12:30:17.283+0000] {dag.py:2726} INFO - Sync 1 DAGs
[2023-07-27T12:30:17.478+0000] {logging_mixin.py:149} INFO - [2023-07-27T12:30:17.478+0000] {dag.py:3490} INFO - Setting next_dagrun for tutorial_dag to None, run_after=None
[2023-07-27T12:30:17.765+0000] {processor.py:179} INFO - Processing /home/airflow/.local/lib/python3.7/site-packages/airflow/example_dags/tutorial_dag.py took 0.882 seconds
[2023-07-27T12:30:48.370+0000] {processor.py:157} INFO - Started process (PID=1322) to work on /home/airflow/.local/lib/python3.7/site-packages/airflow/example_dags/tutorial_dag.py
[2023-07-27T12:30:48.377+0000] {processor.py:826} INFO - Processing file /home/airflow/.local/lib/python3.7/site-packages/airflow/example_dags/tutorial_dag.py for tasks to queue
[2023-07-27T12:30:48.393+0000] {logging_mixin.py:149} INFO - [2023-07-27T12:30:48.382+0000] {dagbag.py:541} INFO - Filling up the DagBag from /home/airflow/.local/lib/python3.7/site-packages/airflow/example_dags/tutorial_dag.py
[2023-07-27T12:30:48.450+0000] {processor.py:836} INFO - DAG(s) dict_keys(['tutorial_dag']) retrieved from /home/airflow/.local/lib/python3.7/site-packages/airflow/example_dags/tutorial_dag.py
[2023-07-27T12:30:48.548+0000] {logging_mixin.py:149} INFO - [2023-07-27T12:30:48.547+0000] {dag.py:2726} INFO - Sync 1 DAGs
[2023-07-27T12:30:48.641+0000] {logging_mixin.py:149} INFO - [2023-07-27T12:30:48.640+0000] {dag.py:3490} INFO - Setting next_dagrun for tutorial_dag to None, run_after=None
[2023-07-27T12:30:48.709+0000] {processor.py:179} INFO - Processing /home/airflow/.local/lib/python3.7/site-packages/airflow/example_dags/tutorial_dag.py took 0.389 seconds
[2023-07-27T12:31:18.904+0000] {processor.py:157} INFO - Started process (PID=1380) to work on /home/airflow/.local/lib/python3.7/site-packages/airflow/example_dags/tutorial_dag.py
[2023-07-27T12:31:18.908+0000] {processor.py:826} INFO - Processing file /home/airflow/.local/lib/python3.7/site-packages/airflow/example_dags/tutorial_dag.py for tasks to queue
[2023-07-27T12:31:18.911+0000] {logging_mixin.py:149} INFO - [2023-07-27T12:31:18.911+0000] {dagbag.py:541} INFO - Filling up the DagBag from /home/airflow/.local/lib/python3.7/site-packages/airflow/example_dags/tutorial_dag.py
[2023-07-27T12:31:18.923+0000] {processor.py:836} INFO - DAG(s) dict_keys(['tutorial_dag']) retrieved from /home/airflow/.local/lib/python3.7/site-packages/airflow/example_dags/tutorial_dag.py
[2023-07-27T12:31:18.975+0000] {logging_mixin.py:149} INFO - [2023-07-27T12:31:18.975+0000] {dag.py:2726} INFO - Sync 1 DAGs
[2023-07-27T12:31:19.029+0000] {logging_mixin.py:149} INFO - [2023-07-27T12:31:19.029+0000] {dag.py:3490} INFO - Setting next_dagrun for tutorial_dag to None, run_after=None
[2023-07-27T12:31:19.089+0000] {processor.py:179} INFO - Processing /home/airflow/.local/lib/python3.7/site-packages/airflow/example_dags/tutorial_dag.py took 0.195 seconds
[2023-07-27T12:31:49.769+0000] {processor.py:157} INFO - Started process (PID=1438) to work on /home/airflow/.local/lib/python3.7/site-packages/airflow/example_dags/tutorial_dag.py
[2023-07-27T12:31:49.777+0000] {processor.py:826} INFO - Processing file /home/airflow/.local/lib/python3.7/site-packages/airflow/example_dags/tutorial_dag.py for tasks to queue
[2023-07-27T12:31:49.793+0000] {logging_mixin.py:149} INFO - [2023-07-27T12:31:49.791+0000] {dagbag.py:541} INFO - Filling up the DagBag from /home/airflow/.local/lib/python3.7/site-packages/airflow/example_dags/tutorial_dag.py
[2023-07-27T12:31:49.821+0000] {processor.py:836} INFO - DAG(s) dict_keys(['tutorial_dag']) retrieved from /home/airflow/.local/lib/python3.7/site-packages/airflow/example_dags/tutorial_dag.py
[2023-07-27T12:31:49.887+0000] {logging_mixin.py:149} INFO - [2023-07-27T12:31:49.887+0000] {dag.py:2726} INFO - Sync 1 DAGs
[2023-07-27T12:31:49.955+0000] {logging_mixin.py:149} INFO - [2023-07-27T12:31:49.955+0000] {dag.py:3490} INFO - Setting next_dagrun for tutorial_dag to None, run_after=None
[2023-07-27T12:31:49.989+0000] {processor.py:179} INFO - Processing /home/airflow/.local/lib/python3.7/site-packages/airflow/example_dags/tutorial_dag.py took 0.237 seconds
[2023-07-27T12:32:20.158+0000] {processor.py:157} INFO - Started process (PID=1495) to work on /home/airflow/.local/lib/python3.7/site-packages/airflow/example_dags/tutorial_dag.py
[2023-07-27T12:32:20.177+0000] {processor.py:826} INFO - Processing file /home/airflow/.local/lib/python3.7/site-packages/airflow/example_dags/tutorial_dag.py for tasks to queue
[2023-07-27T12:32:20.181+0000] {logging_mixin.py:149} INFO - [2023-07-27T12:32:20.180+0000] {dagbag.py:541} INFO - Filling up the DagBag from /home/airflow/.local/lib/python3.7/site-packages/airflow/example_dags/tutorial_dag.py
[2023-07-27T12:32:20.229+0000] {processor.py:836} INFO - DAG(s) dict_keys(['tutorial_dag']) retrieved from /home/airflow/.local/lib/python3.7/site-packages/airflow/example_dags/tutorial_dag.py
[2023-07-27T12:32:20.408+0000] {logging_mixin.py:149} INFO - [2023-07-27T12:32:20.408+0000] {dag.py:2726} INFO - Sync 1 DAGs
[2023-07-27T12:32:20.932+0000] {logging_mixin.py:149} INFO - [2023-07-27T12:32:20.931+0000] {dag.py:3490} INFO - Setting next_dagrun for tutorial_dag to None, run_after=None
[2023-07-27T12:32:21.601+0000] {processor.py:179} INFO - Processing /home/airflow/.local/lib/python3.7/site-packages/airflow/example_dags/tutorial_dag.py took 1.456 seconds
[2023-07-27T12:32:52.258+0000] {processor.py:157} INFO - Started process (PID=1553) to work on /home/airflow/.local/lib/python3.7/site-packages/airflow/example_dags/tutorial_dag.py
[2023-07-27T12:32:52.268+0000] {processor.py:826} INFO - Processing file /home/airflow/.local/lib/python3.7/site-packages/airflow/example_dags/tutorial_dag.py for tasks to queue
[2023-07-27T12:32:52.273+0000] {logging_mixin.py:149} INFO - [2023-07-27T12:32:52.273+0000] {dagbag.py:541} INFO - Filling up the DagBag from /home/airflow/.local/lib/python3.7/site-packages/airflow/example_dags/tutorial_dag.py
[2023-07-27T12:32:52.286+0000] {processor.py:836} INFO - DAG(s) dict_keys(['tutorial_dag']) retrieved from /home/airflow/.local/lib/python3.7/site-packages/airflow/example_dags/tutorial_dag.py
[2023-07-27T12:32:52.347+0000] {logging_mixin.py:149} INFO - [2023-07-27T12:32:52.347+0000] {dag.py:2726} INFO - Sync 1 DAGs
[2023-07-27T12:32:52.451+0000] {logging_mixin.py:149} INFO - [2023-07-27T12:32:52.451+0000] {dag.py:3490} INFO - Setting next_dagrun for tutorial_dag to None, run_after=None
[2023-07-27T12:32:52.498+0000] {processor.py:179} INFO - Processing /home/airflow/.local/lib/python3.7/site-packages/airflow/example_dags/tutorial_dag.py took 0.245 seconds
[2023-07-27T12:33:23.402+0000] {processor.py:157} INFO - Started process (PID=1611) to work on /home/airflow/.local/lib/python3.7/site-packages/airflow/example_dags/tutorial_dag.py
[2023-07-27T12:33:23.406+0000] {processor.py:826} INFO - Processing file /home/airflow/.local/lib/python3.7/site-packages/airflow/example_dags/tutorial_dag.py for tasks to queue
[2023-07-27T12:33:23.408+0000] {logging_mixin.py:149} INFO - [2023-07-27T12:33:23.408+0000] {dagbag.py:541} INFO - Filling up the DagBag from /home/airflow/.local/lib/python3.7/site-packages/airflow/example_dags/tutorial_dag.py
[2023-07-27T12:33:23.418+0000] {processor.py:836} INFO - DAG(s) dict_keys(['tutorial_dag']) retrieved from /home/airflow/.local/lib/python3.7/site-packages/airflow/example_dags/tutorial_dag.py
[2023-07-27T12:33:23.476+0000] {logging_mixin.py:149} INFO - [2023-07-27T12:33:23.475+0000] {dag.py:2726} INFO - Sync 1 DAGs
[2023-07-27T12:33:23.549+0000] {logging_mixin.py:149} INFO - [2023-07-27T12:33:23.549+0000] {dag.py:3490} INFO - Setting next_dagrun for tutorial_dag to None, run_after=None
[2023-07-27T12:33:23.606+0000] {processor.py:179} INFO - Processing /home/airflow/.local/lib/python3.7/site-packages/airflow/example_dags/tutorial_dag.py took 0.212 seconds
[2023-07-27T12:33:54.132+0000] {processor.py:157} INFO - Started process (PID=1669) to work on /home/airflow/.local/lib/python3.7/site-packages/airflow/example_dags/tutorial_dag.py
[2023-07-27T12:33:54.137+0000] {processor.py:826} INFO - Processing file /home/airflow/.local/lib/python3.7/site-packages/airflow/example_dags/tutorial_dag.py for tasks to queue
[2023-07-27T12:33:54.141+0000] {logging_mixin.py:149} INFO - [2023-07-27T12:33:54.140+0000] {dagbag.py:541} INFO - Filling up the DagBag from /home/airflow/.local/lib/python3.7/site-packages/airflow/example_dags/tutorial_dag.py
[2023-07-27T12:33:54.157+0000] {processor.py:836} INFO - DAG(s) dict_keys(['tutorial_dag']) retrieved from /home/airflow/.local/lib/python3.7/site-packages/airflow/example_dags/tutorial_dag.py
[2023-07-27T12:33:54.223+0000] {logging_mixin.py:149} INFO - [2023-07-27T12:33:54.223+0000] {dag.py:2726} INFO - Sync 1 DAGs
[2023-07-27T12:33:54.380+0000] {logging_mixin.py:149} INFO - [2023-07-27T12:33:54.379+0000] {dag.py:3490} INFO - Setting next_dagrun for tutorial_dag to None, run_after=None
[2023-07-27T12:33:54.438+0000] {processor.py:179} INFO - Processing /home/airflow/.local/lib/python3.7/site-packages/airflow/example_dags/tutorial_dag.py took 0.315 seconds
[2023-07-27T12:34:24.573+0000] {processor.py:157} INFO - Started process (PID=1728) to work on /home/airflow/.local/lib/python3.7/site-packages/airflow/example_dags/tutorial_dag.py
[2023-07-27T12:34:24.579+0000] {processor.py:826} INFO - Processing file /home/airflow/.local/lib/python3.7/site-packages/airflow/example_dags/tutorial_dag.py for tasks to queue
[2023-07-27T12:34:24.583+0000] {logging_mixin.py:149} INFO - [2023-07-27T12:34:24.583+0000] {dagbag.py:541} INFO - Filling up the DagBag from /home/airflow/.local/lib/python3.7/site-packages/airflow/example_dags/tutorial_dag.py
[2023-07-27T12:34:24.607+0000] {processor.py:836} INFO - DAG(s) dict_keys(['tutorial_dag']) retrieved from /home/airflow/.local/lib/python3.7/site-packages/airflow/example_dags/tutorial_dag.py
[2023-07-27T12:34:24.706+0000] {logging_mixin.py:149} INFO - [2023-07-27T12:34:24.706+0000] {dag.py:2726} INFO - Sync 1 DAGs
[2023-07-27T12:34:24.820+0000] {logging_mixin.py:149} INFO - [2023-07-27T12:34:24.819+0000] {dag.py:3490} INFO - Setting next_dagrun for tutorial_dag to None, run_after=None
[2023-07-27T12:34:24.883+0000] {processor.py:179} INFO - Processing /home/airflow/.local/lib/python3.7/site-packages/airflow/example_dags/tutorial_dag.py took 0.322 seconds
[2023-07-27T12:34:55.234+0000] {processor.py:157} INFO - Started process (PID=1786) to work on /home/airflow/.local/lib/python3.7/site-packages/airflow/example_dags/tutorial_dag.py
[2023-07-27T12:34:55.242+0000] {processor.py:826} INFO - Processing file /home/airflow/.local/lib/python3.7/site-packages/airflow/example_dags/tutorial_dag.py for tasks to queue
[2023-07-27T12:34:55.251+0000] {logging_mixin.py:149} INFO - [2023-07-27T12:34:55.250+0000] {dagbag.py:541} INFO - Filling up the DagBag from /home/airflow/.local/lib/python3.7/site-packages/airflow/example_dags/tutorial_dag.py
[2023-07-27T12:34:55.332+0000] {processor.py:836} INFO - DAG(s) dict_keys(['tutorial_dag']) retrieved from /home/airflow/.local/lib/python3.7/site-packages/airflow/example_dags/tutorial_dag.py
[2023-07-27T12:34:55.425+0000] {logging_mixin.py:149} INFO - [2023-07-27T12:34:55.425+0000] {dag.py:2726} INFO - Sync 1 DAGs
[2023-07-27T12:34:55.565+0000] {logging_mixin.py:149} INFO - [2023-07-27T12:34:55.564+0000] {dag.py:3490} INFO - Setting next_dagrun for tutorial_dag to None, run_after=None
[2023-07-27T12:34:55.614+0000] {processor.py:179} INFO - Processing /home/airflow/.local/lib/python3.7/site-packages/airflow/example_dags/tutorial_dag.py took 0.405 seconds
[2023-07-27T12:35:26.741+0000] {processor.py:157} INFO - Started process (PID=1843) to work on /home/airflow/.local/lib/python3.7/site-packages/airflow/example_dags/tutorial_dag.py
[2023-07-27T12:35:26.746+0000] {processor.py:826} INFO - Processing file /home/airflow/.local/lib/python3.7/site-packages/airflow/example_dags/tutorial_dag.py for tasks to queue
[2023-07-27T12:35:26.753+0000] {logging_mixin.py:149} INFO - [2023-07-27T12:35:26.752+0000] {dagbag.py:541} INFO - Filling up the DagBag from /home/airflow/.local/lib/python3.7/site-packages/airflow/example_dags/tutorial_dag.py
[2023-07-27T12:35:26.769+0000] {processor.py:836} INFO - DAG(s) dict_keys(['tutorial_dag']) retrieved from /home/airflow/.local/lib/python3.7/site-packages/airflow/example_dags/tutorial_dag.py
[2023-07-27T12:35:26.826+0000] {logging_mixin.py:149} INFO - [2023-07-27T12:35:26.826+0000] {dag.py:2726} INFO - Sync 1 DAGs
[2023-07-27T12:35:26.886+0000] {logging_mixin.py:149} INFO - [2023-07-27T12:35:26.885+0000] {dag.py:3490} INFO - Setting next_dagrun for tutorial_dag to None, run_after=None
[2023-07-27T12:35:26.964+0000] {processor.py:179} INFO - Processing /home/airflow/.local/lib/python3.7/site-packages/airflow/example_dags/tutorial_dag.py took 0.229 seconds
[2023-07-27T12:35:58.534+0000] {processor.py:157} INFO - Started process (PID=1895) to work on /home/airflow/.local/lib/python3.7/site-packages/airflow/example_dags/tutorial_dag.py
[2023-07-27T12:35:58.537+0000] {processor.py:826} INFO - Processing file /home/airflow/.local/lib/python3.7/site-packages/airflow/example_dags/tutorial_dag.py for tasks to queue
[2023-07-27T12:35:58.540+0000] {logging_mixin.py:149} INFO - [2023-07-27T12:35:58.540+0000] {dagbag.py:541} INFO - Filling up the DagBag from /home/airflow/.local/lib/python3.7/site-packages/airflow/example_dags/tutorial_dag.py
[2023-07-27T12:35:58.555+0000] {processor.py:836} INFO - DAG(s) dict_keys(['tutorial_dag']) retrieved from /home/airflow/.local/lib/python3.7/site-packages/airflow/example_dags/tutorial_dag.py
[2023-07-27T12:35:58.622+0000] {logging_mixin.py:149} INFO - [2023-07-27T12:35:58.622+0000] {dag.py:2726} INFO - Sync 1 DAGs
[2023-07-27T12:35:58.694+0000] {logging_mixin.py:149} INFO - [2023-07-27T12:35:58.693+0000] {dag.py:3490} INFO - Setting next_dagrun for tutorial_dag to None, run_after=None
[2023-07-27T12:35:58.738+0000] {processor.py:179} INFO - Processing /home/airflow/.local/lib/python3.7/site-packages/airflow/example_dags/tutorial_dag.py took 0.218 seconds
[2023-07-27T12:36:29.589+0000] {processor.py:157} INFO - Started process (PID=1951) to work on /home/airflow/.local/lib/python3.7/site-packages/airflow/example_dags/tutorial_dag.py
[2023-07-27T12:36:29.596+0000] {processor.py:826} INFO - Processing file /home/airflow/.local/lib/python3.7/site-packages/airflow/example_dags/tutorial_dag.py for tasks to queue
[2023-07-27T12:36:29.609+0000] {logging_mixin.py:149} INFO - [2023-07-27T12:36:29.609+0000] {dagbag.py:541} INFO - Filling up the DagBag from /home/airflow/.local/lib/python3.7/site-packages/airflow/example_dags/tutorial_dag.py
[2023-07-27T12:36:29.646+0000] {processor.py:836} INFO - DAG(s) dict_keys(['tutorial_dag']) retrieved from /home/airflow/.local/lib/python3.7/site-packages/airflow/example_dags/tutorial_dag.py
[2023-07-27T12:36:29.759+0000] {logging_mixin.py:149} INFO - [2023-07-27T12:36:29.758+0000] {dag.py:2726} INFO - Sync 1 DAGs
[2023-07-27T12:36:29.868+0000] {logging_mixin.py:149} INFO - [2023-07-27T12:36:29.863+0000] {dag.py:3490} INFO - Setting next_dagrun for tutorial_dag to None, run_after=None
[2023-07-27T12:36:29.936+0000] {processor.py:179} INFO - Processing /home/airflow/.local/lib/python3.7/site-packages/airflow/example_dags/tutorial_dag.py took 0.386 seconds
[2023-07-27T12:36:59.997+0000] {processor.py:157} INFO - Started process (PID=2006) to work on /home/airflow/.local/lib/python3.7/site-packages/airflow/example_dags/tutorial_dag.py
[2023-07-27T12:37:00.001+0000] {processor.py:826} INFO - Processing file /home/airflow/.local/lib/python3.7/site-packages/airflow/example_dags/tutorial_dag.py for tasks to queue
[2023-07-27T12:37:00.004+0000] {logging_mixin.py:149} INFO - [2023-07-27T12:37:00.004+0000] {dagbag.py:541} INFO - Filling up the DagBag from /home/airflow/.local/lib/python3.7/site-packages/airflow/example_dags/tutorial_dag.py
[2023-07-27T12:37:00.020+0000] {processor.py:836} INFO - DAG(s) dict_keys(['tutorial_dag']) retrieved from /home/airflow/.local/lib/python3.7/site-packages/airflow/example_dags/tutorial_dag.py
[2023-07-27T12:37:00.093+0000] {logging_mixin.py:149} INFO - [2023-07-27T12:37:00.093+0000] {dag.py:2726} INFO - Sync 1 DAGs
[2023-07-27T12:37:00.166+0000] {logging_mixin.py:149} INFO - [2023-07-27T12:37:00.164+0000] {dag.py:3490} INFO - Setting next_dagrun for tutorial_dag to None, run_after=None
[2023-07-27T12:37:00.218+0000] {processor.py:179} INFO - Processing /home/airflow/.local/lib/python3.7/site-packages/airflow/example_dags/tutorial_dag.py took 0.227 seconds
[2023-07-27T12:37:30.351+0000] {processor.py:157} INFO - Started process (PID=2063) to work on /home/airflow/.local/lib/python3.7/site-packages/airflow/example_dags/tutorial_dag.py
[2023-07-27T12:37:30.355+0000] {processor.py:826} INFO - Processing file /home/airflow/.local/lib/python3.7/site-packages/airflow/example_dags/tutorial_dag.py for tasks to queue
[2023-07-27T12:37:30.357+0000] {logging_mixin.py:149} INFO - [2023-07-27T12:37:30.357+0000] {dagbag.py:541} INFO - Filling up the DagBag from /home/airflow/.local/lib/python3.7/site-packages/airflow/example_dags/tutorial_dag.py
[2023-07-27T12:37:30.367+0000] {processor.py:836} INFO - DAG(s) dict_keys(['tutorial_dag']) retrieved from /home/airflow/.local/lib/python3.7/site-packages/airflow/example_dags/tutorial_dag.py
[2023-07-27T12:37:30.418+0000] {logging_mixin.py:149} INFO - [2023-07-27T12:37:30.418+0000] {dag.py:2726} INFO - Sync 1 DAGs
[2023-07-27T12:37:30.483+0000] {logging_mixin.py:149} INFO - [2023-07-27T12:37:30.482+0000] {dag.py:3490} INFO - Setting next_dagrun for tutorial_dag to None, run_after=None
[2023-07-27T12:37:30.524+0000] {processor.py:179} INFO - Processing /home/airflow/.local/lib/python3.7/site-packages/airflow/example_dags/tutorial_dag.py took 0.182 seconds
[2023-07-27T12:38:01.080+0000] {processor.py:157} INFO - Started process (PID=2121) to work on /home/airflow/.local/lib/python3.7/site-packages/airflow/example_dags/tutorial_dag.py
[2023-07-27T12:38:01.085+0000] {processor.py:826} INFO - Processing file /home/airflow/.local/lib/python3.7/site-packages/airflow/example_dags/tutorial_dag.py for tasks to queue
[2023-07-27T12:38:01.090+0000] {logging_mixin.py:149} INFO - [2023-07-27T12:38:01.089+0000] {dagbag.py:541} INFO - Filling up the DagBag from /home/airflow/.local/lib/python3.7/site-packages/airflow/example_dags/tutorial_dag.py
[2023-07-27T12:38:01.106+0000] {processor.py:836} INFO - DAG(s) dict_keys(['tutorial_dag']) retrieved from /home/airflow/.local/lib/python3.7/site-packages/airflow/example_dags/tutorial_dag.py
[2023-07-27T12:38:01.205+0000] {logging_mixin.py:149} INFO - [2023-07-27T12:38:01.205+0000] {dag.py:2726} INFO - Sync 1 DAGs
[2023-07-27T12:38:01.669+0000] {logging_mixin.py:149} INFO - [2023-07-27T12:38:01.669+0000] {dag.py:3490} INFO - Setting next_dagrun for tutorial_dag to None, run_after=None
[2023-07-27T12:38:01.797+0000] {processor.py:179} INFO - Processing /home/airflow/.local/lib/python3.7/site-packages/airflow/example_dags/tutorial_dag.py took 0.735 seconds
[2023-07-27T12:38:32.197+0000] {processor.py:157} INFO - Started process (PID=2179) to work on /home/airflow/.local/lib/python3.7/site-packages/airflow/example_dags/tutorial_dag.py
[2023-07-27T12:38:32.200+0000] {processor.py:826} INFO - Processing file /home/airflow/.local/lib/python3.7/site-packages/airflow/example_dags/tutorial_dag.py for tasks to queue
[2023-07-27T12:38:32.203+0000] {logging_mixin.py:149} INFO - [2023-07-27T12:38:32.202+0000] {dagbag.py:541} INFO - Filling up the DagBag from /home/airflow/.local/lib/python3.7/site-packages/airflow/example_dags/tutorial_dag.py
[2023-07-27T12:38:32.215+0000] {processor.py:836} INFO - DAG(s) dict_keys(['tutorial_dag']) retrieved from /home/airflow/.local/lib/python3.7/site-packages/airflow/example_dags/tutorial_dag.py
[2023-07-27T12:38:32.321+0000] {logging_mixin.py:149} INFO - [2023-07-27T12:38:32.321+0000] {dag.py:2726} INFO - Sync 1 DAGs
[2023-07-27T12:38:32.497+0000] {logging_mixin.py:149} INFO - [2023-07-27T12:38:32.497+0000] {dag.py:3490} INFO - Setting next_dagrun for tutorial_dag to None, run_after=None
[2023-07-27T12:38:32.564+0000] {processor.py:179} INFO - Processing /home/airflow/.local/lib/python3.7/site-packages/airflow/example_dags/tutorial_dag.py took 0.388 seconds
[2023-07-27T12:39:03.558+0000] {processor.py:157} INFO - Started process (PID=2238) to work on /home/airflow/.local/lib/python3.7/site-packages/airflow/example_dags/tutorial_dag.py
[2023-07-27T12:39:03.572+0000] {processor.py:826} INFO - Processing file /home/airflow/.local/lib/python3.7/site-packages/airflow/example_dags/tutorial_dag.py for tasks to queue
[2023-07-27T12:39:03.595+0000] {logging_mixin.py:149} INFO - [2023-07-27T12:39:03.586+0000] {dagbag.py:541} INFO - Filling up the DagBag from /home/airflow/.local/lib/python3.7/site-packages/airflow/example_dags/tutorial_dag.py
[2023-07-27T12:39:03.706+0000] {processor.py:836} INFO - DAG(s) dict_keys(['tutorial_dag']) retrieved from /home/airflow/.local/lib/python3.7/site-packages/airflow/example_dags/tutorial_dag.py
[2023-07-27T12:39:03.881+0000] {logging_mixin.py:149} INFO - [2023-07-27T12:39:03.881+0000] {dag.py:2726} INFO - Sync 1 DAGs
[2023-07-27T12:39:04.090+0000] {logging_mixin.py:149} INFO - [2023-07-27T12:39:04.090+0000] {dag.py:3490} INFO - Setting next_dagrun for tutorial_dag to None, run_after=None
[2023-07-27T12:39:04.298+0000] {processor.py:179} INFO - Processing /home/airflow/.local/lib/python3.7/site-packages/airflow/example_dags/tutorial_dag.py took 0.753 seconds
