[2023-07-27T12:26:58.145+0000] {taskinstance.py:1103} INFO - Dependencies all met for dep_context=non-requeueable deps ti=<TaskInstance: etl_meteo_api.transform manual__2023-07-27T12:26:35.907885+00:00 [queued]>
[2023-07-27T12:26:58.239+0000] {taskinstance.py:1103} INFO - Dependencies all met for dep_context=requeueable deps ti=<TaskInstance: etl_meteo_api.transform manual__2023-07-27T12:26:35.907885+00:00 [queued]>
[2023-07-27T12:26:58.241+0000] {taskinstance.py:1308} INFO - Starting attempt 1 of 1
[2023-07-27T12:26:58.342+0000] {taskinstance.py:1327} INFO - Executing <Task(_PythonDecoratedOperator): transform> on 2023-07-27 12:26:35.907885+00:00
[2023-07-27T12:26:58.367+0000] {standard_task_runner.py:57} INFO - Started process 261 to run task
[2023-07-27T12:26:58.437+0000] {standard_task_runner.py:84} INFO - Running: ['***', 'tasks', 'run', 'etl_meteo_api', 'transform', 'manual__2023-07-27T12:26:35.907885+00:00', '--job-id', '19', '--raw', '--subdir', 'DAGS_FOLDER/etl_meteo_api.py', '--cfg-path', '/tmp/tmp9fah5ogv']
[2023-07-27T12:26:58.444+0000] {standard_task_runner.py:85} INFO - Job 19: Subtask transform
[2023-07-27T12:26:58.695+0000] {task_command.py:410} INFO - Running <TaskInstance: etl_meteo_api.transform manual__2023-07-27T12:26:35.907885+00:00 [running]> on host d8204d814efa
[2023-07-27T12:27:00.096+0000] {taskinstance.py:1547} INFO - Exporting env vars: AIRFLOW_CTX_DAG_OWNER='***' AIRFLOW_CTX_DAG_ID='etl_meteo_api' AIRFLOW_CTX_TASK_ID='transform' AIRFLOW_CTX_EXECUTION_DATE='2023-07-27T12:26:35.907885+00:00' AIRFLOW_CTX_TRY_NUMBER='1' AIRFLOW_CTX_DAG_RUN_ID='manual__2023-07-27T12:26:35.907885+00:00'
[2023-07-27T12:27:00.249+0000] {python.py:183} INFO - Done. Returned value was:     latitude  longitude  ...       hourly.time  hourly.temperature_2m
0     -21.25      -45.0  ...  2023-07-27T00:00                   16.7
0     -21.25      -45.0  ...  2023-07-27T01:00                   16.3
0     -21.25      -45.0  ...  2023-07-27T02:00                   17.1
0     -21.25      -45.0  ...  2023-07-27T03:00                   16.6
0     -21.25      -45.0  ...  2023-07-27T04:00                   15.9
..       ...        ...  ...               ...                    ...
0     -21.25      -45.0  ...  2023-08-02T19:00                   26.6
0     -21.25      -45.0  ...  2023-08-02T20:00                   25.0
0     -21.25      -45.0  ...  2023-08-02T21:00                   23.4
0     -21.25      -45.0  ...  2023-08-02T22:00                   22.1
0     -21.25      -45.0  ...  2023-08-02T23:00                   20.9

[168 rows x 11 columns]
[2023-07-27T12:27:00.835+0000] {taskinstance.py:1350} INFO - Marking task as SUCCESS. dag_id=etl_meteo_api, task_id=transform, execution_date=20230727T122635, start_date=20230727T122658, end_date=20230727T122700
[2023-07-27T12:27:00.988+0000] {local_task_job_runner.py:225} INFO - Task exited with return code 0
[2023-07-27T12:27:01.113+0000] {taskinstance.py:2653} INFO - 1 downstream tasks scheduled from follow-on schedule check
