[2023-07-27T12:25:55.130+0000] {processor.py:157} INFO - Started process (PID=817) to work on /opt/airflow/dags/etl_meteo_api.py
[2023-07-27T12:25:55.144+0000] {processor.py:826} INFO - Processing file /opt/airflow/dags/etl_meteo_api.py for tasks to queue
[2023-07-27T12:25:55.154+0000] {logging_mixin.py:149} INFO - [2023-07-27T12:25:55.152+0000] {dagbag.py:541} INFO - Filling up the DagBag from /opt/airflow/dags/etl_meteo_api.py
[2023-07-27T12:26:01.917+0000] {processor.py:836} INFO - DAG(s) dict_keys(['etl_meteo_api']) retrieved from /opt/airflow/dags/etl_meteo_api.py
[2023-07-27T12:26:02.083+0000] {logging_mixin.py:149} INFO - [2023-07-27T12:26:02.077+0000] {dag.py:2726} INFO - Sync 1 DAGs
[2023-07-27T12:26:02.385+0000] {logging_mixin.py:149} INFO - [2023-07-27T12:26:02.384+0000] {dag.py:3490} INFO - Setting next_dagrun for etl_meteo_api to None, run_after=None
[2023-07-27T12:26:02.593+0000] {processor.py:179} INFO - Processing /opt/airflow/dags/etl_meteo_api.py took 7.512 seconds
[2023-07-27T12:26:32.898+0000] {processor.py:157} INFO - Started process (PID=881) to work on /opt/airflow/dags/etl_meteo_api.py
[2023-07-27T12:26:32.907+0000] {processor.py:826} INFO - Processing file /opt/airflow/dags/etl_meteo_api.py for tasks to queue
[2023-07-27T12:26:32.921+0000] {logging_mixin.py:149} INFO - [2023-07-27T12:26:32.917+0000] {dagbag.py:541} INFO - Filling up the DagBag from /opt/airflow/dags/etl_meteo_api.py
[2023-07-27T12:26:42.993+0000] {processor.py:836} INFO - DAG(s) dict_keys(['etl_meteo_api']) retrieved from /opt/airflow/dags/etl_meteo_api.py
[2023-07-27T12:26:43.195+0000] {logging_mixin.py:149} INFO - [2023-07-27T12:26:43.194+0000] {dag.py:2726} INFO - Sync 1 DAGs
[2023-07-27T12:26:43.442+0000] {logging_mixin.py:149} INFO - [2023-07-27T12:26:43.442+0000] {dag.py:3490} INFO - Setting next_dagrun for etl_meteo_api to None, run_after=None
[2023-07-27T12:26:43.566+0000] {processor.py:179} INFO - Processing /opt/airflow/dags/etl_meteo_api.py took 10.710 seconds
[2023-07-27T12:27:14.115+0000] {processor.py:157} INFO - Started process (PID=950) to work on /opt/airflow/dags/etl_meteo_api.py
[2023-07-27T12:27:14.150+0000] {processor.py:826} INFO - Processing file /opt/airflow/dags/etl_meteo_api.py for tasks to queue
[2023-07-27T12:27:14.157+0000] {logging_mixin.py:149} INFO - [2023-07-27T12:27:14.157+0000] {dagbag.py:541} INFO - Filling up the DagBag from /opt/airflow/dags/etl_meteo_api.py
[2023-07-27T12:27:25.885+0000] {processor.py:836} INFO - DAG(s) dict_keys(['etl_meteo_api']) retrieved from /opt/airflow/dags/etl_meteo_api.py
[2023-07-27T12:27:26.080+0000] {logging_mixin.py:149} INFO - [2023-07-27T12:27:26.079+0000] {dag.py:2726} INFO - Sync 1 DAGs
[2023-07-27T12:27:26.214+0000] {logging_mixin.py:149} INFO - [2023-07-27T12:27:26.213+0000] {dag.py:3490} INFO - Setting next_dagrun for etl_meteo_api to None, run_after=None
[2023-07-27T12:27:26.302+0000] {processor.py:179} INFO - Processing /opt/airflow/dags/etl_meteo_api.py took 12.236 seconds
[2023-07-27T12:27:56.820+0000] {processor.py:157} INFO - Started process (PID=1012) to work on /opt/airflow/dags/etl_meteo_api.py
[2023-07-27T12:27:56.825+0000] {processor.py:826} INFO - Processing file /opt/airflow/dags/etl_meteo_api.py for tasks to queue
[2023-07-27T12:27:56.829+0000] {logging_mixin.py:149} INFO - [2023-07-27T12:27:56.828+0000] {dagbag.py:541} INFO - Filling up the DagBag from /opt/airflow/dags/etl_meteo_api.py
[2023-07-27T12:28:03.240+0000] {processor.py:836} INFO - DAG(s) dict_keys(['etl_meteo_api']) retrieved from /opt/airflow/dags/etl_meteo_api.py
[2023-07-27T12:28:03.381+0000] {logging_mixin.py:149} INFO - [2023-07-27T12:28:03.375+0000] {dag.py:2726} INFO - Sync 1 DAGs
[2023-07-27T12:28:03.529+0000] {logging_mixin.py:149} INFO - [2023-07-27T12:28:03.529+0000] {dag.py:3490} INFO - Setting next_dagrun for etl_meteo_api to None, run_after=None
[2023-07-27T12:28:03.599+0000] {processor.py:179} INFO - Processing /opt/airflow/dags/etl_meteo_api.py took 6.820 seconds
[2023-07-27T12:28:33.909+0000] {processor.py:157} INFO - Started process (PID=1075) to work on /opt/airflow/dags/etl_meteo_api.py
[2023-07-27T12:28:33.915+0000] {processor.py:826} INFO - Processing file /opt/airflow/dags/etl_meteo_api.py for tasks to queue
[2023-07-27T12:28:33.921+0000] {logging_mixin.py:149} INFO - [2023-07-27T12:28:33.920+0000] {dagbag.py:541} INFO - Filling up the DagBag from /opt/airflow/dags/etl_meteo_api.py
[2023-07-27T12:28:37.825+0000] {processor.py:836} INFO - DAG(s) dict_keys(['etl_meteo_api']) retrieved from /opt/airflow/dags/etl_meteo_api.py
[2023-07-27T12:28:37.967+0000] {logging_mixin.py:149} INFO - [2023-07-27T12:28:37.966+0000] {dag.py:2726} INFO - Sync 1 DAGs
[2023-07-27T12:28:38.085+0000] {logging_mixin.py:149} INFO - [2023-07-27T12:28:38.084+0000] {dag.py:3490} INFO - Setting next_dagrun for etl_meteo_api to None, run_after=None
[2023-07-27T12:28:38.200+0000] {processor.py:179} INFO - Processing /opt/airflow/dags/etl_meteo_api.py took 4.305 seconds
[2023-07-27T12:29:08.436+0000] {processor.py:157} INFO - Started process (PID=1137) to work on /opt/airflow/dags/etl_meteo_api.py
[2023-07-27T12:29:08.441+0000] {processor.py:826} INFO - Processing file /opt/airflow/dags/etl_meteo_api.py for tasks to queue
[2023-07-27T12:29:08.446+0000] {logging_mixin.py:149} INFO - [2023-07-27T12:29:08.446+0000] {dagbag.py:541} INFO - Filling up the DagBag from /opt/airflow/dags/etl_meteo_api.py
[2023-07-27T12:29:10.459+0000] {processor.py:836} INFO - DAG(s) dict_keys(['etl_meteo_api']) retrieved from /opt/airflow/dags/etl_meteo_api.py
[2023-07-27T12:29:10.527+0000] {logging_mixin.py:149} INFO - [2023-07-27T12:29:10.525+0000] {dag.py:2726} INFO - Sync 1 DAGs
[2023-07-27T12:29:10.628+0000] {logging_mixin.py:149} INFO - [2023-07-27T12:29:10.628+0000] {dag.py:3490} INFO - Setting next_dagrun for etl_meteo_api to None, run_after=None
[2023-07-27T12:29:10.685+0000] {processor.py:179} INFO - Processing /opt/airflow/dags/etl_meteo_api.py took 2.260 seconds
[2023-07-27T12:29:40.953+0000] {processor.py:157} INFO - Started process (PID=1203) to work on /opt/airflow/dags/etl_meteo_api.py
[2023-07-27T12:29:40.973+0000] {processor.py:826} INFO - Processing file /opt/airflow/dags/etl_meteo_api.py for tasks to queue
[2023-07-27T12:29:40.977+0000] {logging_mixin.py:149} INFO - [2023-07-27T12:29:40.976+0000] {dagbag.py:541} INFO - Filling up the DagBag from /opt/airflow/dags/etl_meteo_api.py
[2023-07-27T12:29:43.566+0000] {processor.py:836} INFO - DAG(s) dict_keys(['etl_meteo_api']) retrieved from /opt/airflow/dags/etl_meteo_api.py
[2023-07-27T12:29:43.616+0000] {logging_mixin.py:149} INFO - [2023-07-27T12:29:43.615+0000] {dag.py:2726} INFO - Sync 1 DAGs
[2023-07-27T12:29:43.716+0000] {logging_mixin.py:149} INFO - [2023-07-27T12:29:43.716+0000] {dag.py:3490} INFO - Setting next_dagrun for etl_meteo_api to None, run_after=None
[2023-07-27T12:29:43.765+0000] {processor.py:179} INFO - Processing /opt/airflow/dags/etl_meteo_api.py took 2.851 seconds
[2023-07-27T12:30:14.877+0000] {processor.py:157} INFO - Started process (PID=1263) to work on /opt/airflow/dags/etl_meteo_api.py
[2023-07-27T12:30:14.897+0000] {processor.py:826} INFO - Processing file /opt/airflow/dags/etl_meteo_api.py for tasks to queue
[2023-07-27T12:30:14.903+0000] {logging_mixin.py:149} INFO - [2023-07-27T12:30:14.903+0000] {dagbag.py:541} INFO - Filling up the DagBag from /opt/airflow/dags/etl_meteo_api.py
[2023-07-27T12:30:21.452+0000] {processor.py:836} INFO - DAG(s) dict_keys(['etl_meteo_api']) retrieved from /opt/airflow/dags/etl_meteo_api.py
[2023-07-27T12:30:21.542+0000] {logging_mixin.py:149} INFO - [2023-07-27T12:30:21.541+0000] {dag.py:2726} INFO - Sync 1 DAGs
[2023-07-27T12:30:21.761+0000] {logging_mixin.py:149} INFO - [2023-07-27T12:30:21.760+0000] {dag.py:3490} INFO - Setting next_dagrun for etl_meteo_api to None, run_after=None
[2023-07-27T12:30:21.823+0000] {processor.py:179} INFO - Processing /opt/airflow/dags/etl_meteo_api.py took 7.030 seconds
[2023-07-27T12:30:52.135+0000] {processor.py:157} INFO - Started process (PID=1325) to work on /opt/airflow/dags/etl_meteo_api.py
[2023-07-27T12:30:52.148+0000] {processor.py:826} INFO - Processing file /opt/airflow/dags/etl_meteo_api.py for tasks to queue
[2023-07-27T12:30:52.166+0000] {logging_mixin.py:149} INFO - [2023-07-27T12:30:52.165+0000] {dagbag.py:541} INFO - Filling up the DagBag from /opt/airflow/dags/etl_meteo_api.py
[2023-07-27T12:30:55.330+0000] {processor.py:836} INFO - DAG(s) dict_keys(['etl_meteo_api']) retrieved from /opt/airflow/dags/etl_meteo_api.py
[2023-07-27T12:30:55.414+0000] {logging_mixin.py:149} INFO - [2023-07-27T12:30:55.412+0000] {dag.py:2726} INFO - Sync 1 DAGs
[2023-07-27T12:30:55.494+0000] {logging_mixin.py:149} INFO - [2023-07-27T12:30:55.494+0000] {dag.py:3490} INFO - Setting next_dagrun for etl_meteo_api to None, run_after=None
[2023-07-27T12:30:55.555+0000] {processor.py:179} INFO - Processing /opt/airflow/dags/etl_meteo_api.py took 3.437 seconds
[2023-07-27T12:31:26.052+0000] {processor.py:157} INFO - Started process (PID=1386) to work on /opt/airflow/dags/etl_meteo_api.py
[2023-07-27T12:31:26.057+0000] {processor.py:826} INFO - Processing file /opt/airflow/dags/etl_meteo_api.py for tasks to queue
[2023-07-27T12:31:26.062+0000] {logging_mixin.py:149} INFO - [2023-07-27T12:31:26.061+0000] {dagbag.py:541} INFO - Filling up the DagBag from /opt/airflow/dags/etl_meteo_api.py
[2023-07-27T12:31:27.980+0000] {processor.py:836} INFO - DAG(s) dict_keys(['etl_meteo_api']) retrieved from /opt/airflow/dags/etl_meteo_api.py
[2023-07-27T12:31:28.016+0000] {logging_mixin.py:149} INFO - [2023-07-27T12:31:28.015+0000] {dag.py:2726} INFO - Sync 1 DAGs
[2023-07-27T12:31:28.098+0000] {logging_mixin.py:149} INFO - [2023-07-27T12:31:28.097+0000] {dag.py:3490} INFO - Setting next_dagrun for etl_meteo_api to None, run_after=None
[2023-07-27T12:31:28.145+0000] {processor.py:179} INFO - Processing /opt/airflow/dags/etl_meteo_api.py took 2.120 seconds
[2023-07-27T12:31:58.453+0000] {processor.py:157} INFO - Started process (PID=1448) to work on /opt/airflow/dags/etl_meteo_api.py
[2023-07-27T12:31:58.461+0000] {processor.py:826} INFO - Processing file /opt/airflow/dags/etl_meteo_api.py for tasks to queue
[2023-07-27T12:31:58.467+0000] {logging_mixin.py:149} INFO - [2023-07-27T12:31:58.466+0000] {dagbag.py:541} INFO - Filling up the DagBag from /opt/airflow/dags/etl_meteo_api.py
[2023-07-27T12:32:01.978+0000] {processor.py:836} INFO - DAG(s) dict_keys(['etl_meteo_api']) retrieved from /opt/airflow/dags/etl_meteo_api.py
[2023-07-27T12:32:02.075+0000] {logging_mixin.py:149} INFO - [2023-07-27T12:32:02.075+0000] {dag.py:2726} INFO - Sync 1 DAGs
[2023-07-27T12:32:02.162+0000] {logging_mixin.py:149} INFO - [2023-07-27T12:32:02.162+0000] {dag.py:3490} INFO - Setting next_dagrun for etl_meteo_api to None, run_after=None
[2023-07-27T12:32:02.241+0000] {processor.py:179} INFO - Processing /opt/airflow/dags/etl_meteo_api.py took 3.830 seconds
[2023-07-27T12:32:32.791+0000] {processor.py:157} INFO - Started process (PID=1512) to work on /opt/airflow/dags/etl_meteo_api.py
[2023-07-27T12:32:32.796+0000] {processor.py:826} INFO - Processing file /opt/airflow/dags/etl_meteo_api.py for tasks to queue
[2023-07-27T12:32:32.812+0000] {logging_mixin.py:149} INFO - [2023-07-27T12:32:32.811+0000] {dagbag.py:541} INFO - Filling up the DagBag from /opt/airflow/dags/etl_meteo_api.py
[2023-07-27T12:32:35.479+0000] {processor.py:836} INFO - DAG(s) dict_keys(['etl_meteo_api']) retrieved from /opt/airflow/dags/etl_meteo_api.py
[2023-07-27T12:32:35.546+0000] {logging_mixin.py:149} INFO - [2023-07-27T12:32:35.546+0000] {dag.py:2726} INFO - Sync 1 DAGs
[2023-07-27T12:32:35.627+0000] {logging_mixin.py:149} INFO - [2023-07-27T12:32:35.627+0000] {dag.py:3490} INFO - Setting next_dagrun for etl_meteo_api to None, run_after=None
[2023-07-27T12:32:35.681+0000] {processor.py:179} INFO - Processing /opt/airflow/dags/etl_meteo_api.py took 2.901 seconds
[2023-07-27T12:33:06.634+0000] {processor.py:157} INFO - Started process (PID=1570) to work on /opt/airflow/dags/etl_meteo_api.py
[2023-07-27T12:33:06.640+0000] {processor.py:826} INFO - Processing file /opt/airflow/dags/etl_meteo_api.py for tasks to queue
[2023-07-27T12:33:06.646+0000] {logging_mixin.py:149} INFO - [2023-07-27T12:33:06.643+0000] {dagbag.py:541} INFO - Filling up the DagBag from /opt/airflow/dags/etl_meteo_api.py
[2023-07-27T12:33:11.112+0000] {processor.py:836} INFO - DAG(s) dict_keys(['etl_meteo_api']) retrieved from /opt/airflow/dags/etl_meteo_api.py
[2023-07-27T12:33:11.157+0000] {logging_mixin.py:149} INFO - [2023-07-27T12:33:11.156+0000] {dag.py:2726} INFO - Sync 1 DAGs
[2023-07-27T12:33:11.206+0000] {logging_mixin.py:149} INFO - [2023-07-27T12:33:11.206+0000] {dag.py:3490} INFO - Setting next_dagrun for etl_meteo_api to None, run_after=None
[2023-07-27T12:33:11.251+0000] {processor.py:179} INFO - Processing /opt/airflow/dags/etl_meteo_api.py took 4.632 seconds
[2023-07-27T12:33:41.544+0000] {processor.py:157} INFO - Started process (PID=1631) to work on /opt/airflow/dags/etl_meteo_api.py
[2023-07-27T12:33:41.555+0000] {processor.py:826} INFO - Processing file /opt/airflow/dags/etl_meteo_api.py for tasks to queue
[2023-07-27T12:33:41.566+0000] {logging_mixin.py:149} INFO - [2023-07-27T12:33:41.564+0000] {dagbag.py:541} INFO - Filling up the DagBag from /opt/airflow/dags/etl_meteo_api.py
[2023-07-27T12:33:45.043+0000] {processor.py:836} INFO - DAG(s) dict_keys(['etl_meteo_api']) retrieved from /opt/airflow/dags/etl_meteo_api.py
[2023-07-27T12:33:45.263+0000] {logging_mixin.py:149} INFO - [2023-07-27T12:33:45.262+0000] {dag.py:2726} INFO - Sync 1 DAGs
[2023-07-27T12:33:45.394+0000] {logging_mixin.py:149} INFO - [2023-07-27T12:33:45.394+0000] {dag.py:3490} INFO - Setting next_dagrun for etl_meteo_api to None, run_after=None
[2023-07-27T12:33:45.482+0000] {processor.py:179} INFO - Processing /opt/airflow/dags/etl_meteo_api.py took 3.976 seconds
[2023-07-27T12:34:15.603+0000] {processor.py:157} INFO - Started process (PID=1704) to work on /opt/airflow/dags/etl_meteo_api.py
[2023-07-27T12:34:15.607+0000] {processor.py:826} INFO - Processing file /opt/airflow/dags/etl_meteo_api.py for tasks to queue
[2023-07-27T12:34:15.613+0000] {logging_mixin.py:149} INFO - [2023-07-27T12:34:15.612+0000] {dagbag.py:541} INFO - Filling up the DagBag from /opt/airflow/dags/etl_meteo_api.py
[2023-07-27T12:34:17.424+0000] {processor.py:836} INFO - DAG(s) dict_keys(['etl_meteo_api']) retrieved from /opt/airflow/dags/etl_meteo_api.py
[2023-07-27T12:34:17.499+0000] {logging_mixin.py:149} INFO - [2023-07-27T12:34:17.498+0000] {dag.py:2726} INFO - Sync 1 DAGs
[2023-07-27T12:34:17.589+0000] {logging_mixin.py:149} INFO - [2023-07-27T12:34:17.589+0000] {dag.py:3490} INFO - Setting next_dagrun for etl_meteo_api to None, run_after=None
[2023-07-27T12:34:17.672+0000] {processor.py:179} INFO - Processing /opt/airflow/dags/etl_meteo_api.py took 2.079 seconds
[2023-07-27T12:34:47.927+0000] {processor.py:157} INFO - Started process (PID=1763) to work on /opt/airflow/dags/etl_meteo_api.py
[2023-07-27T12:34:47.934+0000] {processor.py:826} INFO - Processing file /opt/airflow/dags/etl_meteo_api.py for tasks to queue
[2023-07-27T12:34:47.942+0000] {logging_mixin.py:149} INFO - [2023-07-27T12:34:47.942+0000] {dagbag.py:541} INFO - Filling up the DagBag from /opt/airflow/dags/etl_meteo_api.py
[2023-07-27T12:34:49.999+0000] {processor.py:836} INFO - DAG(s) dict_keys(['etl_meteo_api']) retrieved from /opt/airflow/dags/etl_meteo_api.py
[2023-07-27T12:34:50.049+0000] {logging_mixin.py:149} INFO - [2023-07-27T12:34:50.048+0000] {dag.py:2726} INFO - Sync 1 DAGs
[2023-07-27T12:34:50.097+0000] {logging_mixin.py:149} INFO - [2023-07-27T12:34:50.096+0000] {dag.py:3490} INFO - Setting next_dagrun for etl_meteo_api to None, run_after=None
[2023-07-27T12:34:50.136+0000] {processor.py:179} INFO - Processing /opt/airflow/dags/etl_meteo_api.py took 2.218 seconds
[2023-07-27T12:35:20.892+0000] {processor.py:157} INFO - Started process (PID=1823) to work on /opt/airflow/dags/etl_meteo_api.py
[2023-07-27T12:35:20.899+0000] {processor.py:826} INFO - Processing file /opt/airflow/dags/etl_meteo_api.py for tasks to queue
[2023-07-27T12:35:20.930+0000] {logging_mixin.py:149} INFO - [2023-07-27T12:35:20.929+0000] {dagbag.py:541} INFO - Filling up the DagBag from /opt/airflow/dags/etl_meteo_api.py
[2023-07-27T12:35:24.842+0000] {processor.py:836} INFO - DAG(s) dict_keys(['etl_meteo_api']) retrieved from /opt/airflow/dags/etl_meteo_api.py
[2023-07-27T12:35:24.917+0000] {logging_mixin.py:149} INFO - [2023-07-27T12:35:24.917+0000] {dag.py:2726} INFO - Sync 1 DAGs
[2023-07-27T12:35:25.051+0000] {logging_mixin.py:149} INFO - [2023-07-27T12:35:25.051+0000] {dag.py:3490} INFO - Setting next_dagrun for etl_meteo_api to None, run_after=None
[2023-07-27T12:35:25.154+0000] {processor.py:179} INFO - Processing /opt/airflow/dags/etl_meteo_api.py took 4.283 seconds
[2023-07-27T12:35:55.382+0000] {processor.py:157} INFO - Started process (PID=1887) to work on /opt/airflow/dags/etl_meteo_api.py
[2023-07-27T12:35:55.390+0000] {processor.py:826} INFO - Processing file /opt/airflow/dags/etl_meteo_api.py for tasks to queue
[2023-07-27T12:35:55.395+0000] {logging_mixin.py:149} INFO - [2023-07-27T12:35:55.395+0000] {dagbag.py:541} INFO - Filling up the DagBag from /opt/airflow/dags/etl_meteo_api.py
[2023-07-27T12:35:58.221+0000] {processor.py:836} INFO - DAG(s) dict_keys(['etl_meteo_api']) retrieved from /opt/airflow/dags/etl_meteo_api.py
[2023-07-27T12:35:58.283+0000] {logging_mixin.py:149} INFO - [2023-07-27T12:35:58.282+0000] {dag.py:2726} INFO - Sync 1 DAGs
[2023-07-27T12:35:58.345+0000] {logging_mixin.py:149} INFO - [2023-07-27T12:35:58.344+0000] {dag.py:3490} INFO - Setting next_dagrun for etl_meteo_api to None, run_after=None
[2023-07-27T12:35:58.429+0000] {processor.py:179} INFO - Processing /opt/airflow/dags/etl_meteo_api.py took 3.080 seconds
[2023-07-27T12:36:28.553+0000] {processor.py:157} INFO - Started process (PID=1947) to work on /opt/airflow/dags/etl_meteo_api.py
[2023-07-27T12:36:28.568+0000] {processor.py:826} INFO - Processing file /opt/airflow/dags/etl_meteo_api.py for tasks to queue
[2023-07-27T12:36:28.574+0000] {logging_mixin.py:149} INFO - [2023-07-27T12:36:28.573+0000] {dagbag.py:541} INFO - Filling up the DagBag from /opt/airflow/dags/etl_meteo_api.py
[2023-07-27T12:36:32.157+0000] {processor.py:836} INFO - DAG(s) dict_keys(['etl_meteo_api']) retrieved from /opt/airflow/dags/etl_meteo_api.py
[2023-07-27T12:36:32.244+0000] {logging_mixin.py:149} INFO - [2023-07-27T12:36:32.240+0000] {dag.py:2726} INFO - Sync 1 DAGs
[2023-07-27T12:36:32.424+0000] {logging_mixin.py:149} INFO - [2023-07-27T12:36:32.423+0000] {dag.py:3490} INFO - Setting next_dagrun for etl_meteo_api to None, run_after=None
[2023-07-27T12:36:32.533+0000] {processor.py:179} INFO - Processing /opt/airflow/dags/etl_meteo_api.py took 4.015 seconds
[2023-07-27T12:37:03.019+0000] {processor.py:157} INFO - Started process (PID=2013) to work on /opt/airflow/dags/etl_meteo_api.py
[2023-07-27T12:37:03.023+0000] {processor.py:826} INFO - Processing file /opt/airflow/dags/etl_meteo_api.py for tasks to queue
[2023-07-27T12:37:03.027+0000] {logging_mixin.py:149} INFO - [2023-07-27T12:37:03.027+0000] {dagbag.py:541} INFO - Filling up the DagBag from /opt/airflow/dags/etl_meteo_api.py
[2023-07-27T12:37:06.554+0000] {processor.py:836} INFO - DAG(s) dict_keys(['etl_meteo_api']) retrieved from /opt/airflow/dags/etl_meteo_api.py
[2023-07-27T12:37:06.642+0000] {logging_mixin.py:149} INFO - [2023-07-27T12:37:06.640+0000] {dag.py:2726} INFO - Sync 1 DAGs
[2023-07-27T12:37:06.754+0000] {logging_mixin.py:149} INFO - [2023-07-27T12:37:06.754+0000] {dag.py:3490} INFO - Setting next_dagrun for etl_meteo_api to None, run_after=None
[2023-07-27T12:37:06.843+0000] {processor.py:179} INFO - Processing /opt/airflow/dags/etl_meteo_api.py took 3.835 seconds
[2023-07-27T12:37:37.572+0000] {processor.py:157} INFO - Started process (PID=2073) to work on /opt/airflow/dags/etl_meteo_api.py
[2023-07-27T12:37:37.576+0000] {processor.py:826} INFO - Processing file /opt/airflow/dags/etl_meteo_api.py for tasks to queue
[2023-07-27T12:37:37.581+0000] {logging_mixin.py:149} INFO - [2023-07-27T12:37:37.579+0000] {dagbag.py:541} INFO - Filling up the DagBag from /opt/airflow/dags/etl_meteo_api.py
[2023-07-27T12:37:40.722+0000] {processor.py:836} INFO - DAG(s) dict_keys(['etl_meteo_api']) retrieved from /opt/airflow/dags/etl_meteo_api.py
[2023-07-27T12:37:40.838+0000] {logging_mixin.py:149} INFO - [2023-07-27T12:37:40.838+0000] {dag.py:2726} INFO - Sync 1 DAGs
[2023-07-27T12:37:41.041+0000] {logging_mixin.py:149} INFO - [2023-07-27T12:37:41.040+0000] {dag.py:3490} INFO - Setting next_dagrun for etl_meteo_api to None, run_after=None
[2023-07-27T12:37:41.124+0000] {processor.py:179} INFO - Processing /opt/airflow/dags/etl_meteo_api.py took 3.565 seconds
[2023-07-27T12:38:11.385+0000] {processor.py:157} INFO - Started process (PID=2136) to work on /opt/airflow/dags/etl_meteo_api.py
[2023-07-27T12:38:11.390+0000] {processor.py:826} INFO - Processing file /opt/airflow/dags/etl_meteo_api.py for tasks to queue
[2023-07-27T12:38:11.398+0000] {logging_mixin.py:149} INFO - [2023-07-27T12:38:11.396+0000] {dagbag.py:541} INFO - Filling up the DagBag from /opt/airflow/dags/etl_meteo_api.py
[2023-07-27T12:38:13.757+0000] {processor.py:836} INFO - DAG(s) dict_keys(['etl_meteo_api']) retrieved from /opt/airflow/dags/etl_meteo_api.py
[2023-07-27T12:38:13.845+0000] {logging_mixin.py:149} INFO - [2023-07-27T12:38:13.844+0000] {dag.py:2726} INFO - Sync 1 DAGs
[2023-07-27T12:38:13.945+0000] {logging_mixin.py:149} INFO - [2023-07-27T12:38:13.945+0000] {dag.py:3490} INFO - Setting next_dagrun for etl_meteo_api to None, run_after=None
[2023-07-27T12:38:13.989+0000] {processor.py:179} INFO - Processing /opt/airflow/dags/etl_meteo_api.py took 2.625 seconds
[2023-07-27T12:38:44.442+0000] {processor.py:157} INFO - Started process (PID=2200) to work on /opt/airflow/dags/etl_meteo_api.py
[2023-07-27T12:38:44.446+0000] {processor.py:826} INFO - Processing file /opt/airflow/dags/etl_meteo_api.py for tasks to queue
[2023-07-27T12:38:44.451+0000] {logging_mixin.py:149} INFO - [2023-07-27T12:38:44.450+0000] {dagbag.py:541} INFO - Filling up the DagBag from /opt/airflow/dags/etl_meteo_api.py
[2023-07-27T12:38:46.303+0000] {processor.py:836} INFO - DAG(s) dict_keys(['etl_meteo_api']) retrieved from /opt/airflow/dags/etl_meteo_api.py
[2023-07-27T12:38:46.380+0000] {logging_mixin.py:149} INFO - [2023-07-27T12:38:46.379+0000] {dag.py:2726} INFO - Sync 1 DAGs
[2023-07-27T12:38:46.438+0000] {logging_mixin.py:149} INFO - [2023-07-27T12:38:46.437+0000] {dag.py:3490} INFO - Setting next_dagrun for etl_meteo_api to None, run_after=None
[2023-07-27T12:38:46.510+0000] {processor.py:179} INFO - Processing /opt/airflow/dags/etl_meteo_api.py took 2.079 seconds
[2023-07-27T12:39:18.064+0000] {processor.py:157} INFO - Started process (PID=2266) to work on /opt/airflow/dags/etl_meteo_api.py
[2023-07-27T12:39:18.076+0000] {processor.py:826} INFO - Processing file /opt/airflow/dags/etl_meteo_api.py for tasks to queue
[2023-07-27T12:39:18.080+0000] {logging_mixin.py:149} INFO - [2023-07-27T12:39:18.079+0000] {dagbag.py:541} INFO - Filling up the DagBag from /opt/airflow/dags/etl_meteo_api.py
[2023-07-27T12:39:21.298+0000] {processor.py:836} INFO - DAG(s) dict_keys(['etl_meteo_api']) retrieved from /opt/airflow/dags/etl_meteo_api.py
[2023-07-27T12:39:21.385+0000] {logging_mixin.py:149} INFO - [2023-07-27T12:39:21.384+0000] {dag.py:2726} INFO - Sync 1 DAGs
[2023-07-27T12:39:21.494+0000] {logging_mixin.py:149} INFO - [2023-07-27T12:39:21.494+0000] {dag.py:3490} INFO - Setting next_dagrun for etl_meteo_api to None, run_after=None
[2023-07-27T12:39:21.561+0000] {processor.py:179} INFO - Processing /opt/airflow/dags/etl_meteo_api.py took 3.525 seconds
